Subject Path: /work/pl/sch/analysis/data/COBRE001/swaAMAYER+cobre01_63001+M87100944+20110309at135133+RSTpre_V01_R01+CM.nii
71075336.0
[1, 53, 1, 1, 1] 0 (1, 53, 53)
[1, 53, 63, 1, 1] 1 (53, 63, 63)
[1, 53, 63, 63, 1] 2 (63, 46, 63)
ranks: [1, 53, 63, 63, 1]
[1, 53, 1, 1, 1] 0 (1, 53, 53)
[1, 53, 63, 1, 1] 1 (53, 63, 63)
[1, 53, 63, 63, 1] 2 (63, 46, 63)
ranks: [1, 53, 63, 63, 1]
[1, 53, 1, 1, 1] 0 (1, 53, 53)
[1, 53, 63, 1, 1] 1 (53, 63, 63)
[1, 53, 63, 63, 1] 2 (63, 46, 63)
ranks: [1, 53, 63, 63, 1]
A Tensor Train variable of shape (53, 63, 46, 144), TT-ranks: (1, 53, 63, 63, 1)
[1, 53, 1, 1, 1] 0 (1, 53, 53)
[1, 53, 63, 1, 1] 1 (53, 63, 63)
[1, 53, 63, 63, 1] 2 (63, 46, 63)
ranks: [1, 53, 63, 63, 1]
Tensor("sub:0", shape=(53, 63, 46, 144), dtype=float32)
A Tensor Train of shape (53, 63, 46, 144), TT-ranks: (1, 53, 63, 63, 1)
(6085501500000.0, 2, 0.04908449, 12057484000000.0, 0.34423447)
(3400308400000.0, 3, 0.036690634, 6672556000000.0, 0.3377934)
(1938395400000.0, 4, 0.027702391, 3745433800000.0, 0.3244573)
(1129035100000.0, 5, 0.021142181, 2120567000000.0, 0.31029013)
(680237800000.0, 6, 0.016410675, 1217220000000.0, 0.2883188)
(421204750000.0, 7, 0.012913463, 713419200000.0, 0.2708191)
(278855350000.0, 8, 0.010507165, 431912940000.0, 0.22901489)
(193960820000.0, 9, 0.008763006, 273761450000.0, 0.19903667)
(141982880000.0, 10, 0.0074974583, 175892710000.0, 0.1687969)
(109714250000.0, 11, 0.00659064, 121258390000.0, 0.13759181)
(88457650000.0, 12, 0.0059178476, 84955730000.0, 0.11368872)
(73368040000.0, 13, 0.0053895134, 63986225000.0, 0.09803003)
(62722680000.0, 14, 0.0049832007, 50394170000.0, 0.0815365)
(54030307000.0, 15, 0.0046250327, 39675680000.0, 0.07744119)
(47143190000.0, 16, 0.004320217, 33315627000.0, 0.07055568)
(41645007000.0, 17, 0.0040604817, 28423625000.0, 0.06396659)
(36925297000.0, 18, 0.0038234734, 24037569000.0, 0.0619877)
(32932258000.0, 19, 0.0036108282, 20685480000.0, 0.058890965)
(29577490000.0, 20, 0.0034219741, 18111205000.0, 0.05518863)
(26572268000.0, 21, 0.0032434738, 15448151000.0, 0.055033684)
(24161038000.0, 22, 0.0030928145, 13456307000.0, 0.048712704)
(22212876000.0, 23, 0.0029655036, 11888624000.0, 0.042930607)
(20578847000.0, 24, 0.0028543458, 10695330000.0, 0.038943343)
(19086959000.0, 25, 0.0027489348, 9299862000.0, 0.03834614)
(17825307000.0, 26, 0.0026565292, 8694599000.0, 0.034784332)
(16797268000.0, 27, 0.0025787866, 7963406300.0, 0.030146977)
(15823955000.0, 28, 0.0025029583, 7574029000.0, 0.030295465)
(15001082000.0, 29, 0.0024370104, 6863817700.0, 0.027060976)
(14137066000.0, 30, 0.0023657875, 6453101000.0, 0.030105364)
(13377734000.0, 31, 0.0023013747, 5919822000.0, 0.02798885)
(12749874000.0, 32, 0.0022467205, 5392668000.0, 0.024326213)
(12148958000.0, 33, 0.0021931361, 5020187600.0, 0.024432749)
(11686145000.0, 34, 0.002150957, 4421174300.0, 0.019609474)
(11276136000.0, 35, 0.0021128869, 4159659800.0, 0.018018067)
(10929714000.0, 36, 0.002080178, 3735543600.0, 0.015724126)
(10610585000.0, 37, 0.002049584, 3392631600.0, 0.014926906)
(10414737000.0, 38, 0.0020305808, 3054922200.0, 0.009358491)
(10209274000.0, 39, 0.0020104512, 2689689300.0, 0.010012482)
(10073482000.0, 40, 0.001997036, 2420417500.0, 0.006717574)
(9966209000.0, 41, 0.0019863744, 2217123600.0, 0.0053673405)
(9875948000.0, 42, 0.0019773587, 2005798500.0, 0.00455945)
(9862708000.0, 43, 0.001976033, 1902825500.0, 0.00067090866)
(9792260000.0, 44, 0.0019689628, 1706034300.0, 0.0035907917)
(9750666000.0, 45, 0.0019647768, 1555919100.0, 0.0021305536)
(9690365000.0, 46, 0.001958692, 1464631300.0, 0.003106561)
(9665213000.0, 47, 0.0019561483, 1400931000.0, 0.0013003487)
(9646392000.0, 48, 0.0019542428, 1282505200.0, 0.0009750508)
(9627130000.0, 49, 0.0019522908, 1203072400.0, 0.0009998778)
(9612503000.0, 50, 0.001950807, 1192440800.0, 0.0007605638)
(9612704000.0, 51, 0.0019508274, 1105355600.0, 1.0443097e-05)
(9586386000.0, 52, 0.0019481551, 1072136450.0, 0.0013717151)
(9599857000.0, 53, 0.0019495235, 1025292500.0, 0.00070188724)
(9572305000.0, 54, 0.0019467238, 1013416500.0, 0.0014381455)
(9589723000.0, 55, 0.0019