Subject Path: /work/pl/sch/analysis/data/COBRE001/swaAMAYER+cobre01_63001+M87100944+20110309at135133+RSTpre_V01_R01+CM.nii
(0, 12295914000000.0, 14073330000000.0, 0.004869377, 144, array([  1,  53, 144, 144,   1], dtype=int32))
(1, 12368830000000.0, 13887387000000.0, 0.004898253, 144, array([  1,  53, 144, 144,   1], dtype=int32))
Train Cost Diff = 0.63420403
TSC Score = 0.04435284122757773
(2, 4524467600000.0, 5076137000000.0, 0.0017917611, 144, array([  1,  53, 144, 144,   1], dtype=int32))
Train Cost Diff = 0.09484481
TSC Score = 0.044197334310590475
(3, 4953590000000.0, 5501393000000.0, 0.0019617004, 144, array([  1,  53, 144, 144,   1], dtype=int32))
Train Cost Diff = 0.16156796
TSC Score = 0.04668799027304414
(4, 5753931000000.0, 6365243000000.0, 0.0022786483, 144, array([  1,  53, 144, 144,   1], dtype=int32))
Train Cost Diff = 0.13499007
TSC Score = 0.042990589605338476
(5, 4977207000000.0, 5495519700000.0, 0.0019710534, 144, array([  1,  53, 144, 144,   1], dtype=int32))
Train Cost Diff = 0.20489173
TSC Score = 0.03822871727576226
(6, 3957419100000.0, 4367294400000.0, 0.0015672009, 144, array([  1,  53, 144, 144,   1], dtype=int32))
Train Cost Diff = 0.161968
TSC Score = 0.03527480797540289
(7, 3316443500000.0, 3665380200000.0, 0.0013133645, 144, array([  1,  53, 144, 144,   1], dtype=int32))
Train Cost Diff = 0.08745284
TSC Score = 0.03423584359734631
(8, 3026411300000.0, 3355161100000.0, 0.001198507, 144, array([  1,  53, 144, 144,   1], dtype=int32))
Train Cost Diff = 0.05176027
TSC Score = 0.03392350411583506
(9, 2869763800000.0, 3192514200000.0, 0.001136472, 144, array([  1,  53, 144, 144,   1], dtype=int32))
Train Cost Diff = 0.06542846
TSC Score = 0.033338414905533596
(10, 2681999500000.0, 2993716200000.0, 0.0010621144, 144, array([  1,  53, 144, 144,   1], dtype=int32))
Train Cost Diff = 0.0902908
TSC Score = 0.032287613645913836
(11, 2439839200000.0, 2732197400000.0, 0.0009662152, 144, array([  1,  53, 144, 144,   1], dtype=int32))
Train Cost Diff = 0.097696304
TSC Score = 0.031065895326477872
(12, 2201476100000.0, 2472173600000.0, 0.00087181956, 144, array([  1,  53, 144, 144,   1], dtype=int32))
Train Cost Diff = 0.09580961
TSC Score = 0.029792921231859622
(13, 1990553600000.0, 2239504300000.0, 0.00078829087, 144, array([  1,  53, 144, 144,   1], dtype=int32))
Train Cost Diff = 0.10038933
TSC Score = 0.028356895990707186
(14, 1790723200000.0, 2016253400000.0, 0.0007091549, 144, array([  1,  53, 144, 144,   1], dtype=int32))
Train Cost Diff = 0.1028803
TSC Score = 0.026801855015993265
(15, 1606493100000.0, 1807955700000.0, 0.0006361968, 144, array([  1,  53, 144, 144,   1], dtype=int32))
Train Cost Diff = 0.09322916
TSC Score = 0.02531812761385074
(16, 1456721100000.0, 1636523700000.0, 0.0005768847, 144, array([  1,  53, 144, 144,   1], dtype=int32))
Train Cost Diff = 0.07614811
TSC Score = 0.024036728539859296
(17, 1345794500000.0, 1507840600000.0, 0.00053295604, 144, array([  1,  53, 144, 144,   1], dtype=int32))
Train Cost Diff = 0.058301363
TSC Score = 0.023015840539329376
(18, 1267332800000.0, 1415894800000.0, 0.000501884, 144, array([  1,  53, 144, 144,   1], dtype=int32))
Train Cost Diff = 0.048925396
TSC Score = 0.022200499885712602
(19, 1205328200000.0, 1343546000000.0, 0.0004773291, 144, array([  1,  53, 144, 144,   1], dtype=int32))
Train Cost Diff = 0.057159778
TSC Score = 0.02141483782965625
(20, 1136432000000.0, 1265029200000.0, 0.00045004507, 144, array([  1,  53, 144, 144,   1], dtype=int32))
Train Cost Diff = 0.075080365
TSC Score = 0.020558433978943722
(21, 1051108050000.0, 1169639000000.0, 0.00041625553, 144, array([  1,  53, 144, 144,   1], dtype=int32))
Train Cost Diff = 0.08635301
TSC Score = 0.019702722019438165
(22, 960341700000.0, 1069219300000.0, 0.0003803106, 144, array([  1,  53, 144, 144,   1], dtype=int32))
Train Cost Diff = 0.08456405
TSC Score = 0.0189672416516394
(23, 879131400000.0, 980016400000.0, 0.00034815, 144, array([  1,  53, 144, 144,   1], dtype=int32))
Train Cost Diff = 0.07040076
TSC Score = 0.01843272739814144
(24, 817239950000.0, 912521950000.0, 0.00032363998, 144, array([  1,  53, 144, 144,   1], dtype=int32))
Train Cost Diff = 0.049783163
TSC Score = 0.01809905209221316
(25, 776555000000.0, 868422400000.0, 0.00030752816, 144, array([  1,  53, 144, 144,   1], dtype=int32))
Train Cost Diff = 0.0367128
TSC Score = 0.01784728325389089
(26, 748045530000.0, 837377400000.0, 0.00029623794, 144, array([  1,  53, 144, 144,   1], dtype=int32))
Train Cost Diff = 0.038843628
TSC Score = 0.01752382791547631
(27, 718988800000.0, 805114350000.0, 0.00028473098, 144, array([  1,  53, 144, 144,   1], dtype=int32))
Train Cost Diff = 0.051084697
TSC Score = 0.017045594958064247
(28, 682259500000.0, 763744900000.0, 0.00027018558, 144, array([  1,  53, 144, 144,   1], dtype=int32))
Train Cost Diff = 0.0628728
TSC Score = 0.016435986204521087
(29, 639364000000.0, 715122800000.0, 0.00025319826, 144, array([  1,  53, 144, 144,   1], dtype=int32))
Train Cost Diff = 0.063019134
TSC Score = 0.015818670289268068
(30, 599071650000.0, 669251340000.0, 0.00023724193, 144, array([  1,  53, 144, 144,   1], dtype=int32))
Train Cost Diff = 0.05122516
TSC Score = 0.015311665935976063
(31, 568384160000.0, 634129000000.0, 0.00022508917, 144, array([  1,  53, 144, 144,   1], dtype=int32))
Train Cost Diff = 0.042953424
TSC Score = 0.014900029115576427
(32, 543970130000.0, 606225560000.0, 0.00021542082, 144, array([  1,  53, 144, 144,   1], dtype=int32))
Train Cost Diff = 0.042501535
TSC Score = 0.014531380526166076
(33, 520850570000.0, 580064050000.0, 0.0002062651, 144, array([  1,  53, 144, 144,   1], dtype=int32))
Train Cost Diff = 0.041157
TSC Score = 0.01421660675526386
(34, 499413940000.0, 556094850000.0, 0.00019777585, 144, array([  1,  53, 144, 144,   1], dtype=int32))
Train Cost Diff = 0.041001387
TSC Score = 0.01394519923338066
(35, 478937250000.0, 533476470000.0, 0.00018966677, 144, array([  1,  53, 144, 144,   1], dtype=int32))
Train Cost Diff = 0.0419731
TSC Score = 0.013699329883942466
(36, 458834770000.0, 511470440000.0, 0.00018170587, 144, array([  1,  53, 144, 144,   1], dtype=int32))
Train Cost Diff = 0.03757172
TSC Score = 0.01349841937017389
(37, 441595600000.0, 492695200000.0, 0.00017487886, 144, array([  1,  53, 144, 144,   1], dtype=int32))
Train Cost Diff = 0.032488395
TSC Score = 0.013326471715285133
(38, 427248840000.0, 477056500000.0, 0.00016919733, 144, array([  1,  53, 144, 144,   1], dtype=int32))
Train Cost Diff = 0.03155872
TSC Score = 0.013142160279020904
(39, 413765400000.0, 462205260000.0, 0.00016385768, 144, array([  1,  53, 144, 144,   1], dtype=int32))
Train Cost Diff = 0.032783214
TSC Score = 0.012928477270840906
(40, 400200830000.0, 447079700000.0, 0.0001584859, 144, array([  1,  53, 144, 144,   1], dtype=int32))
Train Cost Diff = 0.03360203
TSC Score = 0.012692605948597837
(41, 386753330000.0, 431936630000.0, 0.00015316045, 144, array([  1,  53, 144, 144,   1], dtype=int32))
Train Cost Diff = 0.03208528
TSC Score = 0.012457069231445506
(42, 374344200000.0, 417865900000.0, 0.00014824625, 144, array([  1,  53, 144, 144,   1], dtype=int32))
Train Cost Diff = 0.030822275
TSC Score = 0.012228569344218993
(43, 362806050000.0, 404743550000.0, 0.00014367697, 144, array([  1,  53, 144, 144,   1], dtype=int32))
Train Cost Diff = 0.029530538
TSC Score = 0.012014963685977143
(44, 352092200000.0, 392574760000.0, 0.00013943411, 144, array([  1,  53, 144, 144,   1], dtype=int32))
Train Cost Diff = 0.026408084
TSC Score = 0.011833023179917402
(45, 342794100000.0, 382060400000.0, 0.00013575192, 144, array([  1,  53, 144, 144,   1], dtype=int32))
Train Cost Diff = 0.023983147
TSC Score = 0.01168038086314674
(46, 334572850000.0, 372832340000.0, 0.00013249616, 144, array([  1,  53, 144, 144,   1], dtype=int32))
Train Cost Diff = 0.022093412
TSC Score = 0.011551370510638885
(47, 327180980000.0, 364597350000.0, 0.00012956887, 144, array([  1,  53, 144, 144,   1], dtype=int32))
Train Cost Diff = 0.021763148
TSC Score = 0.011431423985309566
(48, 320060500000.0, 356700200000.0, 0.00012674904, 144, array([  1,  53, 144, 144,   1], dtype=int32))
Train Cost Diff = 0.023599079
TSC Score = 0.011303618195317992
(49, 312507370000.0, 348328920000.0, 0.00012375788, 144, array([  1,  53, 144, 144,   1], dtype=int32))
Train Cost Diff = 0.024374817
TSC Score = 0.011171749982807509
(50, 304890050000.0, 339876200000.0, 0.00012074131, 144, array([  1,  53, 144, 144,   1], dtype=int32))
Train Cost Diff = 0.02280627
TSC Score = 0.011047542515577
(51, 297936650000.0, 332149400000.0, 0.00011798765, 144, array([  1,  53, 144, 144,   1], dtype=int32))
Train Cost Diff = 0.019745933
TSC Score = 0.010938368723729735
(52, 292053580000.0, 325594700000.0, 0.00011565787, 144, array([  1,  53, 144, 144,   1], dtype=int32))
Train Cost Diff = 0.017919468
TSC Score = 0.01083764764800268
(53, 286820200000.0, 319747980000.0, 0.000113585345, 144, array([  1,  53, 144, 144,   1], dtype=int32))
Train Cost Diff = 0.017828267
TSC Score = 0.010736762525040952
(54, 281706660000.0, 314024950000.0, 0.000111560315, 144, array([  1,  53, 144, 144,   1], dtype=int32))
Train Cost Diff = 0.018270977
TSC Score = 0.01063362574470652
(55, 276559600000.0, 308262240000.0, 0.000109522, 144, array([  1,  53, 144, 144,   1], dtype=int32))
Train Cost Diff = 0.018297052
TSC Score = 0.01053190451583058
(56, 271499400000.0, 302597730000.0, 0.00010751807, 144, array([  1,  53, 144, 144,   1], dtype=int32))
Train Cost Diff = 0.016915755
TSC Score = 0.010440101386467983
(57, 266906760000.0, 297466460000.0, 0.00010569932, 144, array([  1,  53, 144, 144,   1], dtype=int32))
Train Cost Diff = 0.015907947
TSC Score = 0.010355544737340832
(58, 262660830000.0, 292727400000.0, 0.00010401786, 144, array([  1,  53, 144, 144,   1], dtype=int32))
Train Cost Diff = 0.015941614
TSC Score = 0.010271210127236969
(59, 258473590000.0, 288051760000.0, 0.00010235965, 144, array([  1,  53, 144, 144,   1], dtype=int32))
Train Cost Diff = 0.016089689
TSC Score = 0.010185543220698737
(60, 254314800000.0, 283400370000.0, 0.000100712714, 144, array([  1,  53, 144, 144,   1], dtype=int32))
Train Cost Diff = 0.015683813
TSC Score = 0.010101567910621355
(61, 250326190000.0, 278934060000.0, 9.9133154e-05, 144, array([  1,  53, 144, 144,   1], dtype=int32))
Train Cost Diff = 0.014479744
TSC Score = 0.010023909402880246
(62, 246701540000.0, 274871010000.0, 9.769773e-05, 144, array([  1,  53, 144, 144,   1], dtype=int32))
Train Cost Diff = 0.012947558
TSC Score = 0.009955927024765825
(63, 243507330000.0, 271296180000.0, 9.6432785e-05, 144, array([  1,  53, 144, 144,   1], dtype=int32))
Train Cost Diff = 0.012393971
TSC Score = 0.009892712788044202
(64, 240489350000.0, 267929030000.0, 9.52376e-05, 144, array([  1,  53, 144, 144,   1], dtype=int32))
Train Cost Diff = 0.013053736
TSC Score = 0.009828290211229504
(65, 237350040000.0, 264433370000.0, 9.399439e-05, 144, array([  1,  53, 144, 144,   1], dtype=int32))
Train Cost Diff = 0.013385619
TSC Score = 0.009763159032995069
(66, 234172970000.0, 260898950000.0, 9.273622e-05, 144, array([  1,  53, 144, 144,   1], dtype=int32))
Train Cost Diff = 0.013362291
TSC Score = 0.009697981051735936
(67, 231043870000.0, 257414820000.0, 9.149705e-05, 144, array([  1,  53, 144, 144,   1], dtype=int32))
Train Cost Diff = 0.012259708
TSC Score = 0.00963738381263003
(68, 228211330000.0, 254253920000.0, 9.0375324e-05, 144, array([  1,  53, 144, 144,   1], dtype=int32))
Train Cost Diff = 0.011081797
TSC Score = 0.00958200354480912
(69, 225682340000.0, 251426640000.0, 8.93738e-05, 144, array([  1,  53, 144, 144,   1], dtype=int32))
Train Cost Diff = 0.010940582
TSC Score = 0.009527625678099292
(70, 223213240000.0, 248667340000.0, 8.8396e-05, 144, array([  1,  53, 144, 144,   1], dtype=int32))
Train Cost Diff = 0.010923978
TSC Score = 0.0094739978911103
(71, 220774890000.0, 245943730000.0, 8.7430366e-05, 144, array([  1,  53, 144, 144,   1], dtype=int32))
Train Cost Diff = 0.010871282
TSC Score = 0.009421184679046216
(72, 218374780000.0, 243264980000.0, 8.6479886e-05, 144, array([  1,  53, 144, 144,   1], dtype=int32))
Train Cost Diff = 0.010547629
TSC Score = 0.009370206863892826
(73, 216071450000.0, 240693840000.0, 8.556773e-05, 144, array([  1,  53, 144, 144,   1], dtype=int32))
Train Cost Diff = 0.010212205
TSC Score = 0.009321504348787086
(74, 213864860000.0, 238232370000.0, 8.469389e-05, 144, array([  1,  53, 144, 144,   1], dtype=int32))
Train Cost Diff = 0.009957956
TSC Score = 0.009274305454700855
(75, 211735220000.0, 235857580000.0, 8.3850515e-05, 144, array([  1,  53, 144, 144,   1], dtype=int32))
Train Cost Diff = 0.009789986
TSC Score = 0.009227269392109976
(76, 209662330000.0, 233540390000.0, 8.302962e-05, 144, array([  1,  53, 144, 144,   1], dtype=int32))
Train Cost Diff = 0.009552816
TSC Score = 0.009181422981162795
(77, 207659470000.0, 231301100000.0, 8.223645e-05, 144, array([  1,  53, 144, 144,   1], dtype=int32))
Train Cost Diff = 0.009234158
TSC Score = 0.009137472312541648
(78, 205741930000.0, 229157860000.0, 8.147707e-05, 144, array([  1,  53, 144, 144,   1], dtype=int32))
Train Cost Diff = 0.009107776
TSC Score = 0.009094205058859888
(79, 203868060000.0, 227062250000.0, 8.073499e-05, 144, array([  1,  53, 144, 144,   1], dtype=int32))
Train Cost Diff = 0.008965105
TSC Score = 0.009051962257316346
(80, 202040360000.0, 225019330000.0, 8.0011196e-05, 144, array([  1,  53, 144, 144,   1], dtype=int32))
Train Cost Diff = 0.008539142
TSC Score = 0.009012336218270004
(81, 200315110000.0, 223092930000.0, 7.932797e-05, 144, array([  1,  53, 144, 144,   1], dtype=int32))
Train Cost Diff = 0.0084558455
TSC Score = 0.00897371032591041
(82, 198621270000.0, 221203700000.0, 7.865718e-05, 144, array([  1,  53, 144, 144,   1], dtype=int32))
Train Cost Diff = 0.008430922
TSC Score = 0.008936170673473309
(83, 196946700000.0, 219339720000.0, 7.799403e-05, 144, array([  1,  53, 144, 144,   1], dtype=int32))
Train Cost Diff = 0.008249142
TSC Score = 0.008899633802708806
(84, 195322050000.0, 217531840000.0, 7.735065e-05, 144, array([  1,  53, 144, 144,   1], dtype=int32))
Train Cost Diff = 0.008031423
TSC Score = 0.008863830522109697
(85, 193753370000.0, 215784700000.0, 7.672941e-05, 144, array([  1,  53, 144, 144,   1], dtype=int32))
Train Cost Diff = 0.008077959
TSC Score = 0.008827287740085815
(86, 192188220000.0, 214037970000.0, 7.6109594e-05, 144, array([  1,  53, 144, 144,   1], dtype=int32))
Train Cost Diff = 0.007898342
TSC Score = 0.008791651227185995
(87, 190670270000.0, 212343730000.0, 7.5508455e-05, 144, array([  1,  53, 144, 144,   1], dtype=int32))
Train Cost Diff = 0.007601898
TSC Score = 0.008756808763937652
(88, 189220780000.0, 210722880000.0, 7.493445e-05, 144, array([  1,  53, 144, 144,   1], dtype=int32))
Train Cost Diff = 0.007661392
TSC Score = 0.00872175045792766
(89, 187771130000.0, 209101960000.0, 7.4360345e-05, 144, array([  1,  53, 144, 144,   1], dtype=int32))
Train Cost Diff = 0.00764608
TSC Score = 0.008687410644166955
(90, 186335400000.0, 207498850000.0, 7.379178e-05, 144, array([  1,  53, 144, 144,   1], dtype=int32))
Train Cost Diff = 0.007417768
TSC Score = 0.008654800377699178
(91, 184953200000.0, 205959760000.0, 7.324441e-05, 144, array([  1,  53, 144, 144,   1], dtype=int32))
Train Cost Diff = 0.007306811
TSC Score = 0.008623209350066094
(92, 183601790000.0, 204455380000.0, 7.270923e-05, 144, array([  1,  53, 144, 144,   1], dtype=int32))
Train Cost Diff = 0.007164558
TSC Score = 0.008592705724232865
(93, 182286370000.0, 202993030000.0, 7.21883e-05, 144, array([  1,  53, 144, 144,   1], dtype=int32))
Train Cost Diff = 0.0070435028
TSC Score = 0.00856269942559
(94, 181002420000.0, 201564780000.0, 7.167984e-05, 144, array([  1,  53, 144, 144,   1], dtype=int32))
Train Cost Diff = 0.006941511
TSC Score = 0.008532566662398279
(95, 179746000000.0, 200163980000.0, 7.118227e-05, 144, array([  1,  53, 144, 144,   1], dtype=int32))
Train Cost Diff = 0.0066502667
TSC Score = 0.008503603142337005
(96, 178550640000.0, 198829460000.0, 7.070889e-05, 144, array([  1,  53, 144, 144,   1], dtype=int32))
Train Cost Diff = 0.006349147
TSC Score = 0.008476033015007774
(97, 177417000000.0, 197563840000.0, 7.025995e-05, 144, array([  1,  53, 144, 144,   1], dtype=int32))
Train Cost Diff = 0.00674989
TSC Score = 0.00844666630797757
(98, 176219460000.0, 196225960000.0, 6.97857e-05, 144, array([  1,  53, 144, 144,   1], dtype=int32))
Train Cost Diff = 0.0068987706
TSC Score = 0.008416992771025523
(99, 175003730000.0, 194867920000.0, 6.930427e-05, 144, array([  1,  53, 144, 144,   1], dtype=int32))
Train Cost Diff = 0.006286649
TSC Score = 0.008390125591403565
(100, 173903580000.0, 193639250000.0, 6.8868576e-05, 144, array([  1,  53, 144, 144,   1], dtype=int32))
Train Cost Diff = 0.0062903943
TSC Score = 0.008363059805294332
(101, 172809650000.0, 192415730000.0, 6.8435365e-05, 144, array([  1,  53, 144, 144,   1], dtype=int32))
Train Cost Diff = 0.0063207517
TSC Score = 0.008336511301680742
(102, 171717350000.0, 191198360000.0, 6.80028e-05, 144, array([  1,  53, 144, 144,   1], dtype=int32))
Train Cost Diff = 0.0057672425
TSC Score = 0.00831236256489938
(103, 170727010000.0, 190094280000.0, 6.7610614e-05, 144, array([  1,  53, 144, 144,   1], dtype=int32))
Train Cost Diff = 0.0058245873
TSC Score = 0.008288057003747398
(104, 169732620000.0, 188986750000.0, 6.721681e-05, 144, array([  1,  53, 144, 144,   1], dtype=int32))
Train Cost Diff = 0.0060325554
TSC Score = 0.008262606032386939
(105, 168708690000.0, 187844280000.0, 6.681132e-05, 144, array([  1,  53, 144, 144,   1], dtype=int32))
Train Cost Diff = 0.0056586033
TSC Score = 0.008238810822091209
(106, 167754020000.0, 186780390000.0, 6.643326e-05, 144, array([  1,  53, 144, 144,   1], dtype=int32))
Train Cost Diff = 0.0054605883
TSC Score = 0.008216249618293937
(107, 166837980000.0, 185761050000.0, 6.60705e-05, 144, array([  1,  53, 144, 144,   1], dtype=int32))
Train Cost Diff = 0.0056328503
TSC Score = 0.008192432031979415
(108, 165898220000.0, 184713200000.0, 6.569833e-05, 144, array([  1,  53, 144, 144,   1], dtype=int32))
Train Cost Diff = 0.005570402
TSC Score = 0.00817008317108197
(109, 164974120000.0, 183687790000.0, 6.5332366e-05, 144, array([  1,  53, 144, 144,   1], dtype=int32))
Train Cost Diff = 0.005201236
TSC Score = 0.008148339093078908
(110, 164116000000.0, 182732200000.0, 6.499256e-05, 144, array([  1,  53, 144, 144,   1], dtype=int32))
Train Cost Diff = 0.005273994
TSC Score = 0.008126788417588215
(111, 163250490000.0, 181769860000.0, 6.464979e-05, 144, array([  1,  53, 144, 144,   1], dtype=int32))
Train Cost Diff = 0.005277197
TSC Score = 0.008104463254039412
(112, 162388970000.0, 180807300000.0, 6.430862e-05, 144, array([  1,  53, 144, 144,   1], dtype=int32))
Train Cost Diff = 0.0050336546
TSC Score = 0.008084260754382738
(113, 161571570000.0, 179899420000.0, 6.398491e-05, 144, array([  1,  53, 144, 144,   1], dtype=int32))
Train Cost Diff = 0.005064124
TSC Score = 0.00806297491807794
(114, 160753350000.0, 178984440000.0, 6.366088e-05, 144, array([  1,  53, 144, 144,   1], dtype=int32))
Train Cost Diff = 0.0049269185
TSC Score = 0.00804294807905029
(115, 159961320000.0, 178102040000.0, 6.334723e-05, 144, array([  1,  53, 144, 144,   1], dtype=int32))
Train Cost Diff = 0.0049760076
TSC Score = 0.008023158147354626
(116, 159165380000.0, 177216780000.0, 6.3032014e-05, 144, array([  1,  53, 144, 144,   1], dtype=int32))
Train Cost Diff = 0.0049757278
TSC Score = 0.008002876292711692
(117, 158373400000.0, 176333360000.0, 6.271838e-05, 144, array([  1,  53, 144, 144,   1], dtype=int32))
Train Cost Diff = 0.004401882
TSC Score = 0.007985442461664731
(118, 157676240000.0, 175558130000.0, 6.2442305e-05, 144, array([  1,  53, 144, 144,   1], dtype=int32))
Train Cost Diff = 0.004460496
TSC Score = 0.007967204045964885
(119, 156972940000.0, 174773350000.0, 6.216378e-05, 144, array([  1,  53, 144, 144,   1], dtype=int32))
Train Cost Diff = 0.004684959
TSC Score = 0.007948650088264918
(120, 156237530000.0, 173954420000.0, 6.1872546e-05, 144, array([  1,  53, 144, 144,   1], dtype=int32))
Train Cost Diff = 0.0042968364
TSC Score = 0.00793086773972827
(121, 155566200000.0, 173204010000.0, 6.160669e-05, 144, array([  1,  53, 144, 144,   1], dtype=int32))
Train Cost Diff = 0.0041169655
TSC Score = 0.007914767773240463
(122, 154925740000.0, 172491460000.0, 6.135306e-05, 144, array([  1,  53, 144, 144,   1], dtype=int32))
Train Cost Diff = 0.0044482527
TSC Score = 0.007896785699873742
(123, 154236580000.0, 171722380000.0, 6.108014e-05, 144, array([  1,  53, 144, 144,   1], dtype=int32))
Train Cost Diff = 0.0037001516
TSC Score = 0.007882404021433892
(124, 153665900000.0, 171088460000.0, 6.0854138e-05, 144, array([  1,  53, 144, 144,   1], dtype=int32))
Train Cost Diff = 0.00064056355
TSC Score = 0.007878739697131728
(125, 153567460000.0, 170973460000.0, 6.0815157e-05, 144, array([  1,  53, 144, 144,   1], dtype=int32))
Train Cost Diff = 0.00605734
TSC Score = 0.007903092465174195
(126, 154497660000.0, 172012670000.0, 6.1183535e-05, 144, array([  1,  53, 144, 144,   1], dtype=int32))
Train Cost Diff = 0.0278322
TSC Score = 0.008007908663398962
(127, 158797700000.0, 176780540000.0, 6.288641e-05, 144, array([  1,  53, 144, 144,   1], dtype=int32))
Train Cost Diff = 0.084717855
TSC Score = 0.00833719753826537
(128, 172250700000.0, 191742460000.0, 6.821401e-05, 144, array([  1,  53, 144, 144,   1], dtype=int32))
Train Cost Diff = 0.15730558
TSC Score = 0.00895483226755031
(129, 199346670000.0, 221835850000.0, 7.894445e-05, 144, array([  1,  53, 144, 144,   1], dtype=int32))
Train Cost Diff = 0.07887932
TSC Score = 0.009300470937089973
(130, 215071000000.0, 239327580000.0, 8.517154e-05, 144, array([  1,  53, 144, 144,   1], dtype=int32))
Train Cost Diff = 0.1552741
TSC Score = 0.008554098506835483
(131, 181676050000.0, 202194120000.0, 7.1946604e-05, 144, array([  1,  53, 144, 144,   1], dtype=int32))
Train Cost Diff = 0.15700963
TSC Score = 0.007864799922477907
(132, 153151180000.0, 170496430000.0, 6.0650294e-05, 144, array([  1,  53, 144, 144,   1], dtype=int32))
Train Cost Diff = 0.14331396
TSC Score = 0.008403234097816382
(133, 175099870000.0, 194899590000.0, 6.934233e-05, 144, array([  1,  53, 144, 144,   1], dtype=int32))
Train Cost Diff = 0.005067082
TSC Score = 0.00837822093080497
(134, 174212610000.0, 193894840000.0, 6.8990965e-05, 144, array([  1,  53, 144, 144,   1], dtype=int32))
Train Cost Diff = 0.123791166
TSC Score = 0.00785097150648744
(135, 152646650000.0, 169930960000.0, 6.0450493e-05, 144, array([  1,  53, 144, 144,   1], dtype=int32))
Train Cost Diff = 0.068295285
TSC Score = 0.008112167224379416
(136, 163071690000.0, 181526900000.0, 6.457898e-05, 144, array([  1,  53, 144, 144,   1], dtype=int32))
Train Cost Diff = 0.0070073605
TSC Score = 0.008081892058987896
(137, 161928990000.0, 180246800000.0, 6.412645e-05, 144, array([  1,  53, 144, 144,   1], dtype=int32))
Train Cost Diff = 0.073647425
TSC Score = 0.007783904388862023
(138, 150003340000.0, 166993330000.0, 5.94037e-05, 144, array([  1,  53, 144, 144,   1], dtype=int32))
Train Cost Diff = 0.054184195
TSC Score = 0.007989155868672534
(139, 158131140000.0, 176029630000.0, 6.262244e-05, 144, array([  1,  53, 144, 144,   1], dtype=int32))
Train Cost Diff = 0.036518723
TSC Score = 0.00784308942798861
(140, 152356370000.0, 169606560000.0, 6.033555e-05, 144, array([  1,  53, 144, 144,   1], dtype=int32))
Train Cost Diff = 0.024031363
TSC Score = 0.007749970230737124
(141, 148695070000.0, 165537000000.0, 5.8885606e-05, 144, array([  1,  53, 144, 144,   1], dtype=int32))
Train Cost Diff = 0.03113277
TSC Score = 0.00786828046843549
(142, 153324340000.0, 170686220000.0, 6.0718878e-05, 144, array([  1,  53, 144, 144,   1], dtype=int32))
Train Cost Diff = 0.048518546
TSC Score = 0.007677576801088328
(143, 145885270000.0, 162413450000.0, 5.7772886e-05, 144, array([  1,  53, 144, 144,   1], dtype=int32))
Train Cost Diff = 0.019146072
TSC Score = 0.007748849391522964
(144, 148678410000.0, 165515400000.0, 5.887901e-05, 144, array([  1,  53, 144, 144,   1], dtype=int32))
Train Cost Diff = 0.011249008
TSC Score = 0.007706701737679497
(145, 147005900000.0, 163660320000.0, 5.821668e-05, 144, array([  1,  53, 144, 144,   1], dtype=int32))
Train Cost Diff = 0.021302324
TSC Score = 0.00762516395571739
(146, 143874340000.0, 160176010000.0, 5.697653e-05, 144, array([  1,  53, 144, 144,   1], dtype=int32))
Train Cost Diff = 0.01829923
TSC Score = 0.007692662667454134
(147, 146507150000.0, 163100260000.0, 5.8019155e-05, 144, array([  1,  53, 144, 144,   1], dtype=int32))
Train Cost Diff = 0.029057415
TSC Score = 0.007582707501926631
(148, 142250020000.0, 158370890000.0, 5.633327e-05, 144, array([  1,  53, 144, 144,   1], dtype=int32))
Train Cost Diff = 0.009922523
TSC Score = 0.007619344321349253
(149, 143661500000.0, 159938940000.0, 5.6892237e-05, 144, array([  1,  53, 144, 144,   1], dtype=int32))
Train Cost Diff = 0.010149939
TSC Score = 0.007580295424898997
(150, 142203340000.0, 158313900000.0, 5.6314784e-05, 144, array([  1,  53, 144, 144,   1], dtype=int32))
Train Cost Diff = 0.009561755
TSC Score = 0.007545185639467231
(151, 140843650000.0, 156805410000.0, 5.5776316e-05, 144, array([  1,  53, 144, 144,   1], dtype=int32))
Train Cost Diff = 0.00528618
TSC Score = 0.007564831843686292
(152, 141588150000.0, 157633310000.0, 5.607116e-05, 144, array([  1,  53, 144, 144,   1], dtype=int32))
Train Cost Diff = 0.016729167
TSC Score = 0.007501761802130896
(153, 139219500000.0, 154998010000.0, 5.5133136e-05, 144, array([  1,  53, 144, 144,   1], dtype=int32))
Train Cost Diff = 0.005843068
TSC Score = 0.007522907398928709
(154, 140032970000.0, 155901300000.0, 5.5455283e-05, 144, array([  1,  53, 144, 144,   1], dtype=int32))
Train Cost Diff = 0.010849263
TSC Score = 0.00748363945822546
(155, 138513710000.0, 154216710000.0, 5.4853634e-05, 144, array([  1,  53, 144, 144,   1], dtype=int32))
Train Cost Diff = 0.0020072884
TSC Score = 0.007475725272336182
(156, 138235670000.0, 153905630000.0, 5.4743527e-05, 144, array([  1,  53, 144, 144,   1], dtype=int32))
Train Cost Diff = 0.0033102543
TSC Score = 0.007462549483324353
(157, 137778070000.0, 153392640000.0, 5.456231e-05, 144, array([  1,  53, 144, 144,   1], dtype=int32))
Train Cost Diff = 0.0067322426
TSC Score = 0.007438615399194664
(158, 136850530000.0, 152364520000.0, 5.4194985e-05, 144, array([  1,  53, 144, 144,   1], dtype=int32))
Train Cost Diff = 0.0005350069
TSC Score = 0.007437121973080881
(159, 136777310000.0, 152285680000.0, 5.416599e-05, 144, array([  1,  53, 144, 144,   1], dtype=int32))
Train Cost Diff = 0.006928858
TSC Score = 0.007410459056307466
(160, 135829600000.0, 151227000000.0, 5.379068e-05, 144, array([  1,  53, 144, 144,   1], dtype=int32))
Train Cost Diff = 0.0016351423
TSC Score = 0.007404433690551376
(161, 135607500000.0, 150979970000.0, 5.3702726e-05, 144, array([  1,  53, 144, 144,   1], dtype=int32))
Train Cost Diff = 0.0045630266
TSC Score = 0.00738895096082086
(162, 134988730000.0, 150296400000.0, 5.345768e-05, 144, array([  1,  53, 144, 144,   1], dtype=int32))
Train Cost Diff = 0.0035131907
TSC Score = 0.007375250282505731
(163, 134514470000.0, 149765800000.0, 5.3269872e-05, 144, array([  1,  53, 144, 144,   1], dtype=int32))
Train Cost Diff = 0.0035004446
TSC Score = 0.0073620117365049784
(164, 134043610000.0, 149239660000.0, 5.3083404e-05, 144, array([  1,  53, 144, 144,   1], dtype=int32))
Train Cost Diff = 0.0026524428
TSC Score = 0.007353317595056204
(165, 133688080000.0, 148847800000.0, 5.2942603e-05, 144, array([  1,  53, 144, 144,   1], dtype=int32))
Train Cost Diff = 0.0044444515
TSC Score = 0.007336506731736104
(166, 133093890000.0, 148184300000.0, 5.2707303e-05, 144, array([  1,  53, 144, 144,   1], dtype=int32))
Train Cost Diff = 0.0026179466
TSC Score = 0.007327042369321182
(167, 132745460000.0, 147796700000.0, 5.2569318e-05, 144, array([  1,  53, 144, 144,   1], dtype=int32))
Train Cost Diff = 0.0030922184
TSC Score = 0.007316090100770843
(168, 132334990000.0, 147341180000.0, 5.2406762e-05, 144, array([  1,  53, 144, 144,   1], dtype=int32))
Train Cost Diff = 0.0038461804
TSC Score = 0.0073018585913210724
(169, 131826010000.0, 146773300000.0, 5.2205196e-05, 144, array([  1,  53, 144, 144,   1], dtype=int32))
Train Cost Diff = 0.002456158
TSC Score = 0.007293056600839245
(170, 131502230000.0, 146413570000.0, 5.207697e-05, 144, array([  1,  53, 144, 144,   1], dtype=int32))
Train Cost Diff = 0.003811158
TSC Score = 0.007279562520225019
(171, 131001050000.0, 145857000000.0, 5.18785e-05, 144, array([  1,  53, 144, 144,   1], dtype=int32))
Train Cost Diff = 0.0026293362
TSC Score = 0.007269710882862897
(172, 130656610000.0, 145471880000.0, 5.1742092e-05, 144, array([  1,  53, 144, 144,   1], dtype=int32))
Train Cost Diff = 0.0031256948
TSC Score = 0.007258569261848568
(173, 130248210000.0, 145017590000.0, 5.1580362e-05, 144, array([  1,  53, 144, 144,   1], dtype=int32))
Train Cost Diff = 0.0029758147
TSC Score = 0.0072483101114293015
(174, 129860624000.0, 144588590000.0, 5.142687e-05, 144, array([  1,  53, 144, 144,   1], dtype=int32))
Train Cost Diff = 0.0025412224
TSC Score = 0.007238696965723502
(175, 129530600000.0, 144218950000.0, 5.129618e-05, 144, array([  1,  53, 144, 144,   1], dtype=int32))
Train Cost Diff = 0.0033076867
TSC Score = 0.007226977439693712
(176, 129102170000.0, 143743450000.0, 5.112651e-05, 144, array([  1,  53, 144, 144,   1], dtype=int32))
Train Cost Diff = 0.0025054882
TSC Score = 0.007218298017237955
(177, 128778690000.0, 143384380000.0, 5.0998413e-05, 144, array([  1,  53, 144, 144,   1], dtype=int32))
Train Cost Diff = 0.0028275822
TSC Score = 0.007208229312233943
(178, 128414564000.0, 142979660000.0, 5.085421e-05, 144, array([  1,  53, 144, 144,   1], dtype=int32))
Train Cost Diff = 0.0025539573
TSC Score = 0.007198571310082296
(179, 128086606000.0, 142612960000.0, 5.072433e-05, 144, array([  1,  53, 144, 144,   1], dtype=int32))
Train Cost Diff = 0.0011189845
TSC Score = 0.007195447860138249
(180, 127943280000.0, 142457470000.0, 5.066757e-05, 144, array([  1,  53, 144, 144,   1], dtype=int32))
Train Cost Diff = 0.00095373177
TSC Score = 0.00719828389948796
(181, 128065310000.0, 142591000000.0, 5.0715895e-05, 144, array([  1,  53, 144, 144,   1], dtype=int32))
Train Cost Diff = 0.008949205
TSC Score = 0.007229728491013899
(182, 129211390000.0, 143864330000.0, 5.116976e-05, 144, array([  1,  53, 144, 144,   1], dtype=int32))
Train Cost Diff = 0.031060891
TSC Score = 0.007338505528697899
(183, 133224800000.0, 148322750000.0, 5.275914e-05, 144, array([  1,  53, 144, 144,   1], dtype=int32))
Train Cost Diff = 0.07159412
TSC Score = 0.007592119868329218
(184, 142762920000.0, 158921230000.0, 5.6536384e-05, 144, array([  1,  53, 144, 144,   1], dtype=int32))
Train Cost Diff = 0.09980134
TSC Score = 0.007952719851970042
(185, 157010840000.0, 174746700000.0, 6.217879e-05, 144, array([  1,  53, 144, 144,   1], dtype=int32))
Train Cost Diff = 0.051796276
TSC Score = 0.008155882098950384
(186, 165143410000.0, 183795370000.0, 6.539942e-05, 144, array([  1,  53, 144, 144,   1], dtype=int32))
Train Cost Diff = 0.06047954
TSC Score = 0.00790366218743033
(187, 155155630000.0, 172674060000.0, 6.1444094e-05, 144, array([  1,  53, 144, 144,   1], dtype=int32))
Train Cost Diff = 0.115696184
TSC Score = 0.007447504875805875
(188, 137204710000.0, 152755910000.0, 5.4335247e-05, 144, array([  1,  53, 144, 144,   1], dtype=int32))
Train Cost Diff = 0.016223162
TSC Score = 0.007385366863577507
(189, 134978810000.0, 150269530000.0, 5.3453758e-05, 144, array([  1,  53, 144, 144,   1], dtype=int32))
Train Cost Diff = 0.057908196
TSC Score = 0.007588934666828242
(190, 142795200000.0, 158942480000.0, 5.654917e-05, 144, array([  1,  53, 144, 144,   1], dtype=int32))
Train Cost Diff = 0.0337179
TSC Score = 0.007467667088934322
(191, 137980440000.0, 153615630000.0, 5.464245e-05, 144, array([  1,  53, 144, 144,   1], dtype=int32))
Train Cost Diff = 0.054295
TSC Score = 0.007264024771047696
(192, 130488790000.0, 145282960000.0, 5.1675637e-05, 144, array([  1,  53, 144, 144,   1], dtype=int32))
Train Cost Diff = 0.027810711
TSC Score = 0.007360736652251233
(193, 134117780000.0, 149307670000.0, 5.3112773e-05, 144, array([  1,  53, 144, 144,   1], dtype=int32))
Train Cost Diff = 0.0020629433
TSC Score = 0.007370964991253177
(194, 134394450000.0, 149629470000.0, 5.3222342e-05, 144, array([  1,  53, 144, 144,   1], dtype=int32))
Train Cost Diff = 0.04505837
TSC Score = 0.007204928411451633
(195, 128338860000.0, 142894430000.0, 5.082423e-05, 144, array([  1,  53, 144, 144,   1], dtype=int32))
Train Cost Diff = 0.0066863233
TSC Score = 0.007228184724631697
(196, 129196980000.0, 143846820000.0, 5.1164057e-05, 144, array([  1,  53, 144, 144,   1], dtype=int32))
Train Cost Diff = 0.010801082
TSC Score = 0.007267722220954303
(197, 130592430000.0, 145403770000.0, 5.1716685e-05, 144, array([  1,  53, 144, 144,   1], dtype=int32))
Train Cost Diff = 0.029863516
TSC Score = 0.007159003154672498
(198, 126692490000.0, 141063110000.0, 5.0172242e-05, 144, array([  1,  53, 144, 144,   1], dtype=int32))
Train Cost Diff = 0.0026232593
TSC Score = 0.007151122248580048
(199, 126360150000.0, 140698980000.0, 5.0040628e-05, 144, array([  1,  53, 144, 144,   1], dtype=int32))
Train Cost Diff = 0.008858629
TSC Score = 0.0071819828561705285
(200, 127479520000.0, 141942360000.0, 5.048392e-05, 144, array([  1,  53, 144, 144,   1], dtype=int32))
Train Cost Diff = 0.020689541
TSC Score = 0.007107517500953753
(201, 124842040000.0, 139006020000.0, 4.943943e-05, 144, array([  1,  53, 144, 144,   1], dtype=int32))
Train Cost Diff = 0.0072215153
TSC Score = 0.007084829636518869
(202, 123940490000.0, 138013900000.0, 4.9082402e-05, 144, array([  1,  53, 144, 144,   1], dtype=int32))
Train Cost Diff = 0.008900234
TSC Score = 0.007114184546907227
(203, 125043580000.0, 139234180000.0, 4.9519247e-05, 144, array([  1,  53, 144, 144,   1], dtype=int32))
Train Cost Diff = 0.012102194
TSC Score = 0.007071375671837816
(204, 123530280000.0, 137550790000.0, 4.8919956e-05, 144, array([  1,  53, 144, 144,   1], dtype=int32))
Train Cost Diff = 0.009094584
TSC Score = 0.007041469432135082
(205, 122406830000.0, 136309070000.0, 4.847505e-05, 144, array([  1,  53, 144, 144,   1], dtype=int32))
Train Cost Diff = 0.0025323608
TSC Score = 0.007049310627502575
(206, 122716800000.0, 136649920000.0, 4.8597805e-05, 144, array([  1,  53, 144, 144,   1], dtype=int32))
Train Cost Diff = 0.005825221
TSC Score = 0.007029274892710007
(207, 122001950000.0, 135855520000.0, 4.8314712e-05, 144, array([  1,  53, 144, 144,   1], dtype=int32))
Train Cost Diff = 0.0067418404
TSC Score = 0.007005838811736614
(208, 121179430000.0, 134940850000.0, 4.7988982e-05, 144, array([  1,  53, 144, 144,   1], dtype=int32))
Train Cost Diff = 0.0010055256
TSC Score = 0.007003665982207275
(209, 121057580000.0, 134810480000.0, 4.7940728e-05, 144, array([  1,  53, 144, 144,   1], dtype=int32))
Train Cost Diff = 0.003307217
TSC Score = 0.0069911137868517645
(210, 120657220000.0, 134360590000.0, 4.7782178e-05, 144, array([  1,  53, 144, 144,   1], dtype=int32))
Train Cost Diff = 0.0053374893
TSC Score = 0.006973020295373734
(211, 120013210000.0, 133646160000.0, 4.752714e-05, 144, array([  1,  53, 144, 144,   1], dtype=int32))
Train Cost Diff = 0.0016661613
TSC Score = 0.0069678846931787415
(212, 119813250000.0, 133425955000.0, 4.7447953e-05, 144, array([  1,  53, 144, 144,   1], dtype=int32))
Train Cost Diff = 0.0016510006
TSC Score = 0.006962334695644668
(213, 119615440000.0, 133206360000.0, 4.7369616e-05, 144, array([  1,  53, 144, 144,   1], dtype=int32))
Train Cost Diff = 0.0023777997
TSC Score = 0.006953485817011992
(214, 119331020000.0, 132887440000.0, 4.725698e-05, 144, array([  1,  53, 144, 144,   1], dtype=int32))
Train Cost Diff = 0.0018295753
TSC Score = 0.006960967134764752
(215, 119549340000.0, 133135030000.0, 4.734344e-05, 144, array([  1,  53, 144, 144,   1], dtype=int32))
Train Cost Diff = 0.00923752
TSC Score = 0.006990818072253904
(216, 120653685000.0, 134356050000.0, 4.7780777e-05, 144, array([  1,  53, 144, 144,   1], dtype=int32))
Train Cost Diff = 0.024651207
TSC Score = 0.0070767073313710935
(217, 123627940000.0, 137669640000.0, 4.895863e-05, 144, array([  1,  53, 144, 144,   1], dtype=int32))
Train Cost Diff = 0.058224894
TSC Score = 0.0072714106786879625
(218, 130826170000.0, 145653090000.0, 5.1809242e-05, 144, array([  1,  53, 144, 144,   1], dtype=int32))
Train Cost Diff = 0.10252938
TSC Score = 0.007633365176321635
(219, 144239670000.0, 160577880000.0, 5.712121e-05, 144, array([  1,  53, 144, 144,   1], dtype=int32))
Train Cost Diff = 0.092688985
TSC Score = 0.007963543926264726
(220, 157609130000.0, 175393260000.0, 6.241572e-05, 144, array([  1,  53, 144, 144,   1], dtype=int32))
Train Cost Diff = 0.028358597
TSC Score = 0.007859547867344918
(221, 153139560000.0, 170461100000.0, 6.0645696e-05, 144, array([  1,  53, 144, 144,   1], dtype=int32))
Train Cost Diff = 0.12169402
TSC Score = 0.007369533135612024
(222, 134503390000.0, 149734030000.0, 5.3265478e-05, 144, array([  1,  53, 144, 144,   1], dtype=int32))
Train Cost Diff = 0.017072564
TSC Score = 0.007310294998508719
(223, 132207070000.0, 147193510000.0, 5.23561e-05, 144, array([  1,  53, 144, 144,   1], dtype=int32))
Train Cost Diff = 0.07520588
TSC Score = 0.007577457919635648
(224, 142149830000.0, 158249620000.0, 5.6293586e-05, 144, array([  1,  53, 144, 144,   1], dtype=int32))
Train Cost Diff = 0.04518917
TSC Score = 0.007403249896641585
(225, 135726180000.0, 151094690000.0, 5.3749725e-05, 144, array([  1,  53, 144, 144,   1], dtype=int32))
Train Cost Diff = 0.051135894
TSC Score = 0.007216708205226483
(226, 128785700000.0, 143390400000.0, 5.1001185e-05, 144, array([  1,  53, 144, 144,   1], dtype=int32))
Train Cost Diff = 0.034806233
TSC Score = 0.007341655345621283
(227, 133268250000.0, 148383300000.0, 5.2776344e-05, 144, array([  1,  53, 144, 144,   1], dtype=int32))
Train Cost Diff = 0.030907592
TSC Score = 0.0072240358509246564
(228, 129149250000.0, 143783350000.0, 5.1145154e-05, 144, array([  1,  53, 144, 144,   1], dtype=int32))
Train Cost Diff = 0.007320819
TSC Score = 0.007202084025400849
(229, 128203770000.0, 142748980000.0, 5.077073e-05, 144, array([  1,  53, 144, 144,   1], dtype=int32))
Train Cost Diff = 0.035655264
TSC Score = 0.007327043397811427
(230, 132774900000.0, 147830700000.0, 5.2580974e-05, 144, array([  1,  53, 144, 144,   1], dtype=int32))
Train Cost Diff = 0.0149174435
TSC Score = 0.007270068809575239
(231, 130794250000.0, 145616620000.0, 5.17966e-05, 144, array([  1,  53, 144, 144,   1], dtype=int32))
Train Cost Diff = 0.019013409
TSC Score = 0.007340762069208648
(232, 133281090000.0, 148392460000.0, 5.278143e-05, 144, array([  1,  53, 144, 144,   1], dtype=int32))
Train Cost Diff = 0.007362951
TSC Score = 0.007365802456333926
(233, 134262430000.0, 149476970000.0, 5.3170057e-05, 144, array([  1,  53, 144, 144,   1], dtype=int32))
Train Cost Diff = 0.02870025
TSC Score = 0.007260673734906926
(234, 130409070000.0, 145192480000.0, 5.1644063e-05, 144, array([  1,  53, 144, 144,   1], dtype=int32))
Train Cost Diff = 0.02409429
TSC Score = 0.007178868129414697
(235, 127266950000.0, 141718270000.0, 5.0399736e-05, 144, array([  1,  53, 144, 144,   1], dtype=int32))
Train Cost Diff = 0.018023536
TSC Score = 0.007111822248362636
(236, 124973150000.0, 139155200000.0, 4.9491355e-05, 144, array([  1,  53, 144, 144,   1], dtype=int32))
Train Cost Diff = 0.009427686
TSC Score = 0.007144720674751617
(237, 126151360000.0, 140464900000.0, 4.9957944e-05, 144, array([  1,  53, 144, 144,   1], dtype=int32))
Train Cost Diff = 0.015212635
TSC Score = 0.007092920127042837
(238, 124232250000.0, 138338600000.0, 4.919795e-05, 144, array([  1,  53, 144, 144,   1], dtype=int32))
Train Cost Diff = 0.03336513
TSC Score = 0.006975482470105101
(239, 120087250000.0, 133729804000.0, 4.7556456e-05, 144, array([  1,  53, 144, 144,   1], dtype=int32))
Train Cost Diff = 0.0026162353
TSC Score = 0.006967687928861912
(240, 119773070000.0, 133385126000.0, 4.7432037e-05, 144, array([  1,  53, 144, 144,   1], dtype=int32))
Train Cost Diff = 0.0036095975
TSC Score = 0.006977717969585608
(241, 120205390000.0, 133856730000.0, 4.7603247e-05, 144, array([  1,  53, 144, 144,   1], dtype=int32))
Train Cost Diff = 0.013467246
TSC Score = 0.006933513414824824
(242, 118586560000.0, 132065100000.0, 4.6962163e-05, 144, array([  1,  53, 144, 144,   1], dtype=int32))
Train Cost Diff = 0.015664047
TSC Score = 0.006882228686934004
(243, 116729000000.0, 130008790000.0, 4.6226545e-05, 144, array([  1,  53, 144, 144,   1], dtype=int32))
Train Cost Diff = 0.0018031495
TSC Score = 0.006871381580654935
(244, 116518530000.0, 129756530000.0, 4.6143192e-05, 144, array([  1,  53, 144, 144,   1], dtype=int32))
Train Cost Diff = 9.626495e-05
TSC Score = 0.00687505199763236
(245, 116507320000.0, 129759140000.0, 4.613875e-05, 144, array([  1,  53, 144, 144,   1], dtype=int32))
Train Cost Diff = 0.008813389
TSC Score = 0.006845563141731656
(246, 115480486000.0, 128618490000.0, 4.573211e-05, 144, array([  1,  53, 144, 144,   1], dtype=int32))
Train Cost Diff = 0.0076457667
TSC Score = 0.006817664641667569
(247, 114597540000.0, 127628540000.0, 4.5382454e-05, 144, array([  1,  53, 144, 144,   1], dtype=int32))
Train Cost Diff = 0.003490363
TSC Score = 0.006830456674673899
(248, 114997550000.0, 128077545000.0, 4.5540855e-05, 144, array([  1,  53, 144, 144,   1], dtype=int32))
Train Cost Diff = 0.00020633999
TSC Score = 0.0068313056315848575
(249, 115021275000.0, 128104825000.0, 4.5550252e-05, 144, array([  1,  53, 144, 144,   1], dtype=int32))
Train Cost Diff = 0.006952854
TSC Score = 0.006808429627344097
(250, 114221550000.0, 127217870000.0, 4.5233548e-05, 144, array([  1,  53, 144, 144,   1], dtype=int32))
Train Cost Diff = 0.00014484824
TSC Score = 0.006807301077203348
(251, 114205000000.0, 127196865000.0, 4.5226996e-05, 144, array([  1,  53, 144, 144,   1], dtype=int32))
Train Cost Diff = 0.011379996
TSC Score = 0.006844146345164601
(252, 115504650000.0, 128637540000.0, 4.574168e-05, 144, array([  1,  53, 144, 144,   1], dtype=int32))
Train Cost Diff = 0.023386
TSC Score = 0.006926155417468072
(253, 118205840000.0, 131655975000.0, 4.6811394e-05, 144, array([  1,  53, 144, 144,   1], dtype=int32))
Train Cost Diff = 0.042261936
TSC Score = 0.0070611408360704364
(254, 123201450000.0, 137182134000.0, 4.8789734e-05, 144, array([  1,  53, 144, 144,   1], dtype=int32))
Train Cost Diff = 0.057418115
TSC Score = 0.007260774898312166
(255, 130275460000.0, 145059230000.0, 5.159115e-05, 144, array([  1,  53, 144, 144,   1], dtype=int32))
Train Cost Diff = 0.036796078
TSC Score = 0.007386002351223267
(256, 135069070000.0, 150367630000.0, 5.34895e-05, 144, array([  1,  53, 144, 144,   1], dtype=int32))
Train Cost Diff = 0.001753986
TSC Score = 0.00739696461780233
(257, 135305990000.0, 150648400000.0, 5.358332e-05, 144, array([  1,  53, 144, 144,   1], dtype=int32))
Train Cost Diff = 0.012082935
TSC Score = 0.007346795162032672
(258, 133671090000.0, 148805750000.0, 5.2935877e-05, 144, array([  1,  53, 144, 144,   1], dtype=int32))
Train Cost Diff = 0.011788891
TSC Score = 0.007306140486745556
(259, 132095255000.0, 147062260000.0, 5.231182e-05, 144, array([  1,  53, 144, 144,   1], dtype=int32))
Train Cost Diff = 0.009389567
TSC Score = 0.007276350319609602
(260, 130854940000.0, 145701600000.0, 5.1820636e-05, 144, array([  1,  53, 144, 144,   1], dtype=int32))
Train Cost Diff = 0.018117923
TSC Score = 0.007205028491684573
(261, 128484114000.0, 143041760000.0, 5.0881754e-05, 144, array([  1,  53, 144, 144,   1], dtype=int32))
Train Cost Diff = 0.02446385
TSC Score = 0.007124121271280303
(262, 125340900000.0, 139572950000.0, 4.963699e-05, 144, array([  1,  53, 144, 144,   1], dtype=int32))
Train Cost Diff = 0.01996942
TSC Score = 0.007054056114542103
(263, 122837910000.0, 136790930000.0, 4.864577e-05, 144, array([  1,  53, 144, 144,   1], dtype=int32))
Train Cost Diff = 0.016678499
TSC Score = 0.00699342280523537
(264, 120789160000.0, 134502210000.0, 4.783443e-05, 144, array([  1,  53, 144, 144,   1], dtype=int32))
Train Cost Diff = 0.0092202015
TSC Score = 0.006965224830325087
(265, 119675450000.0, 133278654000.0, 4.7393387e-05, 144, array([  1,  53, 144, 144,   1], dtype=int32))
Train Cost Diff = 0.0019381465
TSC Score = 0.006969979334754268
(266, 119907400000.0, 133529166000.0, 4.7485242e-05, 144, array([  1,  53, 144, 144,   1], dtype=int32))
Train Cost Diff = 0.012238134
TSC Score = 0.006927229538466618
(267, 118439960000.0, 131894395000.0, 4.690411e-05, 144, array([  1,  53, 144, 144,   1], dtype=int32))
Train Cost Diff = 0.020848755
TSC Score = 0.006860899026059222
(268, 115970650000.0, 129168474000.0, 4.592622e-05, 144, array([  1,  53, 144, 144,   1], dtype=int32))
Train Cost Diff = 0.0031669578
TSC Score = 0.006866207224038929
(269, 116337920000.0, 129556790000.0, 4.6071666e-05, 144, array([  1,  53, 144, 144,   1], dtype=int32))
Train Cost Diff = 0.0028224704
TSC Score = 0.006858837203550729
(270, 116009560000.0, 129199690000.0, 4.594163e-05, 144, array([  1,  53, 144, 144,   1], dtype=int32))
Train Cost Diff = 0.017064951
TSC Score = 0.006803649598696286
(271, 114029860000.0, 127008080000.0, 4.5157638e-05, 144, array([  1,  53, 144, 144,   1], dtype=int32))
Train Cost Diff = 0.0085887695
TSC Score = 0.0068296516213352644
(272, 115009230000.0, 128086970000.0, 4.5545487e-05, 144, array([  1,  53, 144, 144,   1], dtype=int32))
Train Cost Diff = 0.008496301
TSC Score = 0.006857800422371242
(273, 115986390000.0, 129172210000.0, 4.5932455e-05, 144, array([  1,  53, 144, 144,   1], dtype=int32))
Train Cost Diff = 0.011096391
TSC Score = 0.006821981805667013
(274, 114699370000.0, 127747230000.0, 4.542277e-05, 144, array([  1,  53, 144, 144,   1], dtype=int32))
Train Cost Diff = 3.3878714e-05
TSC Score = 0.006820660433005222
(275, 114703245000.0, 127746600000.0, 4.542431e-05, 144, array([  1,  53, 144, 144,   1], dtype=int32))
Train Cost Diff = 0.0049322695
TSC Score = 0.0068386922281372916
(276, 115269000000.0, 128381370000.0, 4.5648354e-05, 144, array([  1,  53, 144, 144,   1], dtype=int32))
Train Cost Diff = 0.0022159398
TSC Score = 0.006829138217416624
(277, 115013570000.0, 128089285000.0, 4.55472e-05, 144, array([  1,  53, 144, 144,   1], dtype=int32))
Train Cost Diff = 0.006533988
TSC Score = 0.006810646362826157
(278, 114262065000.0, 127266270000.0, 4.5249595e-05, 144, array([  1,  53, 144, 144,   1], dtype=int32))
Train Cost Diff = 0.009857041
TSC Score = 0.006774291857464475
(279, 113135780000.0, 126002210000.0, 4.4803568e-05, 144, array([  1,  53, 144, 144,   1], dtype=int32))
Train Cost Diff = 0.0029254977
TSC Score = 0.006787072437367218
(280, 113466760000.0, 126381610000.0, 4.493464e-05, 144, array([  1,  53, 144, 144,   1], dtype=int32))
Train Cost Diff = 0.029123332
TSC Score = 0.006879396786012986
(281, 116771290000.0, 130040780000.0, 4.6243287e-05, 144, array([  1,  53, 144, 144,   1], dtype=int32))
Train Cost Diff = 0.044706196
TSC Score = 0.007029243426744969
(282, 121991690000.0, 135844500000.0, 4.831065e-05, 144, array([  1,  53, 144, 144,   1], dtype=int32))
Train Cost Diff = 0.04209042
TSC Score = 0.007171027067008648
(283, 127126370000.0, 141545080000.0, 5.0344064e-05, 144, array([  1,  53, 144, 144,   1], dtype=int32))
Train Cost Diff = 0.009872261
TSC Score = 0.007205393367531608
(284, 128381395000.0, 142939160000.0, 5.0841074e-05, 144, array([  1,  53, 144, 144,   1], dtype=int32))
Train Cost Diff = 0.041492403
TSC Score = 0.007058106179827114
(285, 123054530000.0, 137023400000.0, 4.8731556e-05, 144, array([  1,  53, 144, 144,   1], dtype=int32))
Train Cost Diff = 0.041944414
TSC Score = 0.006911616570659571
(286, 117893090000.0, 131287900000.0, 4.668754e-05, 144, array([  1,  53, 144, 144,   1], dtype=int32))
Train Cost Diff = 0.00994797
TSC Score = 0.006945240112278589
(287, 119065890000.0, 132590715000.0, 4.7151985e-05, 144, array([  1,  53, 144, 144,   1], dtype=int32))
Train Cost Diff = 0.0053906944
TSC Score = 0.006964004325370791
(288, 119707740000.0, 133305410000.0, 4.7406167e-05, 144, array([  1,  53, 144, 144,   1], dtype=int32))
Train Cost Diff = 0.016787242
TSC Score = 0.0069069803083339504
(289, 117698180000.0, 131073550000.0, 4.661035e-05, 144, array([  1,  53, 144, 144,   1], dtype=int32))
Train Cost Diff = 0.01093727
TSC Score = 0.006944408962276228
(290, 118985466000.0, 132506984000.0, 4.712014e-05, 144, array([  1,  53, 144, 144,   1], dtype=int32))
Train Cost Diff = 0.0044373637
TSC Score = 0.006927195649300209
(291, 118457480000.0, 131911565000.0, 4.691105e-05, 144, array([  1,  53, 144, 144,   1], dtype=int32))
Train Cost Diff = 0.04017771
TSC Score = 0.00679136509036942
(292, 113698130000.0, 126630175000.0, 4.502627e-05, 144, array([  1,  53, 144, 144,   1], dtype=int32))
Train Cost Diff = 0.0035422128
TSC Score = 0.006779636403473154
(293, 113295390000.0, 126182650000.0, 4.4866778e-05, 144, array([  1,  53, 144, 144,   1], dtype=int32))
Train Cost Diff = 0.010573843
TSC Score = 0.006813841369772508
(294, 114493350000.0, 127511460000.0, 4.5341192e-05, 144, array([  1,  53, 144, 144,   1], dtype=int32))
Train Cost Diff = 0.019037668
TSC Score = 0.006751069008387823
(295, 112313680000.0, 125092920000.0, 4.4478e-05, 144, array([  1,  53, 144, 144,   1], dtype=int32))
Train Cost Diff = 0.0021556483
TSC Score = 0.006743224763478497
(296, 112071560000.0, 124820520000.0, 4.4382123e-05, 144, array([  1,  53, 144, 144,   1], dtype=int32))
Train Cost Diff = 0.0025794972
TSC Score = 0.006752503230022343
(297, 112360650000.0, 125144530000.0, 4.4496606e-05, 144, array([  1,  53, 144, 144,   1], dtype=int32))
Train Cost Diff = 0.008433887
TSC Score = 0.006725206657885006
(298, 111413020000.0, 124093555000.0, 4.4121327e-05, 144, array([  1,  53, 144, 144,   1], dtype=int32))
Train Cost Diff = 0.00926255
TSC Score = 0.006754119139348612
(299, 112444990000.0, 125235500000.0, 4.4530003e-05, 144, array([  1,  53, 144, 144,   1], dtype=int32))
Train Cost Diff = 0.007296545
TSC Score = 0.006779023471226417
(300, 113265450000.0, 126150730000.0, 4.4854918e-05, 144, array([  1,  53, 144, 144,   1], dtype=int32))
Train Cost Diff = 0.0033728518
TSC Score = 0.006767534280658848
(301, 112883425000.0, 125724720000.0, 4.470363e-05, 144, array([  1,  53, 144, 144,   1], dtype=int32))
Train Cost Diff = 0.0007600073
TSC Score = 0.006769459678359285
(302, 112969210000.0, 125818135000.0, 4.4737604e-05, 144, array([  1,  53, 144, 144,   1], dtype=int32))
Train Cost Diff = 0.0055576884
TSC Score = 0.006752222704677172
(303, 112341370000.0, 125124670000.0, 4.4488967e-05, 144, array([  1,  53, 144, 144,   1], dtype=int32))
Train Cost Diff = 0.010866353
TSC Score = 0.006716141141608123
(304, 111120620000.0, 123767330000.0, 4.4005534e-05, 144, array([  1,  53, 144, 144,   1], dtype=int32))
Train Cost Diff = 0.004405121
TSC Score = 0.006702211013246353
(305, 110631130000.0, 123225170000.0, 4.3811684e-05, 144, array([  1,  53, 144, 144,   1], dtype=int32))
Train Cost Diff = 0.005519119
TSC Score = 0.006719023264916289
(306, 111241710000.0, 123899530000.0, 4.4053486e-05, 144, array([  1,  53, 144, 144,   1], dtype=int32))
Train Cost Diff = 0.002137608
TSC Score = 0.006726676259097236
(307, 111479505000.0, 124166200000.0, 4.4147655e-05, 144, array([  1,  53, 144, 144,   1], dtype=int32))
Train Cost Diff = 0.0057067797
TSC Score = 0.006707833976828477
(308, 110843314000.0, 123457960000.0, 4.3895714e-05, 144, array([  1,  53, 144, 144,   1], dtype=int32))
Train Cost Diff = 0.010087302
TSC Score = 0.006740977104109881
(309, 111961420000.0, 124701740000.0, 4.4338503e-05, 144, array([  1,  53, 144, 144,   1], dtype=int32))
Train Cost Diff = 0.027386684
TSC Score = 0.006831972744455635
(310, 115027665000.0, 128114680000.0, 4.5552788e-05, 144, array([  1,  53, 144, 144,   1], dtype=int32))
Train Cost Diff = 0.019192578
TSC Score = 0.006892173576770687
(311, 117235350000.0, 130553500000.0, 4.6427063e-05, 144, array([  1,  53, 144, 144,   1], dtype=int32))
Train Cost Diff = 0.0014786345
TSC Score = 0.006890798227713766
(312, 117062010000.0, 130374930000.0, 4.6358415e-05, 144, array([  1,  53, 144, 144,   1], dtype=int32))
Train Cost Diff = 0.01464933
TSC Score = 0.006839242290713598
(313, 115347120000.0, 128461420000.0, 4.5679295e-05, 144, array([  1,  53, 144, 144,   1], dtype=int32))
Train Cost Diff = 0.0049283905
TSC Score = 0.006821017054955144
(314, 114778650000.0, 127824224000.0, 4.545417e-05, 144, array([  1,  53, 144, 144,   1], dtype=int32))
Train Cost Diff = 0.025486726
TSC Score = 0.006909901560733872
(315, 117703990000.0, 131091570000.0, 4.6612648e-05, 144, array([  1,  53, 144, 144,   1], dtype=int32))
Train Cost Diff = 0.028349726
TSC Score = 0.006997941996955154
(316, 121040860000.0, 134772060000.0, 4.7934103e-05, 144, array([  1,  53, 144, 144,   1], dtype=int32))
Train Cost Diff = 0.008484652
TSC Score = 0.0069739345248376215
(317, 120013865000.0, 133651350000.0, 4.75274e-05, 144, array([  1,  53, 144, 144,   1], dtype=int32))
Train Cost Diff = 0.02811164
TSC Score = 0.0068779357852622874
(318, 116640070000.0, 129903480000.0, 4.6191326e-05, 144, array([  1,  53, 144, 144,   1], dtype=int32))
Train Cost Diff = 0.012622061
TSC Score = 0.006829130456715742
(319, 115167850000.0, 128243876000.0, 4.5608296e-05, 144, array([  1,  53, 144, 144,   1], dtype=int32))
Train Cost Diff = 0.008853677
TSC Score = 0.0068085584989825455
(320, 114148190000.0, 127146100000.0, 4.5204495e-05, 144, array([  1,  53, 144, 144,   1], dtype=int32))
Train Cost Diff = 0.02660772
TSC Score = 0.006713091360955441
(321, 111110950000.0, 123745850000.0, 4.4001707e-05, 144, array([  1,  53, 144, 144,   1], dtype=int32))
Train Cost Diff = 0.011477543
TSC Score = 0.006675671947910358
(322, 109835690000.0, 122329360000.0, 4.3496675e-05, 144, array([  1,  53, 144, 144,   1], dtype=int32))
Train Cost Diff = 0.010719559
TSC Score = 0.006717747311142698
(323, 111013070000.0, 123665150000.0, 4.396294e-05, 144, array([  1,  53, 144, 144,   1], dtype=int32))
Train Cost Diff = 0.0066264546
TSC Score = 0.006687253318996783
(324, 110277450000.0, 122814990000.0, 4.3671622e-05, 144, array([  1,  53, 144, 144,   1], dtype=int32))
Train Cost Diff = 0.013174709
TSC Score = 0.00664869872606962
(325, 108824560000.0, 121217000000.0, 4.309626e-05, 144, array([  1,  53, 144, 144,   1], dtype=int32))
Train Cost Diff = 0.001206293
TSC Score = 0.0066516009950238686
(326, 108955845000.0, 121359700000.0, 4.3148248e-05, 144, array([  1,  53, 144, 144,   1], dtype=int32))
Train Cost Diff = 0.0038706632
TSC Score = 0.006663918047048984
(327, 109377580000.0, 121827934000.0, 4.331526e-05, 144, array([  1,  53, 144, 144,   1], dtype=int32))
Train Cost Diff = 0.0005174524
TSC Score = 0.006665290552198591
(328, 109434175000.0, 121889090000.0, 4.3337674e-05, 144, array([  1,  53, 144, 144,   1], dtype=int32))
Train Cost Diff = 0.00013699816
TSC Score = 0.00666717602194341
(329, 109419184000.0, 121881240000.0, 4.3331736e-05, 144, array([  1,  53, 144, 144,   1], dtype=int32))
Train Cost Diff = 0.0009078211
TSC Score = 0.006668088354844875
(330, 109518520000.0, 121984280000.0, 4.3371074e-05, 144, array([  1,  53, 144, 144,   1], dtype=int32))
Train Cost Diff = 0.00068463106
TSC Score = 0.006671567208220762
(331, 109593490000.0, 122072460000.0, 4.3400767e-05, 144, array([  1,  53, 144, 144,   1], dtype=int32))
Train Cost Diff = 0.0002070426
TSC Score = 0.00666908402191935
(332, 109616185000.0, 122086210000.0, 4.3409753e-05, 144, array([  1,  53, 144, 144,   1], dtype=int32))
Train Cost Diff = 0.0026424732
TSC Score = 0.006663695597599097
(333, 109326524000.0, 121776030000.0, 4.3295044e-05, 144, array([  1,  53, 144, 144,   1], dtype=int32))
Train Cost Diff = 0.01523849
TSC Score = 0.006613026227417429
(334, 107660550000.0, 119920440000.0, 4.2635293e-05, 144, array([  1,  53, 144, 144,   1], dtype=int32))
Train Cost Diff = 0.019224113
TSC Score = 0.006550781759869993
(335, 105590874000.0, 117620960000.0, 4.1815667e-05, 144, array([  1,  53, 144, 144,   1], dtype=int32))
Train Cost Diff = 0.00055854244
TSC Score = 0.00655134326069192
(336, 105531900000.0, 117564320000.0, 4.179231e-05, 144, array([  1,  53, 144, 144,   1], dtype=int32))
Train Cost Diff = 0.007454354
TSC Score = 0.0065721376289253584
(337, 106318586000.0, 118427255000.0, 4.2103846e-05, 144, array([  1,  53, 144, 144,   1], dtype=int32))
Train Cost Diff = 0.0010664958
TSC Score = 0.006577926294278191
(338, 106431960000.0, 118562185000.0, 4.214875e-05, 144, array([  1,  53, 144, 144,   1], dtype=int32))
Train Cost Diff = 0.0006414771
TSC Score = 0.0065736310615547725
(339, 106363690000.0, 118477650000.0, 4.2121712e-05, 144, array([  1,  53, 144, 144,   1], dtype=int32))
Train Cost Diff = 0.0011149278
TSC Score = 0.006571807856156887
(340, 106245095000.0, 118352130000.0, 4.207475e-05, 144, array([  1,  53, 144, 144,   1], dtype=int32))
Train Cost Diff = 0.00034533985
TSC Score = 0.006571121898517992
(341, 106281796000.0, 118386040000.0, 4.208928e-05, 144, array([  1,  53, 144, 144,   1], dtype=int32))
Train Cost Diff = 0.010127912
TSC Score = 0.0066039718761780365
(342, 107358220000.0, 119583425000.0, 4.2515556e-05, 144, array([  1,  53, 144, 144,   1], dtype=int32))
Train Cost Diff = 0.023624776
TSC Score = 0.006678427587422853
(343, 109894520000.0, 122397500000.0, 4.3519976e-05, 144, array([  1,  53, 144, 144,   1], dtype=int32))
Train Cost Diff = 0.026397178
TSC Score = 0.0067646592449517725
(344, 112795410000.0, 125624930000.0, 4.466878e-05, 144, array([  1,  53, 144, 144,   1], dtype=int32))
Train Cost Diff = 0.008829609
TSC Score = 0.006793851781595894
(345, 113791360000.0, 126731936000.0, 4.506319e-05, 144, array([  1,  53, 144, 144,   1], dtype=int32))
Train Cost Diff = 0.00804311
TSC Score = 0.006765572306755469
(346, 112876130000.0, 125709650000.0, 4.470074e-05, 144, array([  1,  53, 144, 144,   1], dtype=int32))
Train Cost Diff = 0.0129428515
TSC Score = 0.006724164806313957
(347, 111415190000.0, 124091620000.0, 4.4122185e-05, 144, array([  1,  53, 144, 144,   1], dtype=int32))
Train Cost Diff = 0.014948367
TSC Score = 0.006675617026877273
(348, 109749710000.0, 122242900000.0, 4.346263e-05, 144, array([  1,  53, 144, 144,   1], dtype=int32))
Train Cost Diff = 0.013743044
TSC Score = 0.0066290261162548604
(349, 108241420000.0, 120560845000.0, 4.2865322e-05, 144, array([  1,  53, 144, 144,   1], dtype=int32))
Train Cost Diff = 0.010865988
TSC Score = 0.006597404993262386
(350, 107065260000.0, 119267390000.0, 4.2399548e-05, 144, array([  1,  53, 144, 144,   1], dtype=int32))
Train Cost Diff = 0.007829031
TSC Score = 0.0065695957645168215
(351, 106227060000.0, 118326610000.0, 4.20676e-05, 144, array([  1,  53, 144, 144,   1], dtype=int32))
Train Cost Diff = 0.00038846524
TSC Score = 0.006568793642576752
(352, 106185785000.0, 118282090000.0, 4.205126e-05, 144, array([  1,  53, 144, 144,   1], dtype=int32))
Train Cost Diff = 0.0036528367
TSC Score = 0.00655597756562311
(353, 105797900000.0, 117846680000.0, 4.1897652e-05, 144, array([  1,  53, 144, 144,   1], dtype=int32))
Train Cost Diff = 0.010688963
TSC Score = 0.006524819902048669
(354, 104667040000.0, 116601450000.0, 4.144981e-05, 144, array([  1,  53, 144, 144,   1], dtype=int32))
Train Cost Diff = 0.0059069814
TSC Score = 0.00654015709818066
(355, 105285300000.0, 117276270000.0, 4.1694653e-05, 144, array([  1,  53, 144, 144,   1], dtype=int32))
Train Cost Diff = 0.016194485
TSC Score = 0.006592941313728106
(356, 106990350000.0, 119176315000.0, 4.2369877e-05, 144, array([  1,  53, 144, 144,   1], dtype=int32))
Train Cost Diff = 0.0028930474
TSC Score = 0.006604456590709297
(357, 107299880000.0, 119528464000.0, 4.2492455e-05, 144, array([  1,  53, 144, 144,   1], dtype=int32))
Train Cost Diff = 0.0024234098
TSC Score = 0.006604803890063569
(358, 107559895000.0, 119790050000.0, 4.259543e-05, 144, array([  1,  53, 144, 144,   1], dtype=int32))
Train Cost Diff = 0.016555177
TSC Score = 0.006667623013902678
(359, 109340570000.0, 121805770000.0, 4.3300606e-05, 144, array([  1,  53, 144, 144,   1], dtype=int32))
Train Cost Diff = 0.0076233493
TSC Score = 0.006679856966849408
(360, 110174120000.0, 122684555000.0, 4.3630702e-05, 144, array([  1,  53, 144, 144,   1], dtype=int32))
Train Cost Diff = 5.1696323e-05
TSC Score = 0.006692367158841234
(361, 110179810000.0, 122737040000.0, 4.3632957e-05, 144, array([  1,  53, 144, 144,   1], dtype=int32))
Train Cost Diff = 0.008213538
TSC Score = 0.006712132424012963
(362, 111084770000.0, 123716420000.0, 4.399134e-05, 144, array([  1,  53, 144, 144,   1], dtype=int32))
Train Cost Diff = 0.012240902
TSC Score = 0.006756405633146375
(363, 112444555000.0, 125243420000.0, 4.4529832e-05, 144, array([  1,  53, 144, 144,   1], dtype=int32))
Train Cost Diff = 0.022239793
TSC Score = 0.006826290170081267
(364, 114945310000.0, 128009310000.0, 4.5520166e-05, 144, array([  1,  53, 144, 144,   1], dtype=int32))
Train Cost Diff = 0.011539032
TSC Score = 0.006862958161692048
(365, 116271645000.0, 129477800000.0, 4.6045425e-05, 144, array([  1,  53, 144, 144,   1], dtype=int32))
Train Cost Diff = 0.03932576
TSC Score = 0.006733167162013206
(366, 111699180000.0, 124410490000.0, 4.4234654e-05, 144, array([  1,  53, 144, 144,   1], dtype=int32))
Train Cost Diff = 0.036250953
TSC Score = 0.00661017515455689
(367, 107649990000.0, 119899790000.0, 4.2631105e-05, 144, array([  1,  53, 144, 144,   1], dtype=int32))
Train Cost Diff = 0.011026895
TSC Score = 0.0066470581742264605
(368, 108837040000.0, 121224660000.0, 4.3101194e-05, 144, array([  1,  53, 144, 144,   1], dtype=int32))
Train Cost Diff = 0.0043760045
TSC Score = 0.0066339829867028445
(369, 108360760000.0, 120699500000.0, 4.2912583e-05, 144, array([  1,  53, 144, 144,   1], dtype=int32))
Train Cost Diff = 0.03593481
TSC Score = 0.006514651142744414
(370, 104466830000.0, 116364120000.0, 4.1370527e-05, 144, array([  1,  53, 144, 144,   1], dtype=int32))
Train Cost Diff = 0.013543098
TSC Score = 0.0064727370142310565
(371, 103052026000.0, 114796700000.0, 4.0810242e-05, 144, array([  1,  53, 144, 144,   1], dtype=int32))
Train Cost Diff = 0.0009525903
TSC Score = 0.006477733131526443
(372, 103150190000.0, 114913090000.0, 4.0849118e-05, 144, array([  1,  53, 144, 144,   1], dtype=int32))
Train Cost Diff = 0.015302818
TSC Score = 0.006427355560035072
(373, 101571710000.0, 113152156000.0, 4.022401e-05, 144, array([  1,  53, 144, 144,   1], dtype=int32))
Train Cost Diff = 0.0037132264
TSC Score = 0.00641531966557589
(374, 101194550000.0, 112731005000.0, 4.007465e-05, 144, array([  1,  53, 144, 144,   1], dtype=int32))
Train Cost Diff = 0.00505427
TSC Score = 0.006434305203226632
(375, 101706010000.0, 113310600000.0, 4.02772e-05, 144, array([  1,  53, 144, 144,   1], dtype=int32))
Train Cost Diff = 0.007900599
TSC Score = 0.006407426923548187
(376, 100902480000.0, 112410490000.0, 3.9958984e-05, 144, array([  1,  53, 144, 144,   1], dtype=int32))
Train Cost Diff = 0.0019445837
TSC Score = 0.006412187487261761
(377, 101098690000.0, 112623770000.0, 4.0036688e-05, 144, array([  1,  53, 144, 144,   1], dtype=int32))
Train Cost Diff = 0.013566585
TSC Score = 0.00645868306465054
(378, 102470255000.0, 114163930000.0, 4.057985e-05, 144, array([  1,  53, 144, 144,   1], dtype=int32))
Train Cost Diff = 0.00453476
TSC Score = 0.006468246930857372
(379, 102934940000.0, 114662890000.0, 4.076387e-05, 144, array([  1,  53, 144, 144,   1], dtype=int32))
Train Cost Diff = 0.0062740254
TSC Score = 0.006489164682440734
(380, 103580750000.0, 115384540000.0, 4.1019623e-05, 144, array([  1,  53, 144, 144,   1], dtype=int32))
Train Cost Diff = 0.009227709
TSC Score = 0.0065216516215805195
(381, 104536570000.0, 116459080000.0, 4.139814e-05, 144, array([  1,  53, 144, 144,   1], dtype=int32))
Train Cost Diff = 0.0042495085
TSC Score = 0.006530396709302
(382, 104980790000.0, 116935840000.0, 4.157406e-05, 144, array([  1,  53, 144, 144,   1], dtype=int32))
Train Cost Diff = 0.03088121
TSC Score = 0.006631110122706857
(383, 108222720000.0, 120549655000.0, 4.285792e-05, 144, array([  1,  53, 144, 144,   1], dtype=int32))
Train Cost Diff = 0.0620606
TSC Score = 0.006824806049148248
(384, 114939085000.0, 127998650000.0, 4.5517707e-05, 144, array([  1,  53, 144, 144,   1], dtype=int32))
Train Cost Diff = 0.027448703
TSC Score = 0.006915089025565538
(385, 118094020000.0, 131501780000.0, 4.676711e-05, 144, array([  1,  53, 144, 144,   1], dtype=int32))
Train Cost Diff = 0.04225388
TSC Score = 0.00677262458322438
(386, 113104090000.0, 125964070000.0, 4.4791017e-05, 144, array([  1,  53, 144, 144,   1], dtype=int32))
Train Cost Diff = 0.04616067
TSC Score = 0.006613063668431737
(387, 107883130000.0, 120142750000.0, 4.2723434e-05, 144, array([  1,  53, 144, 144,   1], dtype=int32))
Train Cost Diff = 0.008079803
TSC Score = 0.0066496414795784555
(388, 108754805000.0, 121150734000.0, 4.306863e-05, 144, array([  1,  53, 144, 144,   1], dtype=int32))
Train Cost Diff = 0.009786111
TSC Score = 0.006609100911314669
(389, 107690525000.0, 119935850000.0, 4.2647156e-05, 144, array([  1,  53, 144, 144,   1], dtype=int32))
Train Cost Diff = 0.018728096
TSC Score = 0.006552393648747008
(390, 105673690000.0, 117710040000.0, 4.1848456e-05, 144, array([  1,  53, 144, 144,   1], dtype=int32))
Train Cost Diff = 0.0024858266
TSC Score = 0.006546113155540435
(391, 105410990000.0, 117424420000.0, 4.1744428e-05, 144, array([  1,  53, 144, 144,   1], dtype=int32))
Train Cost Diff = 0.019295016
TSC Score = 0.006480784830223478
(392, 103377080000.0, 115150650000.0, 4.093897e-05, 144, array([  1,  53, 144, 144,   1], dtype=int32))
Train Cost Diff = 0.0055465912
TSC Score = 0.006465135425160109
(393, 102803690000.0, 114519960000.0, 4.0711897e-05, 144, array([  1,  53, 144, 144,   1], dtype=int32))
Train Cost Diff = 0.007071969
TSC Score = 0.006441508621211489
(394, 102076670000.0, 113708000000.0, 4.0423984e-05, 144, array([  1,  53, 144, 144,   1], dtype=int32))
Train Cost Diff = 0.010596436
TSC Score = 0.006409303600216455
(395, 100995020000.0, 112510190000.0, 3.9995633e-05, 144, array([  1,  53, 144, 144,   1], dtype=int32))
Train Cost Diff = 0.008905744
TSC Score = 0.0063812663096068645
(396, 100095590000.0, 111510130000.0, 3.9639443e-05, 144, array([  1,  53, 144, 144,   1], dtype=int32))
Train Cost Diff = 0.0030584598
TSC Score = 0.006390656521607043
(397, 100401720000.0, 111849940000.0, 3.976068e-05, 144, array([  1,  53, 144, 144,   1], dtype=int32))
Train Cost Diff = 0.0031361477
TSC Score = 0.0063997165047477685
(398, 100716590000.0, 112198030000.0, 3.9885374e-05, 144, array([  1,  53, 144, 144,   1], dtype=int32))
Train Cost Diff = 0.0017932053
TSC Score = 0.006397502672925035
(399, 100535990000.0, 112009126000.0, 3.981385e-05, 144, array([  1,  53, 144, 144,   1], dtype=int32))
Train Cost Diff = 0.009258085
TSC Score = 0.006422410842299601
(400, 101466760000.0, 113028930000.0, 4.018245e-05, 144, array([  1,  53, 144, 144,   1], dtype=int32))
Train Cost Diff = 0.011815195
TSC Score = 0.0063874021562035635
(401, 100267910000.0, 111704860000.0, 3.9707687e-05, 144, array([  1,  53, 144, 144,   1], dtype=int32))
Train Cost Diff = 0.014530591
TSC Score = 0.006341891490009481
(402, 98810960000.0, 110085240000.0, 3.913071e-05, 144, array([  1,  53, 144, 144,   1], dtype=int32))
Train Cost Diff = 0.008104281
TSC Score = 0.006317811029693852
(403, 98010170000.0, 109198410000.0, 3.8813585e-05, 144, array([  1,  53, 144, 144,   1], dtype=int32))
Train Cost Diff = 0.0016487023
TSC Score = 0.006311678367367263
(404, 97848570000.0, 109016105000.0, 3.8749593e-05, 144, array([  1,  53, 144, 144,   1], dtype=int32))
Train Cost Diff = 0.007733908
TSC Score = 0.006335063767130261
(405, 98605330000.0, 109856240000.0, 3.904928e-05, 144, array([  1,  53, 144, 144,   1], dtype=int32))
Train Cost Diff = 0.005879287
TSC Score = 0.006355617521427182
(406, 99185060000.0, 110508570000.0, 3.927886e-05, 144, array([  1,  53, 144, 144,   1], dtype=int32))
Train Cost Diff = 0.0068295584
TSC Score = 0.006372818390875241
(407, 99862440000.0, 111247040000.0, 3.9547118e-05, 144, array([  1,  53, 144, 144,   1], dtype=int32))
Train Cost Diff = 0.021082865
TSC Score = 0.006440544351563228
(408, 101967830000.0, 113596200000.0, 4.0380884e-05, 144, array([  1,  53, 144, 144,   1], dtype=int32))
Train Cost Diff = 0.0469989
TSC Score = 0.006585307236456926
(409, 106760210000.0, 118918930000.0, 4.227874e-05, 144, array([  1,  53, 144, 144,   1], dtype=int32))
Train Cost Diff = 0.06124403
TSC Score = 0.006776310658021148
(410, 113298630000.0, 126175240000.0, 4.4868062e-05, 144, array([  1,  53, 144, 144,   1], dtype=int32))
Train Cost Diff = 0.032405194
TSC Score = 0.006884979566731846
(411, 116970100000.0, 130263070000.0, 4.632202e-05, 144, array([  1,  53, 144, 144,   1], dtype=int32))
Train Cost Diff = 0.031555027
TSC Score = 0.006771931526303393
(412, 113279100000.0, 126138294000.0, 4.4860328e-05, 144, array([  1,  53, 144, 144,   1], dtype=int32))
Train Cost Diff = 0.02180014
TSC Score = 0.006708453454157254
(413, 110809604000.0, 123427070000.0, 4.3882366e-05, 144, array([  1,  53, 144, 144,   1], dtype=int32))
Train Cost Diff = 0.026592042
TSC Score = 0.006788030751941191
(414, 113756260000.0, 126674910000.0, 4.5049288e-05, 144, array([  1,  53, 144, 144,   1], dtype=int32))
Train Cost Diff = 0.037760716
TSC Score = 0.006665491063803548
(415, 109460750000.0, 121918040000.0, 4.3348195e-05, 144, array([  1,  53, 144, 144,   1], dtype=int32))
Train Cost Diff = 0.055306125
TSC Score = 0.006482488661835524
(416, 103406895000.0, 115186450000.0, 4.0950774e-05, 144, array([  1,  53, 144, 144,   1], dtype=int32))
Train Cost Diff = 0.01898216
TSC Score = 0.006541871224054214
(417, 105369780000.0, 117367330000.0, 4.1728108e-05, 144, array([  1,  53, 144, 144,   1], dtype=int32))
Train Cost Diff = 0.0022067744
TSC Score = 0.006534890192079165
(418, 105137240000.0, 117109290000.0, 4.1636024e-05, 144, array([  1,  53, 144, 144,   1], dtype=int32))
Train Cost Diff = 0.00820301
TSC Score = 0.0065096270892276995
(419, 104274820000.0, 116154190000.0, 4.1294483e-05, 144, array([  1,  53, 144, 144,   1], dtype=int32))
Train Cost Diff = 0.019610796
TSC Score = 0.006445330176446646
(420, 102229900000.0, 113874910000.0, 4.0484665e-05, 144, array([  1,  53, 144, 144,   1], dtype=int32))
Train Cost Diff = 0.022404509
TSC Score = 0.006377307782435905
(421, 99939475000.0, 111339820000.0, 3.9577626e-05, 144, array([  1,  53, 144, 144,   1], dtype=int32))
Train Cost Diff = 0.006440013
TSC Score = 0.006358566460049212
(422, 99295870000.0, 110628780000.0, 3.9322746e-05, 144, array([  1,  53, 144, 144,   1], dtype=int32))
Train Cost Diff = 0.017854456
TSC Score = 0.006300016989674342
(423, 97523000000.0, 108648186000.0, 3.862066e-05, 144, array([  1,  53, 144, 144,   1], dtype=int32))
Train Cost Diff = 0.003847601
TSC Score = 0.0063131697707759235
(424, 97898226000.0, 109070400000.0, 3.8769256e-05, 144, array([  1,  53, 144, 144,   1], dtype=int32))
Train Cost Diff = 0.010541145
TSC Score = 0.0062840965551791955
(425, 96866270000.0, 107936300000.0, 3.8360584e-05, 144, array([  1,  53, 144, 144,   1], dtype=int32))
Train Cost Diff = 0.0018707424
TSC Score = 0.006275167615186044
(426, 96685060000.0, 107723050000.0, 3.828882e-05, 144, array([  1,  53, 144, 144,   1], dtype=int32))
Train Cost Diff = 6.4609603e-06
TSC Score = 0.006275094111651621
(427, 96685690000.0, 107723040000.0, 3.828907e-05, 144, array([  1,  53, 144, 144,   1], dtype=int32))
Train Cost Diff = 0.0022800392
TSC Score = 0.006270620580108497
(428, 96465240000.0, 107486950000.0, 3.8201768e-05, 144, array([  1,  53, 144, 144,   1], dtype=int32))
Train Cost Diff = 0.0016690122
TSC Score = 0.0062625631611906265
(429, 96304234000.0, 107298090000.0, 3.813801e-05, 144, array([  1,  53, 144, 144,   1], dtype=int32))
Train Cost Diff = 0.0013594007
TSC Score = 0.006259789922080694
(430, 96173310000.0, 107156914000.0, 3.8086164e-05, 144, array([  1,  53, 144, 144,   1], dtype=int32))
Train Cost Diff = 0.009044569
TSC Score = 0.006288393039373242
(431, 97043170000.0, 108128480000.0, 3.8430637e-05, 144, array([  1,  53, 144, 144,   1], dtype=int32))
Train Cost Diff = 0.011472649
TSC Score = 0.0063191615108360724
(432, 98156510000.0, 109350300000.0, 3.8871538e-05, 144, array([  1,  53, 144, 144,   1], dtype=int32))
Train Cost Diff = 0.014628271
TSC Score = 0.006369100059884175
(433, 99592360000.0, 110964376000.0, 3.944016e-05, 144, array([  1,  53, 144, 144,   1], dtype=int32))
Train Cost Diff = 0.0125371395
TSC Score = 0.0064047419018133205
(434, 100840960000.0, 112340460000.0, 3.9934628e-05, 144, array([  1,  53, 144, 144,   1], dtype=int32))
Train Cost Diff = 0.009401441
TSC Score = 0.006435190305674132
(435, 101789030000.0, 113398470000.0, 4.031007e-05, 144, array([  1,  53, 144, 144,   1], dtype=int32))
Train Cost Diff = 0.0063699265
TSC Score = 0.0064542864445166995
(436, 102437410000.0, 114116090000.0, 4.0566843e-05, 144, array([  1,  53, 144, 144,   1], dtype=int32))
Train Cost Diff = 0.00658268
TSC Score = 0.006475954806972883
(437, 103111720000.0, 114867590000.0, 4.0833882e-05, 144, array([  1,  53, 144, 144,   1], dtype=int32))
Train Cost Diff = 0.007289699
TSC Score = 0.006495254103561182
(438, 103863370000.0, 115690260000.0, 4.113155e-05, 144, array([  1,  53, 144, 144,   1], dtype=int32))
Train Cost Diff = 0.00016177031
TSC Score = 0.006499259329639184
(439, 103880180000.0, 115721160000.0, 4.1138203e-05, 144, array([  1,  53, 144, 144,   1], dtype=int32))
Train Cost Diff = 0.019299552
TSC Score = 0.006433116872008613
(440, 101875340000.0, 113477130000.0, 4.0344254e-05, 144, array([  1,  53, 144, 144,   1], dtype=int32))
Train Cost Diff = 0.016208941
TSC Score = 0.006389454815454386
(441, 100224060000.0, 111668950000.0, 3.9690316e-05, 144, array([  1,  53, 144, 144,   1], dtype=int32))
Train Cost Diff = 0.0018207164
TSC Score = 0.006386813079263565
(442, 100406520000.0, 111841660000.0, 3.976258e-05, 144, array([  1,  53, 144, 144,   1], dtype=int32))
Train Cost Diff = 0.0010359698
TSC Score = 0.006392173959347083
(443, 100302500000.0, 111756680000.0, 3.9721388e-05, 144, array([  1,  53, 144, 144,   1], dtype=int32))
Train Cost Diff = 0.00566981
TSC Score = 0.006368059407553077
(444, 99733820000.0, 111101240000.0, 3.9496175e-05, 144, array([  1,  53, 144, 144,   1], dtype=int32))
Train Cost Diff = 0.011434584
TSC Score = 0.006407477009108448
(445, 100874220000.0, 112382755000.0, 3.9947798e-05, 144, array([  1,  53, 144, 144,   1], dtype=int32))
Train Cost Diff = 0.026549421
TSC Score = 0.006487497968659292
(446, 103552380000.0, 115350405000.0, 4.100839e-05, 144, array([  1,  53, 144, 144,   1], dtype=int32))
Train Cost Diff = 0.03716668
TSC Score = 0.006602416581326279
(447, 107401080000.0, 119621300000.0, 4.2532534e-05, 144, array([  1,  53, 144, 144,   1], dtype=int32))
Train Cost Diff = 0.030725703
TSC Score = 0.0067026613774806175
(448, 110701050000.0, 123294940000.0, 4.3839376e-05, 144, array([  1,  53, 144, 144,   1], dtype=int32))
Train Cost Diff = 0.007366182
TSC Score = 0.006720739755425452
(449, 111516490000.0, 124178970000.0, 4.4162305e-05, 144, array([  1,  53, 144, 144,   1], dtype=int32))
Train Cost Diff = 0.0064536156
TSC Score = 0.006704653652053865
(450, 110796810000.0, 123399420000.0, 4.38773e-05, 144, array([  1,  53, 144, 144,   1], dtype=int32))
Train Cost Diff = 0.0081948275
TSC Score = 0.00667369414245042
(451, 109888840000.0, 122376350000.0, 4.351773e-05, 144, array([  1,  53, 144, 144,   1], dtype=int32))
Train Cost Diff = 0.021180877
TSC Score = 0.006607706893190251
(452, 107561300000.0, 119801820000.0, 4.2595988e-05, 144, array([  1,  53, 144, 144,   1], dtype=int32))
Train Cost Diff = 0.019183092
TSC Score = 0.006544837616572241
(453, 105497950000.0, 117506966000.0, 4.1778865e-05, 144, array([  1,  53, 144, 144,   1], dtype=int32))
Train Cost Diff = 0.002290648
TSC Score = 0.006538552860667479
(454, 105256290000.0, 117242030000.0, 4.1683164e-05, 144, array([  1,  53, 144, 144,   1], dtype=int32))
Train Cost Diff = 0.023963802
TSC Score = 0.006462779912517668
(455, 102733940000.0, 114442486000.0, 4.0684277e-05, 144, array([  1,  53, 144, 144,   1], dtype=int32))
Train Cost Diff = 0.020474803
TSC Score = 0.006397738974490305
(456, 100630500000.0, 112103870000.0, 3.9851275e-05, 144, array([  1,  53, 144, 144,   1], dtype=int32))
Train Cost Diff = 0.0041238847
TSC Score = 0.006381255685598967
(457, 100215505000.0, 111630610000.0, 3.9686933e-05, 144, array([  1,  53, 144, 144,   1], dtype=int32))
Train Cost Diff = 0.013895696
TSC Score = 0.006343260766895223
(458, 98822940000.0, 110101860000.0, 3.9135455e-05, 144, array([  1,  53, 144, 144,   1], dtype=int32))
Train Cost Diff = 0.0064882343
TSC Score = 0.006321559292639384
(459, 98181760000.0, 109383450000.0, 3.8881535e-05, 144, array([  1,  53, 144, 144,   1], dtype=int32))
Train Cost Diff = 0.008536843
TSC Score = 0.006293605391741279
(460, 97343580000.0, 108447015000.0, 3.854961e-05, 144, array([  1,  53, 144, 144,   1], dtype=int32))
Train Cost Diff = 0.009824907
TSC Score = 0.006265897217147503
(461, 96387200000.0, 107393335000.0, 3.8170863e-05, 144, array([  1,  53, 144, 144,   1], dtype=int32))
Train Cost Diff = 0.0037719945
TSC Score = 0.006256145037436093
(462, 96023630000.0, 106994570000.0, 3.8026883e-05, 144, array([  1,  53, 144, 144,   1], dtype=int32))
Train Cost Diff = 0.008611513
TSC Score = 0.006226965281327825
(463, 95196725000.0, 106064930000.0, 3.7699414e-05, 144, array([  1,  53, 144, 144,   1], dtype=int32))
Train Cost Diff = 0.0031234995
TSC Score = 0.006220933193514511
(464, 94899370000.0, 105747190000.0, 3.758166e-05, 144, array([  1,  53, 144, 144,   1], dtype=int32))
Train Cost Diff = 0.004709416
TSC Score = 0.006205661402850874
(465, 94452440000.0, 105246800000.0, 3.7404672e-05, 144, array([  1,  53, 144, 144,   1], dtype=int32))
Train Cost Diff = 0.0019247757
TSC Score = 0.006200319487813415
(466, 94270660000.0, 105046930000.0, 3.7332677e-05, 144, array([  1,  53, 144, 144,   1], dtype=int32))
Train Cost Diff = 0.0030005083
TSC Score = 0.0062083468716460566
(467, 94553506000.0, 105357640000.0, 3.7444694e-05, 144, array([  1,  53, 144, 144,   1], dtype=int32))
Train Cost Diff = 0.00566789
TSC Score = 0.006226616334179709
(468, 95089420000.0, 105956870000.0, 3.7656926e-05, 144, array([  1,  53, 144, 144,   1], dtype=int32))
Train Cost Diff = 0.014651837
TSC Score = 0.006268651471344549
(469, 96482660000.0, 107497860000.0, 3.820867e-05, 144, array([  1,  53, 144, 144,   1], dtype=int32))
Train Cost Diff = 0.024260193
TSC Score = 0.006345045346608624
(470, 98823350000.0, 110109080000.0, 3.913562e-05, 144, array([  1,  53, 144, 144,   1], dtype=int32))
Train Cost Diff = 0.03516081
TSC Score = 0.006445716905014788
(471, 102298060000.0, 113944510000.0, 4.051166e-05, 144, array([  1,  53, 144, 144,   1], dtype=int32))
Train Cost Diff = 0.036238387
TSC Score = 0.006567502895597872
(472, 106005170000.0, 118097460000.0, 4.1979736e-05, 144, array([  1,  53, 144, 144,   1], dtype=int32))
Train Cost Diff = 9.1859976e-05
TSC Score = 0.006554303189450647
(473, 105995450000.0, 118038870000.0, 4.197588e-05, 144, array([  1,  53, 144, 144,   1], dtype=int32))
Train Cost Diff = 0.03248649
TSC Score = 0.006460224390237401
(474, 102552020000.0, 114251770000.0, 4.061223e-05, 144, array([  1,  53, 144, 144,   1], dtype=int32))
Train Cost Diff = 0.0032387967
TSC Score = 0.0064663864156481845
(475, 102884160000.0, 114606326000.0, 4.0743766e-05, 144, array([  1,  53, 144, 144,   1], dtype=int32))
Train Cost Diff = 0.056472838
TSC Score = 0.0066374847012724185
(476, 108694320000.0, 121045020000.0, 4.304468e-05, 144, array([  1,  53, 144, 144,   1], dtype=int32))
Train Cost Diff = 0.007061847
TSC Score = 0.006666247561836088
(477, 109461910000.0, 121920586000.0, 4.3348657e-05, 144, array([  1,  53, 144, 144,   1], dtype=int32))
Train Cost Diff = 0.05011679
TSC Score = 0.006498847427958926
(478, 103976020000.0, 115816180000.0, 4.117616e-05, 144, array([  1,  53, 144, 144,   1], dtype=int32))
Train Cost Diff = 0.033466518
TSC Score = 0.006393498685872818
(479, 100496300000.0, 111955880000.0, 3.979814e-05, 144, array([  1,  53, 144, 144,   1], dtype=int32))
Train Cost Diff = 0.014179
TSC Score = 0.006351365668340138
(480, 99071380000.0, 110379880000.0, 3.923384e-05, 144, array([  1,  53, 144, 144,   1], dtype=int32))
Train Cost Diff = 0.0046228315
TSC Score = 0.006335050287693328
(481, 98613395000.0, 109863550000.0, 3.905247e-05, 144, array([  1,  53, 144, 144,   1], dtype=int32))
Train Cost Diff = 0.0016953493
TSC Score = 0.006331278211648632
(482, 98446200000.0, 109683155000.0, 3.898626e-05, 144, array([  1,  53, 144, 144,   1], dtype=int32))
Train Cost Diff = 0.013764524
TSC Score = 0.006288701433978629
(483, 97091140000.0, 108176876000.0, 3.8449634e-05, 144, array([  1,  53, 144, 144,   1], dtype=int32))
Train Cost Diff = 0.007153025
TSC Score = 0.006265464838405937
(484, 96396640000.0, 107401190000.0, 3.8174603e-05, 144, array([  1,  53, 144, 144,   1], dtype=int32))
Train Cost Diff = 0.0003162954
TSC Score = 0.00626642388023073
(485, 96366160000.0, 107373910000.0, 3.816253e-05, 144, array([  1,  53, 144, 144,   1], dtype=int32))
Train Cost Diff = 0.009514458
TSC Score = 0.006236295623754329
(486, 95449285000.0, 106350970000.0, 3.7799433e-05, 144, array([  1,  53, 144, 144,   1], dtype=int32))
Train Cost Diff = 0.0036936626
TSC Score = 0.00622436618711815
(487, 95096726000.0, 105957030000.0, 3.7659815e-05, 144, array([  1,  53, 144, 144,   1], dtype=int32))
Train Cost Diff = 0.003778165
TSC Score = 0.006239671910213834
(488, 95456020000.0, 106370064000.0, 3.78021e-05, 144, array([  1,  53, 144, 144,   1], dtype=int32))
Train Cost Diff = 0.0057461476
TSC Score = 0.006218353409907559
(489, 94907515000.0, 105746940000.0, 3.7584883e-05, 144, array([  1,  53, 144, 144,   1], dtype=int32))
Train Cost Diff = 0.0037550137
TSC Score = 0.006209860221876697
(490, 94551140000.0, 105360835000.0, 3.744375e-05, 144, array([  1,  53, 144, 144,   1], dtype=int32))
Train Cost Diff = 0.0016221583
TSC Score = 0.006213959601158388
(491, 94704520000.0, 105529010000.0, 3.750449e-05, 144, array([  1,  53, 144, 144,   1], dtype=int32))
Train Cost Diff = 0.0057535265
TSC Score = 0.006196537948075287
(492, 94159620000.0, 104923560000.0, 3.7288708e-05, 144, array([  1,  53, 144, 144,   1], dtype=int32))
Train Cost Diff = 0.00334171
TSC Score = 0.006205680811950347
(493, 94474270000.0, 105269990000.0, 3.7413316e-05, 144, array([  1,  53, 144, 144,   1], dtype=int32))
Train Cost Diff = 0.013446202
TSC Score = 0.006246283289152996
(494, 95744600000.0, 106682300000.0, 3.7916383e-05, 144, array([  1,  53, 144, 144,   1], dtype=int32))
Train Cost Diff = 0.016213099
TSC Score = 0.006295773576948491
(495, 97296910000.0, 108408460000.0, 3.8531125e-05, 144, array([  1,  53, 144, 144,   1], dtype=int32))
Train Cost Diff = 0.02030694
TSC Score = 0.0063555878334923205
(496, 99272710000.0, 110596980000.0, 3.9313574e-05, 144, array([  1,  53, 144, 144,   1], dtype=int32))
Train Cost Diff = 0.020516668
TSC Score = 0.0064202343023470505
(497, 101309465000.0, 112864580000.0, 4.0120158e-05, 144, array([  1,  53, 144, 144,   1], dtype=int32))
Train Cost Diff = 0.025718287
TSC Score = 0.0065005711686841215
(498, 103914960000.0, 115760595000.0, 4.115198e-05, 144, array([  1,  53, 144, 144,   1], dtype=int32))
Train Cost Diff = 0.025012974
TSC Score = 0.006575005910941119
(499, 106514190000.0, 118632325000.0, 4.2181313e-05, 144, array([  1,  53, 144, 144,   1], dtype=int32))
SSIM Index = 0.9990265748444237
