Subject Path: /work/pl/sch/analysis/data/COBRE001/swaAMAYER+cobre01_63001+M87100944+20110309at135133+RSTpre_V01_R01+CM.nii
(0, 12295914000000.0, 14073330000000.0, 0.004869377, 144, array([  1,  53, 144, 144,   1], dtype=int32))
(1, 12368832000000.0, 13887388000000.0, 0.0048982534, 144, array([  1,  53, 144, 144,   1], dtype=int32))
Train Cost Diff = 0.6350143
TSC Score = 0.044323650633889336
(2, 4514446000000.0, 5065385000000.0, 0.0017877925, 144, array([  1,  53, 144, 144,   1], dtype=int32))
Train Cost Diff = 0.09559452
TSC Score = 0.044191615367284394
(3, 4946002400000.0, 5493684700000.0, 0.0019586957, 144, array([  1,  53, 144, 144,   1], dtype=int32))
Train Cost Diff = 0.15725464
TSC Score = 0.04659068807544939
(4, 5723785300000.0, 6332528000000.0, 0.0022667097, 144, array([  1,  53, 144, 144,   1], dtype=int32))
Train Cost Diff = 0.13674076
TSC Score = 0.042850724101803336
(5, 4941110000000.0, 5456034500000.0, 0.001956758, 144, array([  1,  53, 144, 144,   1], dtype=int32))
Train Cost Diff = 0.20521568
TSC Score = 0.03808645941231623
(6, 3927117000000.0, 4333946000000.0, 0.0015552007, 144, array([  1,  53, 144, 144,   1], dtype=int32))
Train Cost Diff = 0.16120282
TSC Score = 0.03514806343969794
(7, 3294054600000.0, 3640481800000.0, 0.001304498, 144, array([  1,  53, 144, 144,   1], dtype=int32))
Train Cost Diff = 0.08708067
TSC Score = 0.03410910411245736
(8, 3007205900000.0, 3333527200000.0, 0.0011909014, 144, array([  1,  53, 144, 144,   1], dtype=int32))
Train Cost Diff = 0.053057525
TSC Score = 0.03376823054933356
(9, 2847651000000.0, 3167451300000.0, 0.0011277151, 144, array([  1,  53, 144, 144,   1], dtype=int32))
Train Cost Diff = 0.06767958
TSC Score = 0.03314532223834201
(10, 2654923400000.0, 2963037000000.0, 0.0010513918, 144, array([  1,  53, 144, 144,   1], dtype=int32))
Train Cost Diff = 0.09236915
TSC Score = 0.03206913107081538
(11, 2409690000000.0, 2698106000000.0, 0.00095427566, 144, array([  1,  53, 144, 144,   1], dtype=int32))
Train Cost Diff = 0.09877585
TSC Score = 0.030847131819492047
(12, 2171671000000.0, 2438555800000.0, 0.00086001627, 144, array([  1,  53, 144, 144,   1], dtype=int32))
Train Cost Diff = 0.09502884
TSC Score = 0.029607816354162573
(13, 1965299500000.0, 2211167300000.0, 0.0007782899, 144, array([  1,  53, 144, 144,   1], dtype=int32))
Train Cost Diff = 0.09818645
TSC Score = 0.028228094602861124
(14, 1772333800000.0, 1995817000000.0, 0.0007018724, 144, array([  1,  53, 144, 144,   1], dtype=int32))
Train Cost Diff = 0.10149505
TSC Score = 0.026717831305468318
(15, 1592450700000.0, 1792648800000.0, 0.0006306358, 144, array([  1,  53, 144, 144,   1], dtype=int32))
Train Cost Diff = 0.094036676
TSC Score = 0.02524817282714563
(16, 1442702200000.0, 1621510600000.0, 0.00057133293, 144, array([  1,  53, 144, 144,   1], dtype=int32))
Train Cost Diff = 0.07868146
TSC Score = 0.023954720303224226
(17, 1329188200000.0, 1490124300000.0, 0.0005263796, 144, array([  1,  53, 144, 144,   1], dtype=int32))
Train Cost Diff = 0.061669003
TSC Score = 0.022902805760212506
(18, 1247218500000.0, 1394320100000.0, 0.0004939183, 144, array([  1,  53, 144, 144,   1], dtype=int32))
Train Cost Diff = 0.05092416
TSC Score = 0.022061658791099004
(19, 1183704800000.0, 1320194700000.0, 0.00046876594, 144, array([  1,  53, 144, 144,   1], dtype=int32))
Train Cost Diff = 0.05558267
TSC Score = 0.021283003139607005
(20, 1117911400000.0, 1244926400000.0, 0.00044271068, 144, array([  1,  53, 144, 144,   1], dtype=int32))
Train Cost Diff = 0.071002826
TSC Score = 0.02045667798448458
(21, 1038536540000.0, 1155895100000.0, 0.00041127697, 144, array([  1,  53, 144, 144,   1], dtype=int32))
Train Cost Diff = 0.08246023
TSC Score = 0.019625294448784632
(22, 952898600000.0, 1060922850000.0, 0.00037736297, 144, array([  1,  53, 144, 144,   1], dtype=int32))
Train Cost Diff = 0.08277597
TSC Score = 0.01889167756264052
(23, 874021450000.0, 974103800000.0, 0.00034612638, 144, array([  1,  53, 144, 144,   1], dtype=int32))
Train Cost Diff = 0.072678104
TSC Score = 0.01832571968896054
(24, 810499200000.0, 904679200000.0, 0.00032097058, 144, array([  1,  53, 144, 144,   1], dtype=int32))
Train Cost Diff = 0.055307515
TSC Score = 0.017945120976353347
(25, 765672550000.0, 855987450000.0, 0.0003032185, 144, array([  1,  53, 144, 144,   1], dtype=int32))
Train Cost Diff = 0.040183008
TSC Score = 0.017679946413892346
(26, 734905430000.0, 822574450000.0, 0.00029103426, 144, array([  1,  53, 144, 144,   1], dtype=int32))
Train Cost Diff = 0.037289117
TSC Score = 0.017396141063087144
(27, 707501560000.0, 792376440000.0, 0.00028018185, 144, array([  1,  53, 144, 144,   1], dtype=int32))
Train Cost Diff = 0.04573991
TSC Score = 0.016993509875757564
(28, 675140500000.0, 756125400000.0, 0.00026736635, 144, array([  1,  53, 144, 144,   1], dtype=int32))
Train Cost Diff = 0.056656852
TSC Score = 0.016463189902393618
(29, 636889200000.0, 712900900000.0, 0.00025221822, 144, array([  1,  53, 144, 144,   1], dtype=int32))
Train Cost Diff = 0.06063256
TSC Score = 0.015882960091440024
(30, 598272970000.0, 669024600000.0, 0.00023692558, 144, array([  1,  53, 144, 144,   1], dtype=int32))
Train Cost Diff = 0.053724736
TSC Score = 0.015360985510118882
(31, 566130840000.0, 632301360000.0, 0.00022419682, 144, array([  1,  53, 144, 144,   1], dtype=int32))
Train Cost Diff = 0.043675512
TSC Score = 0.014936293831274674
(32, 541404820000.0, 603962540000.0, 0.0002144049, 144, array([  1,  53, 144, 144,   1], dtype=int32))
Train Cost Diff = 0.040649343
TSC Score = 0.01456505327421592
(33, 519397080000.0, 578889650000.0, 0.00020568949, 144, array([  1,  53, 144, 144,   1], dtype=int32))
Train Cost Diff = 0.04113146
TSC Score = 0.014227599808988392
(34, 498033500000.0, 554803300000.0, 0.00019722918, 144, array([  1,  53, 144, 144,   1], dtype=int32))
Train Cost Diff = 0.03929351
TSC Score = 0.013943039747555487
(35, 478464020000.0, 532986860000.0, 0.00018947935, 144, array([  1,  53, 144, 144,   1], dtype=int32))
Train Cost Diff = 0.038589127
TSC Score = 0.013699285822464475
(36, 460000460000.0, 512635760000.0, 0.00018216751, 144, array([  1,  53, 144, 144,   1], dtype=int32))
Train Cost Diff = 0.038208626
TSC Score = 0.013483182509395463
(37, 442424500000.0, 493409440000.0, 0.00017520714, 144, array([  1,  53, 144, 144,   1], dtype=int32))
Train Cost Diff = 0.033612974
TSC Score = 0.01330692713461367
(38, 427553330000.0, 477214670000.0, 0.00016931791, 144, array([  1,  53, 144, 144,   1], dtype=int32))
Train Cost Diff = 0.029272728
TSC Score = 0.013152132574665909
(39, 415037650000.0, 463551170000.0, 0.00016436151, 144, array([  1,  53, 144, 144,   1], dtype=int32))
Train Cost Diff = 0.029115338
TSC Score = 0.012981742560087278
(40, 402953700000.0, 450220700000.0, 0.00015957607, 144, array([  1,  53, 144, 144,   1], dtype=int32))
Train Cost Diff = 0.030340824
TSC Score = 0.01278573335658128
(41, 390727700000.0, 436576600000.0, 0.0001547344, 144, array([  1,  53, 144, 144,   1], dtype=int32))
Train Cost Diff = 0.030840475
TSC Score = 0.012573188732252789
(42, 378677530000.0, 423013970000.0, 0.00014996232, 144, array([  1,  53, 144, 144,   1], dtype=int32))
Train Cost Diff = 0.029837951
TSC Score = 0.012359941860019048
(43, 367378560000.0, 410222500000.0, 0.00014548775, 144, array([  1,  53, 144, 144,   1], dtype=int32))
Train Cost Diff = 0.027859712
TSC Score = 0.012157380434139858
(44, 357143500000.0, 398592700000.0, 0.0001414345, 144, array([  1,  53, 144, 144,   1], dtype=int32))
Train Cost Diff = 0.025761925
TSC Score = 0.011971427437288348
(45, 347942780000.0, 388132240000.0, 0.00013779088, 144, array([  1,  53, 144, 144,   1], dtype=int32))
Train Cost Diff = 0.022803875
TSC Score = 0.011811226677923382
(46, 340008370000.0, 379129530000.0, 0.00013464871, 144, array([  1,  53, 144, 144,   1], dtype=int32))
Train Cost Diff = 0.020895734
TSC Score = 0.011673090844654684
(47, 332903600000.0, 371113260000.0, 0.00013183513, 144, array([  1,  53, 144, 144,   1], dtype=int32))
Train Cost Diff = 0.021145098
TSC Score = 0.011544465516589315
(48, 325864330000.0, 363235440000.0, 0.00012904746, 144, array([  1,  53, 144, 144,   1], dtype=int32))
Train Cost Diff = 0.021099621
TSC Score = 0.011424486298618091
(49, 318988700000.0, 355584480000.0, 0.00012632461, 144, array([  1,  53, 144, 144,   1], dtype=int32))
Train Cost Diff = 0.020619951
TSC Score = 0.011311831273783867
(50, 312411160000.0, 348284400000.0, 0.0001237198, 144, array([  1,  53, 144, 144,   1], dtype=int32))
Train Cost Diff = 0.020306434
TSC Score = 0.011202713652834317
(51, 306067240000.0, 341249920000.0, 0.00012120749, 144, array([  1,  53, 144, 144,   1], dtype=int32))
Train Cost Diff = 0.01912156
TSC Score = 0.011100451466797868
(52, 300214750000.0, 334754100000.0, 0.00011888982, 144, array([  1,  53, 144, 144,   1], dtype=int32))
Train Cost Diff = 0.017666364
TSC Score = 0.011005425013826023
(53, 294911020000.0, 328860570000.0, 0.000116789466, 144, array([  1,  53, 144, 144,   1], dtype=int32))
Train Cost Diff = 0.016665813
TSC Score = 0.010914367111393115
(54, 289996100000.0, 323389200000.0, 0.000114843075, 144, array([  1,  53, 144, 144,   1], dtype=int32))
Train Cost Diff = 0.016204474
TSC Score = 0.010824399118983401
(55, 285296900000.0, 318143530000.0, 0.0001129821, 144, array([  1,  53, 144, 144,   1], dtype=int32))
Train Cost Diff = 0.016200973
TSC Score = 0.010733306457758426
(56, 280674830000.0, 312970870000.0, 0.00011115168, 144, array([  1,  53, 144, 144,   1], dtype=int32))
Train Cost Diff = 0.015784957
TSC Score = 0.010643716642789595
(57, 276244370000.0, 308004200000.0, 0.00010939716, 144, array([  1,  53, 144, 144,   1], dtype=int32))
Train Cost Diff = 0.014832099
TSC Score = 0.010559412892008702
(58, 272147090000.0, 303405100000.0, 0.00010777457, 144, array([  1,  53, 144, 144,   1], dtype=int32))
Train Cost Diff = 0.013834872
TSC Score = 0.010481635920607477
(59, 268381960000.0, 299182880000.0, 0.00010628352, 144, array([  1,  53, 144, 144,   1], dtype=int32))
Train Cost Diff = 0.013345203
TSC Score = 0.010408181074080832
(60, 264800320000.0, 295172670000.0, 0.00010486515, 144, array([  1,  53, 144, 144,   1], dtype=int32))
Train Cost Diff = 0.013813927
TSC Score = 0.010333679788026854
(61, 261142400000.0, 291081260000.0, 0.00010341655, 144, array([  1,  53, 144, 144,   1], dtype=int32))
Train Cost Diff = 0.014043658
TSC Score = 0.010258683655337586
(62, 257475040000.0, 286980280000.0, 0.0001019642, 144, array([  1,  53, 144, 144,   1], dtype=int32))
Train Cost Diff = 0.013195443
TSC Score = 0.010188315361562637
(63, 254077530000.0, 283179800000.0, 0.00010061874, 144, array([  1,  53, 144, 144,   1], dtype=int32))
Train Cost Diff = 0.012089869
TSC Score = 0.010123746498155714
(64, 251005730000.0, 279739500000.0, 9.940227e-05, 144, array([  1,  53, 144, 144,   1], dtype=int32))
Train Cost Diff = 0.011240952
TSC Score = 0.010064074939797147
(65, 248184200000.0, 276579700000.0, 9.8284894e-05, 144, array([  1,  53, 144, 144,   1], dtype=int32))
Train Cost Diff = 0.010801091
TSC Score = 0.010007841164402242
(66, 245503540000.0, 273582750000.0, 9.722331e-05, 144, array([  1,  53, 144, 144,   1], dtype=int32))
Train Cost Diff = 0.010873826
TSC Score = 0.009952524274922995
(67, 242834000000.0, 270605930000.0, 9.616612e-05, 144, array([  1,  53, 144, 144,   1], dtype=int32))
Train Cost Diff = 0.011157397
TSC Score = 0.009896687246743545
(68, 240124600000.0, 267586370000.0, 9.509316e-05, 144, array([  1,  53, 144, 144,   1], dtype=int32))
Train Cost Diff = 0.011229195
TSC Score = 0.009840866758983671
(69, 237428200000.0, 264580810000.0, 9.402534e-05, 144, array([  1,  53, 144, 144,   1], dtype=int32))
Train Cost Diff = 0.010806683
TSC Score = 0.009787097423713849
(70, 234862380000.0, 261720180000.0, 9.3009236e-05, 144, array([  1,  53, 144, 144,   1], dtype=int32))
Train Cost Diff = 0.0100775305
TSC Score = 0.009736571998187137
(71, 232495550000.0, 259075700000.0, 9.207193e-05, 144, array([  1,  53, 144, 144,   1], dtype=int32))
Train Cost Diff = 0.009399199
TSC Score = 0.009689025867544063
(72, 230310280000.0, 256632550000.0, 9.120653e-05, 144, array([  1,  53, 144, 144,   1], dtype=int32))
Train Cost Diff = 0.0090646995
TSC Score = 0.009643185688828514
(73, 228222600000.0, 254296340000.0, 9.037977e-05, 144, array([  1,  53, 144, 144,   1], dtype=int32))
Train Cost Diff = 0.009186423
TSC Score = 0.009597332583231916
(74, 226126000000.0, 251952680000.0, 8.95495e-05, 144, array([  1,  53, 144, 144,   1], dtype=int32))
Train Cost Diff = 0.009181489
TSC Score = 0.00955219243656614
(75, 224049840000.0, 249635500000.0, 8.8727305e-05, 144, array([  1,  53, 144, 144,   1], dtype=int32))
Train Cost Diff = 0.008808415
TSC Score = 0.009509235678147251
(76, 222076340000.0, 247432540000.0, 8.794576e-05, 144, array([  1,  53, 144, 144,   1], dtype=int32))
Train Cost Diff = 0.008585962
TSC Score = 0.009467315265159948
(77, 220169570000.0, 245303310000.0, 8.719066e-05, 144, array([  1,  53, 144, 144,   1], dtype=int32))
Train Cost Diff = 0.008402378
TSC Score = 0.009426053028779139
(78, 218319630000.0, 243234950000.0, 8.645805e-05, 144, array([  1,  53, 144, 144,   1], dtype=int32))
Train Cost Diff = 0.00813367
TSC Score = 0.009386020609130435
(79, 216543900000.0, 241249010000.0, 8.575483e-05, 144, array([  1,  53, 144, 144,   1], dtype=int32))
Train Cost Diff = 0.007966958
TSC Score = 0.009346835288448945
(80, 214818700000.0, 239318700000.0, 8.5071624e-05, 144, array([  1,  53, 144, 144,   1], dtype=int32))
Train Cost Diff = 0.007843892
TSC Score = 0.009308527466284546
(81, 213133700000.0, 237433770000.0, 8.440433e-05, 144, array([  1,  53, 144, 144,   1], dtype=int32))
Train Cost Diff = 0.007697551
TSC Score = 0.0092713328891991
(82, 211493100000.0, 235600120000.0, 8.3754625e-05, 144, array([  1,  53, 144, 144,   1], dtype=int32))
Train Cost Diff = 0.007474754
TSC Score = 0.00923563877511118
(83, 209912230000.0, 233833820000.0, 8.312858e-05, 144, array([  1,  53, 144, 144,   1], dtype=int32))
Train Cost Diff = 0.0073057534
TSC Score = 0.009201028757051168
(84, 208378660000.0, 232121340000.0, 8.252126e-05, 144, array([  1,  53, 144, 144,   1], dtype=int32))
Train Cost Diff = 0.007224972
TSC Score = 0.009166908198600795
(85, 206873130000.0, 230440200000.0, 8.192505e-05, 144, array([  1,  53, 144, 144,   1], dtype=int32))
Train Cost Diff = 0.0070652016
TSC Score = 0.009133755933514655
(86, 205411550000.0, 228808400000.0, 8.134623e-05, 144, array([  1,  53, 144, 144,   1], dtype=int32))
Train Cost Diff = 0.0068476773
TSC Score = 0.009101807812046305
(87, 204004930000.0, 227238120000.0, 8.07892e-05, 144, array([  1,  53, 144, 144,   1], dtype=int32))
Train Cost Diff = 0.0067824954
TSC Score = 0.009070536659592362
(88, 202621260000.0, 225694710000.0, 8.024125e-05, 144, array([  1,  53, 144, 144,   1], dtype=int32))
Train Cost Diff = 0.006777489
TSC Score = 0.009039406177944178
(89, 201248030000.0, 224163140000.0, 7.969741e-05, 144, array([  1,  53, 144, 144,   1], dtype=int32))
Train Cost Diff = 0.0065553305
TSC Score = 0.009009398473130226
(90, 199928740000.0, 222691520000.0, 7.917497e-05, 144, array([  1,  53, 144, 144,   1], dtype=int32))
Train Cost Diff = 0.0063880496
TSC Score = 0.008979737942779674
(91, 198651610000.0, 221264580000.0, 7.8669196e-05, 144, array([  1,  53, 144, 144,   1], dtype=int32))
Train Cost Diff = 0.00634625
TSC Score = 0.008950495792132546
(92, 197390940000.0, 219855930000.0, 7.816994e-05, 144, array([  1,  53, 144, 144,   1], dtype=int32))
Train Cost Diff = 0.0062971474
TSC Score = 0.008921073311676294
(93, 196147940000.0, 218465080000.0, 7.7677694e-05, 144, array([  1,  53, 144, 144,   1], dtype=int32))
Train Cost Diff = 0.006228678
TSC Score = 0.008892365128926136
(94, 194926150000.0, 217099400000.0, 7.7193865e-05, 144, array([  1,  53, 144, 144,   1], dtype=int32))
Train Cost Diff = 0.006083542
TSC Score = 0.008864394686345324
(95, 193740340000.0, 215774300000.0, 7.672425e-05, 144, array([  1,  53, 144, 144,   1], dtype=int32))
Train Cost Diff = 0.0059303544
TSC Score = 0.008837233242209573
(96, 192591380000.0, 214489500000.0, 7.626925e-05, 144, array([  1,  53, 144, 144,   1], dtype=int32))
Train Cost Diff = 0.0059052506
TSC Score = 0.008810801327083395
(97, 191454090000.0, 213222360000.0, 7.581886e-05, 144, array([  1,  53, 144, 144,   1], dtype=int32))
Train Cost Diff = 0.005874306
TSC Score = 0.008784549363239755
(98, 190329440000.0, 211967850000.0, 7.537348e-05, 144, array([  1,  53, 144, 144,   1], dtype=int32))
Train Cost Diff = 0.0057315915
TSC Score = 0.0087592221171423
(99, 189238510000.0, 210752780000.0, 7.494147e-05, 144, array([  1,  53, 144, 144,   1], dtype=int32))
Train Cost Diff = 0.005623271
TSC Score = 0.008734613972275429
(100, 188174400000.0, 209568000000.0, 7.452005e-05, 144, array([  1,  53, 144, 144,   1], dtype=int32))
Train Cost Diff = 0.005615137
TSC Score = 0.00870980128549387
(101, 187117760000.0, 208390290000.0, 7.410161e-05, 144, array([  1,  53, 144, 144,   1], dtype=int32))
Train Cost Diff = 0.0055362843
TSC Score = 0.008685351925273421
(102, 186081850000.0, 207235430000.0, 7.3691364e-05, 144, array([  1,  53, 144, 144,   1], dtype=int32))
Train Cost Diff = 0.005411597
TSC Score = 0.00866144670683227
(103, 185074830000.0, 206112490000.0, 7.329258e-05, 144, array([  1,  53, 144, 144,   1], dtype=int32))
Train Cost Diff = 0.0053558657
TSC Score = 0.008637487712472304
(104, 184083580000.0, 205006100000.0, 7.290003e-05, 144, array([  1,  53, 144, 144,   1], dtype=int32))
Train Cost Diff = 0.005325819
TSC Score = 0.008613892710310121
(105, 183103200000.0, 203911740000.0, 7.251178e-05, 144, array([  1,  53, 144, 144,   1], dtype=int32))
Train Cost Diff = 0.005232019
TSC Score = 0.00859082880633886
(106, 182145220000.0, 202842420000.0, 7.2132396e-05, 144, array([  1,  53, 144, 144,   1], dtype=int32))
Train Cost Diff = 0.0051522115
TSC Score = 0.008568201598258642
(107, 181206730000.0, 201795270000.0, 7.1760755e-05, 144, array([  1,  53, 144, 144,   1], dtype=int32))
Train Cost Diff = 0.00510062
TSC Score = 0.008546209701927857
(108, 180282490000.0, 200765870000.0, 7.139473e-05, 144, array([  1,  53, 144, 144,   1], dtype=int32))
Train Cost Diff = 0.0050008064
TSC Score = 0.008524519377168392
(109, 179380910000.0, 199760220000.0, 7.10377e-05, 144, array([  1,  53, 144, 144,   1], dtype=int32))
Train Cost Diff = 0.0049224924
TSC Score = 0.00850324321142504
(110, 178497930000.0, 198775820000.0, 7.068802e-05, 144, array([  1,  53, 144, 144,   1], dtype=int32))
Train Cost Diff = 0.0048681013
TSC Score = 0.00848218202384538
(111, 177628990000.0, 197805700000.0, 7.03439e-05, 144, array([  1,  53, 144, 144,   1], dtype=int32))
Train Cost Diff = 0.00479386
TSC Score = 0.00846148283430891
(112, 176777450000.0, 196854610000.0, 7.000668e-05, 144, array([  1,  53, 144, 144,   1], dtype=int32))
Train Cost Diff = 0.004672486
TSC Score = 0.008441244945297872
(113, 175951460000.0, 195932700000.0, 6.9679576e-05, 144, array([  1,  53, 144, 144,   1], dtype=int32))
Train Cost Diff = 0.0045642084
TSC Score = 0.008421865769161834
(114, 175148400000.0, 195036280000.0, 6.9361544e-05, 144, array([  1,  53, 144, 144,   1], dtype=int32))
Train Cost Diff = 0.00451349
TSC Score = 0.008402328733629099
(115, 174357840000.0, 194152280000.0, 6.904848e-05, 144, array([  1,  53, 144, 144,   1], dtype=int32))
Train Cost Diff = 0.0045099286
TSC Score = 0.008383367494835203
(116, 173571500000.0, 193275000000.0, 6.873708e-05, 144, array([  1,  53, 144, 144,   1], dtype=int32))
Train Cost Diff = 0.004447372
TSC Score = 0.008364280477385837
(117, 172799570000.0, 192411530000.0, 6.843138e-05, 144, array([  1,  53, 144, 144,   1], dtype=int32))
Train Cost Diff = 0.0044173733
TSC Score = 0.008345644416079172
(118, 172036260000.0, 191560170000.0, 6.812909e-05, 144, array([  1,  53, 144, 144,   1], dtype=int32))
Train Cost Diff = 0.0043768464
TSC Score = 0.008327174865899076
(119, 171283300000.0, 190720100000.0, 6.78309e-05, 144, array([  1,  53, 144, 144,   1], dtype=int32))
Train Cost Diff = 0.004202365
TSC Score = 0.008309256196430522
(120, 170563490000.0, 189915870000.0, 6.754585e-05, 144, array([  1,  53, 144, 144,   1], dtype=int32))
Train Cost Diff = 0.0040724166
TSC Score = 0.0082921968566169
(121, 169868870000.0, 189141780000.0, 6.7270776e-05, 144, array([  1,  53, 144, 144,   1], dtype=int32))
Train Cost Diff = 0.0040369364
TSC Score = 0.008275108508698299
(122, 169183120000.0, 188376610000.0, 6.699921e-05, 144, array([  1,  53, 144, 144,   1], dtype=int32))
Train Cost Diff = 0.0039719595
TSC Score = 0.008258329340672013
(123, 168511130000.0, 187626620000.0, 6.673309e-05, 144, array([  1,  53, 144, 144,   1], dtype=int32))
Train Cost Diff = 0.0040804753
TSC Score = 0.008241193715811312
(124, 167823540000.0, 186859750000.0, 6.646079e-05, 144, array([  1,  53, 144, 144,   1], dtype=int32))
Train Cost Diff = 0.0040871217
TSC Score = 0.008224086359151412
(125, 167137600000.0, 186096220000.0, 6.618915e-05, 144, array([  1,  53, 144, 144,   1], dtype=int32))
Train Cost Diff = 0.0037689481
TSC Score = 0.00820827371021964
(126, 166507680000.0, 185394250000.0, 6.593969e-05, 144, array([  1,  53, 144, 144,   1], dtype=int32))
Train Cost Diff = 0.0037522004
TSC Score = 0.008192779598763567
(127, 165882920000.0, 184698980000.0, 6.569227e-05, 144, array([  1,  53, 144, 144,   1], dtype=int32))
Train Cost Diff = 0.0038393221
TSC Score = 0.008176878752500283
(128, 165246030000.0, 183990290000.0, 6.544006e-05, 144, array([  1,  53, 144, 144,   1], dtype=int32))
Train Cost Diff = 0.003639421
TSC Score = 0.008161773083502657
(129, 164644630000.0, 183320800000.0, 6.520189e-05, 144, array([  1,  53, 144, 144,   1], dtype=int32))
Train Cost Diff = 0.0036221389
TSC Score = 0.008146920093699373
(130, 164048270000.0, 182657470000.0, 6.496572e-05, 144, array([  1,  53, 144, 144,   1], dtype=int32))
Train Cost Diff = 0.0036229868
TSC Score = 0.008131901222643016
(131, 163453930000.0, 181996400000.0, 6.473035e-05, 144, array([  1,  53, 144, 144,   1], dtype=int32))
Train Cost Diff = 0.0034430502
TSC Score = 0.008117650148135817
(132, 162891170000.0, 181369290000.0, 6.450748e-05, 144, array([  1,  53, 144, 144,   1], dtype=int32))
Train Cost Diff = 0.0034897986
TSC Score = 0.008103401358368602
(133, 162322710000.0, 180736740000.0, 6.4282365e-05, 144, array([  1,  53, 144, 144,   1], dtype=int32))
Train Cost Diff = 0.0034671582
TSC Score = 0.008089077523763293
(134, 161759890000.0, 180109640000.0, 6.405949e-05, 144, array([  1,  53, 144, 144,   1], dtype=int32))
Train Cost Diff = 0.0032828392
TSC Score = 0.008075595110935276
(135, 161228870000.0, 179517150000.0, 6.384919e-05, 144, array([  1,  53, 144, 144,   1], dtype=int32))
Train Cost Diff = 0.003331257
TSC Score = 0.008062091136238183
(136, 160691770000.0, 178918420000.0, 6.363649e-05, 144, array([  1,  53, 144, 144,   1], dtype=int32))
Train Cost Diff = 0.0033195242
TSC Score = 0.008048478661083422
(137, 160158330000.0, 178323820000.0, 6.342525e-05, 144, array([  1,  53, 144, 144,   1], dtype=int32))
Train Cost Diff = 0.0031651582
TSC Score = 0.008035605304771825
(138, 159651410000.0, 177758910000.0, 6.32245e-05, 144, array([  1,  53, 144, 144,   1], dtype=int32))
Train Cost Diff = 0.003177625
TSC Score = 0.008022778831566735
(139, 159144100000.0, 177193550000.0, 6.3023595e-05, 144, array([  1,  53, 144, 144,   1], dtype=int32))
Train Cost Diff = 0.0031660502
TSC Score = 0.008009853678118071
(140, 158640260000.0, 176631560000.0, 6.282406e-05, 144, array([  1,  53, 144, 144,   1], dtype=int32))
Train Cost Diff = 0.0030583222
TSC Score = 0.00799746605930021
(141, 158155060000.0, 176090890000.0, 6.263192e-05, 144, array([  1,  53, 144, 144,   1], dtype=int32))
Train Cost Diff = 0.0030399396
TSC Score = 0.007985234679290364
(142, 157674300000.0, 175555310000.0, 6.2441526e-05, 144, array([  1,  53, 144, 144,   1], dtype=int32))
Train Cost Diff = 0.0030141352
TSC Score = 0.007972967230678333
(143, 157199040000.0, 175024870000.0, 6.225332e-05, 144, array([  1,  53, 144, 144,   1], dtype=int32))
Train Cost Diff = 0.002953823
TSC Score = 0.007961103549873278
(144, 156734700000.0, 174507600000.0, 6.206943e-05, 144, array([  1,  53, 144, 144,   1], dtype=int32))
Train Cost Diff = 0.0029234213
TSC Score = 0.0079494350810996
(145, 156276470000.0, 173997160000.0, 6.188798e-05, 144, array([  1,  53, 144, 144,   1], dtype=int32))
Train Cost Diff = 0.002883908
TSC Score = 0.007937768488393166
(146, 155825820000.0, 173494400000.0, 6.17095e-05, 144, array([  1,  53, 144, 144,   1], dtype=int32))
Train Cost Diff = 0.0028457937
TSC Score = 0.00792646964601643
(147, 155382370000.0, 173000560000.0, 6.153389e-05, 144, array([  1,  53, 144, 144,   1], dtype=int32))
Train Cost Diff = 0.0028125304
TSC Score = 0.007915246137826246
(148, 154945320000.0, 172513770000.0, 6.136082e-05, 144, array([  1,  53, 144, 144,   1], dtype=int32))
Train Cost Diff = 0.002754653
TSC Score = 0.007904220874265795
(149, 154518500000.0, 172037910000.0, 6.119179e-05, 144, array([  1,  53, 144, 144,   1], dtype=int32))
Train Cost Diff = 0.0027135115
TSC Score = 0.007893428544930964
(150, 154099220000.0, 171570680000.0, 6.102575e-05, 144, array([  1,  53, 144, 144,   1], dtype=int32))
Train Cost Diff = 0.0026565713
TSC Score = 0.007882929686109815
(151, 153689870000.0, 171114900000.0, 6.086363e-05, 144, array([  1,  53, 144, 144,   1], dtype=int32))
Train Cost Diff = 0.0025524106
TSC Score = 0.007872589282429834
(152, 153297580000.0, 170676700000.0, 6.070828e-05, 144, array([  1,  53, 144, 144,   1], dtype=int32))
Train Cost Diff = 0.00247193
TSC Score = 0.007863025184874015
(153, 152918620000.0, 170255750000.0, 6.0558214e-05, 144, array([  1,  53, 144, 144,   1], dtype=int32))
Train Cost Diff = 0.0025265354
TSC Score = 0.007852676675273042
(154, 152532290000.0, 169823630000.0, 6.040521e-05, 144, array([  1,  53, 144, 144,   1], dtype=int32))
Train Cost Diff = 0.0026024964
TSC Score = 0.007842774775285524
(155, 152135300000.0, 169383150000.0, 6.0248007e-05, 144, array([  1,  53, 144, 144,   1], dtype=int32))
Train Cost Diff = 0.0026265567
TSC Score = 0.007832100405616514
(156, 151735750000.0, 168937050000.0, 6.0089762e-05, 144, array([  1,  53, 144, 144,   1], dtype=int32))
Train Cost Diff = 0.0026032024
TSC Score = 0.007822157433029438
(157, 151340730000.0, 168497610000.0, 5.9933336e-05, 144, array([  1,  53, 144, 144,   1], dtype=int32))
Train Cost Diff = 0.0024357259
TSC Score = 0.007812386036681919
(158, 150972090000.0, 168085880000.0, 5.9787355e-05, 144, array([  1,  53, 144, 144,   1], dtype=int32))
Train Cost Diff = 0.0023596492
TSC Score = 0.007803178653145268
(159, 150615850000.0, 167688980000.0, 5.9646278e-05, 144, array([  1,  53, 144, 144,   1], dtype=int32))
Train Cost Diff = 0.0023085072
TSC Score = 0.007794107570335917
(160, 150268150000.0, 167301400000.0, 5.9508584e-05, 144, array([  1,  53, 144, 144,   1], dtype=int32))
Train Cost Diff = 0.0021964721
TSC Score = 0.0077855255437161985
(161, 149938110000.0, 166934410000.0, 5.9377875e-05, 144, array([  1,  53, 144, 144,   1], dtype=int32))
Train Cost Diff = 0.0024766468
TSC Score = 0.007775815319343118
(162, 149566750000.0, 166520240000.0, 5.9230817e-05, 144, array([  1,  53, 144, 144,   1], dtype=int32))
Train Cost Diff = 0.0027115252
TSC Score = 0.007765250355530577
(163, 149161200000.0, 166068540000.0, 5.907021e-05, 144, array([  1,  53, 144, 144,   1], dtype=int32))
Train Cost Diff = 0.0022712806
TSC Score = 0.007756532680614465
(164, 148822430000.0, 165692300000.0, 5.8936046e-05, 144, array([  1,  53, 144, 144,   1], dtype=int32))
Train Cost Diff = 0.0021017003
TSC Score = 0.007748197415937444
(165, 148509620000.0, 165343250000.0, 5.881218e-05, 144, array([  1,  53, 144, 144,   1], dtype=int32))
Train Cost Diff = 0.0024487558
TSC Score = 0.007738699559551265
(166, 148145980000.0, 164938300000.0, 5.8668164e-05, 144, array([  1,  53, 144, 144,   1], dtype=int32))
Train Cost Diff = 0.0023509013
TSC Score = 0.007729816984779761
(167, 147797700000.0, 164551690000.0, 5.853024e-05, 144, array([  1,  53, 144, 144,   1], dtype=int32))
Train Cost Diff = 0.0020549865
TSC Score = 0.00772138897133841
(168, 147494000000.0, 164211300000.0, 5.840996e-05, 144, array([  1,  53, 144, 144,   1], dtype=int32))
Train Cost Diff = 0.0021160208
TSC Score = 0.007713762816491996
(169, 147181880000.0, 163866250000.0, 5.8286365e-05, 144, array([  1,  53, 144, 144,   1], dtype=int32))
Train Cost Diff = 0.0021958435
TSC Score = 0.007704779407361238
(170, 146858700000.0, 163504140000.0, 5.8158377e-05, 144, array([  1,  53, 144, 144,   1], dtype=int32))
Train Cost Diff = 0.0022910647
TSC Score = 0.0076962455098567445
(171, 146522240000.0, 163130600000.0, 5.8025133e-05, 144, array([  1,  53, 144, 144,   1], dtype=int32))
Train Cost Diff = 0.0022872975
TSC Score = 0.007687473796324576
(172, 146187110000.0, 162757260000.0, 5.7892412e-05, 144, array([  1,  53, 144, 144,   1], dtype=int32))
Train Cost Diff = 0.0020313768
TSC Score = 0.007679394045797908
(173, 145890130000.0, 162425450000.0, 5.777481e-05, 144, array([  1,  53, 144, 144,   1], dtype=int32))
Train Cost Diff = 0.0020652327
TSC Score = 0.007671768116237333
(174, 145588830000.0, 162091450000.0, 5.7655492e-05, 144, array([  1,  53, 144, 144,   1], dtype=int32))
Train Cost Diff = 0.0022138131
TSC Score = 0.0076631120001152825
(175, 145266520000.0, 161731690000.0, 5.7527854e-05, 144, array([  1,  53, 144, 144,   1], dtype=int32))
Train Cost Diff = 0.0019922678
TSC Score = 0.007655405248494768
(176, 144977130000.0, 161408970000.0, 5.7413243e-05, 144, array([  1,  53, 144, 144,   1], dtype=int32))
Train Cost Diff = 0.0019122231
TSC Score = 0.007648297146177446
(177, 144699870000.0, 161101200000.0, 5.7303456e-05, 144, array([  1,  53, 144, 144,   1], dtype=int32))
Train Cost Diff = 0.0020678726
TSC Score = 0.007640168212323387
(178, 144400650000.0, 160766940000.0, 5.718496e-05, 144, array([  1,  53, 144, 144,   1], dtype=int32))
Train Cost Diff = 0.0019638166
TSC Score = 0.007632754049538064
(179, 144117090000.0, 160451170000.0, 5.707266e-05, 144, array([  1,  53, 144, 144,   1], dtype=int32))
Train Cost Diff = 0.001977242
TSC Score = 0.007625218123895953
(180, 143832150000.0, 160134000000.0, 5.6959812e-05, 144, array([  1,  53, 144, 144,   1], dtype=int32))
Train Cost Diff = 0.0021124745
TSC Score = 0.007617177621570678
(181, 143528300000.0, 159795630000.0, 5.6839486e-05, 144, array([  1,  53, 144, 144,   1], dtype=int32))
Train Cost Diff = 0.0019121323
TSC Score = 0.007609839283173889
(182, 143253850000.0, 159489950000.0, 5.67308e-05, 144, array([  1,  53, 144, 144,   1], dtype=int32))
Train Cost Diff = 0.0017654176
TSC Score = 0.0076031915399202305
(183, 143000930000.0, 159208600000.0, 5.6630648e-05, 144, array([  1,  53, 144, 144,   1], dtype=int32))
Train Cost Diff = 0.0018949008
TSC Score = 0.007596075780014823
(184, 142729970000.0, 158907000000.0, 5.652334e-05, 144, array([  1,  53, 144, 144,   1], dtype=int32))
Train Cost Diff = 0.002012291
TSC Score = 0.007588203197728154
(185, 142442760000.0, 158586260000.0, 5.6409597e-05, 144, array([  1,  53, 144, 144,   1], dtype=int32))
Train Cost Diff = 0.002060719
TSC Score = 0.007580682750244661
(186, 142149200000.0, 158260790000.0, 5.6293353e-05, 144, array([  1,  53, 144, 144,   1], dtype=int32))
Train Cost Diff = 0.0018790473
TSC Score = 0.0075734011055258
(187, 141882130000.0, 157962940000.0, 5.6187575e-05, 144, array([  1,  53, 144, 144,   1], dtype=int32))
Train Cost Diff = 0.0015673962
TSC Score = 0.007567397727783257
(188, 141659730000.0, 157715460000.0, 5.6099507e-05, 144, array([  1,  53, 144, 144,   1], dtype=int32))
Train Cost Diff = 0.0015753689
TSC Score = 0.007561673493508859
(189, 141436550000.0, 157467980000.0, 5.601113e-05, 144, array([  1,  53, 144, 144,   1], dtype=int32))
Train Cost Diff = 0.0017877762
TSC Score = 0.007554640926150889
(190, 141183710000.0, 157184970000.0, 5.5910994e-05, 144, array([  1,  53, 144, 144,   1], dtype=int32))
Train Cost Diff = 0.0018220153
TSC Score = 0.007547975261609978
(191, 140926480000.0, 156899460000.0, 5.5809123e-05, 144, array([  1,  53, 144, 144,   1], dtype=int32))
Train Cost Diff = 0.0018855078
TSC Score = 0.0075406323887089125
(192, 140660770000.0, 156602660000.0, 5.5703895e-05, 144, array([  1,  53, 144, 144,   1], dtype=int32))
Train Cost Diff = 0.00200741
TSC Score = 0.007533313298453755
(193, 140378390000.0, 156289240000.0, 5.5592074e-05, 144, array([  1,  53, 144, 144,   1], dtype=int32))
Train Cost Diff = 0.0017729822
TSC Score = 0.007526551718307385
(194, 140129500000.0, 156012200000.0, 5.549351e-05, 144, array([  1,  53, 144, 144,   1], dtype=int32))
Train Cost Diff = 0.0016922841
TSC Score = 0.007520161399533708
(195, 139892360000.0, 155748300000.0, 5.53996e-05, 144, array([  1,  53, 144, 144,   1], dtype=int32))
Train Cost Diff = 0.0020209316
TSC Score = 0.007512768724779247
(196, 139609650000.0, 155434500000.0, 5.528764e-05, 144, array([  1,  53, 144, 144,   1], dtype=int32))
Train Cost Diff = 0.0019502083
TSC Score = 0.007505393800482392
(197, 139337380000.0, 155131220000.0, 5.517982e-05, 144, array([  1,  53, 144, 144,   1], dtype=int32))
Train Cost Diff = 0.0016127678
TSC Score = 0.00749935449407109
(198, 139112660000.0, 154881180000.0, 5.5090826e-05, 144, array([  1,  53, 144, 144,   1], dtype=int32))
Train Cost Diff = 0.0017352945
TSC Score = 0.0074929641235328606
(199, 138871240000.0, 154613090000.0, 5.4995227e-05, 144, array([  1,  53, 144, 144,   1], dtype=int32))
Train Cost Diff = 0.0018449461
TSC Score = 0.007485987068314539
(200, 138615030000.0, 154327520000.0, 5.4893764e-05, 144, array([  1,  53, 144, 144,   1], dtype=int32))
Train Cost Diff = 0.0016720698
TSC Score = 0.007479806704406478
(201, 138383260000.0, 154069980000.0, 5.4801978e-05, 144, array([  1,  53, 144, 144,   1], dtype=int32))
Train Cost Diff = 0.0016696923
TSC Score = 0.0074736227575294654
(202, 138152230000.0, 153813170000.0, 5.4710476e-05, 144, array([  1,  53, 144, 144,   1], dtype=int32))
Train Cost Diff = 0.0017105201
TSC Score = 0.0074672354647818155
(203, 137915920000.0, 153550300000.0, 5.4616892e-05, 144, array([  1,  53, 144, 144,   1], dtype=int32))
Train Cost Diff = 0.001736431
TSC Score = 0.007460765692770859
(204, 137676420000.0, 153283660000.0, 5.4522054e-05, 144, array([  1,  53, 144, 144,   1], dtype=int32))
Train Cost Diff = 0.0017905628
TSC Score = 0.007454158373375893
(205, 137429920000.0, 153009590000.0, 5.442443e-05, 144, array([  1,  53, 144, 144,   1], dtype=int32))
Train Cost Diff = 0.0016221846
TSC Score = 0.007448204442341122
(206, 137206970000.0, 152761480000.0, 5.4336142e-05, 144, array([  1,  53, 144, 144,   1], dtype=int32))
Train Cost Diff = 0.0014799336
TSC Score = 0.007442538950621161
(207, 137003910000.0, 152534800000.0, 5.4255728e-05, 144, array([  1,  53, 144, 144,   1], dtype=int32))
Train Cost Diff = 0.0016180424
TSC Score = 0.007436790835505508
(208, 136782225000.0, 152289200000.0, 5.416794e-05, 144, array([  1,  53, 144, 144,   1], dtype=int32))
Train Cost Diff = 0.0016758039
TSC Score = 0.00743032995796567
(209, 136553010000.0, 152032610000.0, 5.4077165e-05, 144, array([  1,  53, 144, 144,   1], dtype=int32))
Train Cost Diff = 0.0016350908
TSC Score = 0.007424514486860302
(210, 136329740000.0, 151785180000.0, 5.3988744e-05, 144, array([  1,  53, 144, 144,   1], dtype=int32))
Train Cost Diff = 0.0016924171
TSC Score = 0.007418134013733794
(211, 136099010000.0, 151527620000.0, 5.3897373e-05, 144, array([  1,  53, 144, 144,   1], dtype=int32))
Train Cost Diff = 0.0016595122
TSC Score = 0.007412041113223773
(212, 135873140000.0, 151276520000.0, 5.380793e-05, 144, array([  1,  53, 144, 144,   1], dtype=int32))
Train Cost Diff = 0.0015579478
TSC Score = 0.007406444264610993
(213, 135661480000.0, 151041620000.0, 5.37241e-05, 144, array([  1,  53, 144, 144,   1], dtype=int32))
Train Cost Diff = 0.0014722126
TSC Score = 0.007400735578964254
(214, 135461750000.0, 150817870000.0, 5.3645006e-05, 144, array([  1,  53, 144, 144,   1], dtype=int32))
Train Cost Diff = 0.0014088054
TSC Score = 0.007395919903467777
(215, 135270910000.0, 150606840000.0, 5.356943e-05, 144, array([  1,  53, 144, 144,   1], dtype=int32))
Train Cost Diff = 0.0014296722
TSC Score = 0.007390290944005054
(216, 135077520000.0, 150389870000.0, 5.3492844e-05, 144, array([  1,  53, 144, 144,   1], dtype=int32))
Train Cost Diff = 0.0015017681
TSC Score = 0.007385065152543246
(217, 134874650000.0, 150165470000.0, 5.341251e-05, 144, array([  1,  53, 144, 144,   1], dtype=int32))
Train Cost Diff = 0.0015088627
TSC Score = 0.007379347778885128
(218, 134671155000.0, 149938320000.0, 5.3331918e-05, 144, array([  1,  53, 144, 144,   1], dtype=int32))
Train Cost Diff = 0.0015404748
TSC Score = 0.0073737988533446
(219, 134463700000.0, 149707780000.0, 5.324976e-05, 144, array([  1,  53, 144, 144,   1], dtype=int32))
Train Cost Diff = 0.0016451253
TSC Score = 0.007367778286648975
(220, 134242484000.0, 149461660000.0, 5.316216e-05, 144, array([  1,  53, 144, 144,   1], dtype=int32))
Train Cost Diff = 0.0016555005
TSC Score = 0.00736167946561268
(221, 134020250000.0, 149214020000.0, 5.307415e-05, 144, array([  1,  53, 144, 144,   1], dtype=int32))
Train Cost Diff = 0.0014390382
TSC Score = 0.0073565585510346684
(222, 133827380000.0, 148999980000.0, 5.2997773e-05, 144, array([  1,  53, 144, 144,   1], dtype=int32))
Train Cost Diff = 0.0011628979
TSC Score = 0.007352025844291051
(223, 133671756000.0, 148825870000.0, 5.2936142e-05, 144, array([  1,  53, 144, 144,   1], dtype=int32))
Train Cost Diff = 0.0010362879
TSC Score = 0.007348606333354018
(224, 133533240000.0, 148672800000.0, 5.2881285e-05, 144, array([  1,  53, 144, 144,   1], dtype=int32))
Train Cost Diff = 0.0011583737
TSC Score = 0.007343917985822273
(225, 133378560000.0, 148498860000.0, 5.282003e-05, 144, array([  1,  53, 144, 144,   1], dtype=int32))
Train Cost Diff = 0.0014516781
TSC Score = 0.007339089592826422
(226, 133184930000.0, 148284570000.0, 5.274335e-05, 144, array([  1,  53, 144, 144,   1], dtype=int32))
Train Cost Diff = 0.0017327239
TSC Score = 0.007332362360395921
(227, 132954170000.0, 148026330000.0, 5.265196e-05, 144, array([  1,  53, 144, 144,   1], dtype=int32))
Train Cost Diff = 0.0018218927
TSC Score = 0.007326126906107859
(228, 132711930000.0, 147757940000.0, 5.2556035e-05, 144, array([  1,  53, 144, 144,   1], dtype=int32))
Train Cost Diff = 0.0016832459
TSC Score = 0.007319855323108986
(229, 132488540000.0, 147509100000.0, 5.246757e-05, 144, array([  1,  53, 144, 144,   1], dtype=int32))
Train Cost Diff = 0.0014534561
TSC Score = 0.007314513227284322
(230, 132295980000.0, 147294580000.0, 5.239131e-05, 144, array([  1,  53, 144, 144,   1], dtype=int32))
Train Cost Diff = 0.0012985016
TSC Score = 0.0073101141570811245
(231, 132124200000.0, 147104330000.0, 5.232328e-05, 144, array([  1,  53, 144, 144,   1], dtype=int32))
Train Cost Diff = 0.0013339809
TSC Score = 0.007304778586005812
(232, 131947940000.0, 146906250000.0, 5.2253483e-05, 144, array([  1,  53, 144, 144,   1], dtype=int32))
Train Cost Diff = 0.0015127413
TSC Score = 0.007299854371633926
(233, 131748350000.0, 146686300000.0, 5.2174437e-05, 144, array([  1,  53, 144, 144,   1], dtype=int32))
Train Cost Diff = 0.0015277932
TSC Score = 0.00729394694040114
(234, 131547050000.0, 146460770000.0, 5.2094725e-05, 144, array([  1,  53, 144, 144,   1], dtype=int32))
Train Cost Diff = 0.0013500991
TSC Score = 0.007289229265019813
(235, 131369450000.0, 146263820000.0, 5.2024392e-05, 144, array([  1,  53, 144, 144,   1], dtype=int32))
Train Cost Diff = 0.0012866813
TSC Score = 0.007284612472407678
(236, 131200420000.0, 146076070000.0, 5.1957453e-05, 144, array([  1,  53, 144, 144,   1], dtype=int32))
Train Cost Diff = 0.0013921763
TSC Score = 0.007279474519091036
(237, 131017760000.0, 145872420000.0, 5.188512e-05, 144, array([  1,  53, 144, 144,   1], dtype=int32))
Train Cost Diff = 0.0014291751
TSC Score = 0.007274464373017332
(238, 130830530000.0, 145664460000.0, 5.1810966e-05, 144, array([  1,  53, 144, 144,   1], dtype=int32))
Train Cost Diff = 0.0013980785
TSC Score = 0.0072693551449567245
(239, 130647605000.0, 145460760000.0, 5.173853e-05, 144, array([  1,  53, 144, 144,   1], dtype=int32))
Train Cost Diff = 0.0013988405
TSC Score = 0.007264365856585852
(240, 130464840000.0, 145257660000.0, 5.1666157e-05, 144, array([  1,  53, 144, 144,   1], dtype=int32))
Train Cost Diff = 0.0014122773
TSC Score = 0.007259255106579933
(241, 130280600000.0, 145052710000.0, 5.159319e-05, 144, array([  1,  53, 144, 144,   1], dtype=int32))
Train Cost Diff = 0.0013542683
TSC Score = 0.007254425521167499
(242, 130104164000.0, 144856560000.0, 5.152332e-05, 144, array([  1,  53, 144, 144,   1], dtype=int32))
Train Cost Diff = 0.0012619132
TSC Score = 0.007249884045343639
(243, 129939990000.0, 144674550000.0, 5.14583e-05, 144, array([  1,  53, 144, 144,   1], dtype=int32))
Train Cost Diff = 0.0012404602
TSC Score = 0.007245442829595341
(244, 129778800000.0, 144495180000.0, 5.139447e-05, 144, array([  1,  53, 144, 144,   1], dtype=int32))
Train Cost Diff = 0.0012827733
TSC Score = 0.007240888550936136
(245, 129612325000.0, 144310240000.0, 5.132854e-05, 144, array([  1,  53, 144, 144,   1], dtype=int32))
Train Cost Diff = 0.0012739312
TSC Score = 0.00723625148577462
(246, 129447215000.0, 144126280000.0, 5.1263152e-05, 144, array([  1,  53, 144, 144,   1], dtype=int32))
Train Cost Diff = 0.0011902541
TSC Score = 0.007232092074365054
(247, 129293130000.0, 143955540000.0, 5.1202136e-05, 144, array([  1,  53, 144, 144,   1], dtype=int32))
Train Cost Diff = 0.001071667
TSC Score = 0.007228157773102888
(248, 129154570000.0, 143800900000.0, 5.1147264e-05, 144, array([  1,  53, 144, 144,   1], dtype=int32))
Train Cost Diff = 0.0010460016
TSC Score = 0.007224451180138
(249, 129019470000.0, 143651100000.0, 5.1093764e-05, 144, array([  1,  53, 144, 144,   1], dtype=int32))
Train Cost Diff = 0.0011609488
TSC Score = 0.0072203148742255325
(250, 128869700000.0, 143484650000.0, 5.1034447e-05, 144, array([  1,  53, 144, 144,   1], dtype=int32))
Train Cost Diff = 0.0013931895
TSC Score = 0.007215323476124878
(251, 128690160000.0, 143285220000.0, 5.0963346e-05, 144, array([  1,  53, 144, 144,   1], dtype=int32))
Train Cost Diff = 0.0015245528
TSC Score = 0.007209997115853562
(252, 128493960000.0, 143067560000.0, 5.088565e-05, 144, array([  1,  53, 144, 144,   1], dtype=int32))
Train Cost Diff = 0.0014318662
TSC Score = 0.0072048852157872685
(253, 128309970000.0, 142863170000.0, 5.081279e-05, 144, array([  1,  53, 144, 144,   1], dtype=int32))
Train Cost Diff = 0.0012337377
TSC Score = 0.007200478545709347
(254, 128151670000.0, 142686930000.0, 5.07501e-05, 144, array([  1,  53, 144, 144,   1], dtype=int32))
Train Cost Diff = 0.0011156207
TSC Score = 0.007196603267096607
(255, 128008710000.0, 142528430000.0, 5.069348e-05, 144, array([  1,  53, 144, 144,   1], dtype=int32))
Train Cost Diff = 0.0011617194
TSC Score = 0.00719231568265455
(256, 127859980000.0, 142362800000.0, 5.063459e-05, 144, array([  1,  53, 144, 144,   1], dtype=int32))
Train Cost Diff = 0.001269046
TSC Score = 0.007188086910204256
(257, 127697720000.0, 142183400000.0, 5.0570332e-05, 144, array([  1,  53, 144, 144,   1], dtype=int32))
Train Cost Diff = 0.0012353364
TSC Score = 0.007183412116191015
(258, 127539980000.0, 142007450000.0, 5.050786e-05, 144, array([  1,  53, 144, 144,   1], dtype=int32))
Train Cost Diff = 0.0010572266
TSC Score = 0.007180051434229928
(259, 127405154000.0, 141859270000.0, 5.0454462e-05, 144, array([  1,  53, 144, 144,   1], dtype=int32))
Train Cost Diff = 0.0009367057
TSC Score = 0.007176259988582682
(260, 127285810000.0, 141724600000.0, 5.04072e-05, 144, array([  1,  53, 144, 144,   1], dtype=int32))
Train Cost Diff = 0.0009709273
TSC Score = 0.0071733794043824265
(261, 127162230000.0, 141589430000.0, 5.035826e-05, 144, array([  1,  53, 144, 144,   1], dtype=int32))
Train Cost Diff = 0.0010609452
TSC Score = 0.007168967616425243
(262, 127027310000.0, 141436900000.0, 5.0304832e-05, 144, array([  1,  53, 144, 144,   1], dtype=int32))
Train Cost Diff = 0.0010539724
TSC Score = 0.007166088925948354
(263, 126893410000.0, 141291470000.0, 5.0251812e-05, 144, array([  1,  53, 144, 144,   1], dtype=int32))
Train Cost Diff = 0.0009806624
TSC Score = 0.007161629007115115
(264, 126768990000.0, 141149030000.0, 5.0202532e-05, 144, array([  1,  53, 144, 144,   1], dtype=int32))
Train Cost Diff = 0.0009690884
TSC Score = 0.007159292167507865
(265, 126646130000.0, 141016840000.0, 5.015388e-05, 144, array([  1,  53, 144, 144,   1], dtype=int32))
Train Cost Diff = 0.0010727398
TSC Score = 0.007154508810648223
(266, 126510280000.0, 140862050000.0, 5.010008e-05, 144, array([  1,  53, 144, 144,   1], dtype=int32))
Train Cost Diff = 0.0011639335
TSC Score = 0.007151166462265662
(267, 126363020000.0, 140701190000.0, 5.0041766e-05, 144, array([  1,  53, 144, 144,   1], dtype=int32))
Train Cost Diff = 0.0011756858
TSC Score = 0.0071466566401555106
(268, 126214460000.0, 140534860000.0, 4.9982933e-05, 144, array([  1,  53, 144, 144,   1], dtype=int32))
Train Cost Diff = 0.0012005062
TSC Score = 0.007142479309030025
(269, 126062940000.0, 140366530000.0, 4.9922928e-05, 144, array([  1,  53, 144, 144,   1], dtype=int32))
Train Cost Diff = 0.0013173782
TSC Score = 0.007138102290073946
(270, 125896870000.0, 140182650000.0, 4.985716e-05, 144, array([  1,  53, 144, 144,   1], dtype=int32))
Train Cost Diff = 0.0014436725
TSC Score = 0.007132660748997273
(271, 125715110000.0, 139979550000.0, 4.9785183e-05, 144, array([  1,  53, 144, 144,   1], dtype=int32))
Train Cost Diff = 0.0014433482
TSC Score = 0.0071279786949631175
(272, 125533670000.0, 139779330000.0, 4.9713326e-05, 144, array([  1,  53, 144, 144,   1], dtype=int32))
Train Cost Diff = 0.0012994421
TSC Score = 0.007123144411590537
(273, 125370540000.0, 139597190000.0, 4.9648726e-05, 144, array([  1,  53, 144, 144,   1], dtype=int32))
Train Cost Diff = 0.001177226
TSC Score = 0.00711923207150826
(274, 125222940000.0, 139433900000.0, 4.959028e-05, 144, array([  1,  53, 144, 144,   1], dtype=int32))
Train Cost Diff = 0.0011997413
TSC Score = 0.007114922362621398
(275, 125072720000.0, 139266310000.0, 4.9530783e-05, 144, array([  1,  53, 144, 144,   1], dtype=int32))
Train Cost Diff = 0.0012465003
TSC Score = 0.007110725633156746
(276, 124916820000.0, 139093600000.0, 4.9469043e-05, 144, array([  1,  53, 144, 144,   1], dtype=int32))
Train Cost Diff = 0.001244232
TSC Score = 0.007106175037365116
(277, 124761375000.0, 138919840000.0, 4.9407492e-05, 144, array([  1,  53, 144, 144,   1], dtype=int32))
Train Cost Diff = 0.0012311292
TSC Score = 0.0071020928249776365
(278, 124607800000.0, 138749840000.0, 4.9346665e-05, 144, array([  1,  53, 144, 144,   1], dtype=int32))
Train Cost Diff = 0.0012577863
TSC Score = 0.007097523495918796
(279, 124451060000.0, 138575100000.0, 4.9284597e-05, 144, array([  1,  53, 144, 144,   1], dtype=int32))
Train Cost Diff = 0.0012344206
TSC Score = 0.00709336947641676
(280, 124297420000.0, 138404900000.0, 4.922376e-05, 144, array([  1,  53, 144, 144,   1], dtype=int32))
Train Cost Diff = 0.0011277464
TSC Score = 0.007089405163700822
(281, 124157250000.0, 138248800000.0, 4.9168248e-05, 144, array([  1,  53, 144, 144,   1], dtype=int32))
Train Cost Diff = 0.0010206978
TSC Score = 0.007085811305903185
(282, 124030525000.0, 138107760000.0, 4.911806e-05, 144, array([  1,  53, 144, 144,   1], dtype=int32))
Train Cost Diff = 0.0010134452
TSC Score = 0.007082420266380474
(283, 123904836000.0, 137968900000.0, 4.9068283e-05, 144, array([  1,  53, 144, 144,   1], dtype=int32))
Train Cost Diff = 0.0010932112
TSC Score = 0.0070784924511971626
(284, 123769364000.0, 137817640000.0, 4.901464e-05, 144, array([  1,  53, 144, 144,   1], dtype=int32))
Train Cost Diff = 0.0011177134
TSC Score = 0.007074704986650375
(285, 123631034000.0, 137664350000.0, 4.8959857e-05, 144, array([  1,  53, 144, 144,   1], dtype=int32))
Train Cost Diff = 0.0010568448
TSC Score = 0.007071062695851997
(286, 123500390000.0, 137519120000.0, 4.8908114e-05, 144, array([  1,  53, 144, 144,   1], dtype=int32))
Train Cost Diff = 0.0009760662
TSC Score = 0.007067535947137885
(287, 123379830000.0, 137384624000.0, 4.8860376e-05, 144, array([  1,  53, 144, 144,   1], dtype=int32))
Train Cost Diff = 0.00091931596
TSC Score = 0.007064611200566748
(288, 123266420000.0, 137259835000.0, 4.881546e-05, 144, array([  1,  53, 144, 144,   1], dtype=int32))
Train Cost Diff = 0.0008545052
TSC Score = 0.007061323879321847
(289, 123161080000.0, 137141370000.0, 4.8773745e-05, 144, array([  1,  53, 144, 144,   1], dtype=int32))
Train Cost Diff = 0.00071590405
TSC Score = 0.007059218003185068
(290, 123072905000.0, 137044830000.0, 4.8738828e-05, 144, array([  1,  53, 144, 144,   1], dtype=int32))
Train Cost Diff = 0.0004919675
TSC Score = 0.007057146347681481
(291, 123012350000.0, 136975930000.0, 4.871485e-05, 144, array([  1,  53, 144, 144,   1], dtype=int32))
Train Cost Diff = 0.00014569882
TSC Score = 0.007057033244587832
(292, 122994430000.0, 136957830000.0, 4.8707752e-05, 144, array([  1,  53, 144, 144,   1], dtype=int32))
Train Cost Diff = 0.00034902606
TSC Score = 0.007057834199354597
(293, 123037350000.0, 137003670000.0, 4.8724753e-05, 144, array([  1,  53, 144, 144,   1], dtype=int32))
Train Cost Diff = 0.001049102
TSC Score = 0.007061996720936808
(294, 123166450000.0, 137149420000.0, 4.877587e-05, 144, array([  1,  53, 144, 144,   1], dtype=int32))
Train Cost Diff = 0.0019181932
TSC Score = 0.0070679768420690015
(295, 123402690000.0, 137409690000.0, 4.886943e-05, 144, array([  1,  53, 144, 144,   1], dtype=int32))
Train Cost Diff = 0.0028394728
TSC Score = 0.007078661128433809
(296, 123753090000.0, 137802450000.0, 4.9008195e-05, 144, array([  1,  53, 144, 144,   1], dtype=int32))
Train Cost Diff = 0.0036673602
TSC Score = 0.007090304838759243
(297, 124206950000.0, 138302400000.0, 4.9187925e-05, 144, array([  1,  53, 144, 144,   1], dtype=int32))
Train Cost Diff = 0.0041432106
TSC Score = 0.007105896565374344
(298, 124721560000.0, 138879420000.0, 4.939172e-05, 144, array([  1,  53, 144, 144,   1], dtype=int32))
Train Cost Diff = 0.0038116057
TSC Score = 0.00711788295109374
(299, 125196950000.0, 139402440000.0, 4.9579983e-05, 144, array([  1,  53, 144, 144,   1], dtype=int32))
Train Cost Diff = 0.0022203566
TSC Score = 0.007126802892774693
(300, 125474940000.0, 139715920000.0, 4.969007e-05, 144, array([  1,  53, 144, 144,   1], dtype=int32))
Train Cost Diff = 0.00065650453
TSC Score = 0.007123468158619494
(301, 125392560000.0, 139620290000.0, 4.9657447e-05, 144, array([  1,  53, 144, 144,   1], dtype=int32))
Train Cost Diff = 0.004358033
TSC Score = 0.007109201004812536
(302, 124846090000.0, 139016830000.0, 4.9441038e-05, 144, array([  1,  53, 144, 144,   1], dtype=int32))
Train Cost Diff = 0.0077527645
TSC Score = 0.007081360455774048
(303, 123878180000.0, 137938040000.0, 4.9057733e-05, 144, array([  1,  53, 144, 144,   1], dtype=int32))
Train Cost Diff = 0.0092705265
TSC Score = 0.007049816831582645
(304, 122729775000.0, 136664860000.0, 4.8602942e-05, 144, array([  1,  53, 144, 144,   1], dtype=int32))
Train Cost Diff = 0.007939595
TSC Score = 0.007021944692590614
(305, 121755345000.0, 135579890000.0, 4.8217054e-05, 144, array([  1,  53, 144, 144,   1], dtype=int32))
Train Cost Diff = 0.0046158074
TSC Score = 0.007006115420575024
(306, 121193360000.0, 134955540000.0, 4.7994494e-05, 144, array([  1,  53, 144, 144,   1], dtype=int32))
Train Cost Diff = 0.0012619171
TSC Score = 0.007001974680832714
(307, 121040404000.0, 134786900000.0, 4.793393e-05, 144, array([  1,  53, 144, 144,   1], dtype=int32))
Train Cost Diff = 0.0011243188
TSC Score = 0.0070055793623183754
(308, 121176510000.0, 134936830000.0, 4.798782e-05, 144, array([  1,  53, 144, 144,   1], dtype=int32))
Train Cost Diff = 0.0022239757
TSC Score = 0.0070135892055124705
(309, 121446000000.0, 135237840000.0, 4.8094545e-05, 144, array([  1,  53, 144, 144,   1], dtype=int32))
Train Cost Diff = 0.0015840996
TSC Score = 0.007018512942766323
(310, 121638370000.0, 135449730000.0, 4.8170732e-05, 144, array([  1,  53, 144, 144,   1], dtype=int32))
Train Cost Diff = 0.00045502366
TSC Score = 0.007017643985922372
(311, 121583034000.0, 135391100000.0, 4.8148813e-05, 144, array([  1,  53, 144, 144,   1], dtype=int32))
Train Cost Diff = 0.0026435875
TSC Score = 0.007007815982264012
(312, 121261610000.0, 135030940000.0, 4.8021528e-05, 144, array([  1,  53, 144, 144,   1], dtype=int32))
Train Cost Diff = 0.0039604376
TSC Score = 0.006994947474345075
(313, 120781360000.0, 134500050000.0, 4.783134e-05, 144, array([  1,  53, 144, 144,   1], dtype=int32))
Train Cost Diff = 0.00391511
TSC Score = 0.006981082902701997
(314, 120308500000.0, 133972890000.0, 4.7644076e-05, 144, array([  1,  53, 144, 144,   1], dtype=int32))
Train Cost Diff = 0.0026292151
TSC Score = 0.006972220929167694
(315, 119992170000.0, 133621645000.0, 4.751881e-05, 144, array([  1,  53, 144, 144,   1], dtype=int32))
Train Cost Diff = 0.0011764778
TSC Score = 0.006968349714115741
(316, 119851010000.0, 133465430000.0, 4.7462905e-05, 144, array([  1,  53, 144, 144,   1], dtype=int32))
Train Cost Diff = 0.00024320692
TSC Score = 0.006967341115208655
(317, 119821860000.0, 133432260000.0, 4.745136e-05, 144, array([  1,  53, 144, 144,   1], dtype=int32))
Train Cost Diff = 0.0002776898
TSC Score = 0.006968502200385513
(318, 119855140000.0, 133470060000.0, 4.746454e-05, 144, array([  1,  53, 144, 144,   1], dtype=int32))
Train Cost Diff = 0.00025615178
TSC Score = 0.006969211032862557
(319, 119885820000.0, 133503350000.0, 4.7476697e-05, 144, array([  1,  53, 144, 144,   1], dtype=int32))
Train Cost Diff = 0.00044535391
TSC Score = 0.006967996323438566
(320, 119832445000.0, 133445250000.0, 4.7455553e-05, 144, array([  1,  53, 144, 144,   1], dtype=int32))
Train Cost Diff = 0.001288744
TSC Score = 0.00696316637180043
(321, 119678020000.0, 133272175000.0, 4.7394395e-05, 144, array([  1,  53, 144, 144,   1], dtype=int32))
Train Cost Diff = 0.0017824366
TSC Score = 0.0069577390272634355
(322, 119464700000.0, 133037800000.0, 4.7309917e-05, 144, array([  1,  53, 144, 144,   1], dtype=int32))
Train Cost Diff = 0.001967634
TSC Score = 0.006950329345958385
(323, 119229630000.0, 132773460000.0, 4.721683e-05, 144, array([  1,  53, 144, 144,   1], dtype=int32))
Train Cost Diff = 0.0018816749
TSC Score = 0.006944556170194339
(324, 119005280000.0, 132526610000.0, 4.712798e-05, 144, array([  1,  53, 144, 144,   1], dtype=int32))
Train Cost Diff = 0.001535458
TSC Score = 0.0069389936664456375
(325, 118822540000.0, 132322260000.0, 4.705562e-05, 144, array([  1,  53, 144, 144,   1], dtype=int32))
Train Cost Diff = 0.00115033
TSC Score = 0.006935154608140356
(326, 118685870000.0, 132170750000.0, 4.700149e-05, 144, array([  1,  53, 144, 144,   1], dtype=int32))
Train Cost Diff = 0.0008073735
TSC Score = 0.006932689882021606
(327, 118590040000.0, 132065140000.0, 4.696354e-05, 144, array([  1,  53, 144, 144,   1], dtype=int32))
Train Cost Diff = 0.00050328294
TSC Score = 0.006930540582980517
(328, 118530360000.0, 131997170000.0, 4.6939906e-05, 144, array([  1,  53, 144, 144,   1], dtype=int32))
Train Cost Diff = 0.00040696774
TSC Score = 0.00692972207327345
(329, 118482110000.0, 131945636000.0, 4.6920803e-05, 144, array([  1,  53, 144, 144,   1], dtype=int32))
Train Cost Diff = 0.0005189381
TSC Score = 0.006927468620784893
(330, 118420636000.0, 131875710000.0, 4.6896454e-05, 144, array([  1,  53, 144, 144,   1], dtype=int32))
Train Cost Diff = 0.00067458965
TSC Score = 0.006925647469535503
(331, 118340740000.0, 131788520000.0, 4.6864818e-05, 144, array([  1,  53, 144, 144,   1], dtype=int32))
Train Cost Diff = 0.00078566367
TSC Score = 0.006922636651539948
(332, 118247770000.0, 131683880000.0, 4.6827998e-05, 144, array([  1,  53, 144, 144,   1], dtype=int32))
Train Cost Diff = 0.0008939571
TSC Score = 0.00691992870772692
(333, 118142070000.0, 131567440000.0, 4.6786135e-05, 144, array([  1,  53, 144, 144,   1], dtype=int32))
Train Cost Diff = 0.0009872108
TSC Score = 0.006916346957375503
(334, 118025430000.0, 131437040000.0, 4.6739948e-05, 144, array([  1,  53, 144, 144,   1], dtype=int32))
Train Cost Diff = 0.0010374556
TSC Score = 0.00691307898532838
(335, 117902980000.0, 131301830000.0, 4.6691457e-05, 144, array([  1,  53, 144, 144,   1], dtype=int32))
Train Cost Diff = 0.0010659592
TSC Score = 0.0069092799435641365
(336, 117777300000.0, 131161640000.0, 4.6641686e-05, 144, array([  1,  53, 144, 144,   1], dtype=int32))
Train Cost Diff = 0.0010632748
TSC Score = 0.006905930016023318
(337, 117652080000.0, 131023266000.0, 4.6592093e-05, 144, array([  1,  53, 144, 144,   1], dtype=int32))
Train Cost Diff = 0.0010142782
TSC Score = 0.00690230627313897
(338, 117532746000.0, 130889860000.0, 4.6544836e-05, 144, array([  1,  53, 144, 144,   1], dtype=int32))
Train Cost Diff = 0.0009899839
TSC Score = 0.006899189624458755
(339, 117416380000.0, 130760810000.0, 4.6498757e-05, 144, array([  1,  53, 144, 144,   1], dtype=int32))
Train Cost Diff = 0.0009611562
TSC Score = 0.006895785025912182
(340, 117303530000.0, 130635375000.0, 4.6454064e-05, 144, array([  1,  53, 144, 144,   1], dtype=int32))
Train Cost Diff = 0.0009220627
TSC Score = 0.006892823718604343
(341, 117195375000.0, 130515340000.0, 4.641123e-05, 144, array([  1,  53, 144, 144,   1], dtype=int32))
Train Cost Diff = 0.00086122414
TSC Score = 0.006889851227319263
(342, 117094430000.0, 130403070000.0, 4.637126e-05, 144, array([  1,  53, 144, 144,   1], dtype=int32))
Train Cost Diff = 0.00082548574
TSC Score = 0.006887152973915559
(343, 116997775000.0, 130295840000.0, 4.633298e-05, 144, array([  1,  53, 144, 144,   1], dtype=int32))
Train Cost Diff = 0.0007719902
TSC Score = 0.006884499480275307
(344, 116907470000.0, 130195730000.0, 4.6297213e-05, 144, array([  1,  53, 144, 144,   1], dtype=int32))
Train Cost Diff = 0.0007099593
TSC Score = 0.006882233614272431
(345, 116824460000.0, 130103435000.0, 4.6264344e-05, 144, array([  1,  53, 144, 144,   1], dtype=int32))
Train Cost Diff = 0.000627976
TSC Score = 0.006879986837669517
(346, 116751110000.0, 130021910000.0, 4.623529e-05, 144, array([  1,  53, 144, 144,   1], dtype=int32))
Train Cost Diff = 0.0005112888
TSC Score = 0.0068784872990903965
(347, 116691400000.0, 129956010000.0, 4.621165e-05, 144, array([  1,  53, 144, 144,   1], dtype=int32))
Train Cost Diff = 0.0003378846
TSC Score = 0.006877132037043078
(348, 116651975000.0, 129911620000.0, 4.6196037e-05, 144, array([  1,  53, 144, 144,   1], dtype=int32))
Train Cost Diff = 5.173933e-05
TSC Score = 0.006877274786478962
(349, 116645940000.0, 129905840000.0, 4.6193647e-05, 144, array([  1,  53, 144, 144,   1], dtype=int32))
Train Cost Diff = 0.0004095258
TSC Score = 0.006878319208437615
(350, 116693705000.0, 129957855000.0, 4.6212564e-05, 144, array([  1,  53, 144, 144,   1], dtype=int32))
Train Cost Diff = 0.0011601368
TSC Score = 0.006882688788907428
(351, 116829090000.0, 130109620000.0, 4.6266177e-05, 144, array([  1,  53, 144, 144,   1], dtype=int32))
Train Cost Diff = 0.0024380481
TSC Score = 0.006890298311795902
(352, 117113910000.0, 130424570000.0, 4.6378977e-05, 144, array([  1,  53, 144, 144,   1], dtype=int32))
Train Cost Diff = 0.0045879707
TSC Score = 0.006906619739069396
(353, 117651240000.0, 131024650000.0, 4.6591762e-05, 144, array([  1,  53, 144, 144,   1], dtype=int32))
Train Cost Diff = 0.0081751095
TSC Score = 0.006933081716535162
(354, 118613060000.0, 132089690000.0, 4.6972655e-05, 144, array([  1,  53, 144, 144,   1], dtype=int32))
Train Cost Diff = 0.0138442945
TSC Score = 0.006981467448650155
(355, 120255170000.0, 133921160000.0, 4.7622958e-05, 144, array([  1,  53, 144, 144,   1], dtype=int32))
Train Cost Diff = 0.022086553
TSC Score = 0.007054581102023195
(356, 122911195000.0, 136864590000.0, 4.8674785e-05, 144, array([  1,  53, 144, 144,   1], dtype=int32))
Train Cost Diff = 0.03198244
TSC Score = 0.00716677279185887
(357, 126842180000.0, 141243970000.0, 5.0231523e-05, 144, array([  1,  53, 144, 144,   1], dtype=int32))
Train Cost Diff = 0.039581355
TSC Score = 0.0073015410798086405
(358, 131862766000.0, 146811360000.0, 5.2219755e-05, 144, array([  1,  53, 144, 144,   1], dtype=int32))
Train Cost Diff = 0.035789464
TSC Score = 0.007431866088245558
(359, 136582070000.0, 152068800000.0, 5.4088672e-05, 144, array([  1,  53, 144, 144,   1], dtype=int32))
Train Cost Diff = 0.011374596
TSC Score = 0.007469941678460305
(360, 138135630000.0, 153781110000.0, 5.470391e-05, 144, array([  1,  53, 144, 144,   1], dtype=int32))
Train Cost Diff = 0.03278549
TSC Score = 0.0073515446056871886
(361, 133606790000.0, 148760630000.0, 5.2910415e-05, 144, array([  1,  53, 144, 144,   1], dtype=int32))
Train Cost Diff = 0.07044127
TSC Score = 0.0070909207327849695
(362, 124195365000.0, 138293600000.0, 4.9183338e-05, 144, array([  1,  53, 144, 144,   1], dtype=int32))
Train Cost Diff = 0.06204175
TSC Score = 0.006872792025507864
(363, 116490070000.0, 129733120000.0, 4.6131918e-05, 144, array([  1,  53, 144, 144,   1], dtype=int32))
Train Cost Diff = 0.0010534953
TSC Score = 0.006869921683899925
(364, 116367350000.0, 129599100000.0, 4.6083318e-05, 144, array([  1,  53, 144, 144,   1], dtype=int32))
Train Cost Diff = 0.041796405
TSC Score = 0.0070073726393711355
(365, 121231080000.0, 134997800000.0, 4.8009435e-05, 144, array([  1,  53, 144, 144,   1], dtype=int32))
Train Cost Diff = 0.014029382
TSC Score = 0.007057251224624508
(366, 122931870000.0, 136896160000.0, 4.8682978e-05, 144, array([  1,  53, 144, 144,   1], dtype=int32))
Train Cost Diff = 0.03326731
TSC Score = 0.006939969895463714
(367, 118842260000.0, 132345960000.0, 4.7063426e-05, 144, array([  1,  53, 144, 144,   1], dtype=int32))
Train Cost Diff = 0.031026237
TSC Score = 0.006834209832343618
(368, 115155034000.0, 128249010000.0, 4.5603225e-05, 144, array([  1,  53, 144, 144,   1], dtype=int32))
Train Cost Diff = 0.011844214
TSC Score = 0.0068743986640341075
(369, 116518950000.0, 129767780000.0, 4.614336e-05, 144, array([  1,  53, 144, 144,   1], dtype=int32))
Train Cost Diff = 0.019398855
TSC Score = 0.006938081227719518
(370, 118779280000.0, 132275540000.0, 4.7038488e-05, 144, array([  1,  53, 144, 144,   1], dtype=int32))
Train Cost Diff = 0.012280275
TSC Score = 0.006897444766723121
(371, 117320655000.0, 130659110000.0, 4.6460842e-05, 144, array([  1,  53, 144, 144,   1], dtype=int32))
Train Cost Diff = 0.020069832
TSC Score = 0.006828832795129993
(372, 114966040000.0, 128039550000.0, 4.552838e-05, 144, array([  1,  53, 144, 144,   1], dtype=int32))
Train Cost Diff = 0.0042186235
TSC Score = 0.006842730020747389
(373, 115451036000.0, 128577560000.0, 4.5720448e-05, 144, array([  1,  53, 144, 144,   1], dtype=int32))
Train Cost Diff = 0.009791335
TSC Score = 0.006876346151386512
(374, 116581460000.0, 129838490000.0, 4.6168112e-05, 144, array([  1,  53, 144, 144,   1], dtype=int32))
Train Cost Diff = 0.007879379
TSC Score = 0.006848653625759384
(375, 115662870000.0, 128812515000.0, 4.5804336e-05, 144, array([  1,  53, 144, 144,   1], dtype=int32))
Train Cost Diff = 0.009832653
TSC Score = 0.006816574404518648
(376, 114525590000.0, 127551650000.0, 4.5353958e-05, 144, array([  1,  53, 144, 144,   1], dtype=int32))
Train Cost Diff = 0.003376969
TSC Score = 0.006827534331061848
(377, 114912340000.0, 127980570000.0, 4.5507117e-05, 144, array([  1,  53, 144, 144,   1], dtype=int32))
Train Cost Diff = 0.002798807
TSC Score = 0.00683660044940167
(378, 115233960000.0, 128336930000.0, 4.5634482e-05, 144, array([  1,  53, 144, 144,   1], dtype=int32))
Train Cost Diff = 0.006148242
TSC Score = 0.006816579951095369
(379, 114525490000.0, 127551640000.0, 4.535391e-05, 144, array([  1,  53, 144, 144,   1], dtype=int32))
Train Cost Diff = 0.003548067
TSC Score = 0.006804340158231959
(380, 114119130000.0, 127098540000.0, 4.5192992e-05, 144, array([  1,  53, 144, 144,   1], dtype=int32))
Train Cost Diff = 0.0021946372
TSC Score = 0.00681175665271828
(381, 114369590000.0, 127378170000.0, 4.5292174e-05, 144, array([  1,  53, 144, 144,   1], dtype=int32))
Train Cost Diff = 0.0009119009
TSC Score = 0.0068090059990394206
(382, 114265290000.0, 127262390000.0, 4.5250872e-05, 144, array([  1,  53, 144, 144,   1], dtype=int32))
Train Cost Diff = 0.003635738
TSC Score = 0.006796445217565088
(383, 113849860000.0, 126799220000.0, 4.508635e-05, 144, array([  1,  53, 144, 144,   1], dtype=int32))
Train Cost Diff = 0.00087095855
TSC Score = 0.006793942728175114
(384, 113750700000.0, 126690470000.0, 4.5047083e-05, 144, array([  1,  53, 144, 144,   1], dtype=int32))
Train Cost Diff = 0.00022346147
TSC Score = 0.0067947728894456345
(385, 113776116000.0, 126718770000.0, 4.505715e-05, 144, array([  1,  53, 144, 144,   1], dtype=int32))
Train Cost Diff = 0.0014526191
TSC Score = 0.006789396435703814
(386, 113610840000.0, 126533616000.0, 4.49917e-05, 144, array([  1,  53, 144, 144,   1], dtype=int32))
Train Cost Diff = 0.001857167
TSC Score = 0.006784047032351357
(387, 113399850000.0, 126301910000.0, 4.490814e-05, 144, array([  1,  53, 144, 144,   1], dtype=int32))
Train Cost Diff = 0.00071336824
TSC Score = 0.006781202025279154
(388, 113318950000.0, 126210180000.0, 4.4876106e-05, 144, array([  1,  53, 144, 144,   1], dtype=int32))
Train Cost Diff = 0.00043046667
TSC Score = 0.006779649745135287
(389, 113270160000.0, 126155500000.0, 4.4856788e-05, 144, array([  1,  53, 144, 144,   1], dtype=int32))
Train Cost Diff = 0.0012673012
TSC Score = 0.006776102791001369
(390, 113126620000.0, 125998410000.0, 4.479994e-05, 144, array([  1,  53, 144, 144,   1], dtype=int32))
Train Cost Diff = 0.0011474265
TSC Score = 0.006771707507259784
(391, 112996810000.0, 125852060000.0, 4.4748536e-05, 144, array([  1,  53, 144, 144,   1], dtype=int32))
Train Cost Diff = 0.00053908885
TSC Score = 0.00677001270042197
(392, 112935895000.0, 125784800000.0, 4.4724413e-05, 144, array([  1,  53, 144, 144,   1], dtype=int32))
Train Cost Diff = 0.00081155036
TSC Score = 0.006767881466167286
(393, 112844250000.0, 125685040000.0, 4.4688117e-05, 144, array([  1,  53, 144, 144,   1], dtype=int32))
Train Cost Diff = 0.000979422
TSC Score = 0.006763933685961331
(394, 112733720000.0, 125559670000.0, 4.464435e-05, 144, array([  1,  53, 144, 144,   1], dtype=int32))
Train Cost Diff = 0.00078538136
TSC Score = 0.006761714134429878
(395, 112645186000.0, 125461980000.0, 4.4609285e-05, 144, array([  1,  53, 144, 144,   1], dtype=int32))
Train Cost Diff = 0.0007242638
TSC Score = 0.0067595494333070535
(396, 112563600000.0, 125372560000.0, 4.4576977e-05, 144, array([  1,  53, 144, 144,   1], dtype=int32))
Train Cost Diff = 0.00073727523
TSC Score = 0.006756568481633577
(397, 112480610000.0, 125278380000.0, 4.454411e-05, 144, array([  1,  53, 144, 144,   1], dtype=int32))
Train Cost Diff = 0.0008827859
TSC Score = 0.006754122741356307
(398, 112381320000.0, 125169610000.0, 4.4504788e-05, 144, array([  1,  53, 144, 144,   1], dtype=int32))
Train Cost Diff = 0.0007693702
TSC Score = 0.006751594197325613
(399, 112294855000.0, 125073480000.0, 4.4470547e-05, 144, array([  1,  53, 144, 144,   1], dtype=int32))
Train Cost Diff = 0.00057035475
TSC Score = 0.006749260522071324
(400, 112230800000.0, 125001100000.0, 4.4445183e-05, 144, array([  1,  53, 144, 144,   1], dtype=int32))
Train Cost Diff = 0.0008106737
TSC Score = 0.00674727606868706
(401, 112139820000.0, 124902140000.0, 4.4409153e-05, 144, array([  1,  53, 144, 144,   1], dtype=int32))
Train Cost Diff = 0.0008625312
TSC Score = 0.006743878842773286
(402, 112043110000.0, 124792710000.0, 4.437085e-05, 144, array([  1,  53, 144, 144,   1], dtype=int32))
Train Cost Diff = 0.0005879524
TSC Score = 0.006742198925905555
(403, 111977220000.0, 124720660000.0, 4.434476e-05, 144, array([  1,  53, 144, 144,   1], dtype=int32))
Train Cost Diff = 0.0006819863
TSC Score = 0.006740024535325635
(404, 111900850000.0, 124635860000.0, 4.4314518e-05, 144, array([  1,  53, 144, 144,   1], dtype=int32))
Train Cost Diff = 0.0008048546
TSC Score = 0.006737192841484945
(405, 111810790000.0, 124535070000.0, 4.427885e-05, 144, array([  1,  53, 144, 144,   1], dtype=int32))
Train Cost Diff = 0.00061505457
TSC Score = 0.006735344465791723
(406, 111742030000.0, 124459440000.0, 4.4251618e-05, 144, array([  1,  53, 144, 144,   1], dtype=int32))
Train Cost Diff = 0.00061280234
TSC Score = 0.0067333506073239315
(407, 111673550000.0, 124382880000.0, 4.42245e-05, 144, array([  1,  53, 144, 144,   1], dtype=int32))
Train Cost Diff = 0.0007106581
TSC Score = 0.006730822360475216
(408, 111594180000.0, 124294820000.0, 4.419307e-05, 144, array([  1,  53, 144, 144,   1], dtype=int32))
Train Cost Diff = 0.00061937654
TSC Score = 0.006729090143925976
(409, 111525070000.0, 124218980000.0, 4.41657e-05, 144, array([  1,  53, 144, 144,   1], dtype=int32))
Train Cost Diff = 0.00059422536
TSC Score = 0.0067269413790091576
(410, 111458796000.0, 124144820000.0, 4.4139455e-05, 144, array([  1,  53, 144, 144,   1], dtype=int32))
Train Cost Diff = 0.0006414757
TSC Score = 0.006724893207446995
(411, 111387296000.0, 124065400000.0, 4.411114e-05, 144, array([  1,  53, 144, 144,   1], dtype=int32))
Train Cost Diff = 0.0005686514
TSC Score = 0.0067230613797122475
(412, 111323955000.0, 123995330000.0, 4.4086057e-05, 144, array([  1,  53, 144, 144,   1], dtype=int32))
Train Cost Diff = 0.00051484193
TSC Score = 0.006721411717339342
(413, 111266650000.0, 123931500000.0, 4.406336e-05, 144, array([  1,  53, 144, 144,   1], dtype=int32))
Train Cost Diff = 0.0005837165
TSC Score = 0.006719357979099387
(414, 111201690000.0, 123858920000.0, 4.403764e-05, 144, array([  1,  53, 144, 144,   1], dtype=int32))
Train Cost Diff = 0.00061916694
TSC Score = 0.006717563439229013
(415, 111132850000.0, 123783350000.0, 4.4010372e-05, 144, array([  1,  53, 144, 144,   1], dtype=int32))
Train Cost Diff = 0.0006207905
TSC Score = 0.006715335925411693
(416, 111063850000.0, 123705880000.0, 4.398305e-05, 144, array([  1,  53, 144, 144,   1], dtype=int32))
Train Cost Diff = 0.00070868665
TSC Score = 0.00671313847543881
(417, 110985140000.0, 123618845000.0, 4.395188e-05, 144, array([  1,  53, 144, 144,   1], dtype=int32))
Train Cost Diff = 0.00069503527
TSC Score = 0.006710858813275873
(418, 110908010000.0, 123533140000.0, 4.3921333e-05, 144, array([  1,  53, 144, 144,   1], dtype=int32))
Train Cost Diff = 0.0005112232
TSC Score = 0.006709152392620125
(419, 110851300000.0, 123469940000.0, 4.389888e-05, 144, array([  1,  53, 144, 144,   1], dtype=int32))
Train Cost Diff = 0.00036919385
TSC Score = 0.006708007809753892
(420, 110810374000.0, 123425100000.0, 4.3882672e-05, 144, array([  1,  53, 144, 144,   1], dtype=int32))
Train Cost Diff = 0.00039229417
TSC Score = 0.0067066568141166275
(421, 110766910000.0, 123376460000.0, 4.3865457e-05, 144, array([  1,  53, 144, 144,   1], dtype=int32))
Train Cost Diff = 0.00046426977
TSC Score = 0.006705191254463128
(422, 110715480000.0, 123319470000.0, 4.384509e-05, 144, array([  1,  53, 144, 144,   1], dtype=int32))
Train Cost Diff = 0.00047220194
TSC Score = 0.0067036444472309
(423, 110663200000.0, 123261410000.0, 4.3824388e-05, 144, array([  1,  53, 144, 144,   1], dtype=int32))
Train Cost Diff = 0.0004774058
TSC Score = 0.006701974900331444
(424, 110610375000.0, 123201900000.0, 4.3803466e-05, 144, array([  1,  53, 144, 144,   1], dtype=int32))
Train Cost Diff = 0.00042481255
TSC Score = 0.006700854185969556
(425, 110563390000.0, 123151020000.0, 4.3784858e-05, 144, array([  1,  53, 144, 144,   1], dtype=int32))
Train Cost Diff = 0.0003001955
TSC Score = 0.00669955059639224
(426, 110530190000.0, 123113005000.0, 4.3771714e-05, 144, array([  1,  53, 144, 144,   1], dtype=int32))
Train Cost Diff = 0.00021127211
TSC Score = 0.00669928842147339
(427, 110506840000.0, 123088530000.0, 4.3762466e-05, 144, array([  1,  53, 144, 144,   1], dtype=int32))
Train Cost Diff = 0.0003561294
TSC Score = 0.006697755296144684
(428, 110467470000.0, 123043350000.0, 4.374688e-05, 144, array([  1,  53, 144, 144,   1], dtype=int32))
Train Cost Diff = 0.00064856274
TSC Score = 0.0066958935114208645
(429, 110395840000.0, 122964860000.0, 4.3718508e-05, 144, array([  1,  53, 144, 144,   1], dtype=int32))
Train Cost Diff = 0.0007727224
TSC Score = 0.006693268403414219
(430, 110310520000.0, 122869700000.0, 4.3684726e-05, 144, array([  1,  53, 144, 144,   1], dtype=int32))
Train Cost Diff = 0.0007212712
TSC Score = 0.006690837994512755
(431, 110230970000.0, 122780790000.0, 4.3653217e-05, 144, array([  1,  53, 144, 144,   1], dtype=int32))
Train Cost Diff = 0.000696457
TSC Score = 0.006688881776624567
(432, 110154200000.0, 122696940000.0, 4.3622815e-05, 144, array([  1,  53, 144, 144,   1], dtype=int32))
Train Cost Diff = 0.00068685145
TSC Score = 0.0066861694142431516
(433, 110078540000.0, 122611250000.0, 4.3592852e-05, 144, array([  1,  53, 144, 144,   1], dtype=int32))
Train Cost Diff = 0.0006899941
TSC Score = 0.006684492968772582
(434, 110002586000.0, 122528915000.0, 4.3562773e-05, 144, array([  1,  53, 144, 144,   1], dtype=int32))
Train Cost Diff = 0.00071969937
TSC Score = 0.006681672760478952
(435, 109923430000.0, 122439070000.0, 4.353142e-05, 144, array([  1,  53, 144, 144,   1], dtype=int32))
Train Cost Diff = 0.00068578636
TSC Score = 0.006679652997047536
(436, 109848035000.0, 122355974000.0, 4.3501568e-05, 144, array([  1,  53, 144, 144,   1], dtype=int32))
Train Cost Diff = 0.00055203296
TSC Score = 0.006677985481181137
(437, 109787400000.0, 122289390000.0, 4.3477554e-05, 144, array([  1,  53, 144, 144,   1], dtype=int32))
Train Cost Diff = 0.00042448263
TSC Score = 0.006676183591548651
(438, 109740800000.0, 122235625000.0, 4.34591e-05, 144, array([  1,  53, 144, 144,   1], dtype=int32))
Train Cost Diff = 0.00041830092
TSC Score = 0.006675438475836562
(439, 109694890000.0, 122187020000.0, 4.344092e-05, 144, array([  1,  53, 144, 144,   1], dtype=int32))
Train Cost Diff = 0.0005157044
TSC Score = 0.00667317405464209
(440, 109638300000.0, 122121700000.0, 4.3418517e-05, 144, array([  1,  53, 144, 144,   1], dtype=int32))
Train Cost Diff = 0.0005722765
TSC Score = 0.006671767744158815
(441, 109575570000.0, 122053770000.0, 4.339367e-05, 144, array([  1,  53, 144, 144,   1], dtype=int32))
Train Cost Diff = 0.00057604146
TSC Score = 0.006669622348706285
(442, 109512460000.0, 121982950000.0, 4.3368673e-05, 144, array([  1,  53, 144, 144,   1], dtype=int32))
Train Cost Diff = 0.0005561572
TSC Score = 0.006667931073770679
(443, 109451540000.0, 121915980000.0, 4.3344553e-05, 144, array([  1,  53, 144, 144,   1], dtype=int32))
Train Cost Diff = 0.00049989676
TSC Score = 0.0066663293735556494
(444, 109396830000.0, 121854920000.0, 4.3322885e-05, 144, array([  1,  53, 144, 144,   1], dtype=int32))
Train Cost Diff = 0.00039719514
TSC Score = 0.006664982019672682
(445, 109353370000.0, 121806600000.0, 4.3305678e-05, 144, array([  1,  53, 144, 144,   1], dtype=int32))
Train Cost Diff = 0.00031368205
TSC Score = 0.006664031074905531
(446, 109319080000.0, 121768665000.0, 4.3292093e-05, 144, array([  1,  53, 144, 144,   1], dtype=int32))
Train Cost Diff = 0.00027445285
TSC Score = 0.006663156987882435
(447, 109289080000.0, 121735184000.0, 4.328021e-05, 144, array([  1,  53, 144, 144,   1], dtype=int32))
Train Cost Diff = 0.00024065348
TSC Score = 0.006662247102730059
(448, 109262774000.0, 121705330000.0, 4.3269796e-05, 144, array([  1,  53, 144, 144,   1], dtype=int32))
Train Cost Diff = 0.00021649733
TSC Score = 0.00666178625455626
(449, 109239120000.0, 121680260000.0, 4.326043e-05, 144, array([  1,  53, 144, 144,   1], dtype=int32))
Train Cost Diff = 0.00016272352
TSC Score = 0.0066609327025928585
(450, 109221350000.0, 121659425000.0, 4.325339e-05, 144, array([  1,  53, 144, 144,   1], dtype=int32))
Train Cost Diff = 8.7556975e-05
TSC Score = 0.00666104250134611
(451, 109211780000.0, 121650405000.0, 4.32496e-05, 144, array([  1,  53, 144, 144,   1], dtype=int32))
Train Cost Diff = 5.8881124e-06
TSC Score = 0.006660626639358699
(452, 109211130000.0, 121647950000.0, 4.3249347e-05, 144, array([  1,  53, 144, 144,   1], dtype=int32))
Train Cost Diff = 3.448772e-05
TSC Score = 0.0066611383074003
(453, 109214900000.0, 121653840000.0, 4.325084e-05, 144, array([  1,  53, 144, 144,   1], dtype=int32))
Train Cost Diff = 6.7963694e-05
TSC Score = 0.0066609506827692575
(454, 109222330000.0, 121660195000.0, 4.3253778e-05, 144, array([  1,  53, 144, 144,   1], dtype=int32))
Train Cost Diff = 0.0001309558
TSC Score = 0.006661781624748188
(455, 109236625000.0, 121677660000.0, 4.3259442e-05, 144, array([  1,  53, 144, 144,   1], dtype=int32))
Train Cost Diff = 0.00030712134
TSC Score = 0.006662368005815391
(456, 109270170000.0, 121713670000.0, 4.327273e-05, 144, array([  1,  53, 144, 144,   1], dtype=int32))
Train Cost Diff = 0.00048265126
TSC Score = 0.00666436705704129
(457, 109322930000.0, 121773830000.0, 4.3293614e-05, 144, array([  1,  53, 144, 144,   1], dtype=int32))
Train Cost Diff = 0.0005363659
TSC Score = 0.006665580014424098
(458, 109381550000.0, 121837120000.0, 4.3316835e-05, 144, array([  1,  53, 144, 144,   1], dtype=int32))
Train Cost Diff = 0.00041480357
TSC Score = 0.006667528927860445
(459, 109426926000.0, 121889630000.0, 4.3334803e-05, 144, array([  1,  53, 144, 144,   1], dtype=int32))
Train Cost Diff = 0.00018141705
TSC Score = 0.006667395654472899
(460, 109446780000.0, 121909250000.0, 4.3342665e-05, 144, array([  1,  53, 144, 144,   1], dtype=int32))
Train Cost Diff = 8.150116e-05
TSC Score = 0.0066679069227453475
(461, 109437870000.0, 121902170000.0, 4.3339132e-05, 144, array([  1,  53, 144, 144,   1], dtype=int32))
Train Cost Diff = 0.00041106457
TSC Score = 0.006665762813392035
(462, 109392870000.0, 121849040000.0, 4.3321317e-05, 144, array([  1,  53, 144, 144,   1], dtype=int32))
Train Cost Diff = 0.0008397664
TSC Score = 0.006663743369299763
(463, 109301000000.0, 121749790000.0, 4.3284937e-05, 144, array([  1,  53, 144, 144,   1], dtype=int32))
Train Cost Diff = 0.0013396287
TSC Score = 0.006658883605438121
(464, 109154580000.0, 121584890000.0, 4.322695e-05, 144, array([  1,  53, 144, 144,   1], dtype=int32))
Train Cost Diff = 0.0017457302
TSC Score = 0.006653532920020473
(465, 108964040000.0, 121374650000.0, 4.315149e-05, 144, array([  1,  53, 144, 144,   1], dtype=int32))
Train Cost Diff = 0.0019649465
TSC Score = 0.006647092819191226
(466, 108749914000.0, 121136200000.0, 4.30667e-05, 144, array([  1,  53, 144, 144,   1], dtype=int32))
Train Cost Diff = 0.0020159513
TSC Score = 0.006640486061707056
(467, 108530690000.0, 120892465000.0, 4.297988e-05, 144, array([  1,  53, 144, 144,   1], dtype=int32))
Train Cost Diff = 0.0019436749
TSC Score = 0.006634317107024373
(468, 108319736000.0, 120658450000.0, 4.289634e-05, 144, array([  1,  53, 144, 144,   1], dtype=int32))
Train Cost Diff = 0.0017310284
TSC Score = 0.006628645611419908
(469, 108132240000.0, 120449930000.0, 4.2822085e-05, 144, array([  1,  53, 144, 144,   1], dtype=int32))
Train Cost Diff = 0.0014098393
TSC Score = 0.006624066724119285
(470, 107979784000.0, 120280580000.0, 4.2761712e-05, 144, array([  1,  53, 144, 144,   1], dtype=int32))
Train Cost Diff = 0.0010391986
TSC Score = 0.006620827465476301
(471, 107867570000.0, 120156774000.0, 4.2717274e-05, 144, array([  1,  53, 144, 144,   1], dtype=int32))
Train Cost Diff = 0.0007127385
TSC Score = 0.006618395927136686
(472, 107790705000.0, 120070460000.0, 4.268683e-05, 144, array([  1,  53, 144, 144,   1], dtype=int32))
Train Cost Diff = 0.00046779923
TSC Score = 0.00661696660331907
(473, 107740275000.0, 120014640000.0, 4.266686e-05, 144, array([  1,  53, 144, 144,   1], dtype=int32))
Train Cost Diff = 0.00027463774
TSC Score = 0.0066161060787315856
(474, 107710685000.0, 119981770000.0, 4.265514e-05, 144, array([  1,  53, 144, 144,   1], dtype=int32))
Train Cost Diff = 0.000114200855
TSC Score = 0.0066156240534697005
(475, 107698370000.0, 119967695000.0, 4.265027e-05, 144, array([  1,  53, 144, 144,   1], dtype=int32))
Train Cost Diff = 2.2348051e-05
TSC Score = 0.006615889148079629
(476, 107700780000.0, 119970980000.0, 4.2651223e-05, 144, array([  1,  53, 144, 144,   1], dtype=int32))
Train Cost Diff = 0.00013050289
TSC Score = 0.006616075026375507
(477, 107714850000.0, 119985630000.0, 4.265679e-05, 144, array([  1,  53, 144, 144,   1], dtype=int32))
Train Cost Diff = 0.0002209731
TSC Score = 0.006617023236673898
(478, 107738644000.0, 120013234000.0, 4.2666215e-05, 144, array([  1,  53, 144, 144,   1], dtype=int32))
Train Cost Diff = 0.00035811734
TSC Score = 0.006617947101928188
(479, 107777210000.0, 120054874000.0, 4.2681495e-05, 144, array([  1,  53, 144, 144,   1], dtype=int32))
Train Cost Diff = 0.0005604235
TSC Score = 0.006619927494827373
(480, 107837630000.0, 120122696000.0, 4.2705415e-05, 144, array([  1,  53, 144, 144,   1], dtype=int32))
Train Cost Diff = 0.0008612483
TSC Score = 0.006622493089803518
(481, 107930500000.0, 120225150000.0, 4.2742195e-05, 144, array([  1,  53, 144, 144,   1], dtype=int32))
Train Cost Diff = 0.0012356066
TSC Score = 0.006626669070730571
(482, 108063850000.0, 120374420000.0, 4.2795007e-05, 144, array([  1,  53, 144, 144,   1], dtype=int32))
Train Cost Diff = 0.0016667797
TSC Score = 0.006631823145009321
(483, 108243980000.0, 120573840000.0, 4.2866337e-05, 144, array([  1,  53, 144, 144,   1], dtype=int32))
Train Cost Diff = 0.0021092235
TSC Score = 0.006638858243021779
(484, 108472290000.0, 120828264000.0, 4.295675e-05, 144, array([  1,  53, 144, 144,   1], dtype=int32))
Train Cost Diff = 0.002450232
TSC Score = 0.00664647565563651
(485, 108738070000.0, 121122160000.0, 4.3062006e-05, 144, array([  1,  53, 144, 144,   1], dtype=int32))
Train Cost Diff = 0.0025581252
TSC Score = 0.0066550864304706445
(486, 109016230000.0, 121432700000.0, 4.3172164e-05, 144, array([  1,  53, 144, 144,   1], dtype=int32))
Train Cost Diff = 0.0021318651
TSC Score = 0.006661641180291034
(487, 109248650000.0, 121689465000.0, 4.32642e-05, 144, array([  1,  53, 144, 144,   1], dtype=int32))
Train Cost Diff = 0.001056055
TSC Score = 0.006665373205052488
(488, 109364010000.0, 121818690000.0, 4.330989e-05, 144, array([  1,  53, 144, 144,   1], dtype=int32))
Train Cost Diff = 0.0006876982
TSC Score = 0.006662964954718393
(489, 109288800000.0, 121734560000.0, 4.3280106e-05, 144, array([  1,  53, 144, 144,   1], dtype=int32))
Train Cost Diff = 0.0026546756
TSC Score = 0.006654376410523024
(490, 108998680000.0, 121412170000.0, 4.316521e-05, 144, array([  1,  53, 144, 144,   1], dtype=int32))
Train Cost Diff = 0.0042931563
TSC Score = 0.006640648744692924
(491, 108530740000.0, 120893160000.0, 4.2979897e-05, 144, array([  1,  53, 144, 144,   1], dtype=int32))
Train Cost Diff = 0.00494294
TSC Score = 0.006624291737077632
(492, 107994280000.0, 120295890000.0, 4.276745e-05, 144, array([  1,  53, 144, 144,   1], dtype=int32))
Train Cost Diff = 0.0043033976
TSC Score = 0.006610858932316883
(493, 107529540000.0, 119781360000.0, 4.2583404e-05, 144, array([  1,  53, 144, 144,   1], dtype=int32))
Train Cost Diff = 0.0024870064
TSC Score = 0.006602358541381983
(494, 107262116000.0, 119482245000.0, 4.24775e-05, 144, array([  1,  53, 144, 144,   1], dtype=int32))
Train Cost Diff = 9.3781106e-05
TSC Score = 0.006602439778782368
(495, 107252050000.0, 119472290000.0, 4.2473515e-05, 144, array([  1,  53, 144, 144,   1], dtype=int32))
Train Cost Diff = 0.0022936985
TSC Score = 0.006609482909264041
(496, 107498050000.0, 119744840000.0, 4.2570937e-05, 144, array([  1,  53, 144, 144,   1], dtype=int32))
Train Cost Diff = 0.0042578885
TSC Score = 0.006623420107218474
(497, 107955765000.0, 120254230000.0, 4.27522e-05, 144, array([  1,  53, 144, 144,   1], dtype=int32))
Train Cost Diff = 0.0058362093
TSC Score = 0.006642082696109564
(498, 108585820000.0, 120953420000.0, 4.300171e-05, 144, array([  1,  53, 144, 144,   1], dtype=int32))
Train Cost Diff = 0.007234045
TSC Score = 0.006665698507984416
(499, 109371330000.0, 121827250000.0, 4.3312786e-05, 144, array([  1,  53, 144, 144,   1], dtype=int32))
SSIM Index = 0.9990311200046929
