Subject Path: /work/pl/sch/analysis/data/COBRE001/swaAMAYER+cobre01_63001+M87100944+20110309at135133+RSTpre_V01_R01+CM.nii
(0, 94800770000000.0, 979156850000000.0, 0.3375177, 144, array([  1,  53, 144, 144,   1], dtype=int32))
(1, 86212740000000.0, 896570600000000.0, 0.30694187, 144, array([  1,  53, 144, 144,   1], dtype=int32))
Train Cost Diff = 0.09831998
TSC Score = 0.5397035569040978
(2, 77736300000000.0, 813529600000000.0, 0.27676335, 144, array([  1,  53, 144, 144,   1], dtype=int32))
Train Cost Diff = 0.108345784
TSC Score = 0.5112162858431101
(3, 69313900000000.0, 729480400000000.0, 0.2467772, 144, array([  1,  53, 144, 144,   1], dtype=int32))
Train Cost Diff = 0.11935815
TSC Score = 0.4811142782640613
(4, 61040725000000.0, 645746100000000.0, 0.21732233, 144, array([  1,  53, 144, 144,   1], dtype=int32))
Train Cost Diff = 0.13023078
TSC Score = 0.4499024655921696
(5, 53091340000000.0, 564389900000000.0, 0.18902028, 144, array([  1,  53, 144, 144,   1], dtype=int32))
Train Cost Diff = 0.13985723
TSC Score = 0.41830241210562646
(6, 45666140000000.0, 487653540000000.0, 0.16258442, 144, array([  1,  53, 144, 144,   1], dtype=int32))
Train Cost Diff = 0.14519621
TSC Score = 0.3875213943257082
(7, 39035580000000.0, 418354800000000.0, 0.13897778, 144, array([  1,  53, 144, 144,   1], dtype=int32))
Train Cost Diff = 0.14146857
TSC Score = 0.3593580940164973
(8, 33513277000000.0, 359680700000000.0, 0.119316794, 144, array([  1,  53, 144, 144,   1], dtype=int32))
Train Cost Diff = 0.12534359
TSC Score = 0.3357030216889765
(9, 29312600000000.0, 313933420000000.0, 0.1043612, 144, array([  1,  53, 144, 144,   1], dtype=int32))
Train Cost Diff = 0.09948253
TSC Score = 0.31754884372576464
(10, 26396508000000.0, 281060610000000.0, 0.09397908, 144, array([  1,  53, 144, 144,   1], dtype=int32))
Train Cost Diff = 0.073822275
TSC Score = 0.30425218290528827
(11, 24447862000000.0, 258232960000000.0, 0.08704133, 144, array([  1,  53, 144, 144,   1], dtype=int32))
Train Cost Diff = 0.05923061
TSC Score = 0.29383677846561806
(12, 22999795000000.0, 241051840000000.0, 0.08188582, 144, array([  1,  53, 144, 144,   1], dtype=int32))
Train Cost Diff = 0.060209204
TSC Score = 0.2839664453553192
(13, 21614998000000.0, 225263430000000.0, 0.07695554, 144, array([  1,  53, 144, 144,   1], dtype=int32))
Train Cost Diff = 0.07223125
TSC Score = 0.2731125995772637
(14, 20053720000000.0, 208431930000000.0, 0.07139695, 144, array([  1,  53, 144, 144,   1], dtype=int32))
Train Cost Diff = 0.08719765
TSC Score = 0.26098777469040024
(15, 18305081000000.0, 190326740000000.0, 0.0651713, 144, array([  1,  53, 144, 144,   1], dtype=int32))
Train Cost Diff = 0.1008452
TSC Score = 0.24792748890113547
(16, 16459104000000.0, 171693100000000.0, 0.05859909, 144, array([  1,  53, 144, 144,   1], dtype=int32))
Train Cost Diff = 0.10985353
TSC Score = 0.23467061529034608
(17, 14651012000000.0, 153725540000000.0, 0.05216177, 144, array([  1,  53, 144, 144,   1], dtype=int32))
Train Cost Diff = 0.112307474
TSC Score = 0.22205783900655873
(18, 13005595000000.0, 137532210000000.0, 0.046303615, 144, array([  1,  53, 144, 144,   1], dtype=int32))
Train Cost Diff = 0.10941474
TSC Score = 0.21062322076243747
(19, 11582591000000.0, 123615670000000.0, 0.041237317, 144, array([  1,  53, 144, 144,   1], dtype=int32))
Train Cost Diff = 0.10312706
TSC Score = 0.20055942055835177
(20, 10388113000000.0, 111968110000000.0, 0.036984634, 144, array([  1,  53, 144, 144,   1], dtype=int32))
Train Cost Diff = 0.095176995
TSC Score = 0.19182382910593768
(21, 9399404000000.0, 102320675000000.0, 0.033464547, 144, array([  1,  53, 144, 144,   1], dtype=int32))
Train Cost Diff = 0.0870764
TSC Score = 0.18423255184185464
(22, 8580935700000.0, 94291670000000.0, 0.030550575, 144, array([  1,  53, 144, 144,   1], dtype=int32))
Train Cost Diff = 0.080166556
TSC Score = 0.17752119804394592
(23, 7893031600000.0, 87472320000000.0, 0.02810144, 144, array([  1,  53, 144, 144,   1], dtype=int32))
Train Cost Diff = 0.07560659
TSC Score = 0.17137874403942877
(24, 7296267000000.0, 81464935000000.0, 0.025976786, 144, array([  1,  53, 144, 144,   1], dtype=int32))
Train Cost Diff = 0.073818415
TSC Score = 0.16551652604294173
(25, 6757668000000.0, 75939490000000.0, 0.024059221, 144, array([  1,  53, 144, 144,   1], dtype=int32))
Train Cost Diff = 0.07437823
TSC Score = 0.15972874481518592
(26, 6255044700000.0, 70682360000000.0, 0.022269739, 144, array([  1,  53, 144, 144,   1], dtype=int32))
Train Cost Diff = 0.07657711
TSC Score = 0.15389909391601908
(27, 5776051500000.0, 65586277000000.0, 0.020564387, 144, array([  1,  53, 144, 144,   1], dtype=int32))
Train Cost Diff = 0.07976082
TSC Score = 0.14797830517008442
(28, 5315349000000.0, 60613330000000.0, 0.018924154, 144, array([  1,  53, 144, 144,   1], dtype=int32))
Train Cost Diff = 0.08337838
TSC Score = 0.14196543341810008
(29, 4872163300000.0, 55768733000000.0, 0.017346289, 144, array([  1,  53, 144, 144,   1], dtype=int32))
Train Cost Diff = 0.08694615
TSC Score = 0.1358970768061633
(30, 4448548000000.0, 51086455000000.0, 0.015838096, 144, array([  1,  53, 144, 144,   1], dtype=int32))
Train Cost Diff = 0.09007201
TSC Score = 0.12983514137865354
(31, 4047858000000.0, 46618330000000.0, 0.014411527, 144, array([  1,  53, 144, 144,   1], dtype=int32))
Train Cost Diff = 0.09242013
TSC Score = 0.1238568917482612
(32, 3673755000000.0, 42412982000000.0, 0.013079612, 144, array([  1,  53, 144, 144,   1], dtype=int32))
Train Cost Diff = 0.09360013
TSC Score = 0.11804849090105358
(33, 3329891000000.0, 38520207000000.0, 0.011855358, 144, array([  1,  53, 144, 144,   1], dtype=int32))
Train Cost Diff = 0.09320407
TSC Score = 0.11249778143200706
(34, 3019531400000.0, 34979270000000.0, 0.010750391, 144, array([  1,  53, 144, 144,   1], dtype=int32))
Train Cost Diff = 0.09090487
TSC Score = 0.10728946502100675
(35, 2745041400000.0, 31814119000000.0, 0.009773128, 144, array([  1,  53, 144, 144,   1], dtype=int32))
Train Cost Diff = 0.08653001
TSC Score = 0.102500289581509
(36, 2507512700000.0, 29039025000000.0, 0.008927459, 144, array([  1,  53, 144, 144,   1], dtype=int32))
Train Cost Diff = 0.080222845
TSC Score = 0.0981881176666081
(37, 2306353000000.0, 26652545000000.0, 0.008211273, 144, array([  1,  53, 144, 144,   1], dtype=int32))
Train Cost Diff = 0.07250305
TSC Score = 0.09437880207242554
(38, 2139135400000.0, 24633546000000.0, 0.0076159304, 144, array([  1,  53, 144, 144,   1], dtype=int32))
Train Cost Diff = 0.0643099
TSC Score = 0.0910577992995181
(39, 2001567700000.0, 22941010000000.0, 0.0071261507, 144, array([  1,  53, 144, 144,   1], dtype=int32))
Train Cost Diff = 0.0567474
TSC Score = 0.0881754795208061
(40, 1887983900000.0, 21523052000000.0, 0.00672176, 144, array([  1,  53, 144, 144,   1], dtype=int32))
Train Cost Diff = 0.05067943
TSC Score = 0.08566065946589521
(41, 1792302100000.0, 20323410000000.0, 0.006381105, 144, array([  1,  53, 144, 144,   1], dtype=int32))
Train Cost Diff = 0.04654887
TSC Score = 0.08343042775853049
(42, 1708872400000.0, 19287268000000.0, 0.006084072, 144, array([  1,  53, 144, 144,   1], dtype=int32))
Train Cost Diff = 0.044431936
TSC Score = 0.0814012709837925
(43, 1632944000000.0, 18366457000000.0, 0.005813745, 144, array([  1,  53, 144, 144,   1], dtype=int32))
Train Cost Diff = 0.043934997
TSC Score = 0.07950864741370549
(44, 1561200700000.0, 17525639000000.0, 0.005558318, 144, array([  1,  53, 144, 144,   1], dtype=int32))
Train Cost Diff = 0.044475816
TSC Score = 0.07771273460970553
(45, 1491765000000.0, 16742965000000.0, 0.0053111073, 144, array([  1,  53, 144, 144,   1], dtype=int32))
Train Cost Diff = 0.045565497
TSC Score = 0.07598750454555876
(46, 1423791900000.0, 16005217000000.0, 0.005069104, 144, array([  1,  53, 144, 144,   1], dtype=int32))
Train Cost Diff = 0.046765707
TSC Score = 0.07431655960054614
(47, 1357207300000.0, 15304386000000.0, 0.004832044, 144, array([  1,  53, 144, 144,   1], dtype=int32))
Train Cost Diff = 0.0477418
TSC Score = 0.07269367936343502
(48, 1292411700000.0, 14637149000000.0, 0.0046013533, 144, array([  1,  53, 144, 144,   1], dtype=int32))
Train Cost Diff = 0.048170537
TSC Score = 0.07112567518939186
(49, 1230155500000.0, 14005474000000.0, 0.0043797037, 144, array([  1,  53, 144, 144,   1], dtype=int32))
Train Cost Diff = 0.047643457
TSC Score = 0.06963161110047171
(50, 1171546700000.0, 13415901000000.0, 0.0041710394, 144, array([  1,  53, 144, 144,   1], dtype=int32))
Train Cost Diff = 0.046089537
TSC Score = 0.06823142083373297
(51, 1117550500000.0, 12874503000000.0, 0.003978798, 144, array([  1,  53, 144, 144,   1], dtype=int32))
Train Cost Diff = 0.04375191
TSC Score = 0.06693973181789813
(52, 1068655600000.0, 12384695000000.0, 0.0038047181, 144, array([  1,  53, 144, 144,   1], dtype=int32))
Train Cost Diff = 0.04102217
TSC Score = 0.06576165679548375
(53, 1024817200000.0, 11946096000000.0, 0.0036486404, 144, array([  1,  53, 144, 144,   1], dtype=int32))
Train Cost Diff = 0.038384598
TSC Score = 0.06468481606518992
(54, 985479900000.0, 11551997000000.0, 0.0035085888, 144, array([  1,  53, 144, 144,   1], dtype=int32))
Train Cost Diff = 0.036196236
TSC Score = 0.06368260082275531
(55, 949809300000.0, 11191455000000.0, 0.003381591, 144, array([  1,  53, 144, 144,   1], dtype=int32))
Train Cost Diff = 0.034617193
TSC Score = 0.06272631247905394
(56, 916929500000.0, 10853474000000.0, 0.0032645299, 144, array([  1,  53, 144, 144,   1], dtype=int32))
Train Cost Diff = 0.03358101
TSC Score = 0.061796022770665995
(57, 886138100000.0, 10530193000000.0, 0.0031549037, 144, array([  1,  53, 144, 144,   1], dtype=int32))
Train Cost Diff = 0.03291846
TSC Score = 0.06087963969292763
(58, 856967740000.0, 10217145000000.0, 0.003051049, 144, array([  1,  53, 144, 144,   1], dtype=int32))
Train Cost Diff = 0.032475192
TSC Score = 0.05996777489924071
(59, 829137600000.0, 9910989000000.0, 0.0029519657, 144, array([  1,  53, 144, 144,   1], dtype=int32))
Train Cost Diff = 0.032136917
TSC Score = 0.059053728199087226
(60, 802491700000.0, 9609524000000.0, 0.0028570986, 144, array([  1,  53, 144, 144,   1], dtype=int32))
Train Cost Diff = 0.031833217
TSC Score = 0.05813512794112963
(61, 776945800000.0, 9312053000000.0, 0.002766148, 144, array([  1,  53, 144, 144,   1], dtype=int32))
Train Cost Diff = 0.031476244
TSC Score = 0.05721434027771862
(62, 752490500000.0, 9019312000000.0, 0.00267908, 144, array([  1,  53, 144, 144,   1], dtype=int32))
Train Cost Diff = 0.030969374
TSC Score = 0.05629935427336392
(63, 729186300000.0, 8733717000000.0, 0.0025961106, 144, array([  1,  53, 144, 144,   1], dtype=int32))
Train Cost Diff = 0.030266156
TSC Score = 0.05540349382649816
(64, 707116600000.0, 8458911000000.0, 0.0025175363, 144, array([  1,  53, 144, 144,   1], dtype=int32))
Train Cost Diff = 0.029426964
TSC Score = 0.054539553649979006
(65, 686308400000.0, 8198177700000.0, 0.0024434528, 144, array([  1,  53, 144, 144,   1], dtype=int32))
Train Cost Diff = 0.028549105
TSC Score = 0.0537145995244399
(66, 666714800000.0, 7952984400000.0, 0.0023736944, 144, array([  1,  53, 144, 144,   1], dtype=int32))
Train Cost Diff = 0.027744155
TSC Score = 0.0529287678014739
(67, 648217400000.0, 7722831000000.0, 0.0023078383, 144, array([  1,  53, 144, 144,   1], dtype=int32))
Train Cost Diff = 0.02705827
TSC Score = 0.05217788446836817
(68, 630677770000.0, 7505964000000.0, 0.0022453922, 144, array([  1,  53, 144, 144,   1], dtype=int32))
Train Cost Diff = 0.026453134
TSC Score = 0.05145704288965312
(69, 613994300000.0, 7300631000000.0, 0.0021859945, 144, array([  1,  53, 144, 144,   1], dtype=int32))
Train Cost Diff = 0.025954291
TSC Score = 0.05076434959965156
(70, 598058530000.0, 7105878700000.0, 0.0021292586, 144, array([  1,  53, 144, 144,   1], dtype=int32))
Train Cost Diff = 0.025519907
TSC Score = 0.05010085004279866
(71, 582796200000.0, 6921674300000.0, 0.00207492, 144, array([  1,  53, 144, 144,   1], dtype=int32))
Train Cost Diff = 0.025109312
TSC Score = 0.04946525429322212
(72, 568162600000.0, 6747229000000.0, 0.0020228203, 144, array([  1,  53, 144, 144,   1], dtype=int32))
Train Cost Diff = 0.024714585
TSC Score = 0.04885527944028529
(73, 554120600000.0, 6581787000000.0, 0.0019728271, 144, array([  1,  53, 144, 144,   1], dtype=int32))
Train Cost Diff = 0.024354296
TSC Score = 0.048271028396853495
(74, 540625400000.0, 6424985000000.0, 0.0019247803, 144, array([  1,  53, 144, 144,   1], dtype=int32))
Train Cost Diff = 0.024057599
TSC Score = 0.04771027848003837
(75, 527619300000.0, 6276082000000.0, 0.0018784747, 144, array([  1,  53, 144, 144,   1], dtype=int32))
Train Cost Diff = 0.023704177
TSC Score = 0.0471697940434845
(76, 515112470000.0, 6134058500000.0, 0.001833947, 144, array([  1,  53, 144, 144,   1], dtype=int32))
Train Cost Diff = 0.023196073
TSC Score = 0.046648695089150274
(77, 503163900000.0, 5998613400000.0, 0.0017914067, 144, array([  1,  53, 144, 144,   1], dtype=int32))
Train Cost Diff = 0.022590883
TSC Score = 0.04614619414116039
(78, 491796960000.0, 5869577000000.0, 0.0017509372, 144, array([  1,  53, 144, 144,   1], dtype=int32))
Train Cost Diff = 0.021990253
TSC Score = 0.04566102428632315
(79, 480982240000.0, 5746244000000.0, 0.0017124336, 144, array([  1,  53, 144, 144,   1], dtype=int32))
Train Cost Diff = 0.021450821
TSC Score = 0.0451915936729886
(80, 470664740000.0, 5628201300000.0, 0.0016757005, 144, array([  1,  53, 144, 144,   1], dtype=int32))
Train Cost Diff = 0.020967396
TSC Score = 0.04473420996807442
(81, 460796130000.0, 5514476400000.0, 0.0016405655, 144, array([  1,  53, 144, 144,   1], dtype=int32))
Train Cost Diff = 0.020535538
TSC Score = 0.04428514069238919
(82, 451333460000.0, 5404083000000.0, 0.0016068756, 144, array([  1,  53, 144, 144,   1], dtype=int32))
Train Cost Diff = 0.020149741
TSC Score = 0.04384365524687839
(83, 442239200000.0, 5296742000000.0, 0.0015744974, 144, array([  1,  53, 144, 144,   1], dtype=int32))
Train Cost Diff = 0.019796627
TSC Score = 0.043409682223609046
(84, 433484400000.0, 5192375300000.0, 0.0015433277, 144, array([  1,  53, 144, 144,   1], dtype=int32))
Train Cost Diff = 0.019468008
TSC Score = 0.0429831939969218
(85, 425045260000.0, 5090908300000.0, 0.0015132822, 144, array([  1,  53, 144, 144,   1], dtype=int32))
Train Cost Diff = 0.01916602
TSC Score = 0.04256388951829337
(86, 416898880000.0, 4992164000000.0, 0.0014842786, 144, array([  1,  53, 144, 144,   1], dtype=int32))
Train Cost Diff = 0.018886017
TSC Score = 0.04215010105288441
(87, 409025300000.0, 4895766000000.0, 0.0014562465, 144, array([  1,  53, 144, 144,   1], dtype=int32))
Train Cost Diff = 0.01860827
TSC Score = 0.04174233138369558
(88, 401414030000.0, 4801752500000.0, 0.0014291483, 144, array([  1,  53, 144, 144,   1], dtype=int32))
Train Cost Diff = 0.018320844
TSC Score = 0.04134260113455894
(89, 394059780000.0, 4710520600000.0, 0.001402965, 144, array([  1,  53, 144, 144,   1], dtype=int32))
Train Cost Diff = 0.018027067
TSC Score = 0.04095029194110817
(90, 386956030000.0, 4621848000000.0, 0.0013776737, 144, array([  1,  53, 144, 144,   1], dtype=int32))
Train Cost Diff = 0.017720023
TSC Score = 0.0405644774940025
(91, 380099170000.0, 4535569400000.0, 0.0013532613, 144, array([  1,  53, 144, 144,   1], dtype=int32))
Train Cost Diff = 0.017409893
TSC Score = 0.040186075826308176
(92, 373481730000.0, 4451767700000.0, 0.0013297012, 144, array([  1,  53, 144, 144,   1], dtype=int32))
Train Cost Diff = 0.017123815
TSC Score = 0.03981642966042162
(93, 367086270000.0, 4370694400000.0, 0.0013069316, 144, array([  1,  53, 144, 144,   1], dtype=int32))
Train Cost Diff = 0.016835498
TSC Score = 0.03945624329415039
(94, 360906200000.0, 4292371000000.0, 0.0012849288, 144, array([  1,  53, 144, 144,   1], dtype=int32))
Train Cost Diff = 0.016553093
TSC Score = 0.039106264935423705
(95, 354932060000.0, 4216954300000.0, 0.0012636592, 144, array([  1,  53, 144, 144,   1], dtype=int32))
Train Cost Diff = 0.016288169
TSC Score = 0.038766940986857755
(96, 349150900000.0, 4144436000000.0, 0.0012430765, 144, array([  1,  53, 144, 144,   1], dtype=int32))
Train Cost Diff = 0.016045034
TSC Score = 0.03843683205114662
(97, 343548760000.0, 4074461500000.0, 0.0012231313, 144, array([  1,  53, 144, 144,   1], dtype=int32))
Train Cost Diff = 0.01581032
TSC Score = 0.038115766520646265
(98, 338117130000.0, 4006928700000.0, 0.0012037932, 144, array([  1,  53, 144, 144,   1], dtype=int32))
Train Cost Diff = 0.015589568
TSC Score = 0.037803004111076025
(99, 332846040000.0, 3941689700000.0, 0.0011850266, 144, array([  1,  53, 144, 144,   1], dtype=int32))
Train Cost Diff = 0.015386322
TSC Score = 0.03749697747731447
(100, 327724760000.0, 3878390900000.0, 0.0011667934, 144, array([  1,  53, 144, 144,   1], dtype=int32))
Train Cost Diff = 0.015211901
TSC Score = 0.03719776938779438
(101, 322739440000.0, 3816988300000.0, 0.0011490443, 144, array([  1,  53, 144, 144,   1], dtype=int32))
Train Cost Diff = 0.015042023
TSC Score = 0.03690310372545537
(102, 317884830000.0, 3756977800000.0, 0.0011317603, 144, array([  1,  53, 144, 144,   1], dtype=int32))
Train Cost Diff = 0.014865024
TSC Score = 0.03661579698464537
(103, 313159400000.0, 3698931800000.0, 0.0011149367, 144, array([  1,  53, 144, 144,   1], dtype=int32))
Train Cost Diff = 0.0147217885
TSC Score = 0.0363326872124523
(104, 308549160000.0, 3642165000000.0, 0.0010985228, 144, array([  1,  53, 144, 144,   1], dtype=int32))
Train Cost Diff = 0.014530048
TSC Score = 0.03605572131574848
(105, 304065940000.0, 3587066300000.0, 0.0010825612, 144, array([  1,  53, 144, 144,   1], dtype=int32))
Train Cost Diff = 0.014290047
TSC Score = 0.035787486663851314
(106, 299720770000.0, 3534048500000.0, 0.0010670914, 144, array([  1,  53, 144, 144,   1], dtype=int32))
Train Cost Diff = 0.014083085
TSC Score = 0.03551928444846383
(107, 295499830000.0, 3481525000000.0, 0.0010520634, 144, array([  1,  53, 144, 144,   1], dtype=int32))
Train Cost Diff = 0.013871289
TSC Score = 0.035262705359826105
(108, 291400840000.0, 3431561400000.0, 0.00103747, 144, array([  1,  53, 144, 144,   1], dtype=int32))
Train Cost Diff = 0.013587268
TSC Score = 0.03500653810551635
(109, 287441520000.0, 3382125300000.0, 0.0010233736, 144, array([  1,  53, 144, 144,   1], dtype=int32))
Train Cost Diff = 0.013300401
TSC Score = 0.03476486001493078
(110, 283618440000.0, 3335707400000.0, 0.0010097623, 144, array([  1,  53, 144, 144,   1], dtype=int32))
Train Cost Diff = 0.013216365
TSC Score = 0.03451110577149278
(111, 279870000000.0, 3287558700000.0, 0.0009964169, 144, array([  1,  53, 144, 144,   1], dtype=int32))
Train Cost Diff = 0.0131400805
TSC Score = 0.0342838336297705
(112, 276192500000.0, 3244382500000.0, 0.0009833239, 144, array([  1,  53, 144, 144,   1], dtype=int32))
Train Cost Diff = 0.013157406
TSC Score = 0.03401991632181562
(113, 272558520000.0, 3195209300000.0, 0.0009703859, 144, array([  1,  53, 144, 144,   1], dtype=int32))
Train Cost Diff = 0.012931418
TSC Score = 0.033820473786834726
(114, 269033950000.0, 3157499800000.0, 0.00095783744, 144, array([  1,  53, 144, 144,   1], dtype=int32))
Train Cost Diff = 0.012017607
TSC Score = 0.033546843999045596
(115, 265800830000.0, 3107710000000.0, 0.00094632653, 144, array([  1,  53, 144, 144,   1], dtype=int32))
Train Cost Diff = 0.011140276
TSC Score = 0.03341269090630416
(116, 262839730000.0, 3082070300000.0, 0.0009357842, 144, array([  1,  53, 144, 144,   1], dtype=int32))
Train Cost Diff = 0.011259062
TSC Score = 0.03311295094606151
(117, 259880400000.0, 3028733100000.0, 0.00092524814, 144, array([  1,  53, 144, 144,   1], dtype=int32))
Train Cost Diff = 0.011810344
TSC Score = 0.033007475454345396
(118, 256811140000.0, 3008045800000.0, 0.00091432064, 144, array([  1,  53, 144, 144,   1], dtype=int32))
Train Cost Diff = 0.012562716
TSC Score = 0.03267451106792939
(119, 253584870000.0, 2949604400000.0, 0.0009028343, 144, array([  1,  53, 144, 144,   1], dtype=int32))
Train Cost Diff = 0.013113247
TSC Score = 0.03254700767784993
(120, 250259540000.0, 2925250700000.0, 0.0008909952, 144, array([  1,  53, 144, 144,   1], dtype=int32))
Train Cost Diff = 0.011829938
TSC Score = 0.03227283634095415
(121, 247299010000.0, 2877422300000.0, 0.0008804548, 144, array([  1,  53, 144, 144,   1], dtype=int32))
Train Cost Diff = 0.012201428
TSC Score = 0.032093655724957905
(122, 244281570000.0, 2845275300000.0, 0.000869712, 144, array([  1,  53, 144, 144,   1], dtype=int32))
Train Cost Diff = 0.013262825
TSC Score = 0.03187723091667517
(123, 241041740000.0, 2807067600000.0, 0.00085817714, 144, array([  1,  53, 144, 144,   1], dtype=int32))
Train Cost Diff = 0.011972228
TSC Score = 0.031646703185857994
(124, 238155920000.0, 2767200000000.0, 0.00084790285, 144, array([  1,  53, 144, 144,   1], dtype=int32))
Train Cost Diff = 0.01036524
TSC Score = 0.03151364398341059
(125, 235687400000.0, 2743495800000.0, 0.00083911413, 144, array([  1,  53, 144, 144,   1], dtype=int32))
Train Cost Diff = 0.011126903
TSC Score = 0.03127188254849165
(126, 233064920000.0, 2702555000000.0, 0.0008297774, 144, array([  1,  53, 144, 144,   1], dtype=int32))
Train Cost Diff = 0.011982841
TSC Score = 0.031136138061805062
(127, 230272120000.0, 2678359900000.0, 0.0008198343, 144, array([  1,  53, 144, 144,   1], dtype=int32))
Train Cost Diff = 0.010938791
TSC Score = 0.03089174988186679
(128, 227753230000.0, 2637590400000.0, 0.0008108663, 144, array([  1,  53, 144, 144,   1], dtype=int32))
Train Cost Diff = 0.010457572
TSC Score = 0.03078272687377357
(129, 225371490000.0, 2618235600000.0, 0.0008023866, 144, array([  1,  53, 144, 144,   1], dtype=int32))
Train Cost Diff = 0.010874075
TSC Score = 0.030538454442296456
(130, 222920800000.0, 2577979000000.0, 0.0007936614, 144, array([  1,  53, 144, 144,   1], dtype=int32))
Train Cost Diff = 0.010747636
TSC Score = 0.03042993314159645
(131, 220524890000.0, 2558875400000.0, 0.0007851314, 144, array([  1,  53, 144, 144,   1], dtype=int32))
Train Cost Diff = 0.010404379
TSC Score = 0.030193914685087073
(132, 218230470000.0, 2520447700000.0, 0.0007769626, 144, array([  1,  53, 144, 144,   1], dtype=int32))
Train Cost Diff = 0.010165629
TSC Score = 0.03009632645894844
(133, 216012010000.0, 2503383700000.0, 0.0007690643, 144, array([  1,  53, 144, 144,   1], dtype=int32))
Train Cost Diff = 0.009889707
TSC Score = 0.02985919186493916
(134, 213875750000.0, 2465332200000.0, 0.0007614585, 144, array([  1,  53, 144, 144,   1], dtype=int32))
Train Cost Diff = 0.009489168
TSC Score = 0.029796392065060837
(135, 211846230000.0, 2453851600000.0, 0.00075423287, 144, array([  1,  53, 144, 144,   1], dtype=int32))
Train Cost Diff = 0.008854171
TSC Score = 0.029535359523674448
(136, 209970530000.0, 2412856000000.0, 0.00074755476, 144, array([  1,  53, 144, 144,   1], dtype=int32))
Train Cost Diff = 0.007567921
TSC Score = 0.029552525446536887
(137, 208381480000.0, 2413831400000.0, 0.0007418973, 144, array([  1,  53, 144, 144,   1], dtype=int32))
Train Cost Diff = 0.00634567
TSC Score = 0.029262873991384587
(138, 207059170000.0, 2369496500000.0, 0.0007371895, 144, array([  1,  53, 144, 144,   1], dtype=int32))
Train Cost Diff = 0.0066716312
TSC Score = 0.029353074908374296
(139, 205677740000.0, 2381468700000.0, 0.00073227123, 144, array([  1,  53, 144, 144,   1], dtype=int32))
Train Cost Diff = 0.008895001
TSC Score = 0.028995264571722714
(140, 203848240000.0, 2326914700000.0, 0.0007257577, 144, array([  1,  53, 144, 144,   1], dtype=int32))
Train Cost Diff = 0.011241359
TSC Score = 0.02902512677157202
(141, 201556690000.0, 2328988200000.0, 0.0007175992, 144, array([  1,  53, 144, 144,   1], dtype=int32))
Train Cost Diff = 0.01350734
TSC Score = 0.028670250921350515
(142, 198834210000.0, 2274578000000.0, 0.0007079063, 144, array([  1,  53, 144, 144,   1], dtype=int32))
Train Cost Diff = 0.014323282
TSC Score = 0.028565825767495508
(143, 195986240000.0, 2256638000000.0, 0.0006977668, 144, array([  1,  53, 144, 144,   1], dtype=int32))
Train Cost Diff = 0.012240124
TSC Score = 0.028348233356783308
(144, 193587350000.0, 2222976700000.0, 0.000689226, 144, array([  1,  53, 144, 144,   1], dtype=int32))
Train Cost Diff = 0.008997609
TSC Score = 0.028197504533380328
(145, 191845530000.0, 2199712700000.0, 0.00068302464, 144, array([  1,  53, 144, 144,   1], dtype=int32))
Train Cost Diff = 0.007596124
TSC Score = 0.02813651680021974
(146, 190388240000.0, 2189587900000.0, 0.0006778363, 144, array([  1,  53, 144, 144,   1], dtype=int32))
Train Cost Diff = 0.0074855266
TSC Score = 0.027927377677282966
(147, 188963080000.0, 2158552200000.0, 0.00067276234, 144, array([  1,  53, 144, 144,   1], dtype=int32))
Train Cost Diff = 0.0075401654
TSC Score = 0.027927230655667035
(148, 187538280000.0, 2157116100000.0, 0.0006676896, 144, array([  1,  53, 144, 144,   1], dtype=int32))
Train Cost Diff = 0.007871451
TSC Score = 0.027678529312251114
(149, 186062080000.0, 2120720000000.0, 0.0006624339, 144, array([  1,  53, 144, 144,   1], dtype=int32))
Train Cost Diff = 0.0083136745
TSC Score = 0.02768886771507757
(150, 184515220000.0, 2120613100000.0, 0.00065692666, 144, array([  1,  53, 144, 144,   1], dtype=int32))
Train Cost Diff = 0.0087589715
TSC Score = 0.027425512784708037
(151, 182899030000.0, 2082352800000.0, 0.00065117265, 144, array([  1,  53, 144, 144,   1], dtype=int32))
Train Cost Diff = 0.009018008
TSC Score = 0.027424150641411262
(152, 181249670000.0, 2080515200000.0, 0.0006453004, 144, array([  1,  53, 144, 144,   1], dtype=int32))
Train Cost Diff = 0.0096126925
TSC Score = 0.027168675624915952
(153, 179507350000.0, 2043540900000.0, 0.0006390973, 144, array([  1,  53, 144, 144,   1], dtype=int32))
Train Cost Diff = 0.009863558
TSC Score = 0.027133611300451884
(154, 177736810000.0, 2036962600000.0, 0.0006327935, 144, array([  1,  53, 144, 144,   1], dtype=int32))
Train Cost Diff = 0.010239337
TSC Score = 0.02690280132025766
(155, 175916880000.0, 2003646300000.0, 0.00062631414, 144, array([  1,  53, 144, 144,   1], dtype=int32))
Train Cost Diff = 0.010202514
TSC Score = 0.026836017665402858
(156, 174122100000.0, 1992781100000.0, 0.00061992416, 144, array([  1,  53, 144, 144,   1], dtype=int32))
Train Cost Diff = 0.009040286
TSC Score = 0.02664609930793833
(157, 172547960000.0, 1965547600000.0, 0.00061431987, 144, array([  1,  53, 144, 144,   1], dtype=int32))
Train Cost Diff = 0.008036624
TSC Score = 0.026587588849872796
(158, 171161290000.0, 1956302600000.0, 0.0006093828, 144, array([  1,  53, 144, 144,   1], dtype=int32))
Train Cost Diff = 0.008498329
TSC Score = 0.026416728123168275
(159, 169706670000.0, 1931975600000.0, 0.0006042041, 144, array([  1,  53, 144, 144,   1], dtype=int32))
Train Cost Diff = 0.008974921
TSC Score = 0.026346468611788784
(160, 168183560000.0, 1921080400000.0, 0.0005987814, 144, array([  1,  53, 144, 144,   1], dtype=int32))
Train Cost Diff = 0.008022467
TSC Score = 0.026176503431560617
(161, 166834340000.0, 1897178100000.0, 0.0005939777, 144, array([  1,  53, 144, 144,   1], dtype=int32))
Train Cost Diff = 0.0060497085
TSC Score = 0.026156631662960145
(162, 165825040000.0, 1893551700000.0, 0.0005903843, 144, array([  1,  53, 144, 144,   1], dtype=int32))
Train Cost Diff = 0.0036365967
TSC Score = 0.026008385073138792
(163, 165221990000.0, 1873409900000.0, 0.0005882373, 144, array([  1,  53, 144, 144,   1], dtype=int32))
Train Cost Diff = 0.0009630075
TSC Score = 0.0261206140297604
(164, 165381110000.0, 1888359300000.0, 0.0005888038, 144, array([  1,  53, 144, 144,   1], dtype=int32))
Train Cost Diff = 0.009819613
TSC Score = 0.02604033466365256
(165, 167005080000.0, 1879407100000.0, 0.0005945856, 144, array([  1,  53, 144, 144,   1], dtype=int32))
Train Cost Diff = 0.022420282
TSC Score = 0.02652000279274148
(166, 170749380000.0, 1946856200000.0, 0.0006079164, 144, array([  1,  53, 144, 144,   1], dtype=int32))
Train Cost Diff = 0.024073998
TSC Score = 0.02645829426186806
(167, 174860010000.0, 1942714400000.0, 0.00062255136, 144, array([  1,  53, 144, 144,   1], dtype=int32))
Train Cost Diff = 0.002567751
TSC Score = 0.02677203417712009
(168, 174411020000.0, 1984449000000.0, 0.0006209528, 144, array([  1,  53, 144, 144,   1], dtype=int32))
Train Cost Diff = 0.050651543
TSC Score = 0.025845811513210505
(169, 165576820000.0, 1852494800000.0, 0.0005895006, 144, array([  1,  53, 144, 144,   1], dtype=int32))
Train Cost Diff = 0.05200768
TSC Score = 0.025389261534369014
(170, 156965570000.0, 1784781500000.0, 0.00055884203, 144, array([  1,  53, 144, 144,   1], dtype=int32))
Train Cost Diff = 0.0025467582
TSC Score = 0.02545057328834613
(171, 157365290000.0, 1793049400000.0, 0.00056026527, 144, array([  1,  53, 144, 144,   1], dtype=int32))
Train Cost Diff = 0.027113173
TSC Score = 0.025526810001237427
(172, 161631960000.0, 1807149700000.0, 0.00057545584, 144, array([  1,  53, 144, 144,   1], dtype=int32))
Train Cost Diff = 0.011810032
TSC Score = 0.02561917905207572
(173, 159723130000.0, 1817175000000.0, 0.0005686597, 144, array([  1,  53, 144, 144,   1], dtype=int32))
Train Cost Diff = 0.039730493
TSC Score = 0.02499771767064611
(174, 153377240000.0, 1731359700000.0, 0.00054606656, 144, array([  1,  53, 144, 144,   1], dtype=int32))
Train Cost Diff = 0.014925247
TSC Score = 0.02483034933233056
(175, 151088040000.0, 1707996700000.0, 0.0005379164, 144, array([  1,  53, 144, 144,   1], dtype=int32))
Train Cost Diff = 0.01149964
TSC Score = 0.025057274661295703
(176, 152825510000.0, 1738333700000.0, 0.0005441022, 144, array([  1,  53, 144, 144,   1], dtype=int32))
Train Cost Diff = 0.00040192113
TSC Score = 0.024869814744588336
(177, 152764070000.0, 1714640800000.0, 0.00054388354, 144, array([  1,  53, 144, 144,   1], dtype=int32))
Train Cost Diff = 0.02460678
TSC Score = 0.024718014346394552
(178, 149005040000.0, 1691861000000.0, 0.0005305003, 144, array([  1,  53, 144, 144,   1], dtype=int32))
Train Cost Diff = 0.01855172
TSC Score = 0.024460289460049578
(179, 146240730000.0, 1657081700000.0, 0.0005206586, 144, array([  1,  53, 144, 144,   1], dtype=int32))
Train Cost Diff = 0.0024163632
TSC Score = 0.024420891133954955
(180, 146594090000.0, 1652578300000.0, 0.0005219167, 144, array([  1,  53, 144, 144,   1], dtype=int32))
Train Cost Diff = 0.00024569337
TSC Score = 0.02451520165938384
(181, 146558090000.0, 1664185000000.0, 0.0005217885, 144, array([  1,  53, 144, 144,   1], dtype=int32))
Train Cost Diff = 0.012360421
TSC Score = 0.024250980565015127
(182, 144746580000.0, 1629830400000.0, 0.00051533896, 144, array([  1,  53, 144, 144,   1], dtype=int32))
Train Cost Diff = 0.016128844
TSC Score = 0.024144551762909628
(183, 142411990000.0, 1614492100000.0, 0.00050702714, 144, array([  1,  53, 144, 144,   1], dtype=int32))
Train Cost Diff = 0.010571759
TSC Score = 0.024007645121637625
(184, 140906430000.0, 1596324200000.0, 0.000501667, 144, array([  1,  53, 144, 144,   1], dtype=int32))
Train Cost Diff = 0.0002659373
TSC Score = 0.023945570919549138
(185, 140943900000.0, 1588847600000.0, 0.0005018004, 144, array([  1,  53, 144, 144,   1], dtype=int32))
Train Cost Diff = 0.0021662558
TSC Score = 0.023998469940412374
(186, 140638580000.0, 1594953800000.0, 0.00050071336, 144, array([  1,  53, 144, 144,   1], dtype=int32))
Train Cost Diff = 0.012424511
TSC Score = 0.02376710575654394
(187, 138891200000.0, 1565287900000.0, 0.00049449224, 144, array([  1,  53, 144, 144,   1], dtype=int32))
Train Cost Diff = 0.012050646
TSC Score = 0.02368842466389156
(188, 137217475000.0, 1554188500000.0, 0.0004885333, 144, array([  1,  53, 144, 144,   1], dtype=int32))
Train Cost Diff = 0.008759149
TSC Score = 0.0235684664505746
(189, 136015580000.0, 1538666000000.0, 0.00048425415, 144, array([  1,  53, 144, 144,   1], dtype=int32))
Train Cost Diff = 0.00601472
TSC Score = 0.02347226131151652
(190, 135197480000.0, 1526414200000.0, 0.0004813415, 144, array([  1,  53, 144, 144,   1], dtype=int32))
Train Cost Diff = 0.0017551489
TSC Score = 0.02349312163677023
(191, 134960190000.0, 1528656400000.0, 0.00048049667, 144, array([  1,  53, 144, 144,   1], dtype=int32))
Train Cost Diff = 0.0027661852
TSC Score = 0.023386852464602488
(192, 134586870000.0, 1515695400000.0, 0.00047916753, 144, array([  1,  53, 144, 144,   1], dtype=int32))
Train Cost Diff = 0.0072992276
TSC Score = 0.02336995314859571
(193, 133604490000.0, 1512723200000.0, 0.00047566998, 144, array([  1,  53, 144, 144,   1], dtype=int32))
Train Cost Diff = 0.009645558
TSC Score = 0.02319816534184397
(194, 132315800000.0, 1491226300000.0, 0.00047108188, 144, array([  1,  53, 144, 144,   1], dtype=int32))
Train Cost Diff = 0.010668994
TSC Score = 0.02312433112701419
(195, 130904110000.0, 1481173000000.0, 0.0004660559, 144, array([  1,  53, 144, 144,   1], dtype=int32))
Train Cost Diff = 0.010439778
TSC Score = 0.02298226783990646
(196, 129537510000.0, 1463261000000.0, 0.0004611904, 144, array([  1,  53, 144, 144,   1], dtype=int32))
Train Cost Diff = 0.00695591
TSC Score = 0.022905953964916494
(197, 128636460000.0, 1453511100000.0, 0.0004579824, 144, array([  1,  53, 144, 144,   1], dtype=int32))
Train Cost Diff = 0.004583839
TSC Score = 0.022861872247856137
(198, 128046810000.0, 1447825100000.0, 0.00045588307, 144, array([  1,  53, 144, 144,   1], dtype=int32))
Train Cost Diff = 0.0051022014
TSC Score = 0.02277430010185185
(199, 127393490000.0, 1437079300000.0, 0.00045355706, 144, array([  1,  53, 144, 144,   1], dtype=int32))
Train Cost Diff = 0.0051593604
TSC Score = 0.022749247218814724
(200, 126736220000.0, 1433541500000.0, 0.000451217, 144, array([  1,  53, 144, 144,   1], dtype=int32))
Train Cost Diff = 0.0031299628
TSC Score = 0.02265961665029321
(201, 126339540000.0, 1422864200000.0, 0.0004498047, 144, array([  1,  53, 144, 144,   1], dtype=int32))
Train Cost Diff = 0.00059488177
TSC Score = 0.02271821916816938
(202, 126414700000.0, 1429660800000.0, 0.0004500723, 144, array([  1,  53, 144, 144,   1], dtype=int32))
Train Cost Diff = 0.006026694
TSC Score = 0.022684069228553226
(203, 127176570000.0, 1426502800000.0, 0.00045278473, 144, array([  1,  53, 144, 144,   1], dtype=int32))
Train Cost Diff = 0.016359052
TSC Score = 0.022949895277166878
(204, 129257050000.0, 1459223500000.0, 0.00046019186, 144, array([  1,  53, 144, 144,   1], dtype=int32))
Train Cost Diff = 0.031162202
TSC Score = 0.023098669004559588
(205, 133284990000.0, 1480564900000.0, 0.00047453245, 144, array([  1,  53, 144, 144,   1], dtype=int32))
Train Cost Diff = 0.044671662
TSC Score = 0.023734950331235655
(206, 139239050000.0, 1561785400000.0, 0.0004957306, 144, array([  1,  53, 144, 144,   1], dtype=int32))
Train Cost Diff = 0.017432688
TSC Score = 0.023685917769755274
(207, 141666350000.0, 1558359300000.0, 0.0005043725, 144, array([  1,  53, 144, 144,   1], dtype=int32))
Train Cost Diff = 0.04223078
TSC Score = 0.02344077699921511
(208, 135683670000.0, 1523180600000.0, 0.00048307248, 144, array([  1,  53, 144, 144,   1], dtype=int32))
Train Cost Diff = 0.083989
TSC Score = 0.022397309697238587
(209, 124287730000.0, 1390972500000.0, 0.0004424997, 144, array([  1,  53, 144, 144,   1], dtype=int32))
Train Cost Diff = 0.032429844
TSC Score = 0.022106205167173664
(210, 120257100000.0, 1354217800000.0, 0.0004281495, 144, array([  1,  53, 144, 144,   1], dtype=int32))
Train Cost Diff = 0.035583798
TSC Score = 0.022508801603020035
(211, 124536300000.0, 1403861300000.0, 0.0004433847, 144, array([  1,  53, 144, 144,   1], dtype=int32))
Train Cost Diff = 0.028738497
TSC Score = 0.02264826491782261
(212, 128115300000.0, 1423359900000.0, 0.0004561269, 144, array([  1,  53, 144, 144,   1], dtype=int32))
Train Cost Diff = 0.020391388
TSC Score = 0.022570357080010227
(213, 125502840000.0, 1411848100000.0, 0.00044682584, 144, array([  1,  53, 144, 144,   1], dtype=int32))
Train Cost Diff = 0.05132302
TSC Score = 0.02196027429968148
(214, 119061660000.0, 1336788100000.0, 0.0004238934, 144, array([  1,  53, 144, 144,   1], dtype=int32))
Train Cost Diff = 0.018994065
TSC Score = 0.021777624181984107
(215, 116800190000.0, 1314340200000.0, 0.00041584193, 144, array([  1,  53, 144, 144,   1], dtype=int32))
Train Cost Diff = 0.023952879
TSC Score = 0.02205970721746472
(216, 119597890000.0, 1348376600000.0, 0.00042580254, 144, array([  1,  53, 144, 144,   1], dtype=int32))
Train Cost Diff = 0.010466449
TSC Score = 0.022050006896684852
(217, 120849660000.0, 1348558300000.0, 0.00043025918, 144, array([  1,  53, 144, 144,   1], dtype=int32))
Train Cost Diff = 0.025128532
TSC Score = 0.021895055813117927
(218, 117812890000.0, 1328311400000.0, 0.0004194474, 144, array([  1,  53, 144, 144,   1], dtype=int32))
Train Cost Diff = 0.032452583
TSC Score = 0.02151808496113696
(219, 113989570000.0, 1283164600000.0, 0.00040583525, 144, array([  1,  53, 144, 144,   1], dtype=int32))
Train Cost Diff = 0.0075922273
TSC Score = 0.02143537751160986
(220, 113124120000.0, 1273333800000.0, 0.00040275406, 144, array([  1,  53, 144, 144,   1], dtype=int32))
Train Cost Diff = 0.012477053
TSC Score = 0.021597568850647505
(221, 114535580000.0, 1292363900000.0, 0.00040777924, 144, array([  1,  53, 144, 144,   1], dtype=int32))
Train Cost Diff = 0.0052543012
TSC Score = 0.021563336016028396
(222, 115137380000.0, 1289236300000.0, 0.00040992183, 144, array([  1,  53, 144, 144,   1], dtype=int32))
Train Cost Diff = 0.016097913
TSC Score = 0.021472754742336928
(223, 113283916000.0, 1277529700000.0, 0.00040332295, 144, array([  1,  53, 144, 144,   1], dtype=int32))
Train Cost Diff = 0.025016325
TSC Score = 0.021185067942186296
(224, 110449975000.0, 1243705200000.0, 0.0003932333, 144, array([  1,  53, 144, 144,   1], dtype=int32))
Train Cost Diff = 0.0102350665
TSC Score = 0.021094241761293778
(225, 109319500000.0, 1232880300000.0, 0.00038920852, 144, array([  1,  53, 144, 144,   1], dtype=int32))
Train Cost Diff = 0.003839124
TSC Score = 0.021140818158874104
(226, 109739200000.0, 1238269200000.0, 0.00039070274, 144, array([  1,  53, 144, 144,   1], dtype=int32))
Train Cost Diff = 0.002443453
TSC Score = 0.02111468040748718
(227, 110007340000.0, 1235747700000.0, 0.0003916574, 144, array([  1,  53, 144, 144,   1], dtype=int32))
Train Cost Diff = 0.0040864972
TSC Score = 0.021125436777572504
(228, 109557790000.0, 1236455900000.0, 0.0003900569, 144, array([  1,  53, 144, 144,   1], dtype=int32))
Train Cost Diff = 0.008840827
TSC Score = 0.020978191105439546
(229, 108589210000.0, 1219831700000.0, 0.00038660847, 144, array([  1,  53, 144, 144,   1], dtype=int32))
Train Cost Diff = 0.010941024
TSC Score = 0.020919428648182442
(230, 107401130000.0, 1212430200000.0, 0.00038237858, 144, array([  1,  53, 144, 144,   1], dtype=int32))
Train Cost Diff = 0.013672183
TSC Score = 0.020757493942630326
(231, 105932720000.0, 1193915300000.0, 0.00037715063, 144, array([  1,  53, 144, 144,   1], dtype=int32))
Train Cost Diff = 0.009362597
TSC Score = 0.020673064249245067
(232, 104940910000.0, 1184092300000.0, 0.00037361952, 144, array([  1,  53, 144, 144,   1], dtype=int32))
Train Cost Diff = 0.001147033
TSC Score = 0.020668808119017747
(233, 104820556000.0, 1183535200000.0, 0.00037319097, 144, array([  1,  53, 144, 144,   1], dtype=int32))
Train Cost Diff = 0.000810435
TSC Score = 0.020641768253306665
(234, 104905510000.0, 1180801800000.0, 0.0003734934, 144, array([  1,  53, 144, 144,   1], dtype=int32))
Train Cost Diff = 0.00041891553
TSC Score = 0.020677848691504557
(235, 104949430000.0, 1184606200000.0, 0.00037364988, 144, array([  1,  53, 144, 144,   1], dtype=int32))
Train Cost Diff = 1.698016e-05
TSC Score = 0.02062395140036704
(236, 104947660000.0, 1178984600000.0, 0.00037364353, 144, array([  1,  53, 144, 144,   1], dtype=int32))
Train Cost Diff = 0.00072875724
TSC Score = 0.020680201844216223
(237, 105024140000.0, 1184922300000.0, 0.00037391583, 144, array([  1,  53, 144, 144,   1], dtype=int32))
Train Cost Diff = 0.0045862864
TSC Score = 0.020650433347133693
(238, 105505825000.0, 1182301300000.0, 0.0003756307, 144, array([  1,  53, 144, 144,   1], dtype=int32))
Train Cost Diff = 0.012716776
TSC Score = 0.02083510803731567
(239, 106847510000.0, 1202996400000.0, 0.00038040752, 144, array([  1,  53, 144, 144,   1], dtype=int32))
Train Cost Diff = 0.018318525
TSC Score = 0.02090967508190443
(240, 108804790000.0, 1212813800000.0, 0.00038737603, 144, array([  1,  53, 144, 144,   1], dtype=int32))
Train Cost Diff = 0.02406624
TSC Score = 0.021221594618559308
(241, 111423320000.0, 1248618600000.0, 0.0003966987, 144, array([  1,  53, 144, 144,   1], dtype=int32))
Train Cost Diff = 0.013749055
TSC Score = 0.021240864905892144
(242, 112955280000.0, 1252213800000.0, 0.00040215295, 144, array([  1,  53, 144, 144,   1], dtype=int32))
Train Cost Diff = 0.010850153
TSC Score = 0.02123783302668513
(243, 111729705000.0, 1250672500000.0, 0.00039778952, 144, array([  1,  53, 144, 144,   1], dtype=int32))
Train Cost Diff = 0.049244277
TSC Score = 0.02066889404429821
(244, 106227660000.0, 1184950300000.0, 0.00037820067, 144, array([  1,  53, 144, 144,   1], dtype=int32))
Train Cost Diff = 0.053395662
TSC Score = 0.020243510117446788
(245, 100555555000.0, 1135311700000.0, 0.0003580064, 144, array([  1,  53, 144, 144,   1], dtype=int32))
Train Cost Diff = 0.023845285
TSC Score = 0.019991232388629078
(246, 98157790000.0, 1107270600000.0, 0.00034946963, 144, array([  1,  53, 144, 144,   1], dtype=int32))
Train Cost Diff = 0.011070994
TSC Score = 0.020075029625863255
(247, 99244490000.0, 1116844500000.0, 0.0003533386, 144, array([  1,  53, 144, 144,   1], dtype=int32))
Train Cost Diff = 0.019638121
TSC Score = 0.020284685476584997
(248, 101193466000.0, 1140171900000.0, 0.0003602775, 144, array([  1,  53, 144, 144,   1], dtype=int32))
Train Cost Diff = 0.0038471478
TSC Score = 0.020248306485150986
(249, 101582770000.0, 1136838400000.0, 0.00036166355, 144, array([  1,  53, 144, 144,   1], dtype=int32))
Train Cost Diff = 0.0100609455
TSC Score = 0.020224973601755066
(250, 100560760000.0, 1133425500000.0, 0.00035802487, 144, array([  1,  53, 144, 144,   1], dtype=int32))
Train Cost Diff = 0.01405341
TSC Score = 0.020030659849096112
(251, 99147540000.0, 1112256200000.0, 0.0003529934, 144, array([  1,  53, 144, 144,   1], dtype=int32))
Train Cost Diff = 0.009917913
TSC Score = 0.01998605599994269
(252, 98164190000.0, 1106771000000.0, 0.00034949245, 144, array([  1,  53, 144, 144,   1], dtype=int32))
Train Cost Diff = 0.011112491
TSC Score = 0.019856032477034782
(253, 97073330000.0, 1092592500000.0, 0.0003456087, 144, array([  1,  53, 144, 144,   1], dtype=int32))
Train Cost Diff = 0.012705405
TSC Score = 0.019749676231257802
(254, 95839986000.0, 1080716170000.0, 0.00034121762, 144, array([  1,  53, 144, 144,   1], dtype=int32))
Train Cost Diff = 0.010511979
TSC Score = 0.019661949085394606
(255, 94832520000.0, 1070969100000.0, 0.00033763074, 144, array([  1,  53, 144, 144,   1], dtype=int32))
Train Cost Diff = 0.0055887885
TSC Score = 0.019588501457828325
(256, 94302520000.0, 1063156060000.0, 0.0003357438, 144, array([  1,  53, 144, 144,   1], dtype=int32))
Train Cost Diff = 0.000119624805
TSC Score = 0.019613183156687676
(257, 94313800000.0, 1065609700000.0, 0.00033578396, 144, array([  1,  53, 144, 144,   1], dtype=int32))
Train Cost Diff = 0.0032833947
TSC Score = 0.01960325684077495
(258, 94623470000.0, 1064934050000.0, 0.00033688647, 144, array([  1,  53, 144, 144,   1], dtype=int32))
Train Cost Diff = 0.001970138
TSC Score = 0.019653619446561545
(259, 94809880000.0, 1070123300000.0, 0.00033755018, 144, array([  1,  53, 144, 144,   1], dtype=int32))
Train Cost Diff = 0.0028896022
TSC Score = 0.019581236885506715
(260, 94535926000.0, 1062669700000.0, 0.0003365748, 144, array([  1,  53, 144, 144,   1], dtype=int32))
Train Cost Diff = 0.0027322986
TSC Score = 0.019603669173337057
(261, 94277630000.0, 1064627300000.0, 0.00033565518, 144, array([  1,  53, 144, 144,   1], dtype=int32))
Train Cost Diff = 0.0013767421
TSC Score = 0.01953211263965911
(262, 94147820000.0, 1057428600000.0, 0.00033519306, 144, array([  1,  53, 144, 144,   1], dtype=int32))
Train Cost Diff = 0.005644888
TSC Score = 0.01963452261886298
(263, 94679280000.0, 1068088560000.0, 0.0003370852, 144, array([  1,  53, 144, 144,   1], dtype=int32))
Train Cost Diff = 0.011130568
TSC Score = 0.01966531790609524
(264, 95733120000.0, 1072202250000.0, 0.00034083714, 144, array([  1,  53, 144, 144,   1], dtype=int32))
Train Cost Diff = 0.013663904
TSC Score = 0.01984273477815943
(265, 97041220000.0, 1091214840000.0, 0.0003454943, 144, array([  1,  53, 144, 144,   1], dtype=int32))
Train Cost Diff = 0.0047946717
TSC Score = 0.01981089778201974
(266, 97506500000.0, 1088500300000.0, 0.00034715084, 144, array([  1,  53, 144, 144,   1], dtype=int32))
Train Cost Diff = 4.9463397e-05
TSC Score = 0.019882100452491877
(267, 97501660000.0, 1095644900000.0, 0.00034713367, 144, array([  1,  53, 144, 144,   1], dtype=int32))
Train Cost Diff = 0.012899099
TSC Score = 0.019687308096048444
(268, 96243980000.0, 1074923700000.0, 0.00034265596, 144, array([  1,  53, 144, 144,   1], dtype=int32))
Train Cost Diff = 0.019353945
TSC Score = 0.019588337418167474
(269, 94381290000.0, 1063239200000.0, 0.0003360242, 144, array([  1,  53, 144, 144,   1], dtype=int32))
Train Cost Diff = 0.026783815
TSC Score = 0.019291385785973243
(270, 91853380000.0, 1031548240000.0, 0.0003270242, 144, array([  1,  53, 144, 144,   1], dtype=int32))
Train Cost Diff = 0.024374211
TSC Score = 0.01912500342445481
(271, 89614540000.0, 1013159760000.0, 0.00031905324, 144, array([  1,  53, 144, 144,   1], dtype=int32))
Train Cost Diff = 0.020092614
TSC Score = 0.018929374046028923
(272, 87813950000.0, 992552200000.0, 0.00031264263, 144, array([  1,  53, 144, 144,   1], dtype=int32))
Train Cost Diff = 0.013356613
TSC Score = 0.018817926070354398
(273, 86641050000.0, 980756100000.0, 0.00030846678, 144, array([  1,  53, 144, 144,   1], dtype=int32))
Train Cost Diff = 0.00049156335
TSC Score = 0.018827700167044416
(274, 86598460000.0, 981645500000.0, 0.00030831515, 144, array([  1,  53, 144, 144,   1], dtype=int32))
Train Cost Diff = 0.012170051
TSC Score = 0.018887977540874755
(275, 87652370000.0, 988438400000.0, 0.00031206736, 144, array([  1,  53, 144, 144,   1], dtype=int32))
Train Cost Diff = 0.014182444
TSC Score = 0.01904975492027239
(276, 88895500000.0, 1005206630000.0, 0.00031649324, 144, array([  1,  53, 144, 144,   1], dtype=int32))
Train Cost Diff = 0.0073546446
TSC Score = 0.019051721713598136
(277, 89549290000.0, 1006042800000.0, 0.00031882094, 144, array([  1,  53, 144, 144,   1], dtype=int32))
Train Cost Diff = 0.005820749
TSC Score = 0.019154985722192056
(278, 90070530000.0, 1016538140000.0, 0.0003206767, 144, array([  1,  53, 144, 144,   1], dtype=int32))
Train Cost Diff = 0.0041817445
TSC Score = 0.019128448608277247
(279, 90447176000.0, 1014363300000.0, 0.0003220177, 144, array([  1,  53, 144, 144,   1], dtype=int32))
Train Cost Diff = 0.009301055
TSC Score = 0.019263533638652554
(280, 91288445000.0, 1028303900000.0, 0.0003250128, 144, array([  1,  53, 144, 144,   1], dtype=int32))
Train Cost Diff = 0.004445547
TSC Score = 0.019233833790803546
(281, 91694270000.0, 1025841760000.0, 0.00032645767, 144, array([  1,  53, 144, 144,   1], dtype=int32))
Train Cost Diff = 0.0075486316
TSC Score = 0.019231530607391432
(282, 91002100000.0, 1024933950000.0, 0.00032399336, 144, array([  1,  53, 144, 144,   1], dtype=int32))
Train Cost Diff = 0.03635188
TSC Score = 0.018859968269439628
(283, 87694000000.0, 985879150000.0, 0.0003122156, 144, array([  1,  53, 144, 144,   1], dtype=int32))
Train Cost Diff = 0.04276213
TSC Score = 0.01854672318147253
(284, 83944020000.0, 952546700000.0, 0.0002988646, 144, array([  1,  53, 144, 144,   1], dtype=int32))
Train Cost Diff = 0.024233539
TSC Score = 0.018320474426326505
(285, 81909760000.0, 929439000000.0, 0.00029162204, 144, array([  1,  53, 144, 144,   1], dtype=int32))
Train Cost Diff = 0.00022694482
TSC Score = 0.018327092210639453
(286, 81928340000.0, 930075400000.0, 0.00029168822, 144, array([  1,  53, 144, 144,   1], dtype=int32))
Train Cost Diff = 0.006942197
TSC Score = 0.018387367326527577
(287, 82497110000.0, 936240000000.0, 0.00029371318, 144, array([  1,  53, 144, 144,   1], dtype=int32))
Train Cost Diff = 0.0015063554
TSC Score = 0.018375790791699303
(288, 82621380000.0, 935290500000.0, 0.00029415562, 144, array([  1,  53, 144, 144,   1], dtype=int32))
Train Cost Diff = 0.0014396796
TSC Score = 0.018391447684823328
(289, 82502435000.0, 936622300000.0, 0.00029373213, 144, array([  1,  53, 144, 144,   1], dtype=int32))
Train Cost Diff = 0.0014882252
TSC Score = 0.018339118276191516
(290, 82379650000.0, 931640500000.0, 0.000293295, 144, array([  1,  53, 144, 144,   1], dtype=int32))
Train Cost Diff = 0.0068880906
TSC Score = 0.018434936650863397
(291, 82947090000.0, 941107450000.0, 0.00029531523, 144, array([  1,  53, 144, 144,   1], dtype=int32))
Train Cost Diff = 0.019017825
TSC Score = 0.018531142085730288
(292, 84524564000.0, 951671800000.0, 0.00030093148, 144, array([  1,  53, 144, 144,   1], dtype=int32))
Train Cost Diff = 0.03146502
TSC Score = 0.018842067292957204
(293, 87184130000.0, 983676350000.0, 0.0003104003, 144, array([  1,  53, 144, 144,   1], dtype=int32))
Train Cost Diff = 0.023453783
TSC Score = 0.0189632242913718
(294, 89228920000.0, 997290500000.0, 0.00031768036, 144, array([  1,  53, 144, 144,   1], dtype=int32))
Train Cost Diff = 0.006432005
TSC Score = 0.019089406419476304
(295, 89802850000.0, 1009988800000.0, 0.00031972368, 144, array([  1,  53, 144, 144,   1], dtype=int32))
Train Cost Diff = 0.02211609
TSC Score = 0.018824592818211357
(296, 87816760000.0, 982641400000.0, 0.00031265264, 144, array([  1,  53, 144, 144,   1], dtype=int32))
Train Cost Diff = 0.027917845
TSC Score = 0.018660560466431157
(297, 85365105000.0, 964654900000.0, 0.00030392405, 144, array([  1,  53, 144, 144,   1], dtype=int32))
Train Cost Diff = 0.029079597
TSC Score = 0.018363475891617933
(298, 82882720000.0, 934401800000.0, 0.00029508607, 144, array([  1,  53, 144, 144,   1], dtype=int32))
Train Cost Diff = 0.025331588
TSC Score = 0.018193286553011705
(299, 80783170000.0, 916601960000.0, 0.00028761107, 144, array([  1,  53, 144, 144,   1], dtype=int32))
Train Cost Diff = 0.031235931
TSC Score = 0.017927469279657042
(300, 78259830000.0, 889825260000.0, 0.00027862727, 144, array([  1,  53, 144, 144,   1], dtype=int32))
Train Cost Diff = 0.020492898
TSC Score = 0.017758322358287778
(301, 76656050000.0, 872967600000.0, 0.0002729174, 144, array([  1,  53, 144, 144,   1], dtype=int32))
Train Cost Diff = 0.0075620348
TSC Score = 0.01783831176155318
(302, 77235740000.0, 880729650000.0, 0.0002749812, 144, array([  1,  53, 144, 144,   1], dtype=int32))
Train Cost Diff = 0.02712345
TSC Score = 0.018005590389271887
(303, 79330650000.0, 897974140000.0, 0.00028243964, 144, array([  1,  53, 144, 144,   1], dtype=int32))
Train Cost Diff = 0.021890037
TSC Score = 0.018220365680184505
(304, 81067180000.0, 919370700000.0, 0.00028862225, 144, array([  1,  53, 144, 144,   1], dtype=int32))
Train Cost Diff = 0.0064462135
TSC Score = 0.018115413327055775
(305, 80544610000.0, 909222500000.0, 0.00028676173, 144, array([  1,  53, 144, 144,   1], dtype=int32))
Train Cost Diff = 0.02254701
TSC Score = 0.017985284991676488
(306, 78728570000.0, 895535100000.0, 0.0002802961, 144, array([  1,  53, 144, 144,   1], dtype=int32))
Train Cost Diff = 0.024563227
TSC Score = 0.017745964732946793
(307, 76794740000.0, 871996460000.0, 0.00027341113, 144, array([  1,  53, 144, 144,   1], dtype=int32))
Train Cost Diff = 0.012718303
TSC Score = 0.017681691628372704
(308, 75818040000.0, 865266800000.0, 0.0002699338, 144, array([  1,  53, 144, 144,   1], dtype=int32))
Train Cost Diff = 0.00897351
TSC Score = 0.017583432103770887
(309, 75137696000.0, 855833800000.0, 0.00026751155, 144, array([  1,  53, 144, 144,   1], dtype=int32))
Train Cost Diff = 0.013075923
TSC Score = 0.017498867816320738
(310, 74155190000.0, 847359640000.0, 0.0002640136, 144, array([  1,  53, 144, 144,   1], dtype=int32))
Train Cost Diff = 0.016589541
TSC Score = 0.0173647881381859
(311, 72925000000.0, 834314700000.0, 0.00025963373, 144, array([  1,  53, 144, 144,   1], dtype=int32))
Train Cost Diff = 0.009998042
TSC Score = 0.017284185997497342
(312, 72195890000.0, 826530460000.0, 0.0002570379, 144, array([  1,  53, 144, 144,   1], dtype=int32))
Train Cost Diff = 0.0017291014
TSC Score = 0.01730617189691979
(313, 72320730000.0, 828576900000.0, 0.00025748234, 144, array([  1,  53, 144, 144,   1], dtype=int32))
Train Cost Diff = 0.0056895954
TSC Score = 0.017327273948818188
(314, 72732190000.0, 830835000000.0, 0.00025894732, 144, array([  1,  53, 144, 144,   1], dtype=int32))
Train Cost Diff = 0.0048884153
TSC Score = 0.017387272772333724
(315, 73087750000.0, 836450400000.0, 0.00026021316, 144, array([  1,  53, 144, 144,   1], dtype=int32))
Train Cost Diff = 0.012283052
TSC Score = 0.017441173129786654
(316, 73985480000.0, 842094600000.0, 0.00026340937, 144, array([  1,  53, 144, 144,   1], dtype=int32))
Train Cost Diff = 0.036187015
TSC Score = 0.017757679261538806
(317, 76662790000.0, 872912800000.0, 0.00027294137, 144, array([  1,  53, 144, 144,   1], dtype=int32))
Train Cost Diff = 0.06800926
TSC Score = 0.018204666980630696
(318, 81876574000.0, 918725800000.0, 0.0002915039, 144, array([  1,  53, 144, 144,   1], dtype=int32))
Train Cost Diff = 0.11409667
TSC Score = 0.019175910287961007
(319, 91218420000.0, 1019773650000.0, 0.00032476353, 144, array([  1,  53, 144, 144,   1], dtype=int32))
Train Cost Diff = 0.103309944
TSC Score = 0.019924326933530433
(320, 100642190000.0, 1103123000000.0, 0.00035831484, 144, array([  1,  53, 144, 144,   1], dtype=int32))
Train Cost Diff = 0.029469678
TSC Score = 0.020299540263352504
(321, 103608080000.0, 1144205900000.0, 0.00036887426, 144, array([  1,  53, 144, 144,   1], dtype=int32))
Train Cost Diff = 0.15663964
TSC Score = 0.018717310151464245
(322, 87378950000.0, 972074450000.0, 0.00031109393, 144, array([  1,  53, 144, 144,   1], dtype=int32))
Train Cost Diff = 0.1743505
TSC Score = 0.017271468659447637
(323, 72144390000.0, 825403900000.0, 0.00025685455, 144, array([  1,  53, 144, 144,   1], dtype=int32))
Train Cost Diff = 0.03338887
TSC Score = 0.01752436710862376
(324, 74553210000.0, 850022560000.0, 0.00026543063, 144, array([  1,  53, 144, 144,   1], dtype=int32))
Train Cost Diff = 0.12946223
TSC Score = 0.018410182478514347
(325, 84205040000.0, 940083500000.0, 0.00029979387, 144, array([  1,  53, 144, 144,   1], dtype=int32))
Train Cost Diff = 0.006107852
TSC Score = 0.018446669214236117
(326, 83690725000.0, 942978560000.0, 0.00029796278, 144, array([  1,  53, 144, 144,   1], dtype=int32))
Train Cost Diff = 0.12729095
TSC Score = 0.017318493112278077
(327, 73037650000.0, 830403800000.0, 0.0002600348, 144, array([  1,  53, 144, 144,   1], dtype=int32))
Train Cost Diff = 0.043212954
TSC Score = 0.017003471553472798
(328, 69881480000.0, 799928600000.0, 0.00024879794, 144, array([  1,  53, 144, 144,   1], dtype=int32))
Train Cost Diff = 0.08142274
TSC Score = 0.01762890004577603
(329, 75571420000.0, 860326100000.0, 0.00026905574, 144, array([  1,  53, 144, 144,   1], dtype=int32))
Train Cost Diff = 0.019907763
TSC Score = 0.01770912273577272
(330, 77075870000.0, 869002840000.0, 0.00027441204, 144, array([  1,  53, 144, 144,   1], dtype=int32))
Train Cost Diff = 0.07195755
TSC Score = 0.0172005321513715
(331, 71529685000.0, 818606300000.0, 0.00025466603, 144, array([  1,  53, 144, 144,   1], dtype=int32))
Train Cost Diff = 0.05298278
TSC Score = 0.016784619317319203
(332, 67739845000.0, 779108800000.0, 0.00024117311, 144, array([  1,  53, 144, 144,   1], dtype=int32))
Train Cost Diff = 0.039564263
TSC Score = 0.017037684678046602
(333, 70419920000.0, 803409500000.0, 0.00025071495, 144, array([  1,  53, 144, 144,   1], dtype=int32))
Train Cost Diff = 0.032624993
TSC Score = 0.017325354642585767
(334, 72717370000.0, 830672700000.0, 0.00025889452, 144, array([  1,  53, 144, 144,   1], dtype=int32))
Train Cost Diff = 0.04074791
TSC Score = 0.016966794364194092
(335, 69754290000.0, 796649000000.0, 0.0002483451, 144, array([  1,  53, 144, 144,   1], dtype=int32))
Train Cost Diff = 0.04761567
TSC Score = 0.016638419986348817
(336, 66432893000.0, 765459370000.0, 0.00023651999, 144, array([  1,  53, 144, 144,   1], dtype=int32))
Train Cost Diff = 0.004016297
TSC Score = 0.016676414675413035
(337, 66699706000.0, 768923300000.0, 0.00023746993, 144, array([  1,  53, 144, 144,   1], dtype=int32))
Train Cost Diff = 0.03111238
TSC Score = 0.016857228320738056
(338, 68774896000.0, 786309100000.0, 0.00024485818, 144, array([  1,  53, 144, 144,   1], dtype=int32))
Train Cost Diff = 0.002174305
TSC Score = 0.01688223934073182
(339, 68625355000.0, 788296700000.0, 0.00024432578, 144, array([  1,  53, 144, 144,   1], dtype=int32))
Train Cost Diff = 0.04369164
TSC Score = 0.016531412985222912
(340, 65626997000.0, 755695300000.0, 0.00023365079, 144, array([  1,  53, 144, 144,   1], dtype=int32))
Train Cost Diff = 0.023288466
TSC Score = 0.016373035321930508
(341, 64098652000.0, 740992900000.0, 0.00022820942, 144, array([  1,  53, 144, 144,   1], dtype=int32))
Train Cost Diff = 0.019378182
TSC Score = 0.01651997507790572
(342, 65340770000.0, 754448330000.0, 0.0002326317, 144, array([  1,  53, 144, 144,   1], dtype=int32))
Train Cost Diff = 0.0154634
TSC Score = 0.016595048128827995
(343, 66351157000.0, 761742360000.0, 0.00023622898, 144, array([  1,  53, 144, 144,   1], dtype=int32))
Train Cost Diff = 0.011838397
TSC Score = 0.016545870716249172
(344, 65565660000.0, 756836500000.0, 0.00023343241, 144, array([  1,  53, 144, 144,   1], dtype=int32))
Train Cost Diff = 0.026598254
TSC Score = 0.01632659454259771
(345, 63821730000.0, 736881300000.0, 0.00022722351, 144, array([  1,  53, 144, 144,   1], dtype=int32))
Train Cost Diff = 0.01675737
TSC Score = 0.016220124179613604
(346, 62752244000.0, 727054350000.0, 0.00022341585, 144, array([  1,  53, 144, 144,   1], dtype=int32))
Train Cost Diff = 0.0006472342
TSC Score = 0.016229705032575415
(347, 62792860000.0, 727884760000.0, 0.00022356045, 144, array([  1,  53, 144, 144,   1], dtype=int32))
Train Cost Diff = 0.011080224
TSC Score = 0.016280797451427367
(348, 63488614000.0, 732772960000.0, 0.00022603755, 144, array([  1,  53, 144, 144,   1], dtype=int32))
Train Cost Diff = 0.006299353
TSC Score = 0.01635466357895128
(349, 63888556000.0, 739266800000.0, 0.00022746144, 144, array([  1,  53, 144, 144,   1], dtype=int32))
Train Cost Diff = 0.009336364
TSC Score = 0.0162549768195017
(350, 63292076000.0, 730462000000.0, 0.00022533778, 144, array([  1,  53, 144, 144,   1], dtype=int32))
Train Cost Diff = 0.015546241
TSC Score = 0.016171188069626877
(351, 62308120000.0, 722610550000.0, 0.00022183462, 144, array([  1,  53, 144, 144,   1], dtype=int32))
Train Cost Diff = 0.013504471
TSC Score = 0.016061732784887536
(352, 61466680000.0, 712865100000.0, 0.00021883886, 144, array([  1,  53, 144, 144,   1], dtype=int32))
Train Cost Diff = 0.008924565
TSC Score = 0.016004827088183862
(353, 60918116000.0, 707705600000.0, 0.00021688582, 144, array([  1,  53, 144, 144,   1], dtype=int32))
Train Cost Diff = 0.004002944
TSC Score = 0.015976768754194678
(354, 60674270000.0, 705201000000.0, 0.00021601764, 144, array([  1,  53, 144, 144,   1], dtype=int32))
Train Cost Diff = 0.0011236395
TSC Score = 0.015975585753234343
(355, 60742440000.0, 705176670000.0, 0.00021626036, 144, array([  1,  53, 144, 144,   1], dtype=int32))
Train Cost Diff = 0.004746759
TSC Score = 0.01601871864962774
(356, 61030770000.0, 708956900000.0, 0.0002172869, 144, array([  1,  53, 144, 144,   1], dtype=int32))
Train Cost Diff = 0.009635315
TSC Score = 0.016062105980514035
(357, 61618815000.0, 713071100000.0, 0.00021938053, 144, array([  1,  53, 144, 144,   1], dtype=int32))
Train Cost Diff = 0.016515635
TSC Score = 0.01620001800784743
(358, 62636500000.0, 725331100000.0, 0.00022300374, 144, array([  1,  53, 144, 144,   1], dtype=int32))
Train Cost Diff = 0.014649226
TSC Score = 0.016264035282094472
(359, 63554073000.0, 731503700000.0, 0.00022627057, 144, array([  1,  53, 144, 144,   1], dtype=int32))
Train Cost Diff = 0.016484134
TSC Score = 0.016416689230622637
(360, 64601700000.0, 745146350000.0, 0.00023000044, 144, array([  1,  53, 144, 144,   1], dtype=int32))
Train Cost Diff = 0.025566401
TSC Score = 0.016545006723997426
(361, 66253332000.0, 757487240000.0, 0.00023588073, 144, array([  1,  53, 144, 144,   1], dtype=int32))
Train Cost Diff = 0.028500024
TSC Score = 0.01680004814809385
(362, 68141560000.0, 780853100000.0, 0.00024260333, 144, array([  1,  53, 144, 144,   1], dtype=int32))
Train Cost Diff = 0.02003614
TSC Score = 0.016875676438290473
(363, 69506850000.0, 788648200000.0, 0.00024746417, 144, array([  1,  53, 144, 144,   1], dtype=int32))
Train Cost Diff = 0.038075794
TSC Score = 0.017225742055037782
(364, 72153380000.0, 821446600000.0, 0.00025688656, 144, array([  1,  53, 144, 144,   1], dtype=int32))
Train Cost Diff = 0.04501269
TSC Score = 0.017473914243797524
(365, 75401200000.0, 846469140000.0, 0.00026844972, 144, array([  1,  53, 144, 144,   1], dtype=int32))
Train Cost Diff = 0.07213031
TSC Score = 0.01809828300955376
(366, 80839900000.0, 908029600000.0, 0.00028781308, 144, array([  1,  53, 144, 144,   1], dtype=int32))
Train Cost Diff = 0.0030949982
TSC Score = 0.01800098863863336
(367, 80589710000.0, 898911800000.0, 0.0002869223, 144, array([  1,  53, 144, 144,   1], dtype=int32))
Train Cost Diff = 0.11489044
TSC Score = 0.017115347373840576
(368, 71330726000.0, 811094900000.0, 0.00025395767, 144, array([  1,  53, 144, 144,   1], dtype=int32))
Train Cost Diff = 0.14758337
TSC Score = 0.015961953472564298
(369, 60803490000.0, 704177440000.0, 0.00021647774, 144, array([  1,  53, 144, 144,   1], dtype=int32))
Train Cost Diff = 0.041406978
TSC Score = 0.016218960857389126
(370, 63321180000.0, 727585400000.0, 0.00022544143, 144, array([  1,  53, 144, 144,   1], dtype=int32))
Train Cost Diff = 0.11944327
TSC Score = 0.01708083034605018
(371, 70884475000.0, 807654600000.0, 0.0002523689, 144, array([  1,  53, 144, 144,   1], dtype=int32))
Train Cost Diff = 0.030733006
TSC Score = 0.016779554574931226
(372, 68705980000.0, 779710400000.0, 0.00024461283, 144, array([  1,  53, 144, 144,   1], dtype=int32))
Train Cost Diff = 0.1162938
TSC Score = 0.01596816386091274
(373, 60715900000.0, 704591000000.0, 0.00021616588, 144, array([  1,  53, 144, 144,   1], dtype=int32))
Train Cost Diff = 0.027419005
TSC Score = 0.015764714563428303
(374, 59051127000.0, 686613100000.0, 0.00021023882, 144, array([  1,  53, 144, 144,   1], dtype=int32))
Train Cost Diff = 0.06712787
TSC Score = 0.016175727208004687
(375, 63015110000.0, 723749600000.0, 0.00022435171, 144, array([  1,  53, 144, 144,   1], dtype=int32))
Train Cost Diff = 0.0016139628
TSC Score = 0.016238666000343766
(376, 63116810000.0, 729004800000.0, 0.0002247138, 144, array([  1,  53, 144, 144,   1], dtype=int32))
Train Cost Diff = 0.04998169
TSC Score = 0.01583807036560981
(377, 59962126000.0, 693380500000.0, 0.00021348223, 144, array([  1,  53, 144, 144,   1], dtype=int32))
Train Cost Diff = 0.0062015406
TSC Score = 0.01582126544742925
(378, 59590270000.0, 691665500000.0, 0.00021215831, 144, array([  1,  53, 144, 144,   1], dtype=int32))
Train Cost Diff = 0.00060544297
TSC Score = 0.015824071667597216
(379, 59626350000.0, 691938100000.0, 0.00021228676, 144, array([  1,  53, 144, 144,   1], dtype=int32))
Train Cost Diff = 0.029119287
TSC Score = 0.01561128067543372
(380, 57890066000.0, 673295000000.0, 0.00020610512, 144, array([  1,  53, 144, 144,   1], dtype=int32))
Train Cost Diff = 0.005319613
TSC Score = 0.015594919175266578
(381, 57582113000.0, 671697000000.0, 0.00020500872, 144, array([  1,  53, 144, 144,   1], dtype=int32))
Train Cost Diff = 0.015366098
TSC Score = 0.015675418370434107
(382, 58466927000.0, 678945360000.0, 0.0002081589, 144, array([  1,  53, 144, 144,   1], dtype=int32))
Train Cost Diff = 0.014768217
TSC Score = 0.015590567930696407
(383, 57603480000.0, 671375750000.0, 0.00020508477, 144, array([  1,  53, 144, 144,   1], dtype=int32))
Train Cost Diff = 0.021905204
TSC Score = 0.015434301096263531
(384, 56341660000.0, 657864900000.0, 0.00020059235, 144, array([  1,  53, 144, 144,   1], dtype=int32))
Train Cost Diff = 0.003443335
TSC Score = 0.015463277991541697
(385, 56535670000.0, 660324350000.0, 0.00020128305, 144, array([  1,  53, 144, 144,   1], dtype=int32))
Train Cost Diff = 0.003860956
TSC Score = 0.015430779128162972
(386, 56317380000.0, 657574300000.0, 0.0002005059, 144, array([  1,  53, 144, 144,   1], dtype=int32))
Train Cost Diff = 0.022808384
TSC Score = 0.015285605256109157
(387, 55032877000.0, 645018000000.0, 0.00019593269, 144, array([  1,  53, 144, 144,   1], dtype=int32))
Train Cost Diff = 0.008393472
TSC Score = 0.015231098987615257
(388, 54570960000.0, 640354200000.0, 0.00019428814, 144, array([  1,  53, 144, 144,   1], dtype=int32))
Train Cost Diff = 0.011513268
TSC Score = 0.015294208553963977
(389, 55199244000.0, 645856200000.0, 0.00019652503, 144, array([  1,  53, 144, 144,   1], dtype=int32))
Train Cost Diff = 0.00038126347
TSC Score = 0.015310609893981475
(390, 55220298000.0, 647143750000.0, 0.00019659995, 144, array([  1,  53, 144, 144,   1], dtype=int32))
Train Cost Diff = 0.013179183
TSC Score = 0.015208212220739753
(391, 54492537000.0, 638521050000.0, 0.00019400893, 144, array([  1,  53, 144, 144,   1], dtype=int32))
Train Cost Diff = 0.0019283401
TSC Score = 0.015210086385820313
(392, 54387450000.0, 638555200000.0, 0.00019363481, 144, array([  1,  53, 144, 144,   1], dtype=int32))
Train Cost Diff = 0.0056077177
TSC Score = 0.015226753174917448
(393, 54692446000.0, 640147500000.0, 0.00019472066, 144, array([  1,  53, 144, 144,   1], dtype=int32))
Train Cost Diff = 0.00069202075
TSC Score = 0.015253687708430509
(394, 54730297000.0, 642252300000.0, 0.00019485541, 144, array([  1,  53, 144, 144,   1], dtype=int32))
Train Cost Diff = 0.0036537473
TSC Score = 0.015243964636012118
(395, 54930264000.0, 641703700000.0, 0.00019556737, 144, array([  1,  53, 144, 144,   1], dtype=int32))
Train Cost Diff = 0.02099955
TSC Score = 0.01541633142135455
(396, 56083780000.0, 656203400000.0, 0.00019967419, 144, array([  1,  53, 144, 144,   1], dtype=int32))
Train Cost Diff = 0.038006835
TSC Score = 0.01560892077580345
(397, 58215346000.0, 673428540000.0, 0.00020726318, 144, array([  1,  53, 144, 144,   1], dtype=int32))
Train Cost Diff = 0.06570258
TSC Score = 0.016097900918856902
(398, 62040240000.0, 716407800000.0, 0.0002208809, 144, array([  1,  53, 144, 144,   1], dtype=int32))
Train Cost Diff = 0.083143815
TSC Score = 0.016578274860330918
(399, 67198500000.0, 761230200000.0, 0.00023924578, 144, array([  1,  53, 144, 144,   1], dtype=int32))
Train Cost Diff = 0.09957779
TSC Score = 0.01736791506215118
(400, 73889980000.0, 835627250000.0, 0.00026306935, 144, array([  1,  53, 144, 144,   1], dtype=int32))
Train Cost Diff = 0.011664905
TSC Score = 0.017356346031873922
(401, 74751900000.0, 835483400000.0, 0.00026613803, 144, array([  1,  53, 144, 144,   1], dtype=int32))
Train Cost Diff = 0.09992484
TSC Score = 0.016669410835205987
(402, 67282330000.0, 768974300000.0, 0.00023954423, 144, array([  1,  53, 144, 144,   1], dtype=int32))
Train Cost Diff = 0.18475005
TSC Score = 0.015223369837166113
(403, 54851916000.0, 640056700000.0, 0.00019528842, 144, array([  1,  53, 144, 144,   1], dtype=int32))
Train Cost Diff = 0.05299201
TSC Score = 0.014892612685433158
(404, 51945206000.0, 611975500000.0, 0.0001849397, 144, array([  1,  53, 144, 144,   1], dtype=int32))
Train Cost Diff = 0.13321185
TSC Score = 0.01573347894808098
(405, 58864920000.0, 683948600000.0, 0.00020957585, 144, array([  1,  53, 144, 144,   1], dtype=int32))
Train Cost Diff = 0.08203004
TSC Score = 0.016198203334312346
(406, 63693610000.0, 726275650000.0, 0.00022676737, 144, array([  1,  53, 144, 144,   1], dtype=int32))
Train Cost Diff = 0.05701193
TSC Score = 0.015870345954183043
(407, 60062310000.0, 696076000000.0, 0.00021383892, 144, array([  1,  53, 144, 144,   1], dtype=int32))
Train Cost Diff = 0.11642462
TSC Score = 0.015013809805358014
(408, 53069580000.0, 622267000000.0, 0.00018894281, 144, array([  1,  53, 144, 144,   1], dtype=int32))
Train Cost Diff = 0.009782694
TSC Score = 0.01496351425912866
(409, 52550420000.0, 617931800000.0, 0.00018709444, 144, array([  1,  53, 144, 144,   1], dtype=int32))
Train Cost Diff = 0.06755735
TSC Score = 0.015406649978143455
(410, 56100585000.0, 655472260000.0, 0.00019973404, 144, array([  1,  53, 144, 144,   1], dtype=int32))
Train Cost Diff = 0.009490793
TSC Score = 0.015413685474717763
(411, 56633025000.0, 656567500000.0, 0.00020162968, 144, array([  1,  53, 144, 144,   1], dtype=int32))
Train Cost Diff = 0.041040104
TSC Score = 0.015198152571885113
(412, 54308803000.0, 637570900000.0, 0.00019335478, 144, array([  1,  53, 144, 144,   1], dtype=int32))
Train Cost Diff = 0.030106405
TSC Score = 0.014970336772758325
(413, 52673757000.0, 618574450000.0, 0.00018753356, 144, array([  1,  53, 144, 144,   1], dtype=int32))
Train Cost Diff = 0.003911398
TSC Score = 0.015000418809923172
(414, 52879786000.0, 621061600000.0, 0.00018826708, 144, array([  1,  53, 144, 144,   1], dtype=int32))
Train Cost Diff = 0.0010509666
TSC Score = 0.015024699301268886
(415, 52935356000.0, 622951800000.0, 0.00018846494, 144, array([  1,  53, 144, 144,   1], dtype=int32))
Train Cost Diff = 0.012583532
TSC Score = 0.01491305199805032
(416, 52269240000.0, 613844650000.0, 0.00018609338, 144, array([  1,  53, 144, 144,   1], dtype=int32))
Train Cost Diff = 0.0076457746
TSC Score = 0.014897830895235387
(417, 51869600000.0, 612297300000.0, 0.00018467056, 144, array([  1,  53, 144, 144,   1], dtype=int32))
Train Cost Diff = 0.0018407522
TSC Score = 0.014884242287830515
(418, 51965090000.0, 611379300000.0, 0.00018501049, 144, array([  1,  53, 144, 144,   1], dtype=int32))
Train Cost Diff = 4.6563488e-05
TSC Score = 0.014895297788179707
(419, 51967510000.0, 612219100000.0, 0.0001850191, 144, array([  1,  53, 144, 144,   1], dtype=int32))
Train Cost Diff = 0.013524097
TSC Score = 0.014811245234750295
(420, 51264690000.0, 605208840000.0, 0.00018251689, 144, array([  1,  53, 144, 144,   1], dtype=int32))
Train Cost Diff = 0.01660479
TSC Score = 0.014700853550101943
(421, 50413453000.0, 596123500000.0, 0.00017948623, 144, array([  1,  53, 144, 144,   1], dtype=int32))
Train Cost Diff = 0.010436753
TSC Score = 0.014645566295324245
(422, 49887300000.0, 591490450000.0, 0.00017761298, 144, array([  1,  53, 144, 144,   1], dtype=int32))
Train Cost Diff = 0.00054246164
TSC Score = 0.014633672587163301
(423, 49860243000.0, 590588200000.0, 0.00017751663, 144, array([  1,  53, 144, 144,   1], dtype=int32))
Train Cost Diff = 0.008162983
TSC Score = 0.01469056921083751
(424, 50267250000.0, 595213600000.0, 0.0001789657, 144, array([  1,  53, 144, 144,   1], dtype=int32))
Train Cost Diff = 0.0041346746
TSC Score = 0.01470637995099542
(425, 50475080000.0, 596602000000.0, 0.00017970566, 144, array([  1,  53, 144, 144,   1], dtype=int32))
Train Cost Diff = 0.0058545927
TSC Score = 0.014680428485296418
(426, 50179570000.0, 594381440000.0, 0.00017865356, 144, array([  1,  53, 144, 144,   1], dtype=int32))
Train Cost Diff = 0.008052632
TSC Score = 0.014615922500026872
(427, 49775500000.0, 589199600000.0, 0.00017721493, 144, array([  1,  53, 144, 144,   1], dtype=int32))
Train Cost Diff = 0.0019888952
TSC Score = 0.014648910289170643
(428, 49874490000.0, 591738200000.0, 0.00017756739, 144, array([  1,  53, 144, 144,   1], dtype=int32))
Train Cost Diff = 0.008101726
TSC Score = 0.014669985125251656
(429, 50278560000.0, 593704200000.0, 0.00017900599, 144, array([  1,  53, 144, 144,   1], dtype=int32))
Train Cost Diff = 0.010993239
TSC Score = 0.0147689979575779
(430, 50831290000.0, 601613900000.0, 0.00018097385, 144, array([  1,  53, 144, 144,   1], dtype=int32))
Train Cost Diff = 0.01227941
TSC Score = 0.014805463011820926
(431, 51455468000.0, 604969240000.0, 0.0001831961, 144, array([  1,  53, 144, 144,   1], dtype=int32))
Train Cost Diff = 0.023044068
TSC Score = 0.014991431355330438
(432, 52641210000.0, 620148360000.0, 0.00018741768, 144, array([  1,  53, 144, 144,   1], dtype=int32))
Train Cost Diff = 0.04368284
TSC Score = 0.015204621556851816
(433, 54940725000.0, 638719800000.0, 0.00019560462, 144, array([  1,  53, 144, 144,   1], dtype=int32))
Train Cost Diff = 0.08488067
TSC Score = 0.01580467247455507
(434, 59604128000.0, 690380200000.0, 0.00021220767, 144, array([  1,  53, 144, 144,   1], dtype=int32))
Train Cost Diff = 0.083799616
TSC Score = 0.016274520489257923
(435, 64598940000.0, 733455600000.0, 0.00022999059, 144, array([  1,  53, 144, 144,   1], dtype=int32))
Train Cost Diff = 0.05422373
TSC Score = 0.01673846114669705
(436, 68101734000.0, 775644000000.0, 0.00024246154, 144, array([  1,  53, 144, 144,   1], dtype=int32))
Train Cost Diff = 0.069463976
TSC Score = 0.016142967622401173
(437, 63371117000.0, 721467500000.0, 0.0002256192, 144, array([  1,  53, 144, 144,   1], dtype=int32))
Train Cost Diff = 0.13597691
TSC Score = 0.015241063068211307
(438, 54754107000.0, 641340000000.0, 0.00019494019, 144, array([  1,  53, 144, 144,   1], dtype=int32))
Train Cost Diff = 0.11082085
TSC Score = 0.014480457404392882
(439, 48686210000.0, 578155700000.0, 0.00017333675, 144, array([  1,  53, 144, 144,   1], dtype=int32))
Train Cost Diff = 0.03502062
TSC Score = 0.014680473593072186
(440, 50391230000.0, 594598950000.0, 0.00017940711, 144, array([  1,  53, 144, 144,   1], dtype=int32))
Train Cost Diff = 0.10088279
TSC Score = 0.015324349095231523
(441, 55474835000.0, 648493300000.0, 0.0001975062, 144, array([  1,  53, 144, 144,   1], dtype=int32))
Train Cost Diff = 0.010307958
TSC Score = 0.01532825498248424
(442, 56046666000.0, 649373200000.0, 0.00019954209, 144, array([  1,  53, 144, 144,   1], dtype=int32))
Train Cost Diff = 0.065359615
TSC Score = 0.01496039905775646
(443, 52383480000.0, 617561900000.0, 0.0001865001, 144, array([  1,  53, 144, 144,   1], dtype=int32))
Train Cost Diff = 0.059124283
TSC Score = 0.014547619245996476
(444, 49286340000.0, 583691800000.0, 0.00017547341, 144, array([  1,  53, 144, 144,   1], dtype=int32))
Train Cost Diff = 0.009227975
TSC Score = 0.014613186249114998
(445, 49741160000.0, 588971200000.0, 0.00017709268, 144, array([  1,  53, 144, 144,   1], dtype=int32))
Train Cost Diff = 0.026438909
TSC Score = 0.014788702539044223
(446, 51056263000.0, 603327560000.0, 0.00018177481, 144, array([  1,  53, 144, 144,   1], dtype=int32))
Train Cost Diff = 0.009608877
TSC Score = 0.014694547923176702
(447, 50565670000.0, 595837400000.0, 0.00018002816, 144, array([  1,  53, 144, 144,   1], dtype=int32))
Train Cost Diff = 0.024726788
TSC Score = 0.0145826260906891
(448, 49315340000.0, 586306550000.0, 0.00017557664, 144, array([  1,  53, 144, 144,   1], dtype=int32))
Train Cost Diff = 0.009644578
TSC Score = 0.014494862211321088
(449, 48839720000.0, 579377800000.0, 0.00017388328, 144, array([  1,  53, 144, 144,   1], dtype=int32))
Train Cost Diff = 0.0060634348
TSC Score = 0.014544409295313403
(450, 49135858000.0, 583307030000.0, 0.00017493761, 144, array([  1,  53, 144, 144,   1], dtype=int32))
Train Cost Diff = 0.012148861
TSC Score = 0.014472540530401555
(451, 48538907000.0, 577445040000.0, 0.00017281232, 144, array([  1,  53, 144, 144,   1], dtype=int32))
Train Cost Diff = 0.02120942
TSC Score = 0.014337170267783209
(452, 47509430000.0, 566564100000.0, 0.00016914707, 144, array([  1,  53, 144, 144,   1], dtype=int32))
Train Cost Diff = 0.0028383394
TSC Score = 0.014364524784609185
(453, 47644280000.0, 568681900000.0, 0.00016962716, 144, array([  1,  53, 144, 144,   1], dtype=int32))
Train Cost Diff = 0.0087288935
TSC Score = 0.01440655679642272
(454, 48060154000.0, 572151300000.0, 0.00017110782, 144, array([  1,  53, 144, 144,   1], dtype=int32))
Train Cost Diff = 0.015077425
TSC Score = 0.014325506374017374
(455, 47335526000.0, 565542450000.0, 0.00016852796, 144, array([  1,  53, 144, 144,   1], dtype=int32))
Train Cost Diff = 0.022511058
TSC Score = 0.01418598200493376
(456, 46269956000.0, 554417900000.0, 0.00016473421, 144, array([  1,  53, 144, 144,   1], dtype=int32))
Train Cost Diff = 0.0011332589
TSC Score = 0.01419907560714699
(457, 46322393000.0, 555411440000.0, 0.0001649209, 144, array([  1,  53, 144, 144,   1], dtype=int32))
Train Cost Diff = 0.01767494
TSC Score = 0.014294514166668536
(458, 47141140000.0, 563112100000.0, 0.00016783587, 144, array([  1,  53, 144, 144,   1], dtype=int32))
Train Cost Diff = 0.00571886
TSC Score = 0.014334220612712006
(459, 47410733000.0, 566252700000.0, 0.0001687957, 144, array([  1,  53, 144, 144,   1], dtype=int32))
Train Cost Diff = 0.012504104
TSC Score = 0.014252511920108448
(460, 46817903000.0, 559757000000.0, 0.00016668506, 144, array([  1,  53, 144, 144,   1], dtype=int32))
Train Cost Diff = 0.0051834607
TSC Score = 0.014236715046219147
(461, 46575223000.0, 558365100000.0, 0.00016582105, 144, array([  1,  53, 144, 144,   1], dtype=int32))
Train Cost Diff = 0.020108053
TSC Score = 0.014328811412249613
(462, 47511770000.0, 565952600000.0, 0.00016915539, 144, array([  1,  53, 144, 144,   1], dtype=int32))
Train Cost Diff = 0.04194285
TSC Score = 0.014610737750349476
(463, 49504547000.0, 588554240000.0, 0.00017625025, 144, array([  1,  53, 144, 144,   1], dtype=int32))
Train Cost Diff = 0.06338582
TSC Score = 0.014933807715689902
(464, 52642427000.0, 615816950000.0, 0.00018742202, 144, array([  1,  53, 144, 144,   1], dtype=int32))
Train Cost Diff = 0.114479214
TSC Score = 0.015701591723908257
(465, 58668890000.0, 681238700000.0, 0.00020887794, 144, array([  1,  53, 144, 144,   1], dtype=int32))
Train Cost Diff = 0.13997655
TSC Score = 0.016514599653356173
(466, 66881163000.0, 755621950000.0, 0.00023811596, 144, array([  1,  53, 144, 144,   1], dtype=int32))
Train Cost Diff = 0.10757783
TSC Score = 0.017368495605514813
(467, 74076100000.0, 835881660000.0, 0.00026373196, 144, array([  1,  53, 144, 144,   1], dtype=int32))
Train Cost Diff = 0.10661206
TSC Score = 0.016437923378757515
(468, 66178690000.0, 748551300000.0, 0.00023561495, 144, array([  1,  53, 144, 144,   1], dtype=int32))
Train Cost Diff = 0.21627468
TSC Score = 0.014902811823320114
(469, 51865907000.0, 612712450000.0, 0.0001846574, 144, array([  1,  53, 144, 144,   1], dtype=int32))
Train Cost Diff = 0.09319472
TSC Score = 0.014294965852812338
(470, 47032283000.0, 563034060000.0, 0.0001674483, 144, array([  1,  53, 144, 144,   1], dtype=int32))
Train Cost Diff = 0.1592491
TSC Score = 0.015151804171295098
(471, 54522126000.0, 634269660000.0, 0.0001941143, 144, array([  1,  53, 144, 144,   1], dtype=int32))
Train Cost Diff = 0.087110825
TSC Score = 0.015775523435205555
(472, 59271600000.0, 687741860000.0, 0.00021102375, 144, array([  1,  53, 144, 144,   1], dtype=int32))
Train Cost Diff = 0.1193831
TSC Score = 0.014884167365984188
(473, 52195578000.0, 611641100000.0, 0.00018583109, 144, array([  1,  53, 144, 144,   1], dtype=int32))
Train Cost Diff = 0.10744612
TSC Score = 0.014238476407323366
(474, 46587363000.0, 558525050000.0, 0.00016586426, 144, array([  1,  53, 144, 144,   1], dtype=int32))
Train Cost Diff = 0.06927546
TSC Score = 0.014652841072840102
(475, 49814720000.0, 591989050000.0, 0.00017735458, 144, array([  1,  53, 144, 144,   1], dtype=int32))
Train Cost Diff = 0.058082096
TSC Score = 0.014947918426540408
(476, 52708065000.0, 616956000000.0, 0.0001876557, 144, array([  1,  53, 144, 144,   1], dtype=int32))
Train Cost Diff = 0.065105766
TSC Score = 0.014590089431902417
(477, 49276465000.0, 586817140000.0, 0.00017543824, 144, array([  1,  53, 144, 144,   1], dtype=int32))
Train Cost Diff = 0.06720798
TSC Score = 0.014152807323053126
(478, 45964694000.0, 551757500000.0, 0.00016364739, 144, array([  1,  53, 144, 144,   1], dtype=int32))
Train Cost Diff = 0.044136446
TSC Score = 0.014401641931019593
(479, 47993410000.0, 571733250000.0, 0.0001708702, 144, array([  1,  53, 144, 144,   1], dtype=int32))
Train Cost Diff = 0.0298167
TSC Score = 0.014604397018682951
(480, 49424420000.0, 588010950000.0, 0.00017596499, 144, array([  1,  53, 144, 144,   1], dtype=int32))
Train Cost Diff = 0.055992108
TSC Score = 0.01423033058418201
(481, 46657040000.0, 558000050000.0, 0.00016611234, 144, array([  1,  53, 144, 144,   1], dtype=int32))
Train Cost Diff = 0.03286763
TSC Score = 0.014065205945431794
(482, 45123530000.0, 544668580000.0, 0.00016065262, 144, array([  1,  53, 144, 144,   1], dtype=int32))
Train Cost Diff = 0.037842877
TSC Score = 0.01427348510033435
(483, 46831137000.0, 561286940000.0, 0.00016673218, 144, array([  1,  53, 144, 144,   1], dtype=int32))
Train Cost Diff = 0.0071963533
TSC Score = 0.014302772845837447
(484, 47168147000.0, 563737400000.0, 0.00016793204, 144, array([  1,  53, 144, 144,   1], dtype=int32))
Train Cost Diff = 0.04436378
TSC Score = 0.014063840187846623
(485, 45075590000.0, 544510000000.0, 0.00016048194, 144, array([  1,  53, 144, 144,   1], dtype=int32))
Train Cost Diff = 0.013762673
TSC Score = 0.013969622979698804
(486, 44455240000.0, 537226500000.0, 0.00015827328, 144, array([  1,  53, 144, 144,   1], dtype=int32))
Train Cost Diff = 0.023364961
TSC Score = 0.014106502608206464
(487, 45493928000.0, 547978350000.0, 0.00016197133, 144, array([  1,  53, 144, 144,   1], dtype=int32))
Train Cost Diff = 0.0035018823
TSC Score = 0.014092841611216976
(488, 45334610000.0, 546836870000.0, 0.00016140412, 144, array([  1,  53, 144, 144,   1], dtype=int32))
Train Cost Diff = 0.016936861
TSC Score = 0.013987119401525411
(489, 44566790000.0, 538570650000.0, 0.00015867045, 144, array([  1,  53, 144, 144,   1], dtype=int32))
Train Cost Diff = 0.0023928464
TSC Score = 0.013980270465584642
(490, 44460147000.0, 537982930000.0, 0.00015829077, 144, array([  1,  53, 144, 144,   1], dtype=int32))
Train Cost Diff = 0.0071143983
TSC Score = 0.013943011997064344
(491, 44143840000.0, 535032630000.0, 0.00015716463, 144, array([  1,  53, 144, 144,   1], dtype=int32))
Train Cost Diff = 0.011344252
TSC Score = 0.013872128454822108
(492, 43643060000.0, 529552280000.0, 0.00015538171, 144, array([  1,  53, 144, 144,   1], dtype=int32))
Train Cost Diff = 0.0049584415
TSC Score = 0.013909749277832973
(493, 43859460000.0, 532407550000.0, 0.00015615216, 144, array([  1,  53, 144, 144,   1], dtype=int32))
Train Cost Diff = 0.006825653
TSC Score = 0.013943003652806457
(494, 44158833000.0, 535047200000.0, 0.000157218, 144, array([  1,  53, 144, 144,   1], dtype=int32))
Train Cost Diff = 0.010196559
TSC Score = 0.013886003486555243
(495, 43708563000.0, 530589120000.0, 0.00015561492, 144, array([  1,  53, 144, 144,   1], dtype=int32))
Train Cost Diff = 0.012960903
TSC Score = 0.013821857413396855
(496, 43142062000.0, 525530820000.0, 0.00015359801, 144, array([  1,  53, 144, 144,   1], dtype=int32))
Train Cost Diff = 0.00019232272
TSC Score = 0.013812290784203516
(497, 43150365000.0, 524870980000.0, 0.00015362755, 144, array([  1,  53, 144, 144,   1], dtype=int32))
Train Cost Diff = 0.008675402
TSC Score = 0.013875138681199365
(498, 43524710000.0, 529638230000.0, 0.00015496033, 144, array([  1,  53, 144, 144,   1], dtype=int32))
Train Cost Diff = 0.0048641195
TSC Score = 0.013887881776804096
(499, 43736416000.0, 530749950000.0, 0.00015571408, 144, array([  1,  53, 144, 144,   1], dtype=int32))
SSIM Index = 0.9965939652955874
