Subject Path: /work/pl/sch/analysis/data/COBRE001/swaAMAYER+cobre01_63001+M87100944+20110309at135133+RSTpre_V01_R01+CM.nii
[1, 53, 1, 1, 1] 0 (1, 53, 53)
[1, 53, 63, 1, 1] 1 (53, 63, 63)
[1, 53, 63, 63, 1] 2 (63, 46, 63)
ranks: [1, 53, 63, 63, 1]
A Tensor Train variable of shape (53, 63, 46, 144), TT-ranks: (1, 53, 63, 63, 1)
[1, 53, 1, 1, 1] 0 (1, 53, 53)
[1, 53, 63, 1, 1] 1 (53, 63, 63)
[1, 53, 63, 63, 1] 2 (63, 46, 63)
ranks: [1, 53, 63, 63, 1]
(24949526000000.0, 2, 0.10452904, 0.10455653, 0.008033854)
(24551996000000.0, 3, 0.10369294, 0.103721164, 0.007998703)
(24162205000000.0, 4, 0.10286653, 0.10289358, 0.00796979)
(23777673000000.0, 5, 0.10204471, 0.10207334, 0.007989201)
(23400220000000.0, 6, 0.10123152, 0.10126021, 0.00796892)
(23029086000000.0, 7, 0.100425534, 0.100454226, 0.007961838)
(22664563000000.0, 8, 0.09962756, 0.099655695, 0.007945908)
(22305960000000.0, 9, 0.09883625, 0.09886413, 0.007942694)
(21953704000000.0, 10, 0.09805273, 0.09807939, 0.007927435)
(21606556000000.0, 11, 0.0972744, 0.09730147, 0.007937895)
(21265404000000.0, 12, 0.09650341, 0.09653043, 0.007925966)
(20929560000000.0, 13, 0.09573834, 0.09576577, 0.0079279095)
(20599860000000.0, 14, 0.09498127, 0.09500784, 0.007907683)
(20274875000000.0, 15, 0.094229065, 0.09425624, 0.007919489)
(19955930000000.0, 16, 0.09348497, 0.093510956, 0.007896681)
(19641060000000.0, 17, 0.09274452, 0.092771664, 0.007920483)
(19331587000000.0, 18, 0.09201096, 0.09203845, 0.00790949)
(19027299000000.0, 19, 0.09128394, 0.091311574, 0.0079014525)
(18728033000000.0, 20, 0.09056322, 0.0905907, 0.007895332)
(18433794000000.0, 21, 0.08984898, 0.089875564, 0.007886672)
(18143936000000.0, 22, 0.08913978, 0.08916632, 0.007893227)
(17857784000000.0, 23, 0.08843407, 0.08846272, 0.007916909)
(17577283000000.0, 24, 0.08773678, 0.08776471, 0.007884884)
(17301109000000.0, 25, 0.08704479, 0.08707179, 0.007887087)
(17028526000000.0, 26, 0.086356364, 0.08638438, 0.007908873)
(16760814000000.0, 27, 0.08567485, 0.085702576, 0.007891857)
(16497224000000.0, 28, 0.084998496, 0.08502596, 0.0078944545)
(16237668000000.0, 29, 0.08432719, 0.084354535, 0.007897843)
(15982467000000.0, 30, 0.0836619, 0.083687946, 0.007889414)
(15730859000000.0, 31, 0.08300075, 0.08302653, 0.007902637)
(15482687000000.0, 32, 0.08234344, 0.08237057, 0.007919357)
(15238513000000.0, 33, 0.08169154, 0.08171884, 0.007916793)
(14997781000000.0, 34, 0.08104371, 0.08107165, 0.007930173)
(14761510000000.0, 35, 0.08040281, 0.08042929, 0.007908157)
(14528537000000.0, 36, 0.079765804, 0.079791784, 0.007922637)
(14298720000000.0, 37, 0.07913241, 0.07915914, 0.007940698)
(14072499000000.0, 38, 0.07850394, 0.07853104, 0.007942023)
(13850008000000.0, 39, 0.077880874, 0.07790714, 0.007936701)
(13630165000000.0, 40, 0.07726029, 0.07728773, 0.007968339)
(13414128000000.0, 41, 0.07664557, 0.07667266, 0.007956546)
(13201534000000.0, 42, 0.07603578, 0.07606192, 0.007955911)
(12991667000000.0, 43, 0.075428985, 0.07545546, 0.007980422)
(12784890000000.0, 44, 0.07482631, 0.07485294, 0.007989998)
(12581106000000.0, 45, 0.074227564, 0.07425429, 0.008001779)
(12380392000000.0, 46, 0.07363309, 0.0736599, 0.008008809)
(12182673000000.0, 47, 0.07304274, 0.07306963, 0.008017411)
(11987657000000.0, 48, 0.07245577, 0.07248313, 0.0080360025)
(11795958000000.0, 49, 0.0718741, 0.0719005, 0.008027991)
(11606653000000.0, 50, 0.07129504, 0.07132191, 0.008056576)
(11420297000000.0, 51, 0.07072037, 0.07074721, 0.008060459)
(11236575000000.0, 52, 0.07014921, 0.07017637, 0.008076232)
(11055564000000.0, 53, 0.069581896, 0.06960899, 0.0080872895)
(10877192000000.0, 54, 0.06901829, 0.06904546, 0.008099903)
(10701568000000.0, 55, 0.06845884, 0.06848555, 0.008105811)
(10528258000000.0, 56, 0.06790224, 0.067928955, 0.008130478)
(10357459000000.0, 57, 0.067349195, 0.06737629, 0.008144676)
(10189380000000.0, 58, 0.0668005, 0.06682708, 0.008147061)
(10023247000000.0, 59, 0.066253684, 0.06628111, 0.008185763)
(9859513000000.0, 60, 0.06571031, 0.065738685, 0.008201368)
(9698524000000.0, 61, 0.06517164, 0.065199725, 0.008197754)
(9540335000000.0, 62, 0.06463795, 0.064663984, 0.008188916)
(9383927000000.0, 63, 0.06410591, 0.0641318, 0.008231055)
(9229851000000.0, 64, 0.06357746, 0.06360297, 0.008243464)
(9077455000000.0, 65, 0.063050404, 0.0630773, 0.008289952)
(8929557000000.0, 66, 0.06253465, 0.06255511, 0.008179988)
(8782026000000.0, 67, 0.062015917, 0.06203588, 0.008295169)
(8636527500000.0, 68, 0.06150004, 0.061519906, 0.00831848)
(8492771000000.0, 69, 0.060986053, 0.06100682, 0.008357487)
(8351394000000.0, 70, 0.06047631, 0.06049699, 0.008358348)
(8212155000000.0, 71, 0.059970047, 0.05999035, 0.008371265)
(8074754000000.0, 72, 0.059466235, 0.05948658, 0.0084010605)
(7939494000000.0, 73, 0.058966074, 0.05898599, 0.008410843)
(7806256700000.0, 74, 0.05846921, 0.058488574, 0.008426274)
(7674425500000.0, 75, 0.057973396, 0.05799371, 0.008479913)
(7544814700000.0, 76, 0.057481766, 0.057502046, 0.008480274)
(7417067700000.0, 77, 0.056993052, 0.057013568, 0.00850206)
(7291153700000.0, 78, 0.05650722, 0.056528155, 0.008524437)
(7167141000000.0, 79, 0.056024604, 0.056045584, 0.008540769)
(7044994700000.0, 80, 0.05554515, 0.055565644, 0.008557889)
(6924877700000.0, 81, 0.05506959, 0.055088926, 0.008561673)
(6805873000000.0, 82, 0.054594353, 0.054614812, 0.00862979)
(6688780300000.0, 83, 0.05412268, 0.054143693, 0.008639609)
(6573567500000.0, 84, 0.053654525, 0.0536757, 0.008649859)
(6460159300000.0, 85, 0.053189687, 0.053210463, 0.008663538)
(6348409000000.0, 86, 0.052727632, 0.05274822, 0.008686932)
(6238352000000.0, 87, 0.052268583, 0.052289233, 0.008706041)
(6130027000000.0, 88, 0.051812794, 0.05183284, 0.008720138)
(6023188300000.0, 89, 0.051359292, 0.051379606, 0.008752702)
(5918008000000.0, 90, 0.050908882, 0.0509293, 0.008769785)
(5814282600000.0, 91, 0.05046077, 0.05048163, 0.008802225)
(5712240000000.0, 92, 0.05001601, 0.050036795, 0.008814023)
(5611850300000.0, 93, 0.049574558, 0.049594946, 0.008826187)
(5512941300000.0, 94, 0.04913574, 0.049156185, 0.008851654)
(5415540600000.0, 95, 0.048699748, 0.04872024, 0.008873237)
(5319599600000.0, 96, 0.04826644, 0.048286956, 0.008897523)
(5225297500000.0, 97, 0.04783671, 0.04785655, 0.008903305)
(5132302000000.0, 98, 0.04740912, 0.04742914, 0.008938508)
(5040857700000.0, 99, 0.04698487, 0.047004707, 0.00894872)
(4950623500000.0, 100, 0.046562444, 0.04658318, 0.008990672)
(4862140500000.0, 101, 0.04614446, 0.04616458, 0.00897687)
(4774932000000.0, 102, 0.045728758, 0.045748774, 0.009008696)
(4689007000000.0, 103, 0.045315444, 0.0453358, 0.009038372)
(4604540500000.0, 104, 0.04490544, 0.0449261, 0.009047808)
(4521572000000.0, 105, 0.04449903, 0.044519078, 0.009050364)
(4439709600000.0, 106, 0.044094365, 0.044114836, 0.009093758)
(4359443700000.0, 107, 0.043693956, 0.04371373, 0.009080732)
(4280304300000.0, 108, 0.043295536, 0.043315496, 0.009118419)
(4202426000000.0, 109, 0.04289986, 0.04292026, 0.009139001)
(4126175400000.0, 110, 0.042508878, 0.04252816, 0.009113792)
(4051018000000.0, 111, 0.042119954, 0.042138867, 0.009149242)
(3977015700000.0, 112, 0.041733466, 0.041752316, 0.009175881)
(3904369900000.0, 113, 0.04135055, 0.041368954, 0.009175254)
(3832815300000.0, 114, 0.040969886, 0.04098845, 0.009205804)
(3762422800000.0, 115, 0.04059192, 0.040610995, 0.009225416)
(3693408700000.0, 116, 0.04021791, 0.040236317, 0.009213944)
(3625364500000.0, 117, 0.039845716, 0.039864264, 0.009254428)
(3558590400000.0, 118, 0.03947706, 0.039495155, 0.009252055)
(3492826800000.0, 119, 0.039110586, 0.039128818, 0.00928325)
(3428250300000.0, 120, 0.038747355, 0.03876563, 0.0092872735)
(3364789000000.0, 121, 0.03838705, 0.03840537, 0.009298863)
(3302365900000.0, 122, 0.038029306, 0.038047835, 0.009319376)
(3240993000000.0, 123, 0.03767427, 0.037692767, 0.009335828)
(3180689000000.0, 124, 0.03732213, 0.037341088, 0.009346976)
(3121546500000.0, 125, 0.036973514, 0.036992017, 0.009340742)
(3063369400000.0, 126, 0.03662735, 0.036646005, 0.009362517)
(3006243300000.0, 127, 0.036284227, 0.036302976, 0.0093679065)
(2950114600000.0, 128, 0.035943903, 0.035962444, 0.00937939)
(2894825800000.0, 129, 0.035605494, 0.035624553, 0.009414923)
(2840603400000.0, 130, 0.03527046, 0.035289302, 0.009409615)
(2787425600000.0, 131, 0.034938756, 0.034956794, 0.009404572)
(2734887000000.0, 132, 0.03460792, 0.034626797, 0.009469015)
(2683359000000.0, 133, 0.034280345, 0.034299497, 0.009465346)
(2632714600000.0, 134, 0.03395531, 0.033974633, 0.0094816815)
(2583024000000.0, 135, 0.033633344, 0.033652335, 0.009482042)
(2534170200000.0, 136, 0.033313762, 0.03333246, 0.009501924)
(2486048000000.0, 137, 0.032995943, 0.033015005, 0.0095401835)
(2438795600000.0, 138, 0.03268086, 0.032699946, 0.009549093)
(2392443000000.0, 139, 0.0323688, 0.032387353, 0.009548712)
(2346910500000.0, 140, 0.0320593, 0.03207698, 0.009561703)
(2301901100000.0, 141, 0.031750396, 0.03176884, 0.009635419)
(2257716200000.0, 142, 0.031444196, 0.03146282, 0.009643981)
(2214319600000.0, 143, 0.031140527, 0.031159265, 0.009657391)
(2171595800000.0, 144, 0.030838646, 0.030858098, 0.009694144)
(2129807300000.0, 145, 0.030540487, 0.03055914, 0.009668362)
(2088684400000.0, 146, 0.030244209, 0.030262478, 0.009701152)
(2048077700000.0, 147, 0.029948773, 0.029967964, 0.00976835)
(2008411300000.0, 148, 0.029657336, 0.029676056, 0.00973118)
(1969401000000.0, 149, 0.0293679, 0.029386332, 0.0097593535)
(1931059500000.0, 150, 0.029080618, 0.029098872, 0.009782155)
(1893423300000.0, 151, 0.028795833, 0.028813781, 0.009792962)
(1856442900000.0, 152, 0.028513242, 0.028531218, 0.009813615)
(1820089400000.0, 153, 0.028232684, 0.02825101, 0.00983954)
(1784461500000.0, 154, 0.027954994, 0.027973147, 0.009835784)
(1749455200000.0, 155, 0.027679436, 0.027697371, 0.009857196)
(1715010300000.0, 156, 0.027405592, 0.027424011, 0.009893418)
(1681258600000.0, 157, 0.027134577, 0.027153311, 0.0098890355)
(1648231800000.0, 158, 0.02686674, 0.026884833, 0.009870698)
(1615795000000.0, 159, 0.02660106, 0.026618939, 0.009888817)
(1583896300000.0, 160, 0.026337175, 0.026355555, 0.009920081)
(1552698200000.0, 161, 0.026076501, 0.026094398, 0.009897549)
(1522092500000.0, 162, 0.025818221, 0.025835674, 0.009904701)
(1492005400000.0, 163, 0.025561776, 0.02557943, 0.009932724)
(1462433900000.0, 164, 0.02530719, 0.025325729, 0.00995965)
(1433576100000.0, 165, 0.025056256, 0.025074108, 0.00991551)
(1405186600000.0, 166, 0.024806917, 0.024825117, 0.009951178)
(1377311100000.0, 167, 0.024559632, 0.02457844, 0.0099683795)
(1350169800000.0, 168, 0.024316441, 0.02433425, 0.009902049)
(1323366200000.0, 169, 0.024073865, 0.02409241, 0.009975802)
(1297205200000.0, 170, 0.023834726, 0.023852922, 0.0099335695)
(1271622000000.0, 171, 0.023598522, 0.023615396, 0.009910074)
(1246419400000.0, 172, 0.0233635, 0.02338016, 0.009959145)
(1221711100000.0, 173, 0.023130769, 0.023147397, 0.009961346)
(1197434900000.0, 174, 0.022899803, 0.022916915, 0.009985234)
(1173650400000.0, 175, 0.022671236, 0.022688817, 0.00998118)
(1150344100000.0, 176, 0.022445004, 0.022462526, 0.0099787805)
(1127535900000.0, 177, 0.022221379, 0.02223865, 0.009963262)
(1105159300000.0, 178, 0.021999775, 0.022017227, 0.00997258)
(1083231400000.0, 179, 0.02178043, 0.021797722, 0.009970333)
(1061693700000.0, 180, 0.021562813, 0.02158015, 0.00999138)
(1040583600000.0, 181, 0.021347366, 0.021364817, 0.009991581)
(1019883160000.0, 182, 0.021133967, 0.021151664, 0.009996527)
(999600400000.0, 183, 0.020922763, 0.02094062, 0.009993556)
(979752200000.0, 184, 0.020713998, 0.020731665, 0.009977901)
(960340360000.0, 185, 0.020507768, 0.020524792, 0.00995608)
(941249270000.0, 186, 0.020302903, 0.02032007, 0.009989624)
(922595400000.0, 187, 0.020100713, 0.020117443, 0.009958681)
(904218300000.0, 188, 0.019899514, 0.019916702, 0.010009556)
(886213640000.0, 189, 0.019700399, 0.019717827, 0.010006019)
(868576850000.0, 190, 0.019503381, 0.019521039, 0.010000689)
(851276660000.0, 191, 0.019308172, 0.019326128, 0.01000898)
(834343900000.0, 192, 0.019115178, 0.019133268, 0.00999547)
(817727400000.0, 193, 0.018923875, 0.018942347, 0.0100079095)
(801557640000.0, 194, 0.01873584, 0.018753352, 0.009936338)
(785570460000.0, 195, 0.018548055, 0.018566063, 0.010022838)
(769952840000.0, 196, 0.018362757, 0.018380666, 0.009990147)
(754648700000.0, 197, 0.018179344, 0.018197043, 0.009988304)
(739636740000.0, 198, 0.017997619, 0.018015146, 0.009996249)
(724906150000.0, 199, 0.017817497, 0.017835187, 0.010008074)
(710476400000.0, 200, 0.017639272, 0.01765706, 0.010002826)
(696359600000.0, 201, 0.01746315, 0.017480586, 0.009984676)
(682498400000.0, 202, 0.017288473, 0.017305851, 0.010002606)
(668927850000.0, 203, 0.01711573, 0.017133111, 0.009991728)
(655615100000.0, 204, 0.01694456, 0.016961867, 0.01000083)
(642530400000.0, 205, 0.016774619, 0.01679245, 0.010029195)
(629688300000.0, 206, 0.016606137, 0.016624633, 0.010043855)
(617210800000.0, 207, 0.016440785, 0.016458359, 0.009957318)
(604932500000.0, 208, 0.016276434, 0.016293885, 0.009996512)
(592841800000.0, 209, 0.016112955, 0.016130827, 0.010043894)
(581023560000.0, 210, 0.015951542, 0.015969653, 0.010017598)
(569494500000.0, 211, 0.015792489, 0.015810087, 0.009971019)
(558152700000.0, 212, 0.01563444, 0.015652264, 0.010007869)
(547018100000.0, 213, 0.015477709, 0.015495742, 0.01002475)
(536150380000.0, 214, 0.015323187, 0.015340903, 0.009983475)
(525475800000.0, 215, 0.015169881, 0.015187665, 0.010004833)
(515039850000.0, 216, 0.015018488, 0.015035893, 0.009979841)
(504760900000.0, 217, 0.014867866, 0.014885216, 0.010029096)
(494708000000.0, 218, 0.014719067, 0.014736325, 0.010008112)
(484813280000.0, 219, 0.014571125, 0.014588764, 0.010051075)
(475169360000.0, 220, 0.014425471, 0.014442936, 0.00999602)
(465692430000.0, 221, 0.014280894, 0.014298475, 0.010022382)
(456451000000.0, 222, 0.014138485, 0.014155753, 0.009971962)
(447345200000.0, 223, 0.01399675, 0.014014112, 0.010024779)
(438414870000.0, 224, 0.013856337, 0.0138738025, 0.010031808)
(429692100000.0, 225, 0.0137178, 0.013734989, 0.009998099)
(421126860000.0, 226, 0.013580391, 0.013597637, 0.010016853)
(412719680000.0, 227, 0.013444152, 0.013461533, 0.010032072)
(404485770000.0, 228, 0.013309368, 0.01332688, 0.010025459)
(396396000000.0, 229, 0.013175601, 0.013193418, 0.010050574)
(388500420000.0, 230, 0.013043722, 0.013061413, 0.010009334)
(380790280000.0, 231, 0.0129136415, 0.012930764, 0.009972661)
(373195000000.0, 232, 0.012784205, 0.012801338, 0.01002321)
(365763070000.0, 233, 0.01265627, 0.012673471, 0.010007331)
(358448070000.0, 234, 0.012529072, 0.012546541, 0.010050137)
(351326570000.0, 235, 0.012403986, 0.012420995, 0.009983655)
(344339050000.0, 236, 0.012280016, 0.012296523, 0.009994385)
(337468720000.0, 237, 0.012156893, 0.012173425, 0.010026341)
(330726380000.0, 238, 0.012034837, 0.012051587, 0.010040017)
(324098850000.0, 239, 0.011913642, 0.011930947, 0.010070337)
(317660100000.0, 240, 0.011794707, 0.011811706, 0.0099831335)
(311327160000.0, 241, 0.011676544, 0.011693402, 0.010018264)
(305120940000.0, 242, 0.011559574, 0.011576341, 0.010017552)
(299014950000.0, 243, 0.011443326, 0.011460556, 0.010056399)
(293059100000.0, 244, 0.011328787, 0.011345953, 0.010009296)
(287259600000.0, 245, 0.011216131, 0.011232451, 0.009944187)
(281520440000.0, 246, 0.011103522, 0.0111201275, 0.010039915)
(275895400000.0, 247, 0.0109920325, 0.011008962, 0.010040918)
(270396560000.0, 248, 0.010881942, 0.010898816, 0.010015501)
(264956970000.0, 249, 0.010771929, 0.010789316, 0.010109637)
(259692220000.0, 250, 0.010664372, 0.010681423, 0.009984981)
(254513920000.0, 251, 0.010557512, 0.010574359, 0.0100202765)
(249473630000.0, 252, 0.010452451, 0.010468439, 0.009951268)
(244470250000.0, 253, 0.010347104, 0.010363833, 0.010078735)
(239647950000.0, 254, 0.010244545, 0.01026044, 0.009911866)
(234878780000.0, 255, 0.010142095, 0.01015766, 0.010000368)
(230184300000.0, 256, 0.01004023, 0.0100560365, 0.010043809)
(225590230000.0, 257, 0.009939533, 0.009955289, 0.01002939)
(221082160000.0, 258, 0.009839718, 0.00985566, 0.010042172)
(216690180000.0, 259, 0.009741491, 0.009757212, 0.009982757)
(212328380000.0, 260, 0.009642948, 0.0096594365, 0.010115732)
(208113610000.0, 261, 0.009546761, 0.009562421, 0.009974853)
(203952520000.0, 262, 0.009450839, 0.009466579, 0.010047648)
(199886950000.0, 263, 0.009356168, 0.00937186, 0.0100171855)
(195893700000.0, 264, 0.0092622405, 0.009278083, 0.010039111)
(191978600000.0, 265, 0.009169216, 0.009185272, 0.010043383)
(188132160000.0, 266, 0.009076895, 0.00909328, 0.01006859)
(184382280000.0, 267, 0.008985979, 0.009002213, 0.010016271)
(180681200000.0, 268, 0.008895335, 0.0089122625, 0.010087244)
(177075210000.0, 269, 0.008806122, 0.008822881, 0.010029218)
(173548780000.0, 270, 0.008717995, 0.008734505, 0.010007402)
(170074870000.0, 271, 0.0086303, 0.008647236, 0.0100591015)
(166665360000.0, 272, 0.008543355, 0.008560726, 0.010074337)
(163360000000.0, 273, 0.008458214, 0.0084748855, 0.0099658165)
(160098350000.0, 274, 0.00837335, 0.008390139, 0.010033321)
(156902460000.0, 275, 0.008289354, 0.008305932, 0.010031347)
(153780940000.0, 276, 0.008206483, 0.008222665, 0.009997275)
(150701830000.0, 277, 0.00812391, 0.008140115, 0.010061913)
(147696220000.0, 278, 0.008042489, 0.008058553, 0.010022376)
(144770560000.0, 279, 0.0079624355, 0.0079778265, 0.009953845)
(141860810000.0, 280, 0.007882011, 0.007897772, 0.010100473)
(139010300000.0, 281, 0.0078024194, 0.007818834, 0.0100978995)
(136252360000.0, 282, 0.0077246325, 0.0077404943, 0.009969582)
(133539730000.0, 283, 0.0076473514, 0.0076629655, 0.010004508)
(130864360000.0, 284, 0.0075703594, 0.007586203, 0.010067795)
(128258925000.0, 285, 0.0074946196, 0.0075102425, 0.010004784)
(125681705000.0, 286, 0.00741894, 0.007434838, 0.010097876)
(123166695000.0, 287, 0.0073443344, 0.0073605767, 0.01005608)
(120715960000.0, 288, 0.0072708996, 0.007286883, 0.009998835)
(118311070000.0, 289, 0.00719811, 0.007213957, 0.0100110555)
(115944500000.0, 290, 0.007125755, 0.0071415906, 0.010051997)
(113625810000.0, 291, 0.0070541436, 0.007070189, 0.010049637)
(111360800000.0, 292, 0.0069834813, 0.0069992677, 0.010017125)
(109122880000.0, 293, 0.006912955, 0.0069291536, 0.010099012)
(106939840000.0, 294, 0.0068434575, 0.0068599177, 0.0100532435)
(104814960000.0, 295, 0.006775127, 0.0067913807, 0.009984817)
(102732685000.0, 296, 0.0067074914, 0.006723219, 0.0099829035)
(100679110000.0, 297, 0.0066401134, 0.006655993, 0.010045175)
(98659280000.0, 298, 0.0065731686, 0.006589376, 0.010081885)
(96682050000.0, 299, 0.0065069688, 0.0065231714, 0.010071217)
(94735650000.0, 300, 0.006441137, 0.006457736, 0.010117143)
(92871310000.0, 301, 0.006377443, 0.0063929656, 0.009888568)
(91012950000.0, 302, 0.006313314, 0.006328951, 0.010055599)
(89192640000.0, 303, 0.0062498604, 0.006265599, 0.010050791)
(87407680000.0, 304, 0.0061870073, 0.006202802, 0.01005672)
(85659800000.0, 305, 0.006124834, 0.0061404505, 0.010048999)
(83946500000.0, 306, 0.0060632727, 0.0060789804, 0.010051105)
(82256270000.0, 307, 0.006001922, 0.0060179895, 0.010118443)
(80618440000.0, 308, 0.0059418683, 0.0059576286, 0.010005719)
(78996650000.0, 309, 0.0058817985, 0.005897916, 0.010109588)
(77427745000.0, 310, 0.005823098, 0.005838817, 0.009979997)
(75873845000.0, 311, 0.0057643703, 0.005780225, 0.010085319)
(74358440000.0, 312, 0.0057065147, 0.005722014, 0.010036764)
(72856400000.0, 313, 0.005648585, 0.0056647663, 0.010151496)
(71410200000.0, 314, 0.0055922414, 0.0056080394, 0.00997482)
(69971650000.0, 315, 0.0055356277, 0.005551764, 0.010123615)
(68570706000.0, 316, 0.0054799314, 0.0054960996, 0.010061434)
(67201560000.0, 317, 0.005424947, 0.005440992, 0.010033767)
(65864490000.0, 318, 0.0053707073, 0.005386347, 0.009998211)
(64540060000.0, 319, 0.005316435, 0.0053323857, 0.010105253)
(63244374000.0, 320, 0.0052627986, 0.005278839, 0.010088765)
(61983994000.0, 321, 0.005210094, 0.0052262065, 0.010014534)
(60756505000.0, 322, 0.005158248, 0.005174148, 0.009951118)
(59548094000.0, 323, 0.0051066927, 0.0051223855, 0.009994716)
(58361700000.0, 324, 0.005055566, 0.0050710584, 0.010011728)
(57197662000.0, 325, 0.005004895, 0.005020383, 0.010022801)
(56067190000.0, 326, 0.004955189, 0.0049702306, 0.009931494)
(54951027000.0, 327, 0.004905618, 0.004920386, 0.010003865)
(53852830000.0, 328, 0.0048563513, 0.004871196, 0.010042873)
(52772300000.0, 329, 0.004807384, 0.0048223864, 0.010083101)
(51718255000.0, 330, 0.004759132, 0.004774029, 0.0100371195)
(50667850000.0, 331, 0.0047105546, 0.0047260476, 0.010207181)
(49636413000.0, 332, 0.004662362, 0.0046784184, 0.010230788)
(48644480000.0, 333, 0.0046155406, 0.00463141, 0.010042402)
(47681634000.0, 334, 0.0045696334, 0.004584892, 0.009946228)
(46723560000.0, 335, 0.0045234915, 0.0045391005, 0.010097508)
(45789905000.0, 336, 0.004478068, 0.0044937325, 0.010041667)
(44873273000.0, 337, 0.00443302, 0.004448597, 0.0100597115)
(43961184000.0, 338, 0.0043877363, 0.004403743, 0.01021509)
(43078574000.0, 339, 0.0043434664, 0.004359581, 0.010089475)
(42219577000.0, 340, 0.0042999433, 0.0043158955, 0.010020345)
(41374822000.0, 341, 0.004256708, 0.0042725704, 0.010054843)
(40536380000.0, 342, 0.0042133573, 0.004229583, 0.010184099)
(39730960000.0, 343, 0.0041712895, 0.0041872705, 0.009984399)
(38935097000.0, 344, 0.0041293, 0.0041451384, 0.010066338)
(38158336000.0, 345, 0.004087902, 0.0041035414, 0.010025369)
(37380084000.0, 346, 0.0040460005, 0.0040622316, 0.010250147)
(36635160000.0, 347, 0.0040054824, 0.0040213703, 0.010014364)
(35898016000.0, 348, 0.00396498, 0.0039811595, 0.010111713)
(35182770000.0, 349, 0.0039252816, 0.003941277, 0.010012296)
(34465997000.0, 350, 0.0038850913, 0.0039016742, 0.010238831)
(33773273000.0, 351, 0.0038458505, 0.003862372, 0.010100357)
(33103587000.0, 352, 0.00380753, 0.0038237039, 0.009964098)
(32443249000.0, 353, 0.003769363, 0.003785488, 0.010024083)
(31782200000.0, 354, 0.0037307641, 0.0037471885, 0.010240165)
(31146797000.0, 355, 0.0036932821, 0.0037095353, 0.010046737)
(30529819000.0, 356, 0.0036565198, 0.0036723234, 0.009953837)
(29910831000.0, 357, 0.0036192623, 0.0036355548, 0.01018935)
(29316340000.0, 358, 0.0035831144, 0.0035990416, 0.00998764)
(28732135000.0, 359, 0.0035472333, 0.003562845, 0.010013932)
(28152290000.0, 360, 0.0035112575, 0.003527027, 0.01014194)
(27592580000.0, 361, 0.0034761776, 0.0034917856, 0.009990693)
(27038482000.0, 362, 0.0034410974, 0.00345667, 0.010091581)
(26490477000.0, 363, 0.0034060476, 0.0034218852, 0.010185664)
(25960436000.0, 364, 0.0033717998, 0.0033876637, 0.010054985)
(25441730000.0, 365, 0.0033379446, 0.0033537047, 0.010040693)
(24928463000.0, 366, 0.0033041027, 0.0033200984, 0.0101385545)
(24426131000.0, 367, 0.003270643, 0.003286663, 0.01012669)
(23934364000.0, 368, 0.003237552, 0.0032536692, 0.010117599)
(23453895000.0, 369, 0.0032048912, 0.0032209607, 0.010088111)
(22982960000.0, 370, 0.0031725522, 0.0031886285, 0.010090518)
(22516400000.0, 371, 0.0031401853, 0.003156555, 0.010202181)
(22068546000.0, 372, 0.0031087992, 0.0031247456, 0.009994963)
(21625620000.0, 373, 0.0030774435, 0.0030935863, 0.010086135)
(21192995000.0, 374, 0.0030465056, 0.003062639, 0.010053097)
(20768076000.0, 375, 0.0030158097, 0.0030317684, 0.010075782)
(20351600000.0, 376, 0.0029854176, 0.0030012503, 0.010077586)
(19937845000.0, 377, 0.0029549145, 0.0029709362, 0.010217379)
(19535983000.0, 378, 0.0029249836, 0.0029409875, 0.010129175)
(19136633000.0, 379, 0.0028949333, 0.002911426, 0.01027366)
(18754423000.0, 380, 0.0028658777, 0.0028820382, 0.01003672)
(18383530000.0, 381, 0.002837398, 0.0028532087, 0.009937483)
(18009803000.0, 382, 0.0028084086, 0.002824414, 0.010216935)
(17650803000.0, 383, 0.0027802768, 0.0027960362, 0.010016977)
(17291708000.0, 384, 0.00275185, 0.0027677908, 0.010224435)
(16947768000.0, 385, 0.0027243448, 0.0027398653, 0.009995172)
(16604379000.0, 386, 0.0026966038, 0.0027123732, 0.010182658)
(16272805000.0, 387, 0.0026695435, 0.0026850477, 0.010034947)
(15941756000.0, 388, 0.00264225, 0.0026579758, 0.01022406)
(15619287000.0, 389, 0.0026153896, 0.002630927, 0.010165683)
(15308377000.0, 390, 0.0025892286, 0.002604428, 0.010002748)
(14997957000.0, 391, 0.002562842, 0.0025782385, 0.010190859)
(14697977000.0, 392, 0.0025370824, 0.0025524881, 0.010051218)
(14402211000.0, 393, 0.002511426, 0.0025269014, 0.010112524)
(14109979000.0, 394, 0.0024858161, 0.0025014272, 0.010197383)
(13820622000.0, 395, 0.0024601955, 0.002476365, 0.0103067495)
(13543643000.0, 396, 0.0024354183, 0.0024515262, 0.010071208)
(13276239000.0, 397, 0.002411256, 0.0024270383, 0.009921184)
(13010511000.0, 398, 0.002387003, 0.0024027603, 0.010058259)
(12751382000.0, 399, 0.0023631125, 0.0023784945, 0.010008584)
(12489798000.0, 400, 0.0023387484, 0.0023545125, 0.010310172)
(12242389000.0, 401, 0.0023154686, 0.0023308767, 0.009953959)
(11992416000.0, 402, 0.0022917073, 0.0023074148, 0.010261983)
(11750438000.0, 403, 0.002268469, 0.0022841466, 0.0101401955)
(11510430000.0, 404, 0.0022451822, 0.0022610046, 0.010265421)
(11275028000.0, 405, 0.0022221054, 0.0022379356, 0.0102783535)
(11046246000.0, 406, 0.0021994454, 0.0022156201, 0.010197541)
(10821216000.0, 407, 0.002176927, 0.002193219, 0.01023824)
(10605188000.0, 408, 0.002155088, 0.002171167, 0.010032054)
(10390605000.0, 409, 0.0021331736, 0.0021492392, 0.010168612)
(10179346000.0, 410, 0.0021113767, 0.0021274565, 0.010218065)
(9973466000.0, 411, 0.0020899163, 0.0021060093, 0.010164205)
(9765219000.0, 412, 0.0020679822, 0.0020845945, 0.010495178)
(9566944000.0, 413, 0.00204688, 0.0020633286, 0.010204217)
(9370473000.0, 414, 0.0020257535, 0.0020423515, 0.01032136)
(9182297000.0, 415, 0.0020053098, 0.0020216766, 0.010091896)
(8995154000.0, 416, 0.0019847697, 0.0020012031, 0.01024285)
(8811601000.0, 417, 0.001964415, 0.001980928, 0.010255474)
(8636294000.0, 418, 0.0019447757, 0.0019608773, 0.009997513)
(8459409400.0, 419, 0.0019247567, 0.0019409203, 0.010293738)
(8291291000.0, 420, 0.0019055348, 0.0019215161, 0.0099866735)
(8124331500.0, 421, 0.0018862516, 0.0019022219, 0.010119548)
(7957583400.0, 422, 0.0018667941, 0.0018830566, 0.010315454)
(7798997000.0, 423, 0.0018480988, 0.0018640545, 0.010014631)
(7640471000.0, 424, 0.0018292197, 0.0018450405, 0.010215403)
(7487424500.0, 425, 0.0018108065, 0.0018265945, 0.010066202)
(7335124500.0, 426, 0.0017922953, 0.0018082131, 0.010222628)
(7189423000.0, 427, 0.0017744054, 0.001790298, 0.009981554)
(7047329000.0, 428, 0.0017567828, 0.0017726693, 0.009931554)
(6905477000.0, 429, 0.0017390123, 0.0017548595, 0.010115337)
(6767884300.0, 430, 0.0017216001, 0.0017374167, 0.010012718)
(6629606400.0, 431, 0.0017039219, 0.0017199225, 0.010268431)
(6497893400.0, 432, 0.0016869106, 0.0017026619, 0.009983618)
(6367969300.0, 433, 0.0016699609, 0.0016856267, 0.010047789)
(6237625000.0, 434, 0.0016527815, 0.001668666, 0.010287312)
(6115581400.0, 435, 0.0016365326, 0.0016520388, 0.009831246)
(5991347700.0, 436, 0.0016198249, 0.0016355119, 0.010209204)
(5869018000.0, 437, 0.001603203, 0.0016190276, 0.010261538)
(5751594000.0, 438, 0.001587084, 0.0016028588, 0.010054236)
(5634080000.0, 439, 0.001570787, 0.0015867519, 0.010268506)
(5522329000.0, 440, 0.0015551309, 0.0015708111, 0.0099670505)
(5410067000.0, 441, 0.0015392428, 0.0015549671, 0.010216587)
(5300880400.0, 442, 0.001523631, 0.0015393215, 0.010142494)
(5190699500.0, 443, 0.0015077132, 0.0015235858, 0.010447291)
(5090125300.0, 444, 0.0014930351, 0.001508539, 0.009735346)
(4984917000.0, 445, 0.0014775248, 0.0014933625, 0.010388478)
(4886715400.0, 446, 0.0014628989, 0.0014784558, 0.00989888)
(4787454000.0, 447, 0.0014479652, 0.0014636716, 0.010208332)
(4691679700.0, 448, 0.0014334086, 0.001448951, 0.010053123)
(4597480400.0, 449, 0.0014189456, 0.0014344086, 0.010089917)
(4504323000.0, 450, 0.0014044963, 0.0014199346, 0.010183162)
(4414265000.0, 451, 0.0013903847, 0.0014056547, 0.010047386)
(4325135000.0, 452, 0.0013762764, 0.0013913604, 0.0101471)
(4236301300.0, 453, 0.0013620694, 0.0013773394, 0.0103227645)
(4151907000.0, 454, 0.0013484338, 0.0013633529, 0.010010951)
(4068253200.0, 455, 0.0013347804, 0.0013496665, 0.010125393)
(3985416700.0, 456, 0.0013211212, 0.0013360435, 0.010233238)
(3903349200.0, 457, 0.0013074483, 0.0013225428, 0.010349527)
(3823092700.0, 458, 0.0012939372, 0.0013091031, 0.010333905)
(3744132000.0, 459, 0.0012805053, 0.0012959548, 0.01038063)
(3669796400.0, 460, 0.00126773, 0.0012828575, 0.009976765)
(3595295500.0, 461, 0.0012547959, 0.0012698433, 0.01020256)
(3522059500.0, 462, 0.0012419501, 0.0012570967, 0.0102374)
(3448761600.0, 463, 0.001228959, 0.001244436, 0.0104602715)
(3380783600.0, 464, 0.0012167868, 0.0012318378, 0.009904442)
(3311854600.0, 465, 0.0012043187, 0.0012192214, 0.010246726)
(3243554000.0, 466, 0.0011918356, 0.0012070896, 0.010365278)
(3177848600.0, 467, 0.0011797022, 0.0011949012, 0.01018042)
(3114447000.0, 468, 0.0011678748, 0.0011830406, 0.010025791)
(3051118000.0, 469, 0.0011559401, 0.0011712069, 0.010219132)
(2988904200.0, 470, 0.0011440943, 0.00115942, 0.010247799)
(2931622400.0, 471, 0.001133078, 0.0011479908, 0.009628809)
(2871133200.0, 472, 0.0011213275, 0.0011363698, 0.010370422)
(2813719600.0, 473, 0.0011100593, 0.0011249046, 0.0100489715)
(2757304600.0, 474, 0.0010988747, 0.0011136772, 0.01007568)
(2702082300.0, 475, 0.0010878152, 0.0011025068, 0.010064452)
(2646423800.0, 476, 0.0010765532, 0.0010914111, 0.010352772)
(2593758200.0, 477, 0.0010657873, 0.0010804597, 0.010000409)
(2538644700.0, 478, 0.0010544034, 0.0010692774, 0.010681217)
(2487827200.0, 479, 0.0010437967, 0.0010584762, 0.010059449)
(2436969000.0, 480, 0.0010330725, 0.0010478419, 0.0102742035)
(2387448000.0, 481, 0.0010225223, 0.0010371843, 0.01021239)
(2336757200.0, 482, 0.0010116089, 0.0010264248, 0.010673088)
(2290047500.0, 483, 0.0010014472, 0.0010159371, 0.010045049)
(2244446700.0, 484, 0.0009914263, 0.0010058273, 0.010006433)
(2201172200.0, 485, 0.0009818221, 0.0009959972, 0.009687203)
(2154962700.0, 486, 0.0009714617, 0.0009860485, 0.010552257)
(2112423600.0, 487, 0.00096182554, 0.00097634655, 0.00991924)
(2069021700.0, 488, 0.00095189345, 0.00096642395, 0.0103262905)
(2026415900.0, 489, 0.00094204163, 0.0009563422, 0.0103497105)
(1984728300.0, 490, 0.00093230145, 0.00094665855, 0.010339436)
(1943370600.0, 491, 0.00092253665, 0.0009369025, 0.010473866)
(1903634700.0, 492, 0.0009130564, 0.0009273252, 0.010276257)
(1863123500.0, 493, 0.0009032888, 0.0009179321, 0.010697754)
(1825213400.0, 494, 0.0008940517, 0.0009086401, 0.010226065)
(1788010000.0, 495, 0.000884893, 0.00089956966, 0.010244021)
(1750719200.0, 496, 0.00087561674, 0.00089044194, 0.010482921)
(1715688600.0, 497, 0.00086681225, 0.00088147004, 0.010055188)
(1680721900.0, 498, 0.0008579337, 0.00087254256, 0.010242738)
(1647175300.0, 499, 0.0008493285, 0.0008638776, 0.010030131)
(1614057700.0, 500, 0.00084074703, 0.00085526804, 0.010103861)
(1580576400.0, 501, 0.00083198125, 0.0008465061, 0.010426183)
(1546977900.0, 502, 0.000823091, 0.0008378861, 0.010685614)
(1516551700.0, 503, 0.0008149565, 0.00082934275, 0.009882893)
(1485022000.0, 504, 0.00080644037, 0.0008210002, 0.010449797)
(1455493600.0, 505, 0.00079838245, 0.00081283733, 0.00999196)
(1425771000.0, 506, 0.0007901885, 0.00080477906, 0.01026319)
(1396299500.0, 507, 0.000781979, 0.00079662906, 0.010389283)
(1367546900.0, 508, 0.00077388587, 0.0007884852, 0.010349555)
(1339735400.0, 509, 0.0007659763, 0.00078058965, 0.010220561)
(1313010000.0, 510, 0.00075829786, 0.00077268423, 0.0100244135)
(1286260200.0, 511, 0.00075053377, 0.00076497596, 0.010238836)
(1259068300.0, 512, 0.00074255816, 0.0007571334, 0.010626589)
(1231540100.0, 513, 0.00073439564, 0.0007493514, 0.01099243)
(1207474600.0, 514, 0.0007271848, 0.0007416911, 0.009818718)
(1182303000.0, 515, 0.0007195653, 0.000734062, 0.010478078)
(1156862700.0, 516, 0.00071178155, 0.00072633463, 0.01081731)
(1132463700.0, 517, 0.0007042356, 0.0007189511, 0.010601543)
(1108962200.0, 518, 0.0006968899, 0.00071164314, 0.010430729)
(1086209200.0, 519, 0.0006897036, 0.0007043429, 0.010311902)
(1063160060.0, 520, 0.00068234676, 0.00069714163, 0.010666707)
(1041157200.0, 521, 0.00067524903, 0.0006901522, 0.010401933)
(1020073900.0, 522, 0.0006683772, 0.0006831766, 0.010176722)
(999742000.0, 523, 0.0006616827, 0.00067615067, 0.010016083)
(978703900.0, 524, 0.0006546836, 0.0006694698, 0.010577674)
(959526460.0, 525, 0.0006482377, 0.0006626925, 0.009845849)
(938333600.0, 526, 0.000641039, 0.0006561696, 0.011105056)
(919072700.0, 527, 0.00063442567, 0.00064935803, 0.010316567)
(899126140.0, 528, 0.00062750344, 0.000642456, 0.010911018)
(880691260.0, 529, 0.00062103727, 0.0006359579, 0.010304601)
(861870700.0, 530, 0.00061436556, 0.00062912476, 0.010742839)
(843764100.0, 531, 0.00060787785, 0.0006228062, 0.010560015)
(824985540.0, 532, 0.0006010754, 0.00061623676, 0.011190469)
(809235400.0, 533, 0.0005953101, 0.00061008777, 0.009591632)
(792904400.0, 534, 0.0005892726, 0.0006039241, 0.010141825)
(775489100.0, 535, 0.00058276526, 0.0005977032, 0.0110429805)
(759936100.0, 536, 0.00057689176, 0.00059143157, 0.010078676)
(743855000.0, 537, 0.0005707553, 0.0005854663, 0.01063715)
(727991400.0, 538, 0.0005646365, 0.0005794757, 0.010720513)
(713040060.0, 539, 0.0005588082, 0.0005737679, 0.010322172)
(698863500.0, 540, 0.0005532252, 0.00056818896, 0.009990884)
(684212300.0, 541, 0.0005473955, 0.0005624252, 0.010537716)
(670431200.0, 542, 0.0005418548, 0.00055656495, 0.010121879)
(656547460.0, 543, 0.0005362149, 0.0005508639, 0.010408535)
(642812500.0, 544, 0.00053057645, 0.00054523465, 0.010515299)
(628899300.0, 545, 0.00052480306, 0.0005398226, 0.010881345)
(615926300.0, 546, 0.000519362, 0.00053431373, 0.010367846)
(602797250.0, 547, 0.00051379687, 0.000528942, 0.010715297)
(590227300.0, 548, 0.0005084116, 0.00052334554, 0.010481294)
(577185500.0, 549, 0.00050276326, 0.0005178306, 0.0111098075)
(565265660.0, 550, 0.0004975447, 0.0005124691, 0.010379735)
(553488200.0, 551, 0.0004923342, 0.0005071228, 0.01047246)
(542010800.0, 552, 0.0004872028, 0.0005018908, 0.010422562)
(530843970.0, 553, 0.00048215786, 0.00049671903, 0.010354918)
(519833180.0, 554, 0.0004771312, 0.0004914381, 0.010425357)
(508757220.0, 555, 0.00047202077, 0.00048662256, 0.010710741)
(498206900.0, 556, 0.00046710088, 0.00048160212, 0.010423029)
(487605630.0, 557, 0.00046210448, 0.00047674452, 0.010696619)
(477749120.0, 558, 0.00045741012, 0.00047195787, 0.010158656)
(468104860.0, 559, 0.00045276975, 0.00046722533, 0.010144885)
(458186180.0, 560, 0.00044794718, 0.00046242547, 0.0106512485)
(448889920.0, 561, 0.00044337963, 0.00045774473, 0.010196637)
(440075650.0, 562, 0.000439005, 0.00045330764, 0.009866547)
(431352770.0, 563, 0.0004346324, 0.00044878185, 0.009960225)
(421911940.0, 564, 0.00042984978, 0.00044416302, 0.011003856)
(413745400.0, 565, 0.00042566936, 0.0004397625, 0.009725295)
(404321660.0, 566, 0.00042079377, 0.0004352495, 0.011453937)
(396402880.0, 567, 0.0004166527, 0.0004309741, 0.009841085)
(388013300.0, 568, 0.00041222005, 0.00042657158, 0.010638738)
(379832830.0, 569, 0.0004078515, 0.00042206564, 0.0105976)
(372019940.0, 570, 0.0004036351, 0.00041793453, 0.010338119)
(364698300.0, 571, 0.00039964344, 0.00041374142, 0.009889251)
(357198600.0, 572, 0.0003955129, 0.00040946517, 0.010335543)
(349702100.0, 573, 0.00039134064, 0.00040536682, 0.010549003)
(341765760.0, 574, 0.00038687448, 0.00040098923, 0.011412455)
(334307000.0, 575, 0.0003826296, 0.00039664638, 0.010972244)
(327025470.0, 576, 0.0003784396, 0.00039253634, 0.010950515)
(320270430.0, 577, 0.00037451068, 0.0003885793, 0.01038192)
(313641020.0, 578, 0.00037061435, 0.0003848219, 0.010403798)
(307212400.0, 579, 0.0003667965, 0.000380888, 0.010301383)
(300530980.0, 580, 0.0003627859, 0.000376905, 0.010934114)
(293910600.0, 581, 0.00035876778, 0.0003728523, 0.01107577)
(287383870.0, 582, 0.00035476193, 0.0003691422, 0.011165583)
(281878720.0, 583, 0.00035134755, 0.00036532458, 0.0096244095)
(275641860.0, 584, 0.00034743885, 0.00036148346, 0.011124889)
(270095840.0, 585, 0.00034392579, 0.00035788162, 0.010111319)
(263946180.0, 586, 0.00033998792, 0.00035407217, 0.011449751)
(258834350.0, 587, 0.00033667957, 0.0003504963, 0.009730783)
(253646770.0, 588, 0.0003332886, 0.00034716455, 0.010071816)
(248110910.0, 589, 0.00032963153, 0.00034370602, 0.010972685)
(243194880.0, 590, 0.00032634955, 0.0003404944, 0.0099565135)
(238380670.0, 591, 0.00032310325, 0.0003372878, 0.009947308)
(233465070.0, 592, 0.00031975456, 0.00033401916, 0.0103641385)
(229124220.0, 593, 0.000316768, 0.00033092857, 0.009340126)
(224789490.0, 594, 0.00031375728, 0.00032770247, 0.009504536)
(220269550.0, 595, 0.00031058682, 0.00032447898, 0.0101048015)
(216120540.0, 596, 0.0003076478, 0.00032153697, 0.009462801)
(211745090.0, 597, 0.00030451766, 0.00031850024, 0.010174447)
(207800510.0, 598, 0.0003016679, 0.00031550578, 0.009358275)
(203212770.0, 599, 0.00029831927, 0.00031216143, 0.011100381)
(198843280.0, 600, 0.0002950946, 0.0003090049, 0.010809477)
(194719200.0, 601, 0.00029201838, 0.00030590178, 0.010424511)
(190833100.0, 602, 0.00028908974, 0.00030289224, 0.010028928)
(186725140.0, 603, 0.00028596126, 0.00029984728, 0.010821855)
(183159660.0, 604, 0.00028321793, 0.00029691326, 0.009593352)
(179719730.0, 605, 0.00028054573, 0.00029410786, 0.0094351275)
(175790960.0, 606, 0.00027746236, 0.00029129404, 0.010990636)
(172250180.0, 607, 0.0002746538, 0.0002884245, 0.010122269)
(168535380.0, 608, 0.00027167605, 0.00028543768, 0.010841861)
(164808670.0, 609, 0.00026865557, 0.0002825484, 0.0111179575)
(161359100.0, 610, 0.00026582912, 0.0002796407, 0.010520711)
(157444590.0, 611, 0.00026258486, 0.0002766493, 0.012204315)
(154238910.0, 612, 0.0002598979, 0.0002738447, 0.010232704)
(150884980.0, 613, 0.00025705664, 0.00027098143, 0.010932221)
(147596830.0, 614, 0.00025424027, 0.0002682797, 0.010956253)
(144318240.0, 615, 0.00025140066, 0.00026532818, 0.011168973)
(141375660.0, 616, 0.0002488245, 0.0002627024, 0.010247207)
(137922460.0, 617, 0.00024576686, 0.0002597994, 0.012288373)
(134917140.0, 618, 0.00024307448, 0.000257085, 0.01095502)
(131927140.0, 619, 0.00024036592, 0.00025430412, 0.011142933)
(128995944.0, 620, 0.00023768065, 0.0002516435, 0.011171571)
(126587900.0, 621, 0.00023545173, 0.00024897937, 0.00937778)
(123853930.0, 622, 0.00023289528, 0.00024654387, 0.010857645)
(121209060.0, 623, 0.00023039516, 0.00024420297, 0.010734958)
(118743250.0, 624, 0.0002280396, 0.00024199513, 0.010224009)
(116563190.0, 625, 0.00022593656, 0.00023994061, 0.00922227)
(114233630.0, 626, 0.00022366746, 0.00023771025, 0.010043061)
(112053040.0, 627, 0.0002215224, 0.00023547675, 0.009590437)
(109884270.0, 628, 0.00021936816, 0.00023327401, 0.009724689)
(107381850.0, 629, 0.0002168559, 0.00023096551, 0.011452242)
(105346860.0, 630, 0.00021479126, 0.00022855953, 0.009520793)
(103025176.0, 631, 0.00021241124, 0.00022644465, 0.011080637)
(101036320.0, 632, 0.00021035099, 0.00022427617, 0.009699325)
(99089240.0, 633, 0.00020831429, 0.00022223585, 0.009682392)
(97007320.0, 634, 0.00020611427, 0.00022009769, 0.010561046)
(94819000.0, 635, 0.00020377622, 0.00021795114, 0.011343495)
(93128390.0, 636, 0.00020195139, 0.00021603492, 0.008955043)
(91121740.0, 637, 0.00019976382, 0.00021395287, 0.010832185)
(89291500.0, 638, 0.00019774745, 0.00021185001, 0.010093777)
(87243940.0, 639, 0.00019546699, 0.00020967597, 0.011532183)
(85537784.0, 640, 0.00019354626, 0.00020749158, 0.009826324)
(83799130.0, 641, 0.00019156914, 0.00020549342, 0.010215258)
(82124980.0, 642, 0.00018964589, 0.00020353774, 0.010039477)
(80307944.0, 643, 0.00018753618, 0.0002012917, 0.011124457)
(78540850.0, 644, 0.00018546142, 0.00019918497, 0.011063219)
(76854600.0, 645, 0.00018345972, 0.00019719175, 0.010793097)
(75305280.0, 646, 0.00018160112, 0.00019534648, 0.010130833)
(73869304.0, 647, 0.00017986134, 0.00019347105, 0.009580245)
(71995970.0, 648, 0.00017756603, 0.00019125437, 0.012761513)
(70519090.0, 649, 0.00017573536, 0.00018931554, 0.010309824)
(69032056.0, 650, 0.00017387263, 0.00018736662, 0.010599645)
(67414760.0, 651, 0.00017182379, 0.00018543872, 0.0117835505)
(66275372.0, 652, 0.0001703656, 0.00018365991, 0.008486538)
(64896920.0, 653, 0.00016858458, 0.00018188596, 0.010454126)
(63440532.0, 654, 0.00016668219, 0.00017990198, 0.011284463)
(62161640.0, 655, 0.00016499357, 0.00017820108, 0.010130769)
(61073880.0, 656, 0.0001635436, 0.00017649404, 0.008788023)
(59915970.0, 657, 0.00016198585, 0.0001748742, 0.009525004)
(58534804.0, 658, 0.00016010796, 0.00017320526, 0.01159296)
(57496096.0, 659, 0.00015868102, 0.00017147431, 0.00891231)
(56317730.0, 660, 0.00015704654, 0.00016976996, 0.010300448)
(55259736.0, 661, 0.0001555644, 0.0001681092, 0.0094375955)
(54305104.0, 662, 0.00015421482, 0.00016651249, 0.008675338)
(53309690.0, 663, 0.0001527949, 0.00016495884, 0.0092074005)
(52177732.0, 664, 0.00015116401, 0.00016330265, 0.010673729)
(51143710.0, 665, 0.00014965869, 0.00016185691, 0.0099582095)
(50111176.0, 666, 0.00014814026, 0.00016029319, 0.01014598)
(49046340.0, 667, 0.00014655785, 0.00015868338, 0.010681799)
(48166144.0, 668, 0.00014523683, 0.00015726192, 0.009013661)
(47403860.0, 669, 0.00014408298, 0.00015590152, 0.007944614)
(46349860.0, 670, 0.00014247217, 0.00015449207, 0.011179736)
(45545060.0, 671, 0.00014122983, 0.00015316496, 0.008719883)
(44642040.0, 672, 0.00013982275, 0.00015169923, 0.009963072)
(43849444.0, 673, 0.00013857595, 0.00015047031, 0.008916958)
(43130732.0, 674, 0.00013743559, 0.00014917189, 0.008229139)
(42208156.0, 675, 0.00013595776, 0.00014764845, 0.010752923)
(41443844.0, 676, 0.00013472117, 0.00014633486, 0.009095418)
(40639576.0, 677, 0.00013340755, 0.0001448915, 0.009750628)
(39953140.0, 678, 0.00013227607, 0.00014367708, 0.00848141)
(39262268.0, 679, 0.00013112741, 0.00014234114, 0.008683774)
(38616412.0, 680, 0.00013004443, 0.00014107036, 0.0082590105)
(37841100.0, 681, 0.00012873234, 0.0001397886, 0.010089536)
(37248210.0, 682, 0.00012771989, 0.00013855878, 0.007864764)
(36586620.0, 683, 0.00012658055, 0.00013743265, 0.008920632)
(35892256.0, 684, 0.00012537363, 0.00013622077, 0.009534809)
(35293076.0, 685, 0.00012432275, 0.00013506452, 0.008381995)
(34565470.0, 686, 0.00012303454, 0.00013371719, 0.010361807)
(33977970.0, 687, 0.00012198446, 0.00013268644, 0.008534786)
(33418854.0, 688, 0.000120976656, 0.00013153742, 0.008261769)
(32891032.0, 689, 0.000120017496, 0.00013053125, 0.007928475)
(32271926.0, 690, 0.00011888259, 0.00012945027, 0.009456154)
(31778144.0, 691, 0.00011796959, 0.00012854717, 0.0076798606)
(31279682.0, 692, 0.00011704072, 0.00012765225, 0.007873814)
(64633508.0, 693, 0.0001682421, 0.00017575841, 0.43746638)
(63424150.0, 694, 0.00016666068, 0.00017418923, 0.0093996385)
(62280212.0, 695, 0.00016515086, 0.00017259565, 0.009059242)
(61119468.0, 696, 0.00016360464, 0.00017112387, 0.009362521)
(60092572.0, 697, 0.0001622244, 0.00016966989, 0.008436403)
(58946228.0, 698, 0.00016066963, 0.00016818683, 0.009584072)
(57775856.0, 699, 0.00015906659, 0.00016659222, 0.009977237)
(56733084.0, 700, 0.0001576246, 0.00016514503, 0.009065341)
(55760276.0, 701, 0.00015626736, 0.000163813, 0.008610602)
(54658904.0, 702, 0.00015471637, 0.00016232904, 0.009925213)
(53746296.0, 703, 0.00015341933, 0.00016098954, 0.008383349)
(52808810.0, 704, 0.0001520754, 0.00015954154, 0.008759832)
(51865230.0, 705, 0.00015071066, 0.00015805205, 0.00897408)
(50874828.0, 706, 0.00014926476, 0.00015668955, 0.009593929)
(50001964.0, 707, 0.00014797875, 0.00015531342, 0.008615637)
(49056012.0, 708, 0.0001465723, 0.00015400333, 0.0095043555)
(48130524.0, 709, 0.00014518312, 0.00015245099, 0.009477807)
(47326188.0, 710, 0.00014396488, 0.00015132451, 0.008391077)
(46402264.0, 711, 0.00014255269, 0.00014981504, 0.009809271)
(45621080.0, 712, 0.00014134764, 0.0001484823, 0.008453324)
(44852216.0, 713, 0.0001401515, 0.00014721125, 0.008462386)
(43997064.0, 714, 0.00013880902, 0.00014573694, 0.009578827)
(43220544.0, 715, 0.00013757861, 0.00014446612, 0.008864036)
(42520616.0, 716, 0.00013646006, 0.00014335255, 0.008130243)
(41756216.0, 717, 0.00013522792, 0.000142033, 0.0090293065)
(41049692.0, 718, 0.000134079, 0.00014083718, 0.008496155)
(40392748.0, 719, 0.0001330018, 0.00013985335, 0.00803411)
(39642660.0, 720, 0.0001317611, 0.00013863752, 0.0093284175)
(38927868.0, 721, 0.00013056782, 0.000137445, 0.009056437)
(38291976.0, 722, 0.000129497, 0.00013629583, 0.008201234)
(37603240.0, 723, 0.00012832711, 0.00013505058, 0.009034083)
(36922584.0, 724, 0.0001271604, 0.00013388797, 0.009091722)
(36247610.0, 725, 0.00012599272, 0.00013262336, 0.0091826925)
(35645116.0, 726, 0.00012494125, 0.00013148822, 0.008345543)
(35073748.0, 727, 0.00012393584, 0.00013046348, 0.008047033)
(34440236.0, 728, 0.00012281146, 0.0001293092, 0.009072298)
(33851856.0, 729, 0.000121757876, 0.00012822046, 0.008578845)
(33237504.0, 730, 0.000120647965, 0.00012712603, 0.009115722)
(32713808.0, 731, 0.000119693716, 0.0001260644, 0.007909368)
(32227496.0, 732, 0.00011880072, 0.00012515493, 0.007460649)
(31701878.0, 733, 0.00011782794, 0.00012427758, 0.008188343)
(31181436.0, 734, 0.00011685677, 0.00012319045, 0.008242298)
(30696800.0, 735, 0.00011594509, 0.00012239271, 0.007801666)
(30199362.0, 736, 0.000115001814, 0.00012153209, 0.008135549)
(29749968.0, 737, 0.00011414294, 0.00012070992, 0.007468368)
(29262762.0, 738, 0.00011320444, 0.0001197786, 0.008222118)
(28849526.0, 739, 0.00011240229, 0.000118946715, 0.0070858747)
(28437830.0, 740, 0.00011159739, 0.000118318865, 0.0071609113)
(27990030.0, 741, 0.000110715264, 0.00011744766, 0.007904509)
(27553618.0, 742, 0.00010984875, 0.00011651105, 0.007826524)
(27165280.0, 743, 0.00010907191, 0.000115901974, 0.0070719006)
(26760764.0, 744, 0.00010825677, 0.0001151806, 0.007473419)
(26325162.0, 745, 0.00010737207, 0.00011426995, 0.008172221)
(25968362.0, 746, 0.00010664195, 0.00011354297, 0.006799911)
(25604200.0, 747, 0.00010589157, 0.000112867565, 0.0070364126)
(25253218.0, 748, 0.00010516329, 0.00011211574, 0.0068775984)
(24893748.0, 749, 0.00010441213, 0.00011143253, 0.007142821)
(24564638.0, 750, 0.00010371964, 0.00011079638, 0.0066322684)
(24195352.0, 751, 0.00010293707, 0.00010997487, 0.007545079)
(23862580.0, 752, 0.00010222674, 0.000109275155, 0.006900623)
(23514688.0, 753, 0.00010147882, 0.00010847761, 0.007316261)
(23238728.0, 754, 0.0001008816, 0.000107836575, 0.005885148)
(22927154.0, 755, 0.00010020304, 0.0001072717, 0.006726331)
(22585024.0, 756, 9.945259e-05, 0.00010647166, 0.007489289)
(22286564.0, 757, 9.879327e-05, 0.000105942054, 0.006629472)
(21991816.0, 758, 9.813781e-05, 0.000105251376, 0.0066346815)
(21748894.0, 759, 9.759428e-05, 0.00010482306, 0.0055384217)
(21433338.0, 760, 9.68837e-05, 0.000104103274, 0.0072810063)
(21134382.0, 761, 9.620565e-05, 0.00010342795, 0.0069985613)
(20901406.0, 762, 9.567392e-05, 0.000102837825, 0.0055270586)
(20682458.0, 763, 9.517149e-05, 0.00010228399, 0.005251449)
(20406746.0, 764, 9.453501e-05, 0.000101587, 0.006687706)
(20152758.0, 765, 9.3944866e-05, 0.00010079451, 0.0062426147)
(19889278.0, 766, 9.332872e-05, 0.00010011847, 0.0065585556)
(19662574.0, 767, 9.27953e-05, 9.959685e-05, 0.005715521)
(19451282.0, 768, 9.229537e-05, 9.919783e-05, 0.005387461)
(19214696.0, 769, 9.173236e-05, 9.854243e-05, 0.0061000497)
(18959134.0, 770, 9.112029e-05, 9.794887e-05, 0.006672404)
(18750174.0, 771, 9.061675e-05, 9.737702e-05, 0.005526101)
(18583266.0, 772, 9.0212525e-05, 9.713381e-05, 0.004460799)
(18388396.0, 773, 8.973828e-05, 9.682243e-05, 0.0052569965)
(18203160.0, 774, 8.9285146e-05, 9.621245e-05, 0.005049485)
(18009878.0, 775, 8.880986e-05, 9.5753814e-05, 0.0053232526)
(17835774.0, 776, 8.837955e-05, 9.538861e-05, 0.004845266)
(17632022.0, 777, 8.787328e-05, 9.498444e-05, 0.0057283435)
(17454402.0, 778, 8.742956e-05, 9.443203e-05, 0.0050495923)
(17272844.0, 779, 8.697366e-05, 9.3925744e-05, 0.0052144486)
(17039654.0, 780, 8.638457e-05, 9.322003e-05, 0.0067732073)
(16873580.0, 781, 8.596257e-05, 9.2697526e-05, 0.0048851115)
(16693189.0, 782, 8.5501844e-05, 9.2367925e-05, 0.005359637)
(16559973.0, 783, 8.515999e-05, 9.215723e-05, 0.0039982013)
(16411356.0, 784, 8.4777e-05, 9.1787384e-05, 0.0044973213)
(16246689.0, 785, 8.435061e-05, 9.145688e-05, 0.005029497)
(16081848.0, 786, 8.392161e-05, 9.097489e-05, 0.005085974)
(15898018.0, 787, 8.344058e-05, 9.055137e-05, 0.005731874)
(15728055.0, 788, 8.2993356e-05, 9.0128866e-05, 0.0053597903)
(15590195.0, 789, 8.262882e-05, 8.957137e-05, 0.0043923124)
(15437791.0, 790, 8.222396e-05, 8.910521e-05, 0.004899784)
(15258143.0, 791, 8.174415e-05, 8.859034e-05, 0.0058354405)
(15115836.0, 792, 8.136205e-05, 8.824148e-05, 0.004674303)
(14994975.0, 793, 8.103613e-05, 8.8078945e-05, 0.0040057893)
(14912935.0, 794, 8.081414e-05, 8.7971726e-05, 0.0027393887)
(14774740.0, 795, 8.0438826e-05, 8.764432e-05, 0.004644184)
(14626742.0, 796, 8.003494e-05, 8.7201595e-05, 0.005021063)
(14529890.0, 797, 7.976952e-05, 8.691517e-05, 0.0033162974)
(14351707.0, 798, 7.927889e-05, 8.635342e-05, 0.0061505334)
(14276543.0, 799, 7.907102e-05, 8.620321e-05, 0.0026220612)
(14098509.0, 800, 7.857645e-05, 8.5888736e-05, 0.00625474)
(14010819.0, 801, 7.83317e-05, 8.581458e-05, 0.003114784)
(13960039.0, 802, 7.818962e-05, 8.567891e-05, 0.0018137947)
(13840175.0, 803, 7.785323e-05, 8.5324784e-05, 0.004302318)
(13748078.0, 804, 7.759376e-05, 8.509137e-05, 0.0033327832)
(13661214.0, 805, 7.734824e-05, 8.492241e-05, 0.003164171)
(13569420.0, 806, 7.708794e-05, 8.471289e-05, 0.003365266)
(13485866.0, 807, 7.685024e-05, 8.4589e-05, 0.0030834686)
(13453252.0, 808, 7.675726e-05, 8.4637075e-05, 0.0012099732)
(13346129.0, 809, 7.6451055e-05, 8.4268744e-05, 0.003989218)
(13225046.0, 810, 7.610346e-05, 8.383578e-05, 0.0045466255)
(13119035.0, 811, 7.579783e-05, 8.356457e-05, 0.004016031)
(13077836.0, 812, 7.567872e-05, 8.357129e-05, 0.0015713831)
(13031624.0, 813, 7.5544885e-05, 8.3416264e-05, 0.0017684491)
(12923712.0, 814, 7.523145e-05, 8.298109e-05, 0.004148973)
(12817830.0, 815, 7.492264e-05, 8.267785e-05, 0.004104845)
(12737943.0, 816, 7.4688796e-05, 8.2405044e-05, 0.0031211127)
(12608018.0, 817, 7.430691e-05, 8.192962e-05, 0.005113028)
(12564864.0, 818, 7.417964e-05, 8.177115e-05, 0.0017127754)
(12507008.0, 819, 7.4008654e-05, 8.153915e-05, 0.0023050127)
(12468772.0, 820, 7.389544e-05, 8.144109e-05, 0.0015297387)
(12411809.0, 821, 7.3726456e-05, 8.124563e-05, 0.0022868004)
(12364765.0, 822, 7.35866e-05, 8.1101374e-05, 0.0018969914)
(12288950.0, 823, 7.336066e-05, 8.100596e-05, 0.0030704003)
(12239600.0, 824, 7.32132e-05, 8.0992075e-05, 0.002009995)
(12268927.0, 825, 7.3300864e-05, 8.0979305e-05, 0.0011973351)
(12133070.0, 826, 7.28939e-05, 8.048834e-05, 0.0055519966)
(12067933.0, 827, 7.269796e-05, 8.0322025e-05, 0.0026879378)
(12033937.0, 828, 7.2595496e-05, 8.0252685e-05, 0.0014094935)
(11970782.0, 829, 7.240475e-05, 8.01754e-05, 0.0026275252)
(11915548.0, 830, 7.223752e-05, 8.001258e-05, 0.0023096635)
(11903943.0, 831, 7.220233e-05, 7.990263e-05, 0.00048709495)
(11795229.0, 832, 7.187188e-05, 7.9625905e-05, 0.004576752)
(11753261.0, 833, 7.17439e-05, 7.941259e-05, 0.0017806244)
(11749850.0, 834, 7.173349e-05, 7.926464e-05, 0.00014512586)
(11662707.0, 835, 7.146699e-05, 7.8795616e-05, 0.0037151931)
(11598414.0, 836, 7.126973e-05, 7.86914e-05, 0.0027601344)
(11569804.0, 837, 7.118178e-05, 7.843595e-05, 0.0012340691)
(11524076.0, 838, 7.1040966e-05, 7.837418e-05, 0.0019781974)
(11491960.0, 839, 7.094191e-05, 7.835169e-05, 0.0013943347)
(11488671.0, 840, 7.0931754e-05, 7.8406905e-05, 0.00014317682)
(11451620.0, 841, 7.081728e-05, 7.84617e-05, 0.001613842)
(11447239.0, 842, 7.080373e-05, 7.862424e-05, 0.00019130688)
(11450484.0, 843, 7.0813774e-05, 7.847915e-05, 0.00014181204)
(11422550.0, 844, 7.072734e-05, 7.852858e-05, 0.0012205408)
(11421178.0, 845, 7.0723094e-05, 7.8369514e-05, 6.0078026e-05)
(11432625.0, 846, 7.075853e-05, 7.856364e-05, 0.00050102326)
(11383287.0, 847, 7.060568e-05, 7.855439e-05, 0.0021601077)
(11311596.0, 848, 7.0382994e-05, 7.844842e-05, 0.0031539665)
(11381211.0, 849, 7.059924e-05, 7.862718e-05, 0.0030724572)
(11424711.0, 850, 7.073403e-05, 7.87666e-05, 0.0019091864)
(11374806.0, 851, 7.057937e-05, 7.856431e-05, 0.0021864688)
(11326701.0, 852, 7.0429975e-05, 7.836196e-05, 0.0021167267)
(11300316.0, 853, 7.0347895e-05, 7.8136436e-05, 0.001165414)
(11225382.0, 854, 7.011426e-05, 7.7824654e-05, 0.0033210802)
(11204828.0, 855, 7.0050046e-05, 7.77463e-05, 0.00091589923)
(11181254.0, 856, 6.997631e-05, 7.762202e-05, 0.0010525982)
