Subject Path: /work/pl/sch/analysis/data/COBRE001/swaAMAYER+cobre01_63001+M87100944+20110309at135133+RSTpre_V01_R01+CM.nii
[1, 53, 1, 1, 1] 0 (1, 53, 53)
[1, 53, 63, 1, 1] 1 (53, 63, 63)
[1, 53, 63, 63, 1] 2 (63, 46, 63)
ranks: [1, 53, 63, 63, 1]
A Tensor Train variable of shape (53, 63, 46, 144), TT-ranks: (1, 53, 63, 63, 1)
[1, 53, 1, 1, 1] 0 (1, 53, 53)
[1, 53, 63, 1, 1] 1 (53, 63, 63)
[1, 53, 63, 63, 1] 2 (63, 46, 63)
ranks: [1, 53, 63, 63, 1]
(24949526000000.0, 2, 0.10452904, 0.10455653, 0.008098919)
(24551996000000.0, 3, 0.10369294, 0.103721164, 0.008063198)
(24162205000000.0, 4, 0.10286653, 0.10289358, 0.008033818)
(23777673000000.0, 5, 0.10204471, 0.10207334, 0.008053542)
(23400220000000.0, 6, 0.10123152, 0.10126021, 0.008032934)
(23029086000000.0, 7, 0.100425534, 0.100454226, 0.008025737)
(22664563000000.0, 8, 0.09962756, 0.099655695, 0.008009551)
(22305960000000.0, 9, 0.09883625, 0.09886413, 0.008006286)
(21953704000000.0, 10, 0.09805273, 0.09807939, 0.007990781)
(21606556000000.0, 11, 0.0972744, 0.09730147, 0.0080014095)
(21265404000000.0, 12, 0.09650341, 0.09653043, 0.007989288)
(20929560000000.0, 13, 0.09573834, 0.09576577, 0.007991264)
(20599860000000.0, 14, 0.09498127, 0.09500784, 0.007970713)
(20274875000000.0, 15, 0.094229065, 0.09425624, 0.0079827085)
(19955930000000.0, 16, 0.09348497, 0.093510956, 0.007959535)
(19641060000000.0, 17, 0.09274452, 0.092771664, 0.007983718)
(19331587000000.0, 18, 0.09201096, 0.09203845, 0.007972548)
(19027299000000.0, 19, 0.09128394, 0.091311574, 0.007964382)
(18728033000000.0, 20, 0.09056322, 0.0905907, 0.007958164)
(18433794000000.0, 21, 0.08984898, 0.089875564, 0.007949366)
(18143936000000.0, 22, 0.08913978, 0.08916632, 0.007956026)
(17857784000000.0, 23, 0.08843407, 0.08846272, 0.007980087)
(17577283000000.0, 24, 0.08773678, 0.08776471, 0.007947549)
(17301109000000.0, 25, 0.08704479, 0.08707179, 0.007949787)
(17028526000000.0, 26, 0.086356364, 0.08638438, 0.007971922)
(16760814000000.0, 27, 0.08567485, 0.085702576, 0.007954634)
(16497224000000.0, 28, 0.084998496, 0.08502596, 0.007957273)
(16237668000000.0, 29, 0.08432719, 0.084354535, 0.007960715)
(15982467000000.0, 30, 0.0836619, 0.083687946, 0.007952152)
(15730859000000.0, 31, 0.08300075, 0.08302653, 0.007965586)
(15482687000000.0, 32, 0.08234344, 0.08237057, 0.0079825735)
(15238513000000.0, 33, 0.08169154, 0.08171884, 0.0079799695)
(14997781000000.0, 34, 0.08104371, 0.08107165, 0.007993562)
(14761510000000.0, 35, 0.08040281, 0.08042929, 0.007971195)
(14528537000000.0, 36, 0.079765804, 0.079791784, 0.007985907)
(14298720000000.0, 37, 0.07913241, 0.07915914, 0.008004258)
(14072499000000.0, 38, 0.07850394, 0.07853104, 0.008005603)
(13850008000000.0, 39, 0.077880874, 0.07790714, 0.008000196)
(13630165000000.0, 40, 0.07726029, 0.07728773, 0.008032343)
(13414128000000.0, 41, 0.07664557, 0.07667266, 0.00802036)
(13201534000000.0, 42, 0.07603578, 0.07606192, 0.008019716)
(12991667000000.0, 43, 0.075428985, 0.07545546, 0.008044622)
(12784890000000.0, 44, 0.07482631, 0.07485294, 0.008054352)
(12581106000000.0, 45, 0.074227564, 0.07425429, 0.008066324)
(12380392000000.0, 46, 0.07363309, 0.0736599, 0.008073468)
(12182673000000.0, 47, 0.07304274, 0.07306963, 0.008082209)
(11987657000000.0, 48, 0.07245577, 0.07248313, 0.008101103)
(11795958000000.0, 49, 0.0718741, 0.0719005, 0.008092961)
(11606653000000.0, 50, 0.07129504, 0.07132191, 0.008122012)
(11420297000000.0, 51, 0.07072037, 0.07074721, 0.008125958)
(11236575000000.0, 52, 0.07014921, 0.07017637, 0.008141988)
(11055564000000.0, 53, 0.069581896, 0.06960899, 0.008153227)
(10877192000000.0, 54, 0.06901829, 0.06904546, 0.008166048)
(10701568000000.0, 55, 0.06845884, 0.06848555, 0.008172052)
(10528258000000.0, 56, 0.06790224, 0.067928955, 0.008197124)
(10357459000000.0, 57, 0.067349195, 0.06737629, 0.008211556)
(10189380000000.0, 58, 0.0668005, 0.06682708, 0.008213981)
(10023247000000.0, 59, 0.066253684, 0.06628111, 0.008253322)
(9859513000000.0, 60, 0.06571031, 0.065738685, 0.008269186)
(9698524000000.0, 61, 0.06517164, 0.065199725, 0.008265512)
(9540335000000.0, 62, 0.06463795, 0.064663984, 0.0082565285)
(9383927000000.0, 63, 0.06410591, 0.0641318, 0.0082993675)
(9229851000000.0, 64, 0.06357746, 0.06360297, 0.008311983)
(9077455000000.0, 65, 0.063050404, 0.0630773, 0.00835925)
(8929557000000.0, 66, 0.06253465, 0.06255511, 0.008247452)
(8782026000000.0, 67, 0.062015917, 0.06203588, 0.0083645545)
(8636527500000.0, 68, 0.06150004, 0.061519906, 0.0083882585)
(8492771000000.0, 69, 0.060986053, 0.06100682, 0.008427923)
(8351394000000.0, 70, 0.06047631, 0.06049699, 0.008428799)
(8212155000000.0, 71, 0.059970047, 0.05999035, 0.008441934)
(8074754000000.0, 72, 0.059466235, 0.05948658, 0.008472236)
(7939494000000.0, 73, 0.058966074, 0.05898599, 0.008482186)
(7806256700000.0, 74, 0.05846921, 0.058488574, 0.00849788)
(7674425500000.0, 75, 0.057973396, 0.05799371, 0.008552437)
(7544814700000.0, 76, 0.057481766, 0.057502046, 0.008552805)
(7417067700000.0, 77, 0.056993052, 0.057013568, 0.0085749645)
(7291153700000.0, 78, 0.05650722, 0.056528155, 0.008597729)
(7167141000000.0, 79, 0.056024604, 0.056045584, 0.008614342)
(7044994700000.0, 80, 0.05554515, 0.055565644, 0.008631758)
(6924877700000.0, 81, 0.05506959, 0.055088926, 0.008635608)
(6805873000000.0, 82, 0.054594353, 0.054614812, 0.008704912)
(6688780300000.0, 83, 0.05412268, 0.054143693, 0.008714903)
(6573567500000.0, 84, 0.053654525, 0.0536757, 0.008725331)
(6460159300000.0, 85, 0.053189687, 0.053210463, 0.008739251)
(6348409000000.0, 86, 0.052727632, 0.05274822, 0.008763056)
(6238352000000.0, 87, 0.052268583, 0.052289233, 0.008782501)
(6130027000000.0, 88, 0.051812794, 0.05183284, 0.008796847)
(6023188300000.0, 89, 0.051359292, 0.051379606, 0.008829989)
(5918008000000.0, 90, 0.050908882, 0.0509293, 0.0088473745)
(5814282600000.0, 91, 0.05046077, 0.05048163, 0.008880393)
(5712240000000.0, 92, 0.05001601, 0.050036795, 0.008892401)
(5611850300000.0, 93, 0.049574558, 0.049594946, 0.008904782)
(5512941300000.0, 94, 0.04913574, 0.049156185, 0.0089307055)
(5415540600000.0, 95, 0.048699748, 0.04872024, 0.008952676)
(5319599600000.0, 96, 0.04826644, 0.048286956, 0.0089774)
(5225297500000.0, 97, 0.04783671, 0.04785655, 0.008983286)
(5132302000000.0, 98, 0.04740912, 0.04742914, 0.009019125)
(5040857700000.0, 99, 0.04698487, 0.047004707, 0.009029523)
(4950623500000.0, 100, 0.046562444, 0.04658318, 0.009072238)
(4862140500000.0, 101, 0.04614446, 0.04616458, 0.009058184)
(4774932000000.0, 102, 0.045728758, 0.045748774, 0.00909059)
(4689007000000.0, 103, 0.045315444, 0.0453358, 0.009120809)
(4604540500000.0, 104, 0.04490544, 0.0449261, 0.009130418)
(4521572000000.0, 105, 0.04449903, 0.044519078, 0.00913302)
(4439709600000.0, 106, 0.044094365, 0.044114836, 0.009177214)
(4359443700000.0, 107, 0.043693956, 0.04371373, 0.009163947)
(4280304300000.0, 108, 0.043295536, 0.043315496, 0.009202329)
(4202426000000.0, 109, 0.04289986, 0.04292026, 0.0092232935)
(4126175400000.0, 110, 0.042508878, 0.04252816, 0.009197617)
(4051018000000.0, 111, 0.042119954, 0.042138867, 0.009233724)
(3977015700000.0, 112, 0.041733466, 0.041752316, 0.0092608575)
(3904369900000.0, 113, 0.04135055, 0.041368954, 0.009260219)
(3832815300000.0, 114, 0.040969886, 0.04098845, 0.009291338)
(3762422800000.0, 115, 0.04059192, 0.040610995, 0.009311317)
(3693408700000.0, 116, 0.04021791, 0.040236317, 0.00929963)
(3625364500000.0, 117, 0.039845716, 0.039864264, 0.009340872)
(3558590400000.0, 118, 0.03947706, 0.039495155, 0.009338454)
(3492826800000.0, 119, 0.039110586, 0.039128818, 0.009370237)
(3428250300000.0, 120, 0.038747355, 0.03876563, 0.009374335)
(3364789000000.0, 121, 0.03838705, 0.03840537, 0.009386144)
(3302365900000.0, 122, 0.038029306, 0.038047835, 0.009407044)
(3240993000000.0, 123, 0.03767427, 0.037692767, 0.009423807)
(3180689000000.0, 124, 0.03732213, 0.037341088, 0.009435167)
(3121546500000.0, 125, 0.036973514, 0.036992017, 0.009428814)
(3063369400000.0, 126, 0.03662735, 0.036646005, 0.009451002)
(3006243300000.0, 127, 0.036284227, 0.036302976, 0.009456495)
(2950114600000.0, 128, 0.035943903, 0.035962444, 0.009468195)
(2894825800000.0, 129, 0.035605494, 0.035624553, 0.009504407)
(2840603400000.0, 130, 0.03527046, 0.035289302, 0.009498997)
(2787425600000.0, 131, 0.034938756, 0.034956794, 0.009493858)
(2734887000000.0, 132, 0.03460792, 0.034626797, 0.009559534)
(2683359000000.0, 133, 0.034280345, 0.034299497, 0.009555795)
(2632714600000.0, 134, 0.03395531, 0.033974633, 0.0095724445)
(2583024000000.0, 135, 0.033633344, 0.033652335, 0.009572811)
(2534170200000.0, 136, 0.033313762, 0.03333246, 0.009593077)
(2486048000000.0, 137, 0.032995943, 0.033015005, 0.009632075)
(2438795600000.0, 138, 0.03268086, 0.032699946, 0.009641157)
(2392443000000.0, 139, 0.0323688, 0.032387353, 0.009640768)
(2346910500000.0, 140, 0.0320593, 0.03207698, 0.009654011)
(2301901100000.0, 141, 0.031750396, 0.03176884, 0.009729164)
(2257716200000.0, 142, 0.031444196, 0.03146282, 0.009737894)
(2214319600000.0, 143, 0.031140527, 0.031159265, 0.009751566)
(2171595800000.0, 144, 0.030838646, 0.030858098, 0.00978904)
(2129807300000.0, 145, 0.030540487, 0.03055914, 0.009762752)
(2088684400000.0, 146, 0.030244209, 0.030262478, 0.009796187)
(2048077700000.0, 147, 0.029948773, 0.029967964, 0.009864712)
(2008411300000.0, 148, 0.029657336, 0.029676056, 0.009826806)
(1969401000000.0, 149, 0.0293679, 0.029386332, 0.009855538)
(1931059500000.0, 150, 0.029080618, 0.029098872, 0.009878791)
(1893423300000.0, 151, 0.028795833, 0.028813781, 0.009889813)
(1856442900000.0, 152, 0.028513242, 0.028531218, 0.009910876)
(1820089400000.0, 153, 0.028232684, 0.02825101, 0.009937319)
(1784461500000.0, 154, 0.027954994, 0.027973147, 0.0099334875)
(1749455200000.0, 155, 0.027679436, 0.027697371, 0.009955328)
(1715010300000.0, 156, 0.027405592, 0.027424011, 0.009992275)
(1681258600000.0, 157, 0.027134577, 0.027153311, 0.009987805)
(1648231800000.0, 158, 0.02686674, 0.026884833, 0.009969099)
(1615795000000.0, 159, 0.02660106, 0.026618939, 0.0099875815)
(1583896300000.0, 160, 0.026337175, 0.026355555, 0.010019475)
(1552698200000.0, 161, 0.026076501, 0.026094398, 0.00999649)
(1522092500000.0, 162, 0.025818221, 0.025835674, 0.0100037865)
(1492005400000.0, 163, 0.025561776, 0.02557943, 0.010032373)
(1462433900000.0, 164, 0.02530719, 0.025325729, 0.010059842)
(1433576100000.0, 165, 0.025056256, 0.025074108, 0.0100148115)
(1405186600000.0, 166, 0.024806917, 0.024825117, 0.010051199)
(1377311100000.0, 167, 0.024559632, 0.02457844, 0.010068749)
(1350169800000.0, 168, 0.024316441, 0.02433425, 0.01000108)
(1323366200000.0, 169, 0.024073865, 0.02409241, 0.010076322)
(1297205200000.0, 170, 0.023834726, 0.023852922, 0.010033236)
(1271622000000.0, 171, 0.023598522, 0.023615396, 0.010009266)
(1246419400000.0, 172, 0.0233635, 0.02338016, 0.010059328)
(1221711100000.0, 173, 0.023130769, 0.023147397, 0.010061573)
(1197434900000.0, 174, 0.022899803, 0.022916915, 0.010085944)
(1173650400000.0, 175, 0.022671236, 0.022688817, 0.010081808)
(1150344100000.0, 176, 0.022445004, 0.022462526, 0.010079361)
(1127535900000.0, 177, 0.022221379, 0.02223865, 0.010063527)
(1105159300000.0, 178, 0.021999775, 0.022017227, 0.010073034)
(1083231400000.0, 179, 0.02178043, 0.021797722, 0.010070742)
(1061693700000.0, 180, 0.021562813, 0.02158015, 0.010092216)
(1040583600000.0, 181, 0.021347366, 0.021364817, 0.01009242)
(1019883160000.0, 182, 0.021133967, 0.021151664, 0.010097467)
(999600400000.0, 183, 0.020922763, 0.02094062, 0.010094435)
(979752200000.0, 184, 0.020713998, 0.020731665, 0.010078464)
(960340360000.0, 185, 0.020507768, 0.020524792, 0.0100561995)
(941249270000.0, 186, 0.020302903, 0.02032007, 0.010090424)
(922595400000.0, 187, 0.020100713, 0.020117443, 0.010058854)
(904218300000.0, 188, 0.019899514, 0.019916702, 0.01011076)
(886213640000.0, 189, 0.019700399, 0.019717827, 0.010107151)
(868576850000.0, 190, 0.019503381, 0.019521039, 0.010101713)
(851276660000.0, 191, 0.019308172, 0.019326128, 0.0101101715)
(834343900000.0, 192, 0.019115178, 0.019133268, 0.010096388)
(817727400000.0, 193, 0.018923875, 0.018942347, 0.01010908)
(801557640000.0, 194, 0.01873584, 0.018753352, 0.010036061)
(785570460000.0, 195, 0.018548055, 0.018566063, 0.010124312)
(769952840000.0, 196, 0.018362757, 0.018380666, 0.010090957)
(754648700000.0, 197, 0.018179344, 0.018197043, 0.010089077)
(739636740000.0, 198, 0.017997619, 0.018015146, 0.010097183)
(724906150000.0, 199, 0.017817497, 0.017835187, 0.010109249)
(710476400000.0, 200, 0.017639272, 0.01765706, 0.010103894)
(696359600000.0, 201, 0.01746315, 0.017480586, 0.010085375)
(682498400000.0, 202, 0.017288473, 0.017305851, 0.010103669)
(668927850000.0, 203, 0.01711573, 0.017133111, 0.01009257)
(655615100000.0, 204, 0.01694456, 0.016961867, 0.010101856)
(642530400000.0, 205, 0.016774619, 0.01679245, 0.010130799)
(629688300000.0, 206, 0.016606137, 0.016624633, 0.010145757)
(617210800000.0, 207, 0.016440785, 0.016458359, 0.010057464)
(604932500000.0, 208, 0.016276434, 0.016293885, 0.010097451)
(592841800000.0, 209, 0.016112955, 0.016130827, 0.010145797)
(581023560000.0, 210, 0.015951542, 0.015969653, 0.010118965)
(569494500000.0, 211, 0.015792489, 0.015810087, 0.0100714415)
(558152700000.0, 212, 0.01563444, 0.015652264, 0.010109039)
(547018100000.0, 213, 0.015477709, 0.015495742, 0.010126263)
(536150380000.0, 214, 0.015323187, 0.015340903, 0.010084149)
(525475800000.0, 215, 0.015169881, 0.015187665, 0.010105942)
(515039850000.0, 216, 0.015018488, 0.015035893, 0.010080442)
(504760900000.0, 217, 0.014867866, 0.014885216, 0.010130698)
(494708000000.0, 218, 0.014719067, 0.014736325, 0.010109287)
(484813280000.0, 219, 0.014571125, 0.014588764, 0.010153125)
(475169360000.0, 220, 0.014425471, 0.014442936, 0.0100969495)
(465692430000.0, 221, 0.014280894, 0.014298475, 0.010123847)
(456451000000.0, 222, 0.014138485, 0.014155753, 0.010072404)
(447345200000.0, 223, 0.01399675, 0.014014112, 0.010126293)
(438414870000.0, 224, 0.013856337, 0.0138738025, 0.010133465)
(429692100000.0, 225, 0.0137178, 0.013734989, 0.01009907)
(421126860000.0, 226, 0.013580391, 0.013597637, 0.010118206)
(412719680000.0, 227, 0.013444152, 0.013461533, 0.010133734)
(404485770000.0, 228, 0.013309368, 0.01332688, 0.0101269875)
(396396000000.0, 229, 0.013175601, 0.013193418, 0.010152614)
(388500420000.0, 230, 0.013043722, 0.013061413, 0.010110535)
(380790280000.0, 231, 0.0129136415, 0.012930764, 0.010073117)
(373195000000.0, 232, 0.012784205, 0.012801338, 0.010124692)
(365763070000.0, 233, 0.01265627, 0.012673471, 0.0101084905)
(358448070000.0, 234, 0.012529072, 0.012546541, 0.010152168)
(351326570000.0, 235, 0.012403986, 0.012420995, 0.010084334)
(344339050000.0, 236, 0.012280016, 0.012296523, 0.010095281)
(337468720000.0, 237, 0.012156893, 0.012173425, 0.010127887)
(330726380000.0, 238, 0.012034837, 0.012051587, 0.010141841)
(324098850000.0, 239, 0.011913642, 0.011930947, 0.010172781)
(317660100000.0, 240, 0.011794707, 0.011811706, 0.010083801)
(311327160000.0, 241, 0.011676544, 0.011693402, 0.010119645)
(305120940000.0, 242, 0.011559574, 0.011576341, 0.0101189185)
(299014950000.0, 243, 0.011443326, 0.011460556, 0.010158557)
(293059100000.0, 244, 0.011328787, 0.011345953, 0.010110495)
(287259600000.0, 245, 0.011216131, 0.011232451, 0.010044067)
(281520440000.0, 246, 0.011103522, 0.0111201275, 0.010141738)
(275895400000.0, 247, 0.0109920325, 0.011008962, 0.010142761)
(270396560000.0, 248, 0.010881942, 0.010898816, 0.010116826)
(264956970000.0, 249, 0.010771929, 0.010789316, 0.010212885)
(259692220000.0, 250, 0.010664372, 0.010681423, 0.010085687)
(254513920000.0, 251, 0.010557512, 0.010574359, 0.0101216985)
(249473630000.0, 252, 0.010452451, 0.010468439, 0.010051291)
(244470250000.0, 253, 0.010347104, 0.010363833, 0.01018135)
(239647950000.0, 254, 0.010244545, 0.01026044, 0.010011095)
(234878780000.0, 255, 0.010142095, 0.01015766, 0.0101013845)
(230184300000.0, 256, 0.01004023, 0.0100560365, 0.010145711)
(225590230000.0, 257, 0.009939533, 0.009955289, 0.010130999)
(221082160000.0, 258, 0.009839718, 0.00985566, 0.01014404)
(216690180000.0, 259, 0.009741491, 0.009757212, 0.010083418)
(212328380000.0, 260, 0.009642948, 0.0096594365, 0.0102191055)
(208113610000.0, 261, 0.009546761, 0.009562421, 0.010075353)
(203952520000.0, 262, 0.009450839, 0.009466579, 0.010149628)
(199886950000.0, 263, 0.009356168, 0.00937186, 0.010118544)
(195893700000.0, 264, 0.0092622405, 0.009278083, 0.010140916)
(191978600000.0, 265, 0.009169216, 0.009185272, 0.010145275)
(188132160000.0, 266, 0.009076895, 0.00909328, 0.010170997)
(184382280000.0, 267, 0.008985979, 0.009002213, 0.010117612)
(180681200000.0, 268, 0.008895335, 0.0089122625, 0.010190034)
(177075210000.0, 269, 0.008806122, 0.008822881, 0.010130823)
(173548780000.0, 270, 0.008717995, 0.008734505, 0.010108562)
(170074870000.0, 271, 0.0086303, 0.008647236, 0.010161315)
(166665360000.0, 272, 0.008543355, 0.008560726, 0.010176863)
(163360000000.0, 273, 0.008458214, 0.0084748855, 0.010066134)
(160098350000.0, 274, 0.00837335, 0.008390139, 0.010135009)
(156902460000.0, 275, 0.008289354, 0.008305932, 0.010132995)
(153780940000.0, 276, 0.008206483, 0.008222665, 0.010098229)
(150701830000.0, 277, 0.00812391, 0.008140115, 0.0101641845)
(147696220000.0, 278, 0.008042489, 0.008058553, 0.0101238405)
(144770560000.0, 279, 0.0079624355, 0.0079778265, 0.010053921)
(141860810000.0, 280, 0.007882011, 0.007897772, 0.010203533)
(139010300000.0, 281, 0.0078024194, 0.007818834, 0.0102009075)
(136252360000.0, 282, 0.0077246325, 0.0077404943, 0.010069975)
(133539730000.0, 283, 0.0076473514, 0.0076629655, 0.01010561)
(130864360000.0, 284, 0.0075703594, 0.007586203, 0.010170187)
(128258925000.0, 285, 0.0074946196, 0.0075102425, 0.010105891)
(125681705000.0, 286, 0.00741894, 0.007434838, 0.010200883)
(123166695000.0, 287, 0.0073443344, 0.0073605767, 0.010158232)
(120715960000.0, 288, 0.0072708996, 0.007286883, 0.010099821)
(118311070000.0, 289, 0.00719811, 0.007213957, 0.01011229)
(115944500000.0, 290, 0.007125755, 0.0071415906, 0.010154066)
(113625810000.0, 291, 0.0070541436, 0.007070189, 0.010151658)
(111360800000.0, 292, 0.0069834813, 0.0069992677, 0.010118483)
(109122880000.0, 293, 0.006912955, 0.0069291536, 0.010202043)
(106939840000.0, 294, 0.0068434575, 0.0068599177, 0.010155337)
(104814960000.0, 295, 0.006775127, 0.0067913807, 0.010085519)
(102732685000.0, 296, 0.0067074914, 0.006723219, 0.010083567)
(100679110000.0, 297, 0.0066401134, 0.006655993, 0.010147105)
(98659280000.0, 298, 0.0065731686, 0.006589376, 0.010184566)
(96682050000.0, 299, 0.0065069688, 0.0065231714, 0.010173678)
(94735650000.0, 300, 0.006441137, 0.006457736, 0.010220545)
(92871310000.0, 301, 0.006377443, 0.0063929656, 0.009987328)
(91012950000.0, 302, 0.006313314, 0.006328951, 0.010157741)
(89192640000.0, 303, 0.0062498604, 0.006265599, 0.010152835)
(87407680000.0, 304, 0.0061870073, 0.006202802, 0.010158885)
(85659800000.0, 305, 0.006124834, 0.0061404505, 0.010151007)
(83946500000.0, 306, 0.0060632727, 0.0060789804, 0.010153156)
(82256270000.0, 307, 0.006001922, 0.0060179895, 0.010221872)
(80618440000.0, 308, 0.0059418683, 0.0059576286, 0.010106845)
(78996650000.0, 309, 0.0058817985, 0.005897916, 0.010212836)
(77427745000.0, 310, 0.005823098, 0.005838817, 0.010080601)
(75873845000.0, 311, 0.0057643703, 0.005780225, 0.010188069)
(74358440000.0, 312, 0.0057065147, 0.005722014, 0.010138521)
(72856400000.0, 313, 0.005648585, 0.0056647663, 0.010255606)
(71410200000.0, 314, 0.0055922414, 0.0056080394, 0.01007532)
(69971650000.0, 315, 0.0055356277, 0.005551764, 0.010227151)
(68570706000.0, 316, 0.0054799314, 0.0054960996, 0.010163695)
(67201560000.0, 317, 0.005424947, 0.005440992, 0.010135463)
(65864490000.0, 318, 0.0053707073, 0.005386347, 0.010099184)
(64540060000.0, 319, 0.005316435, 0.0053323857, 0.010208412)
(63244374000.0, 320, 0.0052627986, 0.005278839, 0.010191586)
(61983994000.0, 321, 0.005210094, 0.0052262065, 0.01011584)
(60756505000.0, 322, 0.005158248, 0.005174148, 0.010051138)
(59548094000.0, 323, 0.0051066927, 0.0051223855, 0.010095619)
(58361700000.0, 324, 0.005055566, 0.0050710584, 0.010112976)
(57197662000.0, 325, 0.005004895, 0.005020383, 0.010124275)
(56067190000.0, 326, 0.004955189, 0.0049702306, 0.010031118)
(54951027000.0, 327, 0.004905618, 0.004920386, 0.010104953)
(53852830000.0, 328, 0.0048563513, 0.004871196, 0.010144756)
(52772300000.0, 329, 0.004807384, 0.0048223864, 0.010185805)
(51718255000.0, 330, 0.004759132, 0.004774029, 0.010138884)
(50667850000.0, 331, 0.0047105546, 0.0047260476, 0.010312442)
(49636413000.0, 332, 0.004662362, 0.0046784184, 0.010336539)
(48644480000.0, 333, 0.0046155406, 0.00463141, 0.010144275)
(47681634000.0, 334, 0.0045696334, 0.004584892, 0.010046149)
(46723560000.0, 335, 0.0045234915, 0.0045391005, 0.010200508)
(45789905000.0, 336, 0.004478068, 0.0044937325, 0.010143525)
(44873273000.0, 337, 0.00443302, 0.004448597, 0.010161937)
(43961184000.0, 338, 0.0043877363, 0.004403743, 0.010320514)
(43078574000.0, 339, 0.0043434664, 0.004359581, 0.0101923095)
(42219577000.0, 340, 0.0042999433, 0.0043158955, 0.010121768)
(41374822000.0, 341, 0.004256708, 0.0042725704, 0.01015697)
(40536380000.0, 342, 0.0042133573, 0.004229583, 0.010288882)
(39730960000.0, 343, 0.0041712895, 0.0041872705, 0.010085093)
(38935097000.0, 344, 0.0041293, 0.0041451384, 0.0101687)
(38158336000.0, 345, 0.004087902, 0.0041035414, 0.010126894)
(37380084000.0, 346, 0.0040460005, 0.0040622316, 0.010356301)
(36635160000.0, 347, 0.0040054824, 0.0040213703, 0.010115665)
(35898016000.0, 348, 0.00396498, 0.0039811595, 0.010215004)
(35182770000.0, 349, 0.0039252816, 0.003941277, 0.010113556)
(34465997000.0, 350, 0.0038850913, 0.0039016742, 0.010344749)
(33773273000.0, 351, 0.0038458505, 0.003862372, 0.0102034155)
(33103587000.0, 352, 0.00380753, 0.0038237039, 0.01006438)
(32443249000.0, 353, 0.003769363, 0.003785488, 0.010125582)
(31782200000.0, 354, 0.0037307641, 0.0037471885, 0.01034611)
(31146797000.0, 355, 0.0036932821, 0.0037095353, 0.010148698)
(30529819000.0, 356, 0.0036565198, 0.0036723234, 0.010053912)
(29910831000.0, 357, 0.0036192623, 0.0036355548, 0.010294242)
(29316340000.0, 358, 0.0035831144, 0.0035990416, 0.010088399)
(28732135000.0, 359, 0.0035472333, 0.003562845, 0.010115226)
(28152290000.0, 360, 0.0035112575, 0.003527027, 0.010245853)
(27592580000.0, 361, 0.0034761776, 0.0034917856, 0.010091514)
(27038482000.0, 362, 0.0034410974, 0.00345667, 0.010194459)
(26490477000.0, 363, 0.0034060476, 0.0034218852, 0.010290478)
(25960436000.0, 364, 0.0033717998, 0.0033876637, 0.010157115)
(25441730000.0, 365, 0.0033379446, 0.0033537047, 0.01014253)
(24928463000.0, 366, 0.0033041027, 0.0033200984, 0.010242398)
(24426131000.0, 367, 0.003270643, 0.003286663, 0.01023029)
(23934364000.0, 368, 0.003237552, 0.0032536692, 0.010221011)
(23453895000.0, 369, 0.0032048912, 0.0032209607, 0.010190918)
(22982960000.0, 370, 0.0031725522, 0.0031886285, 0.010193374)
(22516400000.0, 371, 0.0031401853, 0.003156555, 0.010307338)
(22068546000.0, 372, 0.0031087992, 0.0031247456, 0.010095871)
(21625620000.0, 373, 0.0030774435, 0.0030935863, 0.010188902)
(21192995000.0, 374, 0.0030465056, 0.003062639, 0.010155188)
(20768076000.0, 375, 0.0030158097, 0.0030317684, 0.010178337)
(20351600000.0, 376, 0.0029854176, 0.0030012503, 0.010180178)
(19937845000.0, 377, 0.0029549145, 0.0029709362, 0.010322851)
(19535983000.0, 378, 0.0029249836, 0.0029409875, 0.010232825)
(19136633000.0, 379, 0.0028949333, 0.002911426, 0.0103803035)
(18754423000.0, 380, 0.0028658777, 0.0028820382, 0.010138477)
(18383530000.0, 381, 0.002837398, 0.0028532087, 0.0100372275)
(18009803000.0, 382, 0.0028084086, 0.002824414, 0.010322398)
(17650803000.0, 383, 0.0027802768, 0.0027960362, 0.010118332)
(17291708000.0, 384, 0.00275185, 0.0027677908, 0.010330054)
(16947768000.0, 385, 0.0027243448, 0.0027398653, 0.010096084)
(16604379000.0, 386, 0.0026966038, 0.0027123732, 0.0102874115)
(16272805000.0, 387, 0.0026695435, 0.0026850477, 0.010136668)
(15941756000.0, 388, 0.00264225, 0.0026579758, 0.010329671)
(15619287000.0, 389, 0.0026153896, 0.002630927, 0.010270085)
(15308377000.0, 390, 0.0025892286, 0.002604428, 0.010103814)
(14997957000.0, 391, 0.002562842, 0.0025782385, 0.010295782)
(14697977000.0, 392, 0.0025370824, 0.0025524881, 0.01015327)
(14402211000.0, 393, 0.002511426, 0.0025269014, 0.010215832)
(14109979000.0, 394, 0.0024858161, 0.0025014272, 0.010302441)
(13820622000.0, 395, 0.0024601955, 0.002476365, 0.010414084)
(13543643000.0, 396, 0.0024354183, 0.0024515262, 0.010173668)
(13276239000.0, 397, 0.002411256, 0.0024270383, 0.0100206)
(13010511000.0, 398, 0.002387003, 0.0024027603, 0.010160455)
(12751382000.0, 399, 0.0023631125, 0.0023784945, 0.010109768)
(12489798000.0, 400, 0.0023387484, 0.0023545125, 0.01041758)
(12242389000.0, 401, 0.0023154686, 0.0023308767, 0.010054036)
(11992416000.0, 402, 0.0022917073, 0.0023074148, 0.010368383)
(11750438000.0, 403, 0.002268469, 0.0022841466, 0.010244072)
(11510430000.0, 404, 0.0022451822, 0.0022610046, 0.010371894)
(11275028000.0, 405, 0.0022221054, 0.0022379356, 0.010385095)
(11046246000.0, 406, 0.0021994454, 0.0022156201, 0.010302601)
(10821216000.0, 407, 0.002176927, 0.002193219, 0.010344145)
(10605188000.0, 408, 0.002155088, 0.002171167, 0.010133716)
(10390605000.0, 409, 0.0021331736, 0.0021492392, 0.010273075)
(10179346000.0, 410, 0.0021113767, 0.0021274565, 0.0103235515)
(9973466000.0, 411, 0.0020899163, 0.0021060093, 0.010268577)
(9765219000.0, 412, 0.0020679822, 0.0020845945, 0.010606496)
(9566944000.0, 413, 0.00204688, 0.0020633286, 0.010309417)
(9370473000.0, 414, 0.0020257535, 0.0020423515, 0.010429001)
(9182297000.0, 415, 0.0020053098, 0.0020216766, 0.010194781)
(8995154000.0, 416, 0.0019847697, 0.0020012031, 0.010348851)
(8811601000.0, 417, 0.001964415, 0.001980928, 0.0103617385)
(8636294000.0, 418, 0.0019447757, 0.0019608773, 0.010098473)
(8459409400.0, 419, 0.0019247567, 0.0019409203, 0.010400801)
(8291291000.0, 420, 0.0019055348, 0.0019215161, 0.010087413)
(8124331500.0, 421, 0.0018862516, 0.0019022219, 0.010223)
(7957583400.0, 422, 0.0018667941, 0.0018830566, 0.010422971)
(7798997000.0, 423, 0.0018480988, 0.0018640545, 0.010115938)
(7640471000.0, 424, 0.0018292197, 0.0018450405, 0.010320834)
(7487424500.0, 425, 0.0018108065, 0.0018265945, 0.010168561)
(7335124500.0, 426, 0.0017922953, 0.0018082131, 0.010328209)
(7189423000.0, 427, 0.0017744054, 0.001790298, 0.01008219)
(7047329000.0, 428, 0.0017567828, 0.0017726693, 0.010031179)
(6905477000.0, 429, 0.0017390123, 0.0017548595, 0.010218702)
(6767884300.0, 430, 0.0017216001, 0.0017374167, 0.010113986)
(6629606400.0, 431, 0.0017039219, 0.0017199225, 0.010374966)
(6497893400.0, 432, 0.0016869106, 0.0017026619, 0.010084296)
(6367969300.0, 433, 0.0016699609, 0.0016856267, 0.010149771)
(6237625000.0, 434, 0.0016527815, 0.001668666, 0.010394241)
(6115581400.0, 435, 0.0016365326, 0.0016520388, 0.009928859)
(5991347700.0, 436, 0.0016198249, 0.0016355119, 0.0103145065)
(5869018000.0, 437, 0.001603203, 0.0016190276, 0.01036793)
(5751594000.0, 438, 0.001587084, 0.0016028588, 0.01015635)
(5634080000.0, 439, 0.001570787, 0.0015867519, 0.0103750415)
(5522329000.0, 440, 0.0015551309, 0.0015708111, 0.010067393)
(5410067000.0, 441, 0.0015392428, 0.0015549671, 0.010322043)
(5300880400.0, 442, 0.001523631, 0.0015393215, 0.0102464175)
(5190699500.0, 443, 0.0015077132, 0.0015235858, 0.010557589)
(5090125300.0, 444, 0.0014930351, 0.001508539, 0.009831054)
(4984917000.0, 445, 0.0014775248, 0.0014933625, 0.010497532)
(4886715400.0, 446, 0.0014628989, 0.0014784558, 0.009997847)
(4787454000.0, 447, 0.0014479652, 0.0014636716, 0.010313616)
(4691679700.0, 448, 0.0014334086, 0.001448951, 0.010155215)
(4597480400.0, 449, 0.0014189456, 0.0014344086, 0.010192761)
(4504323000.0, 450, 0.0014044963, 0.0014199346, 0.010287926)
(4414265000.0, 451, 0.0013903847, 0.0014056547, 0.010149361)
(4325135000.0, 452, 0.0013762764, 0.0013913604, 0.010251119)
(4236301300.0, 453, 0.0013620694, 0.0013773394, 0.010430436)
(4151907000.0, 454, 0.0013484338, 0.0013633529, 0.010112184)
(4068253200.0, 455, 0.0013347804, 0.0013496665, 0.010228965)
(3985416700.0, 456, 0.0013211212, 0.0013360435, 0.01033904)
(3903349200.0, 457, 0.0013074483, 0.0013225428, 0.01045776)
(3823092700.0, 458, 0.0012939372, 0.0013091031, 0.01044181)
(3744132000.0, 459, 0.0012805053, 0.0012959548, 0.010489518)
(3669796400.0, 460, 0.00126773, 0.0012828575, 0.010077304)
(3595295500.0, 461, 0.0012547959, 0.0012698433, 0.0103077255)
(3522059500.0, 462, 0.0012419501, 0.0012570967, 0.010343289)
(3448761600.0, 463, 0.001228959, 0.001244436, 0.010570846)
(3380783600.0, 464, 0.0012167868, 0.0012318378, 0.010003522)
(3311854600.0, 465, 0.0012043187, 0.0012192214, 0.010352808)
(3243554000.0, 466, 0.0011918356, 0.0012070896, 0.010473843)
(3177848600.0, 467, 0.0011797022, 0.0011949012, 0.010285127)
(3114447000.0, 468, 0.0011678748, 0.0011830406, 0.010127325)
(3051118000.0, 469, 0.0011559401, 0.0011712069, 0.01032464)
(2988904200.0, 470, 0.0011440943, 0.00115942, 0.010353903)
(2931622400.0, 471, 0.001133078, 0.0011479908, 0.009722425)
(2871133200.0, 472, 0.0011213275, 0.0011363698, 0.010479094)
(2813719600.0, 473, 0.0011100593, 0.0011249046, 0.010150978)
(2757304600.0, 474, 0.0010988747, 0.0011136772, 0.010178233)
(2702082300.0, 475, 0.0010878152, 0.0011025068, 0.010166775)
(2646423800.0, 476, 0.0010765532, 0.0010914111, 0.010461072)
(2593758200.0, 477, 0.0010657873, 0.0010804597, 0.010101427)
(2538644700.0, 478, 0.0010544034, 0.0010692774, 0.010796537)
(2487827200.0, 479, 0.0010437967, 0.0010584762, 0.010161669)
(2436969000.0, 480, 0.0010330725, 0.0010478419, 0.010380859)
(2387448000.0, 481, 0.0010225223, 0.0010371843, 0.010317759)
(2336757200.0, 482, 0.0010116089, 0.0010264248, 0.010788231)
(2290047500.0, 483, 0.0010014472, 0.0010159371, 0.0101469755)
(2244446700.0, 484, 0.0009914263, 0.0010058273, 0.010107574)
(2201172200.0, 485, 0.0009818221, 0.0009959972, 0.009781963)
(2154962700.0, 486, 0.0009714617, 0.0009860485, 0.010664795)
(2112423600.0, 487, 0.00096182554, 0.00097634655, 0.010018617)
(2069021700.0, 488, 0.00095189345, 0.00096642395, 0.010434035)
(2026415900.0, 489, 0.00094204163, 0.0009563422, 0.010457947)
(1984728300.0, 490, 0.00093230145, 0.00094665855, 0.0104474565)
(1943370600.0, 491, 0.00092253665, 0.0009369025, 0.01058473)
(1903634700.0, 492, 0.0009130564, 0.0009273252, 0.010382955)
(1863123500.0, 493, 0.0009032888, 0.0009179321, 0.010813434)
(1825213400.0, 494, 0.0008940517, 0.0009086401, 0.010331718)
(1788010000.0, 495, 0.000884893, 0.00089956966, 0.010350048)
(1750719200.0, 496, 0.00087561674, 0.00089044194, 0.010593978)
(1715688600.0, 497, 0.00086681225, 0.00088147004, 0.010157322)
(1680721900.0, 498, 0.0008579337, 0.00087254256, 0.010348737)
(1647175300.0, 499, 0.0008493285, 0.0008638776, 0.010131754)
(1614057700.0, 500, 0.00084074703, 0.00085526804, 0.010206991)
(1580576400.0, 501, 0.00083198125, 0.0008465061, 0.010536034)
(1546977900.0, 502, 0.000823091, 0.0008378861, 0.01080103)
(1516551700.0, 503, 0.0008149565, 0.00082934275, 0.00998154)
(1485022000.0, 504, 0.00080644037, 0.0008210002, 0.010560148)
(1455493600.0, 505, 0.00079838245, 0.00081283733, 0.010092806)
(1425771000.0, 506, 0.0007901885, 0.00080477906, 0.010369616)
(1396299500.0, 507, 0.000781979, 0.00079662906, 0.010498353)
(1367546900.0, 508, 0.00077388587, 0.0007884852, 0.010457789)
(1339735400.0, 509, 0.0007659763, 0.00078058965, 0.0103261)
(1313010000.0, 510, 0.00075829786, 0.00077268423, 0.01012592)
(1286260200.0, 511, 0.00075053377, 0.00076497596, 0.010344754)
(1259068300.0, 512, 0.00074255816, 0.0007571334, 0.010740726)
(1231540100.0, 513, 0.00073439564, 0.0007493514, 0.011114607)
(1207474600.0, 514, 0.0007271848, 0.0007416911, 0.00991608)
(1182303000.0, 515, 0.0007195653, 0.000734062, 0.010589031)
(1156862700.0, 516, 0.00071178155, 0.00072633463, 0.010935604)
(1132463700.0, 517, 0.0007042356, 0.0007189511, 0.01071514)
(1108962200.0, 518, 0.0006968899, 0.00071164314, 0.010540676)
(1086209200.0, 519, 0.0006897036, 0.0007043429, 0.0104193445)
(1063160060.0, 520, 0.00068234676, 0.00069714163, 0.010781712)
(1041157200.0, 521, 0.00067524903, 0.0006901522, 0.010511272)
(1020073900.0, 522, 0.0006683772, 0.0006831766, 0.010281352)
(999742000.0, 523, 0.0006616827, 0.00067615067, 0.010117419)
(978703900.0, 524, 0.0006546836, 0.0006694698, 0.010690757)
(959526460.0, 525, 0.0006482377, 0.0006626925, 0.009943754)
(938333600.0, 526, 0.000641039, 0.0006561696, 0.011229763)
(919072700.0, 527, 0.00063442567, 0.00064935803, 0.010424108)
(899126140.0, 528, 0.00062750344, 0.000642456, 0.011031381)
(880691260.0, 529, 0.00062103727, 0.0006359579, 0.010411891)
(861870700.0, 530, 0.00061436556, 0.00062912476, 0.010859502)
(843764100.0, 531, 0.00060787785, 0.0006228062, 0.010672719)
(824985540.0, 532, 0.0006010754, 0.00061623676, 0.0113171125)
(809235400.0, 533, 0.0005953101, 0.00061008777, 0.009684523)
(792904400.0, 534, 0.0005892726, 0.0006039241, 0.010245736)
(775489100.0, 535, 0.00058276526, 0.0005977032, 0.011166289)
(759936100.0, 536, 0.00057689176, 0.00059143157, 0.01018129)
(743855000.0, 537, 0.0005707553, 0.0005854663, 0.010751516)
(727991400.0, 538, 0.0005646365, 0.0005794757, 0.010836688)
(713040060.0, 539, 0.0005588082, 0.0005737679, 0.01042983)
(698863500.0, 540, 0.0005532252, 0.00056818896, 0.010091709)
(684212300.0, 541, 0.0005473955, 0.0005624252, 0.010649942)
(670431200.0, 542, 0.0005418548, 0.00055656495, 0.010225379)
(656547460.0, 543, 0.0005362149, 0.0005508639, 0.010518012)
(642812500.0, 544, 0.00053057645, 0.00054523465, 0.010627044)
(628899300.0, 545, 0.00052480306, 0.0005398226, 0.0110010505)
(615926300.0, 546, 0.000519362, 0.00053431373, 0.010476464)
(602797250.0, 547, 0.00051379687, 0.000528942, 0.010831359)
(590227300.0, 548, 0.0005084116, 0.00052334554, 0.010592316)
(577185500.0, 549, 0.00050276326, 0.0005178306, 0.0112346215)
(565265660.0, 550, 0.0004975447, 0.0005124691, 0.010488604)
(553488200.0, 551, 0.0004923342, 0.0005071228, 0.010583293)
(542010800.0, 552, 0.0004872028, 0.0005018908, 0.010532336)
(530843970.0, 553, 0.00048215786, 0.00049671903, 0.010463265)
(519833180.0, 554, 0.0004771312, 0.0004914381, 0.010535191)
(508757220.0, 555, 0.00047202077, 0.00048662256, 0.010826703)
(498206900.0, 556, 0.00046710088, 0.00048160212, 0.010532813)
(487605630.0, 557, 0.00046210448, 0.00047674452, 0.010812273)
(477749120.0, 558, 0.00045741012, 0.00047195787, 0.010262914)
(468104860.0, 559, 0.00045276975, 0.00046722533, 0.0102488585)
(458186180.0, 560, 0.00044794718, 0.00046242547, 0.0107659185)
(448889920.0, 561, 0.00044337963, 0.00045774473, 0.01030168)
(440075650.0, 562, 0.000439005, 0.00045330764, 0.009964866)
(431352770.0, 563, 0.0004346324, 0.00044878185, 0.01006043)
(421911940.0, 564, 0.00042984978, 0.00044416302, 0.011126288)
(413745400.0, 565, 0.00042566936, 0.0004397625, 0.009820806)
(404321660.0, 566, 0.00042079377, 0.0004352495, 0.011586649)
(396402880.0, 567, 0.0004166527, 0.0004309741, 0.009938896)
(388013300.0, 568, 0.00041222005, 0.00042657158, 0.010753138)
(379832830.0, 569, 0.0004078515, 0.00042206564, 0.010711112)
(372019940.0, 570, 0.0004036351, 0.00041793453, 0.010446113)
(364698300.0, 571, 0.00039964344, 0.00041374142, 0.009988025)
(357198600.0, 572, 0.0003955129, 0.00040946517, 0.010443483)
(349702100.0, 573, 0.00039134064, 0.00040536682, 0.010661471)
(341765760.0, 574, 0.00038687448, 0.00040098923, 0.011544202)
(334307000.0, 575, 0.0003826296, 0.00039664638, 0.011093969)
(327025470.0, 576, 0.0003784396, 0.00039253634, 0.0110717565)
(320270430.0, 577, 0.00037451068, 0.0003885793, 0.010490835)
(313641020.0, 578, 0.00037061435, 0.0003848219, 0.010513175)
(307212400.0, 579, 0.0003667965, 0.000380888, 0.010408606)
(300530980.0, 580, 0.0003627859, 0.000376905, 0.011054992)
(293910600.0, 581, 0.00035876778, 0.0003728523, 0.011199816)
(287383870.0, 582, 0.00035476193, 0.0003691422, 0.01129166)
(281878720.0, 583, 0.00035134755, 0.00036532458, 0.009717939)
(275641860.0, 584, 0.00034743885, 0.00036148346, 0.011250045)
(270095840.0, 585, 0.00034392579, 0.00035788162, 0.010214603)
(263946180.0, 586, 0.00033998792, 0.00035407217, 0.011582366)
(258834350.0, 587, 0.00033667957, 0.0003504963, 0.009826402)
(253646770.0, 588, 0.0003332886, 0.00034716455, 0.010174289)
(248110910.0, 589, 0.00032963153, 0.00034370602, 0.011094421)
(243194880.0, 590, 0.00032634955, 0.0003404944, 0.010056643)
(238380670.0, 591, 0.00032310325, 0.0003372878, 0.010047251)
(233465070.0, 592, 0.00031975456, 0.00033401916, 0.010472679)
(229124220.0, 593, 0.000316768, 0.00033092857, 0.009428186)
(224789490.0, 594, 0.00031375728, 0.00032770247, 0.00959574)
(220269550.0, 595, 0.00031058682, 0.00032447898, 0.01020795)
(216120540.0, 596, 0.0003076478, 0.00032153697, 0.009553201)
(211745090.0, 597, 0.00030451766, 0.00031850024, 0.01027903)
(207800510.0, 598, 0.0003016679, 0.00031550578, 0.009446679)
(203212770.0, 599, 0.00029831927, 0.00031216143, 0.011224982)
(198843280.0, 600, 0.0002950946, 0.0003090049, 0.010927599)
(194719200.0, 601, 0.00029201838, 0.00030590178, 0.010534326)
(190833100.0, 602, 0.00028908974, 0.00030289224, 0.010130526)
(186725140.0, 603, 0.00028596126, 0.00029984728, 0.010940248)
(183159660.0, 604, 0.00028321793, 0.00029691326, 0.009686276)
(179719730.0, 605, 0.00028054573, 0.00029410786, 0.009524997)
(175790960.0, 606, 0.00027746236, 0.00029129404, 0.011112773)
(172250180.0, 607, 0.0002746538, 0.0002884245, 0.0102257775)
(168535380.0, 608, 0.00027167605, 0.00028543768, 0.010960695)
(164808670.0, 609, 0.00026865557, 0.0002825484, 0.011242957)
(161359100.0, 610, 0.00026582912, 0.0002796407, 0.010632574)
(157444590.0, 611, 0.00026258486, 0.0002766493, 0.0123551)
(154238910.0, 612, 0.0002598979, 0.0002738447, 0.010338494)
(150884980.0, 613, 0.00025705664, 0.00027098143, 0.0110530555)
(147596830.0, 614, 0.00025424027, 0.0002682797, 0.011077623)
(144318240.0, 615, 0.00025140066, 0.00026532818, 0.011295128)
(141375660.0, 616, 0.0002488245, 0.0002627024, 0.0103533)
(137922460.0, 617, 0.00024576686, 0.0002597994, 0.012441256)
(134917140.0, 618, 0.00024307448, 0.000257085, 0.011076362)
(131927140.0, 619, 0.00024036592, 0.00025430412, 0.0112684965)
(128995944.0, 620, 0.00023768065, 0.0002516435, 0.011297785)
(126587900.0, 621, 0.00023545173, 0.00024897937, 0.009466555)
(123853930.0, 622, 0.00023289528, 0.00024654387, 0.010976828)
(121209060.0, 623, 0.00023039516, 0.00024420297, 0.0108514475)
(118743250.0, 624, 0.0002280396, 0.00024199513, 0.010329619)
(116563190.0, 625, 0.00022593656, 0.00023994061, 0.009308112)
(114233630.0, 626, 0.00022366746, 0.00023771025, 0.010144948)
(112053040.0, 627, 0.0002215224, 0.00023547675, 0.0096833045)
(109884270.0, 628, 0.00021936816, 0.00023327401, 0.009820187)
(107381850.0, 629, 0.0002168559, 0.00023096551, 0.011584915)
(105346860.0, 630, 0.00021479126, 0.00022855953, 0.009612311)
(103025176.0, 631, 0.00021241124, 0.00022644465, 0.011204793)
(101036320.0, 632, 0.00021035099, 0.00022427617, 0.009794324)
(99089240.0, 633, 0.00020831429, 0.00022223585, 0.009777057)
(97007320.0, 634, 0.00020611427, 0.00022009769, 0.010673772)
(94819000.0, 635, 0.00020377622, 0.00021795114, 0.011473646)
(93128390.0, 636, 0.00020195139, 0.00021603492, 0.00903596)
(91121740.0, 637, 0.00019976382, 0.00021395287, 0.010950807)
(89291500.0, 638, 0.00019774745, 0.00021185001, 0.010196701)
(87243940.0, 639, 0.00019546699, 0.00020967597, 0.011666725)
(85537784.0, 640, 0.00019354626, 0.00020749158, 0.009923838)
(83799130.0, 641, 0.00019156914, 0.00020549342, 0.010320687)
(82124980.0, 642, 0.00018964589, 0.00020353774, 0.01014129)
(80307944.0, 643, 0.00018753618, 0.0002012917, 0.011249603)
(78540850.0, 644, 0.00018546142, 0.00019918497, 0.011186983)
(76854600.0, 645, 0.00018345972, 0.00019719175, 0.010910859)
(75305280.0, 646, 0.00018160112, 0.00019534648, 0.010234517)
(73869304.0, 647, 0.00017986134, 0.00019347105, 0.009672915)
(71995970.0, 648, 0.00017756603, 0.00019125437, 0.012926474)
(70519090.0, 649, 0.00017573536, 0.00018931554, 0.010417224)
(69032056.0, 650, 0.00017387263, 0.00018736662, 0.010713201)
(67414760.0, 651, 0.00017182379, 0.00018543872, 0.011924058)
(66275372.0, 652, 0.0001703656, 0.00018365991, 0.008559177)
(64896920.0, 653, 0.00016858458, 0.00018188596, 0.010564569)
(63440532.0, 654, 0.00016668219, 0.00017990198, 0.011413256)
(62161640.0, 655, 0.00016499357, 0.00017820108, 0.010234452)
(61073880.0, 656, 0.0001635436, 0.00017649404, 0.008865938)
(59915970.0, 657, 0.00016198585, 0.0001748742, 0.009616601)
(58534804.0, 658, 0.00016010796, 0.00017320526, 0.011728933)
(57496096.0, 659, 0.00015868102, 0.00017147431, 0.008992453)
(56317730.0, 660, 0.00015704654, 0.00016976996, 0.010407652)
(55259736.0, 661, 0.0001555644, 0.0001681092, 0.009527512)
(54305104.0, 662, 0.00015421482, 0.00016651249, 0.008751258)
(53309690.0, 663, 0.0001527949, 0.00016495884, 0.009292965)
(52177732.0, 664, 0.00015116401, 0.00016330265, 0.010788886)
(51143710.0, 665, 0.00014965869, 0.00016185691, 0.010058372)
(50111176.0, 666, 0.00014814026, 0.00016029319, 0.010249976)
(49046340.0, 667, 0.00014655785, 0.00015868338, 0.010797131)
(48166144.0, 668, 0.00014523683, 0.00015726192, 0.009095646)
(47403860.0, 669, 0.00014408298, 0.00015590152, 0.008008236)
(46349860.0, 670, 0.00014247217, 0.00015449207, 0.011306136)
(45545060.0, 671, 0.00014122983, 0.00015316496, 0.0087965885)
(44642040.0, 672, 0.00013982275, 0.00015169923, 0.010063333)
(43849444.0, 673, 0.00013857595, 0.00015047031, 0.008997185)
(43130732.0, 674, 0.00013743559, 0.00014917189, 0.00829742)
(42208156.0, 675, 0.00013595776, 0.00014764845, 0.010869805)
(41443844.0, 676, 0.00013472117, 0.00014633486, 0.009178904)
(40639576.0, 677, 0.00013340755, 0.0001448915, 0.009846639)
(39953140.0, 678, 0.00013227607, 0.00014367708, 0.00855396)
(39262268.0, 679, 0.00013112741, 0.00014234114, 0.008759842)
(38616412.0, 680, 0.00013004443, 0.00014107036, 0.00832779)
(37841100.0, 681, 0.00012873234, 0.0001397886, 0.010192373)
(37248210.0, 682, 0.00012771989, 0.00013855878, 0.0079271095)
(36586620.0, 683, 0.00012658055, 0.00013743265, 0.009000926)
(35892256.0, 684, 0.00012537363, 0.00013622077, 0.009626596)
(35293076.0, 685, 0.00012432275, 0.00013506452, 0.008452847)
(34565470.0, 686, 0.00012303454, 0.00013371719, 0.010470298)
(33977970.0, 687, 0.00012198446, 0.00013268644, 0.008608256)
(33418854.0, 688, 0.000120976656, 0.00013153742, 0.008330595)
(32891032.0, 689, 0.000120017496, 0.00013053125, 0.007991838)
(32271926.0, 690, 0.00011888259, 0.00012945027, 0.009546426)
(31778144.0, 691, 0.00011796959, 0.00012854717, 0.007739297)
(31279682.0, 692, 0.00011704072, 0.00012765225, 0.007936303)
(64633508.0, 693, 0.0001682421, 0.00017575841, 0.30433154)
(63424150.0, 694, 0.00016666068, 0.00017418923, 0.009488829)
(62280212.0, 695, 0.00016515086, 0.00017259565, 0.009142062)
(61119468.0, 696, 0.00016360464, 0.00017112387, 0.009451006)
(60092572.0, 697, 0.0001622244, 0.00016966989, 0.008508181)
(58946228.0, 698, 0.00016066963, 0.00016818683, 0.009676815)
(57775856.0, 699, 0.00015906659, 0.00016659222, 0.010077786)
(56733084.0, 700, 0.0001576246, 0.00016514503, 0.009148274)
(55760276.0, 701, 0.00015626736, 0.000163813, 0.008685388)
(54658904.0, 702, 0.00015471637, 0.00016232904, 0.010024711)
(53746296.0, 703, 0.00015341933, 0.00016098954, 0.008454223)
(52808810.0, 704, 0.0001520754, 0.00015954154, 0.008837245)
(51865230.0, 705, 0.00015071066, 0.00015805205, 0.009055343)
(50874828.0, 706, 0.00014926476, 0.00015668955, 0.009686864)
(50001964.0, 707, 0.00014797875, 0.00015531342, 0.008690511)
(49056012.0, 708, 0.0001465723, 0.00015400333, 0.009595555)
(48130524.0, 709, 0.00014518312, 0.00015245099, 0.009568496)
(47326188.0, 710, 0.00014396488, 0.00015132451, 0.008462083)
(46402264.0, 711, 0.00014255269, 0.00014981504, 0.009906447)
(45621080.0, 712, 0.00014134764, 0.0001484823, 0.008525392)
(44852216.0, 713, 0.0001401515, 0.00014721125, 0.008534609)
(43997064.0, 714, 0.00013880902, 0.00014573694, 0.009671468)
(43220544.0, 715, 0.00013757861, 0.00014446612, 0.00894331)
(42520616.0, 716, 0.00013646006, 0.00014335255, 0.008196886)
(41756216.0, 717, 0.00013522792, 0.000142033, 0.009111578)
(41049692.0, 718, 0.000134079, 0.00014083718, 0.008568958)
(40392748.0, 719, 0.0001330018, 0.00013985335, 0.00809918)
(39642660.0, 720, 0.0001317611, 0.00013863752, 0.009416256)
(38927868.0, 721, 0.00013056782, 0.000137445, 0.009139206)
(38291976.0, 722, 0.000129497, 0.00013629583, 0.00826905)
(37603240.0, 723, 0.00012832711, 0.00013505058, 0.009116442)
(36922584.0, 724, 0.0001271604, 0.00013388797, 0.0091751395)
(36247610.0, 725, 0.00012599272, 0.00013262336, 0.009267796)
(35645116.0, 726, 0.00012494125, 0.00013148822, 0.008415777)
(35073748.0, 727, 0.00012393584, 0.00013046348, 0.008112313)
(34440236.0, 728, 0.00012281146, 0.0001293092, 0.009155358)
(33851856.0, 729, 0.000121757876, 0.00012822046, 0.008653079)
(33237504.0, 730, 0.000120647965, 0.00012712603, 0.009199583)
(32713808.0, 731, 0.000119693716, 0.0001260644, 0.007972425)
(32227496.0, 732, 0.00011880072, 0.00012515493, 0.0075167287)
(31701878.0, 733, 0.00011782794, 0.00012427758, 0.008255945)
(31181436.0, 734, 0.00011685677, 0.00012319045, 0.008310798)
(30696800.0, 735, 0.00011594509, 0.00012239271, 0.00786301)
(30199362.0, 736, 0.000115001814, 0.00012153209, 0.008202279)
(29749968.0, 737, 0.00011414294, 0.00012070992, 0.0075245644)
(29262762.0, 738, 0.00011320444, 0.0001197786, 0.0082902815)
(28849526.0, 739, 0.00011240229, 0.000118946715, 0.0071364427)
(28437830.0, 740, 0.00011159739, 0.000118318865, 0.0072125597)
(27990030.0, 741, 0.000110715264, 0.00011744766, 0.007967488)
(27553618.0, 742, 0.00010984875, 0.00011651105, 0.007888261)
(27165280.0, 743, 0.00010907191, 0.000115901974, 0.007122269)
(26760764.0, 744, 0.00010825677, 0.0001151806, 0.007529692)
(26325162.0, 745, 0.00010737207, 0.00011426995, 0.008239556)
(25968362.0, 746, 0.00010664195, 0.00011354297, 0.006846466)
(25604200.0, 747, 0.00010589157, 0.000112867565, 0.0070862747)
(25253218.0, 748, 0.00010516329, 0.00011211574, 0.006925227)
(24893748.0, 749, 0.00010441213, 0.00011143253, 0.007194208)
(24564638.0, 750, 0.00010371964, 0.00011079638, 0.006676549)
(24195352.0, 751, 0.00010293707, 0.00010997487, 0.00760244)
(23862580.0, 752, 0.00010222674, 0.000109275155, 0.0069485726)
(23514688.0, 753, 0.00010147882, 0.00010847761, 0.0073701832)
(23238728.0, 754, 0.0001008816, 0.000107836575, 0.005919988)
(22927154.0, 755, 0.00010020304, 0.0001072717, 0.006771881)
(22585024.0, 756, 9.945259e-05, 0.00010647166, 0.007545802)
(22286564.0, 757, 9.879327e-05, 0.000105942054, 0.006673715)
(21991816.0, 758, 9.813781e-05, 0.000105251376, 0.0066789947)
(21748894.0, 759, 9.759428e-05, 0.00010482306, 0.0055692666)
(21433338.0, 760, 9.68837e-05, 0.000104103274, 0.007334408)
(21134382.0, 761, 9.620565e-05, 0.00010342795, 0.0070478865)
(20901406.0, 762, 9.567392e-05, 0.000102837825, 0.0055577764)
(20682458.0, 763, 9.517149e-05, 0.00010228399, 0.005279172)
(20406746.0, 764, 9.453501e-05, 0.000101587, 0.0067327325)
(20152758.0, 765, 9.3944866e-05, 0.00010079451, 0.00628183)
(19889278.0, 766, 9.332872e-05, 0.00010011847, 0.006601854)
(19662574.0, 767, 9.27953e-05, 9.959685e-05, 0.0057483763)
(19451282.0, 768, 9.229537e-05, 9.919783e-05, 0.005416643)
(19214696.0, 769, 9.173236e-05, 9.854243e-05, 0.0061374884)
(18959134.0, 770, 9.112029e-05, 9.794887e-05, 0.006717224)
(18750174.0, 771, 9.061675e-05, 9.737702e-05, 0.005556809)
(18583266.0, 772, 9.0212525e-05, 9.713381e-05, 0.004480787)
(18388396.0, 773, 8.973828e-05, 9.682243e-05, 0.0052847783)
(18203160.0, 774, 8.9285146e-05, 9.621245e-05, 0.0050751115)
(18009878.0, 775, 8.880986e-05, 9.5753814e-05, 0.0053517413)
(17835774.0, 776, 8.837955e-05, 9.538861e-05, 0.004868857)
(17632022.0, 777, 8.787328e-05, 9.498444e-05, 0.0057613463)
(17454402.0, 778, 8.742956e-05, 9.443203e-05, 0.0050752205)
(17272844.0, 779, 8.697366e-05, 9.3925744e-05, 0.005241782)
(17039654.0, 780, 8.638457e-05, 9.322003e-05, 0.0068193963)
(16873580.0, 781, 8.596257e-05, 9.2697526e-05, 0.004909093)
(16693189.0, 782, 8.5501844e-05, 9.2367925e-05, 0.0053885174)
(16559973.0, 783, 8.515999e-05, 9.215723e-05, 0.0040142513)
(16411356.0, 784, 8.4777e-05, 9.1787384e-05, 0.0045176386)
(16246689.0, 785, 8.435061e-05, 9.145688e-05, 0.005054921)
(16081848.0, 786, 8.392161e-05, 9.097489e-05, 0.0051119733)
(15898018.0, 787, 8.344058e-05, 9.055137e-05, 0.005764918)
(15728055.0, 788, 8.2993356e-05, 9.0128866e-05, 0.0053886725)
(15590195.0, 789, 8.262882e-05, 8.957137e-05, 0.00441169)
(15437791.0, 790, 8.222396e-05, 8.910521e-05, 0.00492391)
(15258143.0, 791, 8.174415e-05, 8.859034e-05, 0.0058696927)
(15115836.0, 792, 8.136205e-05, 8.824148e-05, 0.0046962546)
(14994975.0, 793, 8.103613e-05, 8.8078945e-05, 0.0040219002)
(14912935.0, 794, 8.081414e-05, 8.7971726e-05, 0.0027469136)
(14774740.0, 795, 8.0438826e-05, 8.764432e-05, 0.004665853)
(14626742.0, 796, 8.003494e-05, 8.7201595e-05, 0.005046401)
(14529890.0, 797, 7.976952e-05, 8.691517e-05, 0.003327332)
(14351707.0, 798, 7.927889e-05, 8.635342e-05, 0.0061885966)
(14276543.0, 799, 7.907102e-05, 8.620321e-05, 0.0026289546)
(14098509.0, 800, 7.857645e-05, 8.5888736e-05, 0.006294108)
(14010819.0, 801, 7.83317e-05, 8.581458e-05, 0.0031245162)
(13960039.0, 802, 7.818962e-05, 8.567891e-05, 0.0018170906)
(13840175.0, 803, 7.785323e-05, 8.5324784e-05, 0.004320908)
(13748078.0, 804, 7.759376e-05, 8.509137e-05, 0.0033439277)
(13661214.0, 805, 7.734824e-05, 8.492241e-05, 0.0031742146)
(13569420.0, 806, 7.708794e-05, 8.471289e-05, 0.003376629)
(13485866.0, 807, 7.685024e-05, 8.4589e-05, 0.0030930059)
(13453252.0, 808, 7.675726e-05, 8.4637075e-05, 0.001211439)
(13346129.0, 809, 7.6451055e-05, 8.4268744e-05, 0.004005195)
(13225046.0, 810, 7.610346e-05, 8.383578e-05, 0.0045673917)
(13119035.0, 811, 7.579783e-05, 8.356457e-05, 0.004032225)
(13077836.0, 812, 7.567872e-05, 8.357129e-05, 0.0015738562)
(13031624.0, 813, 7.5544885e-05, 8.3416264e-05, 0.001771582)
(12923712.0, 814, 7.523145e-05, 8.298109e-05, 0.004166259)
(12817830.0, 815, 7.492264e-05, 8.267785e-05, 0.0041217646)
(12737943.0, 816, 7.4688796e-05, 8.2405044e-05, 0.0031308846)
(12608018.0, 817, 7.430691e-05, 8.192962e-05, 0.0051393053)
(12564864.0, 818, 7.417964e-05, 8.177115e-05, 0.0017157141)
(12507008.0, 819, 7.4008654e-05, 8.153915e-05, 0.002310338)
(12468772.0, 820, 7.389544e-05, 8.144109e-05, 0.0015320823)
(12411809.0, 821, 7.3726456e-05, 8.124563e-05, 0.0022920417)
(12364765.0, 822, 7.35866e-05, 8.1101374e-05, 0.0019005969)
(12288950.0, 823, 7.336066e-05, 8.100596e-05, 0.0030798567)
(12239600.0, 824, 7.32132e-05, 8.0992075e-05, 0.0020140433)
(12268927.0, 825, 7.3300864e-05, 8.0979305e-05, 0.0011959032)
(12133070.0, 826, 7.28939e-05, 8.048834e-05, 0.0055829934)
(12067933.0, 827, 7.269796e-05, 8.0322025e-05, 0.0026951823)
(12033937.0, 828, 7.2595496e-05, 8.0252685e-05, 0.001411483)
(11970782.0, 829, 7.240475e-05, 8.01754e-05, 0.0026344473)
(11915548.0, 830, 7.223752e-05, 8.001258e-05, 0.0023150104)
(11903943.0, 831, 7.220233e-05, 7.990263e-05, 0.00048733232)
(11795229.0, 832, 7.187188e-05, 7.9625905e-05, 0.0045977947)
(11753261.0, 833, 7.17439e-05, 7.941259e-05, 0.0017838007)
(11749850.0, 834, 7.173349e-05, 7.926464e-05, 0.00014514691)
(11662707.0, 835, 7.146699e-05, 7.8795616e-05, 0.0037290473)
(11598414.0, 836, 7.126973e-05, 7.86914e-05, 0.0027677738)
(11569804.0, 837, 7.118178e-05, 7.843595e-05, 0.0012355939)
(11524076.0, 838, 7.1040966e-05, 7.837418e-05, 0.0019821185)
(11491960.0, 839, 7.094191e-05, 7.835169e-05, 0.0013962816)
(11488671.0, 840, 7.0931754e-05, 7.8406905e-05, 0.00014319732)
(11451620.0, 841, 7.081728e-05, 7.84617e-05, 0.0016164506)
(11447239.0, 842, 7.080373e-05, 7.862424e-05, 0.00019134348)
(11450484.0, 843, 7.0813774e-05, 7.847915e-05, 0.00014179193)
(11422550.0, 844, 7.072734e-05, 7.852858e-05, 0.0012220324)
(11421178.0, 845, 7.0723094e-05, 7.8369514e-05, 6.008164e-05)
(11432625.0, 846, 7.075853e-05, 7.856364e-05, 0.0005007723)
(11383287.0, 847, 7.060568e-05, 7.855439e-05, 0.002164784)
(11311596.0, 848, 7.0382994e-05, 7.844842e-05, 0.0031639456)
(11381211.0, 849, 7.059924e-05, 7.862718e-05, 0.0030630461)
(11424711.0, 850, 7.073403e-05, 7.87666e-05, 0.0019055484)
(11374806.0, 851, 7.057937e-05, 7.856431e-05, 0.00219126)
(11326701.0, 852, 7.0429975e-05, 7.836196e-05, 0.0021212166)
(11300316.0, 853, 7.0347895e-05, 7.8136436e-05, 0.0011667737)
(11225382.0, 854, 7.011426e-05, 7.7824654e-05, 0.0033321464)
(11204828.0, 855, 7.0050046e-05, 7.77463e-05, 0.0009167389)
(11181254.0, 856, 6.997631e-05, 7.762202e-05, 0.0010537073)
('Saving figure', '/work/scratch/tt/missing_ratio_10.00.tiff')
Called from mrd
My Rel Error: 0.11733944
